#    1 | steps:   301 | steps_t:     0 | t: 4.134334 | r: -11220.000000 | e:   1.000000 | Q:   0.142859 | won: True 
#    2 | steps:   469 | steps_t:     0 | t: 6.662277 | r: -8380.000000 | e:   1.000000 | Q:        nan | won: False 
#    3 | steps:   687 | steps_t:     0 | t: 9.819383 | r: -5520.000000 | e:   1.000000 | Q:        nan | won: False 
#    4 | steps:   906 | steps_t:     0 | t: 12.223405 | r: -12000.000000 | e:   1.000000 | Q:        nan | won: False 
#    5 | steps:  1207 | steps_t:     0 | t: 17.018488 | r: -3840.000000 | e:   1.000000 | Q:        nan | won: True 
#    6 | steps:  1468 | steps_t:     0 | t: 22.518686 | r: -1980.000000 | e:   1.000000 | Q:        nan | won: False 
#    7 | steps:  1686 | steps_t:     0 | t: 26.489750 | r: -10830.000000 | e:   1.000000 | Q:        nan | won: False 
#    8 | steps:  1906 | steps_t:     0 | t: 30.001404 | r: -15370.000000 | e:   1.000000 | Q:        nan | won: False 
#    9 | steps:  2121 | steps_t:     0 | t: 32.517894 | r: -2960.000000 | e:   1.000000 | Q:        nan | won: False 
#   10 | steps:  2422 | steps_t:     0 | t: 37.124127 | r: -1950.000000 | e:   1.000000 | Q:        nan | won: True 
#   11 | steps:  2642 | steps_t:     0 | t: 40.553520 | r: -8920.000000 | e:   1.000000 | Q:        nan | won: False 
#   12 | steps:  2943 | steps_t:     0 | t: 47.433691 | r: -6780.000000 | e:   1.000000 | Q:        nan | won: True 
#   13 | steps:  3244 | steps_t:     0 | t: 51.616331 | r: -4180.000000 | e:   1.000000 | Q:        nan | won: True 
#   14 | steps:  3545 | steps_t:     0 | t: 57.713293 | r: -5870.000000 | e:   1.000000 | Q:        nan | won: True 
#   15 | steps:  3846 | steps_t:     0 | t: 61.306416 | r: -8350.000000 | e:   1.000000 | Q:        nan | won: True 
#   16 | steps:  4147 | steps_t:     0 | t: 66.105541 | r:   830.000000 | e:   1.000000 | Q:        nan | won: True 
#   17 | steps:  4363 | steps_t:     0 | t: 68.717648 | r: -8840.000000 | e:   1.000000 | Q:        nan | won: False 
#   18 | steps:  4531 | steps_t:     0 | t: 70.710690 | r: -3400.000000 | e:   1.000000 | Q:        nan | won: False 
#   19 | steps:  4707 | steps_t:     0 | t: 72.813080 | r: -6750.000000 | e:   1.000000 | Q:        nan | won: False 
#   20 | steps:  4924 | steps_t:     0 | t: 75.841342 | r: -8540.000000 | e:   1.000000 | Q:        nan | won: False 
#   21 | steps:  5225 | steps_t:     0 | t: 81.110603 | r: -19270.000000 | e:   1.000000 | Q:        nan | won: True 
#   22 | steps:  5393 | steps_t:     0 | t: 83.443144 | r: -3800.000000 | e:   1.000000 | Q:        nan | won: False 
#   23 | steps:  5659 | steps_t:     0 | t: 87.649123 | r: -11980.000000 | e:   1.000000 | Q:        nan | won: False 
#   24 | steps:  5960 | steps_t:     0 | t: 91.951999 | r:   390.000000 | e:   1.000000 | Q:        nan | won: True 
#   25 | steps:  6261 | steps_t:     0 | t: 95.754466 | r:  1270.000000 | e:   1.000000 | Q:        nan | won: True 
#   26 | steps:  6477 | steps_t:     0 | t: 99.547033 | r: -4560.000000 | e:   1.000000 | Q:        nan | won: False 
#   27 | steps:  6778 | steps_t:     0 | t: 105.385013 | r: -2020.000000 | e:   1.000000 | Q:        nan | won: True 
#   28 | steps:  7079 | steps_t:     0 | t: 109.960802 | r: -10650.000000 | e:   1.000000 | Q:        nan | won: True 
#   29 | steps:  7298 | steps_t:     0 | t: 112.705892 | r: -5200.000000 | e:   1.000000 | Q:        nan | won: False 
#   30 | steps:  7515 | steps_t:     0 | t: 114.939185 | r: -1900.000000 | e:   1.000000 | Q:        nan | won: False 
#   31 | steps:  7733 | steps_t:     0 | t: 117.200157 | r: -6830.000000 | e:   1.000000 | Q:        nan | won: False 
#   32 | steps:  8034 | steps_t:     0 | t: 121.904968 | r: -6380.000000 | e:   1.000000 | Q:        nan | won: True 
#   33 | steps:  8335 | steps_t:     0 | t: 127.680267 | r:   730.000000 | e:   1.000000 | Q:        nan | won: True 
#   34 | steps:  8505 | steps_t:     0 | t: 130.386170 | r: -2070.000000 | e:   1.000000 | Q:        nan | won: False 
#   35 | steps:  8806 | steps_t:     0 | t: 134.752770 | r:   -20.000000 | e:   1.000000 | Q:        nan | won: True 
#   36 | steps:  9107 | steps_t:     0 | t: 138.495401 | r: -4680.000000 | e:   1.000000 | Q:        nan | won: True 
#   37 | steps:  9325 | steps_t:     0 | t: 141.342229 | r: -7320.000000 | e:   1.000000 | Q:        nan | won: False 
#   38 | steps:  9626 | steps_t:     0 | t: 146.836353 | r: -10590.000000 | e:   1.000000 | Q:        nan | won: True 
#   39 | steps:  9840 | steps_t:     0 | t: 150.529118 | r: -13690.000000 | e:   1.000000 | Q:        nan | won: False 
#   40 | steps: 10103 | steps_t:   102 | t: 163.086195 | r: -5120.000000 | e:   0.997960 | Q:        nan | won: False 
#   41 | steps: 10321 | steps_t:   265 | t: 177.056078 | r: -12860.000000 | e:   0.994700 | Q: -153.856888 | won: False 
#   42 | steps: 10622 | steps_t:   516 | t: 197.777533 | r: -4640.000000 | e:   0.989680 | Q: -94.584816 | won: True 
#   43 | steps: 10923 | steps_t:   776 | t: 219.285589 | r: -1360.000000 | e:   0.984480 | Q: -91.221199 | won: True 
#   44 | steps: 11224 | steps_t:  1026 | t: 240.036395 | r: -5200.000000 | e:   0.979480 | Q: -82.582825 | won: True 
#   45 | steps: 11444 | steps_t:  1192 | t: 253.847820 | r: -12330.000000 | e:   0.976160 | Q: -79.397972 | won: False 
#   46 | steps: 11612 | steps_t:  1319 | t: 264.861721 | r: -2030.000000 | e:   0.973620 | Q: -179.951202 | won: False 
#   47 | steps: 11782 | steps_t:  1448 | t: 275.455011 | r: -4050.000000 | e:   0.971040 | Q: -204.985703 | won: False 
#   48 | steps: 12083 | steps_t:  1704 | t: 298.244685 | r:  -870.000000 | e:   0.965920 | Q: -250.664001 | won: True 
#   49 | steps: 12384 | steps_t:  1964 | t: 323.468835 | r: -3140.000000 | e:   0.960720 | Q: -203.093857 | won: True 
#   50 | steps: 12685 | steps_t:  2224 | t: 346.115305 | r:  -440.000000 | e:   0.955520 | Q: -116.265350 | won: True 
#   51 | steps: 12903 | steps_t:  2388 | t: 359.951949 | r: -4530.000000 | e:   0.952240 | Q: -130.064240 | won: False 
#   52 | steps: 13185 | steps_t:  2628 | t: 377.811512 | r: -7770.000000 | e:   0.947440 | Q: -204.036926 | won: False 
#   53 | steps: 13486 | steps_t:  2874 | t: 404.901021 | r: -18920.000000 | e:   0.942520 | Q: -109.047256 | won: True 
#   54 | steps: 13658 | steps_t:  3001 | t: 414.801711 | r: -10870.000000 | e:   0.939980 | Q: -190.829361 | won: False 
#   55 | steps: 13959 | steps_t:  3260 | t: 436.691920 | r:  -350.000000 | e:   0.934800 | Q: -130.125610 | won: True 
#   56 | steps: 14260 | steps_t:  3519 | t: 459.240979 | r:  1180.000000 | e:   0.929620 | Q: -164.991837 | won: True 
#   57 | steps: 14561 | steps_t:  3770 | t: 483.004921 | r:  2040.000000 | e:   0.924600 | Q: -118.124298 | won: True 
#   58 | steps: 14777 | steps_t:  3936 | t: 496.420779 | r: -2950.000000 | e:   0.921280 | Q: -121.868866 | won: False 
#   59 | steps: 15054 | steps_t:  4172 | t: 514.077278 | r: -1720.000000 | e:   0.916560 | Q: -94.399147 | won: False 
#   60 | steps: 15270 | steps_t:  4333 | t: 526.032168 | r: -9780.000000 | e:   0.913340 | Q: -142.936127 | won: False 
#   61 | steps: 15486 | steps_t:  4494 | t: 541.860106 | r: -12520.000000 | e:   0.910120 | Q: -151.287506 | won: False 
#   62 | steps: 15704 | steps_t:  4657 | t: 556.765345 | r: -3400.000000 | e:   0.906860 | Q: -83.394699 | won: False 
#   63 | steps: 15872 | steps_t:  4780 | t: 569.627197 | r: -1780.000000 | e:   0.904400 | Q: -146.665680 | won: False 
#   64 | steps: 16042 | steps_t:  4905 | t: 581.529519 | r: -3890.000000 | e:   0.901900 | Q: -239.734772 | won: False 
#   65 | steps: 16343 | steps_t:  5164 | t: 601.968157 | r:  1060.000000 | e:   0.896720 | Q: -120.266754 | won: True 
#   66 | steps: 16644 | steps_t:  5423 | t: 621.141692 | r: -11180.000000 | e:   0.891540 | Q: -141.700577 | won: True 
#   67 | steps: 16862 | steps_t:  5587 | t: 633.807769 | r: -8300.000000 | e:   0.888260 | Q: -234.811417 | won: False 
#   68 | steps: 17163 | steps_t:  5843 | t: 656.477046 | r:  1760.000000 | e:   0.883140 | Q: -134.265976 | won: True 
#   69 | steps: 17464 | steps_t:  6090 | t: 676.688265 | r: -4390.000000 | e:   0.878200 | Q: -137.606461 | won: True 
#   70 | steps: 17679 | steps_t:  6255 | t: 691.596982 | r: -9850.000000 | e:   0.874900 | Q: -138.359955 | won: False 
#   71 | steps: 17946 | steps_t:  6480 | t: 710.243086 | r: -3180.000000 | e:   0.870400 | Q: -140.278381 | won: False 
#   72 | steps: 18247 | steps_t:  6727 | t: 731.355629 | r: -3880.000000 | e:   0.865460 | Q: -109.180534 | won: True 
#   73 | steps: 18548 | steps_t:  6974 | t: 753.169752 | r:   640.000000 | e:   0.860520 | Q: -195.986069 | won: True 
#   74 | steps: 18849 | steps_t:  7224 | t: 774.790800 | r: -2480.000000 | e:   0.855520 | Q: -181.168350 | won: True 
#   75 | steps: 19150 | steps_t:  7483 | t: 793.469637 | r: -3710.000000 | e:   0.850340 | Q: -123.789711 | won: True 
#   76 | steps: 19320 | steps_t:  7611 | t: 802.530129 | r: -1820.000000 | e:   0.847780 | Q: -142.251724 | won: False 
#   77 | steps: 19621 | steps_t:  7871 | t: 821.727659 | r:  2100.000000 | e:   0.842580 | Q: -194.324997 | won: True 
#   78 | steps: 19836 | steps_t:  8036 | t: 836.371064 | r: -5650.000000 | e:   0.839280 | Q: -164.669724 | won: False 
#   79 | steps: 20052 | steps_t:  8196 | t: 850.181305 | r: -8990.000000 | e:   0.836080 | Q: -172.017715 | won: False 
#   80 | steps: 20220 | steps_t:  8319 | t: 860.932377 | r: -3430.000000 | e:   0.833620 | Q: -277.352997 | won: False 
#   81 | steps: 20438 | steps_t:  8481 | t: 875.934257 | r: -6300.000000 | e:   0.830380 | Q: -273.185883 | won: False 
#   82 | steps: 20654 | steps_t:  8642 | t: 889.274345 | r: -6160.000000 | e:   0.827160 | Q: -177.990707 | won: False 
#   83 | steps: 20955 | steps_t:  8892 | t: 915.295660 | r:   720.000000 | e:   0.822160 | Q: -229.096451 | won: True 
#   84 | steps: 21123 | steps_t:  9018 | t: 926.369395 | r: -1680.000000 | e:   0.819640 | Q: -212.010849 | won: False 
#   85 | steps: 21424 | steps_t:  9269 | t: 950.962341 | r: -7550.000000 | e:   0.814620 | Q: -193.303741 | won: True 
#   86 | steps: 21688 | steps_t:  9478 | t: 966.324828 | r: -2030.000000 | e:   0.810440 | Q: -185.297241 | won: False 
#   87 | steps: 21904 | steps_t:  9639 | t: 980.085761 | r: -5830.000000 | e:   0.807220 | Q: -142.904984 | won: False 
#   88 | steps: 22074 | steps_t:  9764 | t: 988.669543 | r: -2030.000000 | e:   0.804720 | Q: -99.129333 | won: False 
#   89 | steps: 22375 | steps_t: 10011 | t: 1012.462041 | r:    80.000000 | e:   0.799780 | Q: -184.531998 | won: True 
#   90 | steps: 22643 | steps_t: 10238 | t: 1036.932886 | r: -4370.000000 | e:   0.795240 | Q: -146.595474 | won: False 
#   91 | steps: 22861 | steps_t: 10401 | t: 1050.849201 | r: -4320.000000 | e:   0.791980 | Q: -178.055634 | won: False 
#   92 | steps: 23081 | steps_t: 10566 | t: 1065.434363 | r: -7190.000000 | e:   0.788680 | Q: -158.130081 | won: False 
#   93 | steps: 23382 | steps_t: 10811 | t: 1085.586165 | r: -2560.000000 | e:   0.783780 | Q: -62.045959 | won: False 
#   94 | steps: 23683 | steps_t: 11067 | t: 1110.383072 | r: -6760.000000 | e:   0.778660 | Q: -143.033173 | won: True 
#   95 | steps: 23945 | steps_t: 11275 | t: 1126.505014 | r: -4050.000000 | e:   0.774500 | Q: -172.117554 | won: False 
#   96 | steps: 24156 | steps_t: 11435 | t: 1139.431337 | r: -2780.000000 | e:   0.771300 | Q: -129.057709 | won: False 
#   97 | steps: 24371 | steps_t: 11599 | t: 1151.884624 | r: -4870.000000 | e:   0.768020 | Q: -137.654678 | won: False 
#   98 | steps: 24628 | steps_t: 11814 | t: 1168.802280 | r: -4080.000000 | e:   0.763720 | Q: -126.613068 | won: False 
#   99 | steps: 24846 | steps_t: 11976 | t: 1184.044785 | r: -3830.000000 | e:   0.760480 | Q: -110.907257 | won: False 
#  100 | steps: 25014 | steps_t: 12103 | t: 1193.596633 | r: -13000.000000 | e:   0.757940 | Q: -145.544159 | won: False 
#  101 | steps: 25232 | steps_t: 12265 | t: 1206.579134 | r: -8270.000000 | e:   0.754700 | Q: -158.819397 | won: False 
#  102 | steps: 25400 | steps_t: 12388 | t: 1215.486360 | r: -1810.000000 | e:   0.752240 | Q: -206.861572 | won: False 
#  103 | steps: 25701 | steps_t: 12647 | t: 1240.751238 | r:  1670.000000 | e:   0.747060 | Q: -166.034515 | won: True 
#  104 | steps: 26002 | steps_t: 12897 | t: 1260.026827 | r:   800.000000 | e:   0.742060 | Q: -153.708237 | won: True 
#  105 | steps: 26303 | steps_t: 13147 | t: 1281.035596 | r:  -870.000000 | e:   0.737060 | Q: -157.865250 | won: True 
#  106 | steps: 26519 | steps_t: 13312 | t: 1296.265352 | r: -3420.000000 | e:   0.733760 | Q: -148.652267 | won: False 
#  107 | steps: 26788 | steps_t: 13527 | t: 1318.814271 | r: -3650.000000 | e:   0.729460 | Q: -117.360580 | won: False 
#  108 | steps: 27004 | steps_t: 13688 | t: 1331.273116 | r: -2920.000000 | e:   0.726240 | Q: -123.590805 | won: False 
#  109 | steps: 27290 | steps_t: 13933 | t: 1350.966301 | r:  1780.000000 | e:   0.721340 | Q: -162.427872 | won: True 
#  110 | steps: 27508 | steps_t: 14096 | t: 1363.933966 | r: -4620.000000 | e:   0.718080 | Q: -140.525726 | won: False 
#  111 | steps: 27723 | steps_t: 14260 | t: 1375.135846 | r: -1710.000000 | e:   0.714800 | Q: -202.317841 | won: False 
#  112 | steps: 27939 | steps_t: 14421 | t: 1389.096606 | r: -7690.000000 | e:   0.711580 | Q: -113.230957 | won: False 
#  113 | steps: 28155 | steps_t: 14581 | t: 1402.243274 | r: -6040.000000 | e:   0.708380 | Q: -149.693054 | won: False 
#  114 | steps: 28432 | steps_t: 14808 | t: 1420.668688 | r: -3850.000000 | e:   0.703840 | Q: -158.106812 | won: False 
#  115 | steps: 28706 | steps_t: 15041 | t: 1441.409991 | r: -3650.000000 | e:   0.699180 | Q: -72.665131 | won: False 
#  116 | steps: 29007 | steps_t: 15291 | t: 1462.051977 | r:  1870.000000 | e:   0.694180 | Q: -130.527008 | won: True 
#  117 | steps: 29175 | steps_t: 15418 | t: 1478.461584 | r: -1880.000000 | e:   0.691640 | Q: -177.860916 | won: False 
#  118 | steps: 29391 | steps_t: 15580 | t: 1492.453253 | r: -3250.000000 | e:   0.688400 | Q: -159.199066 | won: False 
#  119 | steps: 29563 | steps_t: 15711 | t: 1503.004784 | r: -1730.000000 | e:   0.685780 | Q: -196.464203 | won: False 
#  120 | steps: 29824 | steps_t: 15921 | t: 1531.812516 | r: -3440.000000 | e:   0.681580 | Q: -138.100342 | won: False 
#  121 | steps: 30044 | steps_t: 16087 | t: 1548.480651 | r: -3070.000000 | e:   0.678260 | Q: -124.893845 | won: False 
#  122 | steps: 30345 | steps_t: 16333 | t: 1568.415092 | r:   790.000000 | e:   0.673340 | Q: -158.868073 | won: True 
#  123 | steps: 30646 | steps_t: 16593 | t: 1589.771954 | r: -1940.000000 | e:   0.668140 | Q: -145.316986 | won: True 
#  124 | steps: 30814 | steps_t: 16719 | t: 1604.633073 | r: -1780.000000 | e:   0.665620 | Q: -169.004333 | won: False 
#  125 | steps: 31115 | steps_t: 16979 | t: 1627.409968 | r:   840.000000 | e:   0.660420 | Q: -148.268860 | won: True 
#  126 | steps: 31332 | steps_t: 17145 | t: 1641.333751 | r: -4750.000000 | e:   0.657100 | Q: -159.288177 | won: False 
#  127 | steps: 31500 | steps_t: 17268 | t: 1650.848354 | r: -1720.000000 | e:   0.654640 | Q: -87.870766 | won: False 
#  128 | steps: 31716 | steps_t: 17428 | t: 1663.251749 | r: -9730.000000 | e:   0.651440 | Q: -134.570358 | won: False 
#  129 | steps: 31934 | steps_t: 17592 | t: 1675.318213 | r: -4140.000000 | e:   0.648160 | Q: -170.940994 | won: False 
#  130 | steps: 32104 | steps_t: 17720 | t: 1685.590495 | r: -2020.000000 | e:   0.645600 | Q: -143.852280 | won: False 
#  131 | steps: 32320 | steps_t: 17880 | t: 1698.132555 | r: -5510.000000 | e:   0.642400 | Q: -175.868179 | won: False 
#  132 | steps: 32538 | steps_t: 18043 | t: 1710.920367 | r: -7310.000000 | e:   0.639140 | Q: -130.758759 | won: False 
#  133 | steps: 32706 | steps_t: 18166 | t: 1721.937484 | r: -1710.000000 | e:   0.636680 | Q: -173.027100 | won: False 
#  134 | steps: 33007 | steps_t: 18413 | t: 1741.546551 | r:  1000.000000 | e:   0.631740 | Q: -153.017731 | won: True 
#  135 | steps: 33287 | steps_t: 18643 | t: 1765.457764 | r: -2700.000000 | e:   0.627140 | Q: -152.114014 | won: False 
#  136 | steps: 33588 | steps_t: 18893 | t: 1786.247240 | r: -2460.000000 | e:   0.622140 | Q: -121.185234 | won: True 
#  137 | steps: 33756 | steps_t: 19020 | t: 1796.311016 | r: -1730.000000 | e:   0.619600 | Q: -140.200500 | won: False 
#  138 | steps: 33971 | steps_t: 19184 | t: 1814.931902 | r: -4110.000000 | e:   0.616320 | Q: -172.192184 | won: False 
#  139 | steps: 34229 | steps_t: 19400 | t: 1836.428124 | r: -2870.000000 | e:   0.612000 | Q: -112.391968 | won: False 
#  140 | steps: 34446 | steps_t: 19567 | t: 1851.389869 | r: -8400.000000 | e:   0.608660 | Q: -130.856140 | won: False 
#  141 | steps: 34614 | steps_t: 19690 | t: 1860.444881 | r: -1780.000000 | e:   0.606200 | Q: -108.817505 | won: False 
#  142 | steps: 34915 | steps_t: 19935 | t: 1881.599135 | r:   660.000000 | e:   0.601300 | Q: -121.668892 | won: True 
#  143 | steps: 35216 | steps_t: 20180 | t: 1903.394798 | r: -8850.000000 | e:   0.596400 | Q: -157.224594 | won: True 
#  144 | steps: 35433 | steps_t: 20346 | t: 1917.244368 | r: -3520.000000 | e:   0.593080 | Q: -166.551102 | won: False 
#  145 | steps: 35703 | steps_t: 20571 | t: 1935.329494 | r: -2480.000000 | e:   0.588580 | Q: -167.123550 | won: False 
#  146 | steps: 36004 | steps_t: 20816 | t: 1956.694935 | r: -1610.000000 | e:   0.583680 | Q: -209.069885 | won: True 
#  147 | steps: 36305 | steps_t: 21067 | t: 1978.369801 | r: -2040.000000 | e:   0.578660 | Q: -156.533936 | won: True 
#  148 | steps: 36521 | steps_t: 21229 | t: 1992.410624 | r: -7820.000000 | e:   0.575420 | Q: -156.756058 | won: False 
#  149 | steps: 36739 | steps_t: 21393 | t: 2005.943672 | r: -4610.000000 | e:   0.572140 | Q: -127.174026 | won: False 
#  150 | steps: 36958 | steps_t: 21561 | t: 2019.038192 | r: -12530.000000 | e:   0.568780 | Q: -179.331070 | won: False 
#  151 | steps: 37259 | steps_t: 21812 | t: 2040.507183 | r: -7530.000000 | e:   0.563760 | Q: -144.265610 | won: False 
#  152 | steps: 37523 | steps_t: 22026 | t: 2062.668870 | r: -2790.000000 | e:   0.559480 | Q: -187.414642 | won: False 
#  153 | steps: 37824 | steps_t: 22282 | t: 2090.703237 | r:    50.000000 | e:   0.554360 | Q: -172.233566 | won: True 
#  154 | steps: 38125 | steps_t: 22533 | t: 2112.427338 | r:   430.000000 | e:   0.549340 | Q: -151.904160 | won: True 
#  155 | steps: 38345 | steps_t: 22697 | t: 2125.928667 | r: -7020.000000 | e:   0.546060 | Q: -147.250168 | won: False 
#  156 | steps: 38646 | steps_t: 22942 | t: 2146.670550 | r:  -190.000000 | e:   0.541160 | Q: -146.284042 | won: True 
#  157 | steps: 38893 | steps_t: 23148 | t: 2167.840178 | r: -1360.000000 | e:   0.537040 | Q: -168.508224 | won: False 
#  158 | steps: 39194 | steps_t: 23399 | t: 2187.921821 | r:   750.000000 | e:   0.532020 | Q: -157.794113 | won: True 
#  159 | steps: 39409 | steps_t: 23563 | t: 2201.655239 | r: -4310.000000 | e:   0.528740 | Q: -152.554245 | won: False 
#  160 | steps: 39710 | steps_t: 23813 | t: 2227.667874 | r:   180.000000 | e:   0.523740 | Q: -101.275909 | won: True 
#  161 | steps: 39962 | steps_t: 24024 | t: 2246.273226 | r: -1310.000000 | e:   0.519520 | Q: -168.250137 | won: False 
#  162 | steps: 40130 | steps_t: 24150 | t: 2255.258994 | r: -1860.000000 | e:   0.517000 | Q: -150.263702 | won: False 
#  163 | steps: 40346 | steps_t: 24311 | t: 2268.703058 | r: -4620.000000 | e:   0.513780 | Q: -200.430206 | won: False 
#  164 | steps: 40565 | steps_t: 24479 | t: 2281.039651 | r: -3160.000000 | e:   0.510420 | Q: -175.533768 | won: False 
#  165 | steps: 40866 | steps_t: 24726 | t: 2301.564252 | r: -1400.000000 | e:   0.505480 | Q: -143.403732 | won: True 
#  166 | steps: 41033 | steps_t: 24848 | t: 2311.162229 | r: -1820.000000 | e:   0.503040 | Q: -158.908630 | won: False 
#  167 | steps: 41249 | steps_t: 25013 | t: 2330.041805 | r: -2460.000000 | e:   0.499740 | Q: -138.692093 | won: False 
#  168 | steps: 41417 | steps_t: 25139 | t: 2340.333785 | r: -1960.000000 | e:   0.497220 | Q: -121.869293 | won: False 
#  169 | steps: 41637 | steps_t: 25303 | t: 2356.825570 | r: -10470.000000 | e:   0.493940 | Q: -132.815979 | won: False 
#  170 | steps: 41938 | steps_t: 25554 | t: 2379.541117 | r:  -150.000000 | e:   0.488920 | Q: -98.629768 | won: True 
#  171 | steps: 42158 | steps_t: 25718 | t: 2395.998363 | r: -3760.000000 | e:   0.485640 | Q: -87.798805 | won: False 
#  172 | steps: 42326 | steps_t: 25841 | t: 2404.975114 | r: -1720.000000 | e:   0.483180 | Q: -145.917694 | won: False 
#  173 | steps: 42496 | steps_t: 25969 | t: 2414.367584 | r: -1830.000000 | e:   0.480620 | Q: -143.853821 | won: False 
#  174 | steps: 42666 | steps_t: 26097 | t: 2425.016909 | r: -1880.000000 | e:   0.478060 | Q: -165.585251 | won: False 
#  175 | steps: 42886 | steps_t: 26261 | t: 2441.243193 | r: -3750.000000 | e:   0.474780 | Q: -90.761467 | won: False 
#  176 | steps: 43058 | steps_t: 26391 | t: 2451.370911 | r: -1920.000000 | e:   0.472180 | Q: -91.291161 | won: False 
#  177 | steps: 43274 | steps_t: 26553 | t: 2465.171442 | r: -7030.000000 | e:   0.468940 | Q: -130.876480 | won: False 
#  178 | steps: 43492 | steps_t: 26715 | t: 2481.833971 | r: -2700.000000 | e:   0.465700 | Q: -139.224060 | won: False 
#  179 | steps: 43660 | steps_t: 26841 | t: 2493.078020 | r: -2010.000000 | e:   0.463180 | Q: -156.901932 | won: False 
#  180 | steps: 43876 | steps_t: 27002 | t: 2506.700570 | r: -2480.000000 | e:   0.459960 | Q: -209.916870 | won: False 
#  181 | steps: 44044 | steps_t: 27125 | t: 2516.546112 | r: -1810.000000 | e:   0.457500 | Q: -153.996048 | won: False 
#  182 | steps: 44345 | steps_t: 27376 | t: 2537.278050 | r:  1350.000000 | e:   0.452480 | Q: -126.741089 | won: True 
#  183 | steps: 44599 | steps_t: 27589 | t: 2554.458350 | r: -1770.000000 | e:   0.448220 | Q: -71.928261 | won: False 
#  184 | steps: 44900 | steps_t: 27849 | t: 2576.629774 | r:  1050.000000 | e:   0.443020 | Q: -73.110435 | won: True 
#  185 | steps: 45070 | steps_t: 27978 | t: 2586.457094 | r: -1680.000000 | e:   0.440440 | Q: -199.274094 | won: False 
#  186 | steps: 45290 | steps_t: 28142 | t: 2600.292044 | r: -2700.000000 | e:   0.437160 | Q: -149.266220 | won: False 
#  187 | steps: 45463 | steps_t: 28270 | t: 2611.414330 | r: -1910.000000 | e:   0.434600 | Q: -135.304504 | won: False 
#  188 | steps: 45678 | steps_t: 28434 | t: 2628.859785 | r: -3150.000000 | e:   0.431320 | Q: -126.299057 | won: False 
#  189 | steps: 45979 | steps_t: 28690 | t: 2650.181624 | r:   930.000000 | e:   0.426200 | Q: -138.866791 | won: True 
#  190 | steps: 46280 | steps_t: 28936 | t: 2671.678645 | r:  1140.000000 | e:   0.421280 | Q: -96.820503 | won: True 
#  191 | steps: 46496 | steps_t: 29096 | t: 2696.514551 | r: -5100.000000 | e:   0.418080 | Q: -133.133026 | won: False 
#  192 | steps: 46714 | steps_t: 29259 | t: 2719.560654 | r: -3710.000000 | e:   0.414820 | Q: -137.916519 | won: False 
#  193 | steps: 46929 | steps_t: 29423 | t: 2742.615894 | r: -2560.000000 | e:   0.411540 | Q: -134.517349 | won: False 
#  194 | steps: 47146 | steps_t: 29589 | t: 2769.393266 | r: -3350.000000 | e:   0.408220 | Q: -134.667496 | won: False 
#  195 | steps: 47366 | steps_t: 29754 | t: 2794.611322 | r: -3170.000000 | e:   0.404920 | Q: -164.639862 | won: False 
#  196 | steps: 47534 | steps_t: 29880 | t: 2813.945257 | r: -1700.000000 | e:   0.402400 | Q: -203.362274 | won: False 
#  197 | steps: 47751 | steps_t: 30046 | t: 2840.789493 | r: -3540.000000 | e:   0.399080 | Q: -153.109070 | won: False 
#  198 | steps: 47921 | steps_t: 30174 | t: 2859.436732 | r: -1910.000000 | e:   0.396520 | Q: -170.280487 | won: False 
#  199 | steps: 48222 | steps_t: 30424 | t: 2898.104906 | r: -1190.000000 | e:   0.391520 | Q: -140.296310 | won: True 
#  200 | steps: 48523 | steps_t: 30670 | t: 2937.734773 | r: -2980.000000 | e:   0.386600 | Q: -140.374512 | won: True 
