#    1 | steps:   301 | steps_t:  4933 | t: 13.162315 | r:  -968.000000 | e:   0.901340 | Q:   1.792951 | won: False 
#    2 | steps:   602 | steps_t:  5185 | t: 28.500234 | r:  -704.000000 | e:   0.896300 | Q:   1.767327 | won: False 
#    3 | steps:   903 | steps_t:  5436 | t: 43.378484 | r: -5714.500000 | e:   0.891280 | Q:   1.757073 | won: False 
#    4 | steps:  1204 | steps_t:  5683 | t: 58.409204 | r: -5656.000000 | e:   0.886340 | Q:   1.715338 | won: False 
#    5 | steps:  1505 | steps_t:  5929 | t: 73.387208 | r: -4217.000000 | e:   0.881420 | Q:   1.659344 | won: False 
#    6 | steps:  1806 | steps_t:  6181 | t: 87.870499 | r: -1964.500000 | e:   0.876380 | Q:   1.564560 | won: False 
#    7 | steps:  2107 | steps_t:  6427 | t: 102.964240 | r: -1411.500000 | e:   0.871460 | Q:   1.462346 | won: False 
#    8 | steps:  2408 | steps_t:  6684 | t: 118.606337 | r:   990.000000 | e:   0.866320 | Q:   1.360821 | won: True 
#    9 | steps:  2709 | steps_t:  6931 | t: 133.981400 | r: -2943.000000 | e:   0.861380 | Q:   1.243647 | won: False 
#   10 | steps:  3010 | steps_t:  7177 | t: 148.621615 | r: -5078.500000 | e:   0.856460 | Q:   1.137730 | won: True 
#   11 | steps:  3311 | steps_t:  7425 | t: 163.824293 | r: -1462.500000 | e:   0.851500 | Q:   2.561475 | won: False 
#   12 | steps:  3612 | steps_t:  7676 | t: 179.195135 | r:  -343.500000 | e:   0.846480 | Q:   2.981071 | won: False 
#   13 | steps:  3913 | steps_t:  7936 | t: 194.759163 | r:  -957.000000 | e:   0.841280 | Q:   3.450558 | won: False 
#   14 | steps:  4214 | steps_t:  8183 | t: 210.370864 | r: -2216.000000 | e:   0.836340 | Q:   3.410075 | won: False 
#   15 | steps:  4515 | steps_t:  8443 | t: 226.752390 | r:  -362.000000 | e:   0.831140 | Q:   3.577103 | won: False 
#   16 | steps:  4816 | steps_t:  8689 | t: 242.612689 | r: -1433.000000 | e:   0.826220 | Q:   3.026966 | won: False 
#   17 | steps:  5117 | steps_t:  8946 | t: 258.222138 | r:  -468.500000 | e:   0.821080 | Q:   2.977052 | won: False 
#   18 | steps:  5418 | steps_t:  9203 | t: 274.273498 | r:  -469.500000 | e:   0.815940 | Q:   2.556980 | won: False 
#   19 | steps:  5719 | steps_t:  9451 | t: 289.540014 | r:  -712.000000 | e:   0.810980 | Q:   3.234239 | won: False 
#   20 | steps:  6020 | steps_t:  9703 | t: 305.276885 | r:   722.500000 | e:   0.805940 | Q:   3.337877 | won: True 
#   21 | steps:  6321 | steps_t:  9951 | t: 320.909541 | r:  -960.000000 | e:   0.800980 | Q:   3.074947 | won: False 
#   22 | steps:  6622 | steps_t: 10208 | t: 337.612591 | r:  -426.500000 | e:   0.795840 | Q:   2.033735 | won: False 
#   23 | steps:  6923 | steps_t: 10455 | t: 353.072194 | r: -1813.000000 | e:   0.790900 | Q:   1.992672 | won: True 
#   24 | steps:  7224 | steps_t: 10706 | t: 368.624801 | r: -5934.000000 | e:   0.785880 | Q:   0.565639 | won: False 
#   25 | steps:  7525 | steps_t: 10963 | t: 384.488477 | r: -6974.000000 | e:   0.780740 | Q:  -1.877820 | won: False 
#   26 | steps:  7826 | steps_t: 11220 | t: 400.667914 | r: -8220.000000 | e:   0.775600 | Q:  -2.456911 | won: False 
#   27 | steps:  8127 | steps_t: 11471 | t: 416.268276 | r: -3206.000000 | e:   0.770580 | Q:  -3.096207 | won: False 
#   28 | steps:  8428 | steps_t: 11728 | t: 433.129140 | r:  -668.000000 | e:   0.765440 | Q:   2.249154 | won: False 
#   29 | steps:  8729 | steps_t: 11989 | t: 449.967699 | r: -1193.500000 | e:   0.760220 | Q:   8.529458 | won: False 
#   30 | steps:  9030 | steps_t: 12236 | t: 465.375197 | r: -2466.000000 | e:   0.755280 | Q:   9.001070 | won: False 
#   31 | steps:  9331 | steps_t: 12483 | t: 480.981079 | r:  2374.000000 | e:   0.750340 | Q:   5.318860 | won: True 
#   32 | steps:  9632 | steps_t: 12740 | t: 496.702077 | r: -2697.500000 | e:   0.745200 | Q:  -3.095143 | won: False 
#   33 | steps:  9933 | steps_t: 12988 | t: 512.614402 | r:   671.000000 | e:   0.740240 | Q:  -5.951371 | won: True 
#   34 | steps: 10234 | steps_t: 13239 | t: 528.712789 | r: -1970.500000 | e:   0.735220 | Q:  -5.865333 | won: False 
#   35 | steps: 10535 | steps_t: 13491 | t: 545.038542 | r: -4475.000000 | e:   0.730180 | Q:  -2.015758 | won: False 
#   36 | steps: 10836 | steps_t: 13751 | t: 562.672675 | r: -1708.500000 | e:   0.724980 | Q:   1.539491 | won: False 
#   37 | steps: 11137 | steps_t: 14012 | t: 578.683789 | r: -3717.500000 | e:   0.719760 | Q:   0.172378 | won: False 
#   38 | steps: 11438 | steps_t: 14264 | t: 594.216198 | r:  1439.500000 | e:   0.714720 | Q:   1.185123 | won: True 
#   39 | steps: 11739 | steps_t: 14516 | t: 610.401491 | r: -2966.500000 | e:   0.709680 | Q:   0.440284 | won: False 
#   40 | steps: 12040 | steps_t: 14763 | t: 625.822377 | r:  -453.000000 | e:   0.704740 | Q:   3.709252 | won: False 
#   41 | steps: 12341 | steps_t: 15014 | t: 642.111790 | r:  -934.000000 | e:   0.699720 | Q:   3.813739 | won: False 
#   42 | steps: 12642 | steps_t: 15265 | t: 659.275850 | r: -1211.000000 | e:   0.694700 | Q:   4.037507 | won: False 
#   43 | steps: 12943 | steps_t: 15526 | t: 676.067529 | r:  -446.500000 | e:   0.689480 | Q:   4.210902 | won: False 
#   44 | steps: 13244 | steps_t: 15778 | t: 691.567172 | r:  -714.500000 | e:   0.684440 | Q:   3.584514 | won: False 
#   45 | steps: 13545 | steps_t: 16039 | t: 708.325534 | r: -1704.000000 | e:   0.679220 | Q:   1.852570 | won: False 
#   46 | steps: 13846 | steps_t: 16286 | t: 723.734958 | r:  -717.500000 | e:   0.674280 | Q:  -0.958356 | won: False 
#   47 | steps: 14147 | steps_t: 16533 | t: 739.489656 | r:  -471.500000 | e:   0.669340 | Q:   0.557018 | won: False 
#   48 | steps: 14448 | steps_t: 16793 | t: 756.587906 | r:  -463.500000 | e:   0.664140 | Q:   3.866297 | won: False 
#   49 | steps: 14749 | steps_t: 17044 | t: 774.500367 | r: -1198.500000 | e:   0.659120 | Q:   5.957255 | won: False 
#   50 | steps: 15050 | steps_t: 17304 | t: 790.338940 | r:  -470.000000 | e:   0.653920 | Q:   9.376520 | won: False 
#   51 | steps: 15351 | steps_t: 17561 | t: 806.413970 | r:  -462.500000 | e:   0.648780 | Q:  10.291949 | won: False 
#   52 | steps: 15652 | steps_t: 17813 | t: 822.889387 | r:  -469.000000 | e:   0.643740 | Q:   4.154290 | won: False 
#   53 | steps: 15953 | steps_t: 18065 | t: 838.801540 | r:  -448.500000 | e:   0.638700 | Q:   0.462686 | won: False 
#   54 | steps: 16254 | steps_t: 18322 | t: 855.729590 | r:  -716.000000 | e:   0.633560 | Q:   0.073720 | won: False 
#   55 | steps: 16555 | steps_t: 18570 | t: 872.470609 | r: -1219.000000 | e:   0.628600 | Q:  -2.111216 | won: False 
#   56 | steps: 16856 | steps_t: 18816 | t: 889.742345 | r: -1439.500000 | e:   0.623680 | Q:  -3.049709 | won: False 
#   57 | steps: 17157 | steps_t: 19062 | t: 905.310382 | r: -1202.000000 | e:   0.618760 | Q:  -5.986485 | won: False 
#   58 | steps: 17458 | steps_t: 19323 | t: 921.726054 | r:  -937.500000 | e:   0.613540 | Q:  -9.493932 | won: False 
#   59 | steps: 17759 | steps_t: 19571 | t: 937.724027 | r: -1196.500000 | e:   0.608580 | Q:  -6.166323 | won: False 
#   60 | steps: 18060 | steps_t: 19818 | t: 954.013486 | r:  -685.000000 | e:   0.603640 | Q:  -2.585146 | won: False 
#   61 | steps: 18361 | steps_t: 20075 | t: 972.161721 | r:  -971.000000 | e:   0.598500 | Q:  -3.230466 | won: False 
#   62 | steps: 18662 | steps_t: 20321 | t: 989.266131 | r:  -473.000000 | e:   0.593580 | Q:  -4.807124 | won: False 
#   63 | steps: 18963 | steps_t: 20582 | t: 1005.924087 | r:  -966.500000 | e:   0.588360 | Q:  -7.480724 | won: False 
#   64 | steps: 19264 | steps_t: 20829 | t: 1021.283345 | r:  -468.000000 | e:   0.583420 | Q:  -7.796060 | won: False 
#   65 | steps: 19565 | steps_t: 21089 | t: 1038.569609 | r:  -473.000000 | e:   0.578220 | Q:  -7.514131 | won: False 
#   66 | steps: 19866 | steps_t: 21337 | t: 1054.371895 | r:  -466.500000 | e:   0.573260 | Q: -11.038668 | won: False 
#   67 | steps: 20167 | steps_t: 21584 | t: 1071.198100 | r: -1712.500000 | e:   0.568320 | Q: -12.943334 | won: False 
#   68 | steps: 20468 | steps_t: 21841 | t: 1089.082022 | r:  1994.500000 | e:   0.563180 | Q: -19.739754 | won: True 
#   69 | steps: 20769 | steps_t: 22093 | t: 1106.166789 | r: -1450.000000 | e:   0.558140 | Q: -12.498930 | won: False 
#   70 | steps: 21070 | steps_t: 22340 | t: 1122.618553 | r:  -457.500000 | e:   0.553200 | Q:   0.532311 | won: False 
#   71 | steps: 21371 | steps_t: 22592 | t: 1138.757645 | r:  2178.000000 | e:   0.548160 | Q:   1.580933 | won: True 
#   72 | steps: 21672 | steps_t: 22853 | t: 1155.523237 | r: -1465.500000 | e:   0.542940 | Q:  -6.847627 | won: False 
#   73 | steps: 21973 | steps_t: 23099 | t: 1171.937612 | r: -3219.500000 | e:   0.538020 | Q:  -6.553019 | won: False 
#   74 | steps: 22274 | steps_t: 23350 | t: 1189.156211 | r:  -472.500000 | e:   0.533000 | Q:  -9.396771 | won: False 
#   75 | steps: 22575 | steps_t: 23607 | t: 1207.865540 | r:  -408.500000 | e:   0.527860 | Q: -11.000578 | won: False 
#   76 | steps: 22876 | steps_t: 23853 | t: 1223.119184 | r:  -967.000000 | e:   0.522940 | Q: -13.224512 | won: False 
#   77 | steps: 23177 | steps_t: 24104 | t: 1239.001384 | r:  -478.000000 | e:   0.517920 | Q: -17.346239 | won: False 
#   78 | steps: 23478 | steps_t: 24355 | t: 1254.737740 | r:  -463.500000 | e:   0.512900 | Q: -17.303638 | won: False 
#   79 | steps: 23779 | steps_t: 24607 | t: 1271.045316 | r:  -469.500000 | e:   0.507860 | Q: -21.892302 | won: False 
#   80 | steps: 24080 | steps_t: 24859 | t: 1289.750408 | r: -1461.000000 | e:   0.502820 | Q: -24.494915 | won: False 
#   81 | steps: 24381 | steps_t: 25111 | t: 1307.329614 | r:  -672.000000 | e:   0.497780 | Q: -20.827770 | won: False 
#   82 | steps: 24682 | steps_t: 25359 | t: 1324.303431 | r: -2470.000000 | e:   0.492820 | Q: -15.759792 | won: False 
#   83 | steps: 24983 | steps_t: 25616 | t: 1340.133584 | r:  -472.500000 | e:   0.487680 | Q: -16.102953 | won: False 
#   84 | steps: 25284 | steps_t: 25862 | t: 1355.214035 | r: -1221.000000 | e:   0.482760 | Q: -16.631369 | won: False 
#   85 | steps: 25585 | steps_t: 26114 | t: 1371.615258 | r:  -967.000000 | e:   0.477720 | Q: -17.787411 | won: False 
#   86 | steps: 25886 | steps_t: 26361 | t: 1389.728518 | r: -1220.500000 | e:   0.472780 | Q: -20.059492 | won: False 
#   87 | steps: 26187 | steps_t: 26613 | t: 1407.269128 | r:  -479.000000 | e:   0.467740 | Q: -12.136872 | won: False 
#   88 | steps: 26488 | steps_t: 26865 | t: 1425.342619 | r:  -711.500000 | e:   0.462700 | Q: -11.039336 | won: False 
#   89 | steps: 26789 | steps_t: 27125 | t: 1441.791952 | r:  -472.000000 | e:   0.457500 | Q: -10.451911 | won: False 
#   90 | steps: 27090 | steps_t: 27382 | t: 1458.332585 | r:  -478.000000 | e:   0.452360 | Q:  -6.758383 | won: False 
#   91 | steps: 27391 | steps_t: 27634 | t: 1474.398102 | r:  -473.500000 | e:   0.447320 | Q:  -6.700071 | won: False 
#   92 | steps: 27692 | steps_t: 27880 | t: 1491.620439 | r: -1222.000000 | e:   0.442400 | Q: -10.553001 | won: False 
#   93 | steps: 27993 | steps_t: 28127 | t: 1508.392499 | r:  -715.000000 | e:   0.437460 | Q: -11.789791 | won: False 
#   94 | steps: 28294 | steps_t: 28373 | t: 1526.030877 | r:  -458.000000 | e:   0.432540 | Q:  -9.850212 | won: False 
#   95 | steps: 28595 | steps_t: 28630 | t: 1542.928678 | r:  -722.500000 | e:   0.427400 | Q:  -8.079720 | won: False 
#   96 | steps: 28896 | steps_t: 28878 | t: 1558.562724 | r:  -465.500000 | e:   0.422440 | Q:  -8.998219 | won: False 
#   97 | steps: 29197 | steps_t: 29125 | t: 1574.210053 | r:  -465.500000 | e:   0.417500 | Q: -12.024647 | won: False 
#   98 | steps: 29498 | steps_t: 29376 | t: 1591.677747 | r:  -716.000000 | e:   0.412480 | Q: -10.664943 | won: False 
#   99 | steps: 29799 | steps_t: 29623 | t: 1608.568517 | r:  -486.500000 | e:   0.407540 | Q:   1.403599 | won: False 
#  100 | steps: 30100 | steps_t: 29870 | t: 1626.124772 | r:  -721.500000 | e:   0.402600 | Q:   4.237011 | won: False 
#  101 | steps: 30401 | steps_t: 30130 | t: 1644.674487 | r:  -473.500000 | e:   0.397400 | Q:   2.479344 | won: False 
#  102 | steps: 30702 | steps_t: 30390 | t: 1661.073947 | r:  -478.000000 | e:   0.392200 | Q:   8.377450 | won: False 
#  103 | steps: 31003 | steps_t: 30637 | t: 1676.495371 | r: -1212.000000 | e:   0.387260 | Q:   5.311507 | won: False 
#  104 | steps: 31304 | steps_t: 30883 | t: 1691.771062 | r: -1214.000000 | e:   0.382340 | Q:  -4.782410 | won: False 
#  105 | steps: 31605 | steps_t: 31143 | t: 1710.045371 | r:  -477.000000 | e:   0.377140 | Q:  -6.489494 | won: False 
#  106 | steps: 31906 | steps_t: 31404 | t: 1727.187397 | r:  -479.000000 | e:   0.371920 | Q: -12.913027 | won: False 
#  107 | steps: 32207 | steps_t: 31656 | t: 1744.628055 | r:  -472.000000 | e:   0.366880 | Q: -21.026218 | won: False 
#  108 | steps: 32508 | steps_t: 31913 | t: 1760.057932 | r:  -975.500000 | e:   0.361740 | Q: -24.335411 | won: False 
#  109 | steps: 32809 | steps_t: 32174 | t: 1775.748185 | r:  -476.000000 | e:   0.356520 | Q: -22.097408 | won: False 
#  110 | steps: 33110 | steps_t: 32426 | t: 1791.116780 | r:  -476.500000 | e:   0.351480 | Q: -18.356382 | won: False 
#  111 | steps: 33411 | steps_t: 32672 | t: 1807.339187 | r:  -718.500000 | e:   0.346560 | Q: -20.213972 | won: False 
#  112 | steps: 33712 | steps_t: 32929 | t: 1827.063043 | r:  -727.000000 | e:   0.341420 | Q: -10.319715 | won: False 
#  113 | steps: 34013 | steps_t: 33175 | t: 1844.841817 | r:  -462.500000 | e:   0.336500 | Q: -12.677011 | won: False 
#  114 | steps: 34314 | steps_t: 33436 | t: 1861.594701 | r:  -478.500000 | e:   0.331280 | Q: -12.484096 | won: False 
#  115 | steps: 34615 | steps_t: 33683 | t: 1877.400584 | r: -1477.000000 | e:   0.326340 | Q: -18.859032 | won: False 
#  116 | steps: 34916 | steps_t: 33930 | t: 1893.071558 | r:  -486.000000 | e:   0.321400 | Q: -18.921701 | won: False 
#  117 | steps: 35217 | steps_t: 34187 | t: 1909.761770 | r:  -477.500000 | e:   0.316260 | Q: -11.181188 | won: False 
#  118 | steps: 35518 | steps_t: 34447 | t: 1927.577608 | r:  -475.500000 | e:   0.311060 | Q: -10.585989 | won: False 
#  119 | steps: 35819 | steps_t: 34699 | t: 1945.858965 | r:  2168.500000 | e:   0.306020 | Q:  -9.948780 | won: True 
#  120 | steps: 36120 | steps_t: 34947 | t: 1964.451749 | r:  -468.500000 | e:   0.301060 | Q:  -5.425669 | won: False 
#  121 | steps: 36421 | steps_t: 35199 | t: 1980.694724 | r: -1219.500000 | e:   0.296020 | Q: -11.393157 | won: False 
#  122 | steps: 36722 | steps_t: 35445 | t: 1996.359019 | r:  -478.500000 | e:   0.291100 | Q: -10.055316 | won: False 
#  123 | steps: 37023 | steps_t: 35692 | t: 2012.245040 | r:  -688.000000 | e:   0.286160 | Q:  -6.452164 | won: False 
#  124 | steps: 37324 | steps_t: 35938 | t: 2028.857209 | r:  -468.500000 | e:   0.281240 | Q: -10.399180 | won: False 
#  125 | steps: 37625 | steps_t: 36189 | t: 2046.573192 | r: -1479.000000 | e:   0.276220 | Q: -14.706079 | won: False 
#  126 | steps: 37926 | steps_t: 36440 | t: 2064.875908 | r:  -480.000000 | e:   0.271200 | Q: -12.105614 | won: False 
#  127 | steps: 38227 | steps_t: 36686 | t: 2080.448207 | r:  -725.000000 | e:   0.266280 | Q:  -7.257288 | won: False 
#  128 | steps: 38528 | steps_t: 36932 | t: 2096.102798 | r: -10080.500000 | e:   0.261360 | Q: -11.142262 | won: True 
#  129 | steps: 38829 | steps_t: 37179 | t: 2113.466435 | r:  -979.000000 | e:   0.256420 | Q: -13.825291 | won: False 
#  130 | steps: 39130 | steps_t: 37425 | t: 2129.452003 | r:  -473.500000 | e:   0.251500 | Q: -10.558925 | won: False 
#  131 | steps: 39431 | steps_t: 37672 | t: 2146.679528 | r:  -471.500000 | e:   0.246560 | Q:  -7.616691 | won: False 
#  132 | steps: 39732 | steps_t: 37923 | t: 2165.328475 | r:  -470.500000 | e:   0.241540 | Q:  -9.461564 | won: False 
#  133 | steps: 40033 | steps_t: 38175 | t: 2182.467318 | r: -1481.000000 | e:   0.236500 | Q:  -9.346786 | won: False 
#  134 | steps: 40334 | steps_t: 38427 | t: 2198.481928 | r:  -461.500000 | e:   0.231460 | Q: -12.912422 | won: False 
#  135 | steps: 40635 | steps_t: 38687 | t: 2215.051918 | r:  -907.000000 | e:   0.226260 | Q: -10.782124 | won: False 
#  136 | steps: 40936 | steps_t: 38938 | t: 2231.774486 | r:  -482.500000 | e:   0.221240 | Q: -18.135565 | won: False 
#  137 | steps: 41237 | steps_t: 39199 | t: 2252.505884 | r:  -484.500000 | e:   0.216020 | Q: -21.040051 | won: False 
#  138 | steps: 41538 | steps_t: 39456 | t: 2271.827351 | r:  -483.500000 | e:   0.210880 | Q: -14.361466 | won: False 
#  139 | steps: 41839 | steps_t: 39716 | t: 2289.734195 | r:  -727.000000 | e:   0.205680 | Q:  -7.038007 | won: False 
#  140 | steps: 42140 | steps_t: 39977 | t: 2306.023375 | r:  -486.500000 | e:   0.200460 | Q:  -4.233066 | won: False 
#  141 | steps: 42441 | steps_t: 40224 | t: 2321.788679 | r:  -729.000000 | e:   0.195520 | Q:  -9.268514 | won: False 
#  142 | steps: 42742 | steps_t: 40471 | t: 2337.700291 | r:  -493.500000 | e:   0.190580 | Q:  -9.748438 | won: False 
#  143 | steps: 43043 | steps_t: 40732 | t: 2355.626442 | r:  -735.500000 | e:   0.185360 | Q: -11.664352 | won: False 
#  144 | steps: 43344 | steps_t: 40979 | t: 2373.689088 | r:  -469.000000 | e:   0.180420 | Q: -16.984058 | won: False 
#  145 | steps: 43645 | steps_t: 41236 | t: 2391.217348 | r:  -722.000000 | e:   0.175280 | Q: -15.589133 | won: False 
#  146 | steps: 43946 | steps_t: 41488 | t: 2407.018185 | r: -1236.500000 | e:   0.170240 | Q: -18.482727 | won: False 
#  147 | steps: 44247 | steps_t: 41736 | t: 2425.010194 | r:  -481.000000 | e:   0.165280 | Q: -11.792334 | won: False 
#  148 | steps: 44548 | steps_t: 41983 | t: 2440.694873 | r:  -492.500000 | e:   0.160340 | Q: -10.739420 | won: False 
#  149 | steps: 44849 | steps_t: 42234 | t: 2458.479533 | r:  -474.000000 | e:   0.155320 | Q: -11.750287 | won: False 
#  150 | steps: 45150 | steps_t: 42486 | t: 2477.189542 | r:  -469.500000 | e:   0.150280 | Q:  -9.860905 | won: False 
#  151 | steps: 45451 | steps_t: 42738 | t: 2495.464982 | r:  -975.000000 | e:   0.145240 | Q:  -9.783883 | won: False 
#  152 | steps: 45752 | steps_t: 42986 | t: 2511.390044 | r:  -473.000000 | e:   0.140280 | Q: -12.360835 | won: False 
#  153 | steps: 46053 | steps_t: 43234 | t: 2527.394469 | r:  -733.500000 | e:   0.135320 | Q:  -9.084145 | won: False 
#  154 | steps: 46354 | steps_t: 43481 | t: 2543.289308 | r:  -483.000000 | e:   0.130380 | Q:  -6.874007 | won: False 
#  155 | steps: 46655 | steps_t: 43741 | t: 2561.029287 | r:  -490.000000 | e:   0.125180 | Q:  -9.543538 | won: False 
#  156 | steps: 46956 | steps_t: 43992 | t: 2580.222532 | r:  -478.500000 | e:   0.120160 | Q:  -5.302100 | won: False 
#  157 | steps: 47257 | steps_t: 44239 | t: 2601.671186 | r:  -479.000000 | e:   0.115220 | Q: -12.542536 | won: False 
#  158 | steps: 47558 | steps_t: 44491 | t: 2618.576566 | r:  -737.500000 | e:   0.110180 | Q:  -9.685033 | won: False 
#  159 | steps: 47859 | steps_t: 44738 | t: 2634.807799 | r:  -725.000000 | e:   0.105240 | Q: -12.491678 | won: False 
#  160 | steps: 48160 | steps_t: 44999 | t: 2651.987295 | r:  -494.000000 | e:   0.100020 | Q: -14.110563 | won: False 
#  161 | steps: 48461 | steps_t: 45251 | t: 2669.333522 | r:  -490.500000 | e:   0.100000 | Q:  -8.657995 | won: False 
#  162 | steps: 48762 | steps_t: 45497 | t: 2687.350704 | r:  -482.000000 | e:   0.100000 | Q:  -9.477843 | won: False 
#  163 | steps: 49063 | steps_t: 45743 | t: 2706.719806 | r:  -496.500000 | e:   0.100000 | Q: -18.493223 | won: False 
#  164 | steps: 49364 | steps_t: 45990 | t: 2722.468543 | r:  -488.000000 | e:   0.100000 | Q: -18.262751 | won: False 
#  165 | steps: 49665 | steps_t: 46237 | t: 2738.322712 | r:  -481.000000 | e:   0.100000 | Q: -14.499055 | won: False 
#  166 | steps: 49966 | steps_t: 46485 | t: 2754.336029 | r:  -496.000000 | e:   0.100000 | Q: -12.529879 | won: False 
#  167 | steps: 50267 | steps_t: 46732 | t: 2774.010067 | r:  -484.500000 | e:   0.100000 | Q:  -6.063288 | won: False 
#  168 | steps: 50568 | steps_t: 46980 | t: 2791.993837 | r:  -489.000000 | e:   0.100000 | Q: -12.824640 | won: False 
#  169 | steps: 50869 | steps_t: 47240 | t: 2812.325534 | r:  -737.500000 | e:   0.100000 | Q: -14.368218 | won: False 
#  170 | steps: 51170 | steps_t: 47500 | t: 2830.854200 | r:  -489.500000 | e:   0.100000 | Q: -15.937006 | won: False 
#  171 | steps: 51471 | steps_t: 47748 | t: 2846.943473 | r:  -722.000000 | e:   0.100000 | Q: -14.542784 | won: False 
#  172 | steps: 51772 | steps_t: 48009 | t: 2863.921388 | r:  -485.500000 | e:   0.100000 | Q: -15.067293 | won: False 
#  173 | steps: 52073 | steps_t: 48266 | t: 2881.407542 | r:  -493.000000 | e:   0.100000 | Q: -23.990170 | won: False 
#  174 | steps: 52374 | steps_t: 48513 | t: 2899.447523 | r:  -472.000000 | e:   0.100000 | Q: -19.076910 | won: False 
#  175 | steps: 52675 | steps_t: 48770 | t: 2920.684828 | r:  -490.000000 | e:   0.100000 | Q: -14.357287 | won: False 
#  176 | steps: 52976 | steps_t: 49022 | t: 2937.247132 | r:  -483.000000 | e:   0.100000 | Q: -12.452745 | won: False 
#  177 | steps: 53277 | steps_t: 49270 | t: 2953.274236 | r:  -489.000000 | e:   0.100000 | Q:  -9.039152 | won: False 
#  178 | steps: 53578 | steps_t: 49521 | t: 2972.494308 | r:  -491.500000 | e:   0.100000 | Q:  -9.265218 | won: False 
#  179 | steps: 53879 | steps_t: 49781 | t: 2990.026930 | r:  -487.500000 | e:   0.100000 | Q: -11.477951 | won: False 
#  180 | steps: 54180 | steps_t: 50041 | t: 3008.738523 | r:  -492.000000 | e:   0.100000 | Q: -13.548346 | won: False 
#  181 | steps: 54481 | steps_t: 50287 | t: 3028.144290 | r:  -479.000000 | e:   0.100000 | Q: -14.528275 | won: False 
#  182 | steps: 54782 | steps_t: 50544 | t: 3045.981754 | r:  -726.000000 | e:   0.100000 | Q: -22.218739 | won: False 
#  183 | steps: 55083 | steps_t: 50804 | t: 3062.754175 | r:  -491.000000 | e:   0.100000 | Q: -16.345079 | won: False 
#  184 | steps: 55384 | steps_t: 51064 | t: 3079.600247 | r:  -484.500000 | e:   0.100000 | Q: -18.682341 | won: False 
#  185 | steps: 55685 | steps_t: 51325 | t: 3097.096634 | r:  -493.000000 | e:   0.100000 | Q: -26.218456 | won: False 
#  186 | steps: 55986 | steps_t: 51586 | t: 3116.055669 | r:  -492.000000 | e:   0.100000 | Q: -17.436850 | won: False 
#  187 | steps: 56287 | steps_t: 51832 | t: 3135.725186 | r:  -725.500000 | e:   0.100000 | Q:  -9.861235 | won: False 
#  188 | steps: 56588 | steps_t: 52080 | t: 3152.552459 | r:  -479.500000 | e:   0.100000 | Q:  -9.242316 | won: False 
#  189 | steps: 56889 | steps_t: 52340 | t: 3169.283776 | r:  -486.500000 | e:   0.100000 | Q: -17.783710 | won: False 
#  190 | steps: 57190 | steps_t: 52587 | t: 3189.398463 | r:  -736.000000 | e:   0.100000 | Q:  -9.368312 | won: False 
#  191 | steps: 57491 | steps_t: 52844 | t: 3223.678151 | r:  -466.000000 | e:   0.100000 | Q:  -5.257028 | won: False 
#  192 | steps: 57792 | steps_t: 53096 | t: 3258.327909 | r:  -478.000000 | e:   0.100000 | Q:  -7.927637 | won: False 
#  193 | steps: 58093 | steps_t: 53353 | t: 3291.235200 | r:  -492.500000 | e:   0.100000 | Q:  -9.969664 | won: False 
#  194 | steps: 58394 | steps_t: 53610 | t: 3322.019631 | r:  -488.500000 | e:   0.100000 | Q:  -9.506804 | won: False 
#  195 | steps: 58695 | steps_t: 53867 | t: 3353.373695 | r:  -494.500000 | e:   0.100000 | Q: -11.181452 | won: False 
#  196 | steps: 58996 | steps_t: 54119 | t: 3384.834304 | r:  -482.000000 | e:   0.100000 | Q: -13.781973 | won: False 
#  197 | steps: 59297 | steps_t: 54367 | t: 3418.030115 | r:  -485.500000 | e:   0.100000 | Q: -13.338013 | won: False 
#  198 | steps: 59598 | steps_t: 54628 | t: 3454.564150 | r:  -489.000000 | e:   0.100000 | Q: -17.524158 | won: False 
#  199 | steps: 59899 | steps_t: 54876 | t: 3485.972299 | r:  -482.000000 | e:   0.100000 | Q: -19.633270 | won: False 
#  200 | steps: 60200 | steps_t: 55122 | t: 3516.143738 | r:  -730.000000 | e:   0.100000 | Q: -21.326790 | won: False 
