#    1 | steps:   301 | steps_t:   200 | t: 13.001684 | r: -2475.500000 | e:   0.996000 | Q:   0.119840 | won: False 
#    2 | steps:   602 | steps_t:   452 | t: 29.143729 | r:  -720.000000 | e:   0.990960 | Q:        nan | won: False 
#    3 | steps:   903 | steps_t:   698 | t: 45.369285 | r: -1977.500000 | e:   0.986040 | Q:  -0.181127 | won: False 
#    4 | steps:  1204 | steps_t:   955 | t: 61.917024 | r:  -713.500000 | e:   0.980900 | Q:  -0.527073 | won: False 
#    5 | steps:  1505 | steps_t:  1202 | t: 76.287033 | r:  -964.500000 | e:   0.975960 | Q:  -0.948652 | won: False 
#    6 | steps:  1806 | steps_t:  1462 | t: 91.671900 | r:    33.500000 | e:   0.970760 | Q:  -1.390038 | won: False 
#    7 | steps:  2107 | steps_t:  1709 | t: 106.476147 | r: -2964.500000 | e:   0.965820 | Q:  -1.654544 | won: False 
#    8 | steps:  2408 | steps_t:  1969 | t: 121.859706 | r:    32.000000 | e:   0.960620 | Q:  -1.787455 | won: False 
#    9 | steps:  2709 | steps_t:  2229 | t: 137.523566 | r:    29.000000 | e:   0.955420 | Q:  -2.082024 | won: False 
#   10 | steps:  3010 | steps_t:  2489 | t: 152.807017 | r:    37.500000 | e:   0.950220 | Q:  -2.351899 | won: False 
#   11 | steps:  3311 | steps_t:  2737 | t: 167.565466 | r: -5973.000000 | e:   0.945260 | Q:  -2.604727 | won: False 
#   12 | steps:  3612 | steps_t:  2985 | t: 182.329538 | r: -2108.500000 | e:   0.940300 | Q:  -2.575194 | won: True 
#   13 | steps:  3913 | steps_t:  3246 | t: 197.869613 | r:  -208.500000 | e:   0.935080 | Q:  -2.782195 | won: False 
#   14 | steps:  4214 | steps_t:  3503 | t: 213.143583 | r:    41.000000 | e:   0.929940 | Q:  -2.738124 | won: False 
#   15 | steps:  4515 | steps_t:  3750 | t: 228.501361 | r:  -231.500000 | e:   0.925000 | Q:  -2.798744 | won: False 
#   16 | steps:  4816 | steps_t:  4007 | t: 244.114184 | r:   135.000000 | e:   0.919860 | Q:  -2.847997 | won: True 
#   17 | steps:  5117 | steps_t:  4267 | t: 259.846710 | r:  -212.500000 | e:   0.914660 | Q:  -2.939392 | won: False 
#   18 | steps:  5418 | steps_t:  4513 | t: 274.931561 | r: -1474.000000 | e:   0.909740 | Q:  -2.853547 | won: False 
#   19 | steps:  5719 | steps_t:  4764 | t: 289.923135 | r:  -961.500000 | e:   0.904720 | Q:  -3.077510 | won: False 
#   20 | steps:  6020 | steps_t:  5024 | t: 305.985191 | r: -2470.500000 | e:   0.899520 | Q:  -3.194484 | won: False 
#   21 | steps:  6321 | steps_t:  5272 | t: 321.226741 | r: -1218.000000 | e:   0.894560 | Q:  -3.264978 | won: False 
#   22 | steps:  6622 | steps_t:  5519 | t: 337.015422 | r:  -979.000000 | e:   0.889620 | Q:  -3.383131 | won: False 
#   23 | steps:  6923 | steps_t:  5776 | t: 352.715369 | r:  -713.500000 | e:   0.884480 | Q:  -3.432437 | won: False 
#   24 | steps:  7224 | steps_t:  6036 | t: 368.659119 | r:    31.500000 | e:   0.879280 | Q:  -3.523979 | won: False 
#   25 | steps:  7525 | steps_t:  6288 | t: 383.779694 | r:  -964.500000 | e:   0.874240 | Q:  -3.560094 | won: False 
#   26 | steps:  7826 | steps_t:  6534 | t: 399.110548 | r:  -723.500000 | e:   0.869320 | Q:  -3.765524 | won: False 
#   27 | steps:  8127 | steps_t:  6786 | t: 414.528934 | r:    35.000000 | e:   0.864280 | Q:  -3.845455 | won: False 
#   28 | steps:  8428 | steps_t:  7032 | t: 430.356232 | r:  -598.500000 | e:   0.859360 | Q:  -3.874609 | won: True 
#   29 | steps:  8729 | steps_t:  7292 | t: 446.759124 | r:    31.000000 | e:   0.854160 | Q:  -3.854432 | won: False 
#   30 | steps:  9030 | steps_t:  7540 | t: 462.437032 | r:  -209.500000 | e:   0.849200 | Q:  -3.916858 | won: False 
#   31 | steps:  9331 | steps_t:  7800 | t: 478.010539 | r:  -463.000000 | e:   0.844000 | Q:  -3.801096 | won: False 
#   32 | steps:  9632 | steps_t:  8046 | t: 492.896801 | r: -1219.000000 | e:   0.839080 | Q:  -3.754277 | won: False 
#   33 | steps:  9933 | steps_t:  8292 | t: 508.212399 | r:  -969.500000 | e:   0.834160 | Q:  -4.099768 | won: False 
#   34 | steps: 10234 | steps_t:  8538 | t: 523.744377 | r:  -345.000000 | e:   0.829240 | Q:  -3.997267 | won: True 
#   35 | steps: 10535 | steps_t:  8784 | t: 539.875384 | r:  -216.000000 | e:   0.824320 | Q:  -3.990857 | won: False 
#   36 | steps: 10836 | steps_t:  9035 | t: 556.081947 | r:   141.000000 | e:   0.819300 | Q:  -4.493382 | won: True 
#   37 | steps: 11137 | steps_t:  9283 | t: 571.150950 | r: -4728.500000 | e:   0.814340 | Q:  -4.821231 | won: False 
#   38 | steps: 11438 | steps_t:  9544 | t: 587.542733 | r:    34.500000 | e:   0.809120 | Q:  -4.944956 | won: False 
#   39 | steps: 11739 | steps_t:  9795 | t: 602.597593 | r:  -966.500000 | e:   0.804100 | Q:  -5.158303 | won: False 
#   40 | steps: 12040 | steps_t: 10055 | t: 618.432099 | r:  -219.000000 | e:   0.798900 | Q:  -5.481524 | won: False 
#   41 | steps: 12341 | steps_t: 10302 | t: 634.674378 | r:  -968.500000 | e:   0.793960 | Q:  -5.483591 | won: False 
#   42 | steps: 12642 | steps_t: 10559 | t: 651.144240 | r:  -464.000000 | e:   0.788820 | Q:  -5.494243 | won: False 
#   43 | steps: 12943 | steps_t: 10805 | t: 666.846358 | r: -3969.500000 | e:   0.783900 | Q:  -5.741511 | won: False 
#   44 | steps: 13244 | steps_t: 11052 | t: 681.612133 | r:  -459.500000 | e:   0.778960 | Q:  -5.755472 | won: False 
#   45 | steps: 13545 | steps_t: 11300 | t: 697.249041 | r: -2472.000000 | e:   0.774000 | Q:  -5.800080 | won: False 
#   46 | steps: 13846 | steps_t: 11561 | t: 713.070946 | r:    27.000000 | e:   0.768780 | Q:  -5.933205 | won: False 
#   47 | steps: 14147 | steps_t: 11807 | t: 728.378876 | r:  -219.500000 | e:   0.763860 | Q:  -6.073561 | won: False 
#   48 | steps: 14448 | steps_t: 12068 | t: 745.679576 | r:  -960.500000 | e:   0.758640 | Q:  -6.306309 | won: False 
#   49 | steps: 14749 | steps_t: 12325 | t: 762.565203 | r:   -98.500000 | e:   0.753500 | Q:  -6.485641 | won: True 
#   50 | steps: 15050 | steps_t: 12572 | t: 777.873834 | r:  -219.000000 | e:   0.748560 | Q:  -6.415125 | won: False 
#   51 | steps: 15351 | steps_t: 12832 | t: 793.633811 | r:  -219.500000 | e:   0.743360 | Q:  -6.352586 | won: False 
#   52 | steps: 15652 | steps_t: 13079 | t: 809.434272 | r:  -219.000000 | e:   0.738420 | Q:  -6.565128 | won: False 
#   53 | steps: 15953 | steps_t: 13326 | t: 824.561528 | r:   139.000000 | e:   0.733480 | Q:  -6.521277 | won: True 
#   54 | steps: 16254 | steps_t: 13586 | t: 841.066537 | r:  -216.500000 | e:   0.728280 | Q:  -6.587029 | won: False 
#   55 | steps: 16555 | steps_t: 13847 | t: 858.044023 | r:    31.000000 | e:   0.723060 | Q:  -6.729440 | won: False 
#   56 | steps: 16856 | steps_t: 14094 | t: 875.145795 | r:    12.500000 | e:   0.718120 | Q:  -6.914684 | won: False 
#   57 | steps: 17157 | steps_t: 14354 | t: 890.739340 | r:  -211.500000 | e:   0.712920 | Q:  -6.905529 | won: False 
#   58 | steps: 17458 | steps_t: 14614 | t: 906.457176 | r:  -213.000000 | e:   0.707720 | Q:  -6.993901 | won: False 
#   59 | steps: 17759 | steps_t: 14866 | t: 921.916030 | r:   148.500000 | e:   0.702680 | Q:  -6.844393 | won: True 
#   60 | steps: 18060 | steps_t: 15118 | t: 938.538932 | r:  -461.000000 | e:   0.697640 | Q:  -6.778805 | won: False 
#   61 | steps: 18361 | steps_t: 15375 | t: 955.182430 | r:  -222.500000 | e:   0.692500 | Q:  -6.949920 | won: False 
#   62 | steps: 18662 | steps_t: 15621 | t: 971.603567 | r:  -223.000000 | e:   0.687580 | Q:  -6.964552 | won: False 
#   63 | steps: 18963 | steps_t: 15873 | t: 987.538481 | r:  -222.000000 | e:   0.682540 | Q:  -6.982392 | won: False 
#   64 | steps: 19264 | steps_t: 16130 | t: 1004.173838 | r:  -222.500000 | e:   0.677400 | Q:  -6.634115 | won: False 
#   65 | steps: 19565 | steps_t: 16381 | t: 1019.726615 | r:  -479.000000 | e:   0.672380 | Q:  -6.659611 | won: False 
#   66 | steps: 19866 | steps_t: 16628 | t: 1035.121280 | r:  -471.000000 | e:   0.667440 | Q:  -6.842288 | won: False 
#   67 | steps: 20167 | steps_t: 16888 | t: 1052.011881 | r:  -717.000000 | e:   0.662240 | Q:  -7.104207 | won: False 
#   68 | steps: 20468 | steps_t: 17149 | t: 1069.148926 | r:    27.500000 | e:   0.657020 | Q:  -6.991514 | won: False 
#   69 | steps: 20769 | steps_t: 17406 | t: 1087.315449 | r:    23.000000 | e:   0.651880 | Q:  -7.024098 | won: False 
#   70 | steps: 21070 | steps_t: 17667 | t: 1103.242864 | r:    21.500000 | e:   0.646660 | Q:  -7.170519 | won: False 
#   71 | steps: 21371 | steps_t: 17918 | t: 1118.597122 | r:  -463.000000 | e:   0.641640 | Q:  -7.123430 | won: False 
#   72 | steps: 21672 | steps_t: 18164 | t: 1133.588335 | r:  -221.000000 | e:   0.636720 | Q:  -7.022010 | won: False 
#   73 | steps: 21973 | steps_t: 18421 | t: 1149.270890 | r:  -217.000000 | e:   0.631580 | Q:  -7.168875 | won: False 
#   74 | steps: 22274 | steps_t: 18668 | t: 1165.830473 | r:  -220.500000 | e:   0.626640 | Q:  -7.355087 | won: False 
#   75 | steps: 22575 | steps_t: 18929 | t: 1182.835442 | r:  -216.500000 | e:   0.621420 | Q:  -7.266472 | won: False 
#   76 | steps: 22876 | steps_t: 19181 | t: 1198.502829 | r:    15.000000 | e:   0.616380 | Q:  -7.294451 | won: False 
#   77 | steps: 23177 | steps_t: 19428 | t: 1212.940583 | r:  -469.500000 | e:   0.611440 | Q:  -7.233935 | won: False 
#   78 | steps: 23478 | steps_t: 19680 | t: 1227.805648 | r:    17.000000 | e:   0.606400 | Q:  -7.486356 | won: False 
#   79 | steps: 23779 | steps_t: 19941 | t: 1244.256383 | r:  -217.000000 | e:   0.601180 | Q:  -7.580123 | won: False 
#   80 | steps: 24080 | steps_t: 20193 | t: 1259.739726 | r:  -220.500000 | e:   0.596140 | Q:  -7.627512 | won: False 
#   81 | steps: 24381 | steps_t: 20440 | t: 1276.215484 | r:  -220.000000 | e:   0.591200 | Q:  -7.427479 | won: False 
#   82 | steps: 24682 | steps_t: 20700 | t: 1293.281011 | r:  -220.000000 | e:   0.586000 | Q:  -7.611063 | won: False 
#   83 | steps: 24983 | steps_t: 20960 | t: 1308.574263 | r: -4479.500000 | e:   0.580800 | Q:  -7.714375 | won: False 
#   84 | steps: 25284 | steps_t: 21207 | t: 1323.151743 | r:  -471.500000 | e:   0.575860 | Q:  -7.639237 | won: False 
#   85 | steps: 25585 | steps_t: 21459 | t: 1339.060471 | r:  -219.500000 | e:   0.570820 | Q:  -7.455158 | won: False 
#   86 | steps: 25886 | steps_t: 21706 | t: 1353.934286 | r:  -221.500000 | e:   0.565880 | Q:  -7.491216 | won: False 
#   87 | steps: 26187 | steps_t: 21967 | t: 1370.551651 | r:    18.000000 | e:   0.560660 | Q:  -7.244522 | won: False 
#   88 | steps: 26488 | steps_t: 22228 | t: 1388.119083 | r:    26.000000 | e:   0.555440 | Q:  -7.250879 | won: False 
#   89 | steps: 26789 | steps_t: 22480 | t: 1404.038905 | r:  -228.500000 | e:   0.550400 | Q:  -7.478016 | won: False 
#   90 | steps: 27090 | steps_t: 22741 | t: 1421.242106 | r:  -469.000000 | e:   0.545180 | Q:  -7.591436 | won: False 
#   91 | steps: 27391 | steps_t: 22987 | t: 1436.451548 | r:  -229.500000 | e:   0.540260 | Q:  -7.672424 | won: False 
#   92 | steps: 27692 | steps_t: 23234 | t: 1451.661550 | r:  -721.000000 | e:   0.535320 | Q:  -7.539063 | won: False 
#   93 | steps: 27993 | steps_t: 23494 | t: 1468.147540 | r:  -218.000000 | e:   0.530120 | Q:  -7.599310 | won: False 
#   94 | steps: 28294 | steps_t: 23746 | t: 1484.680413 | r: -1221.500000 | e:   0.525080 | Q:  -7.708910 | won: False 
#   95 | steps: 28595 | steps_t: 23997 | t: 1501.163177 | r:    29.000000 | e:   0.520060 | Q:  -7.769413 | won: False 
#   96 | steps: 28896 | steps_t: 24257 | t: 1516.666984 | r:  -221.500000 | e:   0.514860 | Q:  -7.575127 | won: False 
#   97 | steps: 29197 | steps_t: 24505 | t: 1533.059415 | r:  -472.500000 | e:   0.509900 | Q:  -7.439506 | won: False 
#   98 | steps: 29498 | steps_t: 24751 | t: 1548.080588 | r:  -223.000000 | e:   0.504980 | Q:  -7.611577 | won: False 
#   99 | steps: 29799 | steps_t: 25003 | t: 1563.884126 | r:    23.000000 | e:   0.499940 | Q:  -7.692754 | won: False 
#  100 | steps: 30100 | steps_t: 25260 | t: 1580.747021 | r:    15.000000 | e:   0.494800 | Q:  -7.704465 | won: False 
#  101 | steps: 30401 | steps_t: 25507 | t: 1597.621107 | r:  -218.000000 | e:   0.489860 | Q:  -7.751714 | won: False 
#  102 | steps: 30702 | steps_t: 25753 | t: 1612.843799 | r:  -224.000000 | e:   0.484940 | Q:  -7.916732 | won: False 
#  103 | steps: 31003 | steps_t: 26004 | t: 1627.830134 | r:  -473.500000 | e:   0.479920 | Q:  -7.880198 | won: False 
#  104 | steps: 31304 | steps_t: 26265 | t: 1645.168663 | r:  -222.500000 | e:   0.474700 | Q:  -7.945274 | won: False 
#  105 | steps: 31605 | steps_t: 26517 | t: 1660.853276 | r:    10.000000 | e:   0.469660 | Q:  -7.993661 | won: False 
#  106 | steps: 31906 | steps_t: 26777 | t: 1677.929687 | r:    17.500000 | e:   0.464460 | Q:  -8.224835 | won: False 
#  107 | steps: 32207 | steps_t: 27029 | t: 1695.224829 | r:  -228.000000 | e:   0.459420 | Q:  -8.348095 | won: False 
#  108 | steps: 32508 | steps_t: 27290 | t: 1712.540379 | r:    14.000000 | e:   0.454200 | Q:  -8.321644 | won: False 
#  109 | steps: 32809 | steps_t: 27542 | t: 1728.227041 | r:  -224.000000 | e:   0.449160 | Q:  -8.338067 | won: False 
#  110 | steps: 33110 | steps_t: 27802 | t: 1744.442712 | r:  -223.500000 | e:   0.443960 | Q:  -8.295050 | won: False 
#  111 | steps: 33411 | steps_t: 28063 | t: 1762.080717 | r:    21.500000 | e:   0.438740 | Q:  -8.447988 | won: False 
#  112 | steps: 33712 | steps_t: 28315 | t: 1778.564425 | r:  -232.500000 | e:   0.433700 | Q:  -8.422222 | won: False 
#  113 | steps: 34013 | steps_t: 28567 | t: 1795.898472 | r:    14.000000 | e:   0.428660 | Q:  -8.341368 | won: False 
#  114 | steps: 34314 | steps_t: 28827 | t: 1813.383393 | r:  -230.500000 | e:   0.423460 | Q:  -8.289935 | won: False 
#  115 | steps: 34615 | steps_t: 29079 | t: 1828.644293 | r:  -475.000000 | e:   0.418420 | Q:  -8.514391 | won: False 
#  116 | steps: 34916 | steps_t: 29327 | t: 1843.622148 | r:    11.000000 | e:   0.413460 | Q:  -8.503224 | won: False 
#  117 | steps: 35217 | steps_t: 29587 | t: 1859.308804 | r:    20.500000 | e:   0.408260 | Q:  -8.503686 | won: False 
#  118 | steps: 35518 | steps_t: 29848 | t: 1877.260231 | r:  -235.500000 | e:   0.403040 | Q:  -8.523645 | won: False 
#  119 | steps: 35819 | steps_t: 30094 | t: 1893.838151 | r:    14.000000 | e:   0.398120 | Q:  -8.739124 | won: False 
#  120 | steps: 36120 | steps_t: 30341 | t: 1911.376033 | r:  -232.000000 | e:   0.393180 | Q:  -8.857090 | won: False 
#  121 | steps: 36421 | steps_t: 30589 | t: 1926.350496 | r:     9.500000 | e:   0.388220 | Q:  -8.915790 | won: False 
#  122 | steps: 36722 | steps_t: 30835 | t: 1941.256555 | r:    12.000000 | e:   0.383300 | Q:  -8.620959 | won: False 
#  123 | steps: 37023 | steps_t: 31083 | t: 1956.289967 | r:  -231.500000 | e:   0.378340 | Q:  -8.582021 | won: False 
#  124 | steps: 37324 | steps_t: 31331 | t: 1971.680285 | r:  -227.500000 | e:   0.373380 | Q:  -8.526078 | won: False 
#  125 | steps: 37625 | steps_t: 31582 | t: 1988.170087 | r:  -480.500000 | e:   0.368360 | Q:  -8.511657 | won: False 
#  126 | steps: 37926 | steps_t: 31834 | t: 2005.573706 | r:     8.000000 | e:   0.363320 | Q:  -8.382937 | won: False 
#  127 | steps: 38227 | steps_t: 32081 | t: 2023.483773 | r:  -226.500000 | e:   0.358380 | Q:  -8.358105 | won: False 
#  128 | steps: 38528 | steps_t: 32341 | t: 2039.144577 | r:    13.500000 | e:   0.353180 | Q:  -8.548722 | won: False 
#  129 | steps: 38829 | steps_t: 32588 | t: 2054.262248 | r:     9.500000 | e:   0.348240 | Q:  -8.636278 | won: False 
#  130 | steps: 39130 | steps_t: 32834 | t: 2069.300023 | r:  -228.500000 | e:   0.343320 | Q:  -8.934338 | won: False 
#  131 | steps: 39431 | steps_t: 33086 | t: 2085.534507 | r:     9.000000 | e:   0.338280 | Q:  -8.669784 | won: False 
#  132 | steps: 39732 | steps_t: 33334 | t: 2102.422485 | r:     9.500000 | e:   0.333320 | Q:  -8.503459 | won: False 
#  133 | steps: 40033 | steps_t: 33591 | t: 2120.499951 | r:    11.000000 | e:   0.328180 | Q:  -8.240204 | won: False 
#  134 | steps: 40334 | steps_t: 33837 | t: 2135.345224 | r:  -730.000000 | e:   0.323260 | Q:  -7.996588 | won: False 
#  135 | steps: 40635 | steps_t: 34083 | t: 2151.959631 | r:  -231.000000 | e:   0.318340 | Q:  -7.892631 | won: False 
#  136 | steps: 40936 | steps_t: 34344 | t: 2167.691494 | r:    13.500000 | e:   0.313120 | Q:  -7.956266 | won: False 
#  137 | steps: 41237 | steps_t: 34595 | t: 2183.602795 | r:    11.500000 | e:   0.308100 | Q:  -8.209194 | won: False 
#  138 | steps: 41538 | steps_t: 34855 | t: 2200.871447 | r:    19.000000 | e:   0.302900 | Q:  -8.331502 | won: False 
#  139 | steps: 41839 | steps_t: 35102 | t: 2218.869772 | r:    16.500000 | e:   0.297960 | Q:  -8.425238 | won: False 
#  140 | steps: 42140 | steps_t: 35350 | t: 2234.492139 | r:  -234.000000 | e:   0.293000 | Q:  -8.508869 | won: False 
#  141 | steps: 42441 | steps_t: 35601 | t: 2249.679768 | r:     9.000000 | e:   0.287980 | Q:  -8.459810 | won: False 
#  142 | steps: 42742 | steps_t: 35847 | t: 2264.327987 | r:     8.500000 | e:   0.283060 | Q:  -8.300770 | won: False 
#  143 | steps: 43043 | steps_t: 36095 | t: 2279.486623 | r:  -233.500000 | e:   0.278100 | Q:  -7.939946 | won: False 
#  144 | steps: 43344 | steps_t: 36355 | t: 2298.453574 | r:     9.500000 | e:   0.272900 | Q:  -7.684330 | won: False 
#  145 | steps: 43645 | steps_t: 36616 | t: 2317.066457 | r:    10.000000 | e:   0.267680 | Q:  -7.298541 | won: False 
#  146 | steps: 43946 | steps_t: 36877 | t: 2334.589010 | r:    14.000000 | e:   0.262460 | Q:  -7.185542 | won: False 
#  147 | steps: 44247 | steps_t: 37134 | t: 2350.431487 | r:    11.000000 | e:   0.257320 | Q:  -7.085383 | won: False 
#  148 | steps: 44548 | steps_t: 37380 | t: 2365.704819 | r:     9.500000 | e:   0.252400 | Q:  -7.010697 | won: False 
#  149 | steps: 44849 | steps_t: 37632 | t: 2381.488282 | r:    10.500000 | e:   0.247360 | Q:  -7.048351 | won: False 
#  150 | steps: 45150 | steps_t: 37889 | t: 2398.510023 | r:     9.500000 | e:   0.242220 | Q:  -6.959819 | won: False 
#  151 | steps: 45451 | steps_t: 38136 | t: 2416.038917 | r:  -236.500000 | e:   0.237280 | Q:  -6.984843 | won: False 
#  152 | steps: 45752 | steps_t: 38388 | t: 2433.457541 | r:  -482.000000 | e:   0.232240 | Q:  -6.900343 | won: False 
#  153 | steps: 46053 | steps_t: 38636 | t: 2448.804510 | r:     6.500000 | e:   0.227280 | Q:  -6.849007 | won: False 
#  154 | steps: 46354 | steps_t: 38893 | t: 2467.114872 | r:     8.000000 | e:   0.222140 | Q:  -6.922265 | won: False 
#  155 | steps: 46655 | steps_t: 39140 | t: 2482.682068 | r:  -237.000000 | e:   0.217200 | Q:  -6.917204 | won: False 
#  156 | steps: 46956 | steps_t: 39391 | t: 2499.415094 | r:     9.000000 | e:   0.212180 | Q:  -6.983283 | won: False 
#  157 | steps: 47257 | steps_t: 39643 | t: 2517.151923 | r:    10.000000 | e:   0.207140 | Q:  -7.054039 | won: False 
#  158 | steps: 47558 | steps_t: 39900 | t: 2535.579037 | r:     5.500000 | e:   0.202000 | Q:  -7.065771 | won: False 
#  159 | steps: 47859 | steps_t: 40161 | t: 2551.624680 | r:     6.000000 | e:   0.196780 | Q:  -6.878604 | won: False 
#  160 | steps: 48160 | steps_t: 40409 | t: 2567.025247 | r:     6.000000 | e:   0.191820 | Q:  -6.893876 | won: False 
#  161 | steps: 48461 | steps_t: 40666 | t: 2583.024873 | r:     3.500000 | e:   0.186680 | Q:  -7.067175 | won: False 
#  162 | steps: 48762 | steps_t: 40914 | t: 2599.250855 | r:     8.000000 | e:   0.181720 | Q:  -7.092252 | won: False 
#  163 | steps: 49063 | steps_t: 41161 | t: 2616.641483 | r:     5.500000 | e:   0.176780 | Q:  -7.198222 | won: False 
#  164 | steps: 49364 | steps_t: 41407 | t: 2637.330361 | r:     4.500000 | e:   0.171860 | Q:  -7.263779 | won: False 
#  165 | steps: 49665 | steps_t: 41655 | t: 2652.623560 | r:     5.500000 | e:   0.166900 | Q:  -7.406034 | won: False 
#  166 | steps: 49966 | steps_t: 41916 | t: 2668.691387 | r:     7.500000 | e:   0.161680 | Q:  -7.331758 | won: False 
#  167 | steps: 50267 | steps_t: 42168 | t: 2684.404323 | r:     7.000000 | e:   0.156640 | Q:  -7.104459 | won: False 
#  168 | steps: 50568 | steps_t: 42428 | t: 2701.332388 | r:     6.500000 | e:   0.151440 | Q:  -6.941617 | won: False 
#  169 | steps: 50869 | steps_t: 42676 | t: 2718.501297 | r:     5.000000 | e:   0.146480 | Q:  -6.864846 | won: False 
#  170 | steps: 51170 | steps_t: 42933 | t: 2737.712796 | r:  -238.000000 | e:   0.141340 | Q:  -6.731894 | won: False 
#  171 | steps: 51471 | steps_t: 43184 | t: 2753.549684 | r:  -237.000000 | e:   0.136320 | Q:  -6.776675 | won: False 
#  172 | steps: 51772 | steps_t: 43445 | t: 2769.756334 | r:     5.000000 | e:   0.131100 | Q:  -7.049850 | won: False 
#  173 | steps: 52073 | steps_t: 43706 | t: 2786.210747 | r:     3.500000 | e:   0.125880 | Q:  -6.807650 | won: False 
#  174 | steps: 52374 | steps_t: 43952 | t: 2802.553565 | r:     2.500000 | e:   0.120960 | Q:  -6.713929 | won: False 
#  175 | steps: 52675 | steps_t: 44198 | t: 2821.965138 | r:     3.000000 | e:   0.116040 | Q:  -6.857109 | won: False 
#  176 | steps: 52976 | steps_t: 44450 | t: 2842.103673 | r:     7.000000 | e:   0.111000 | Q:  -6.941574 | won: False 
#  177 | steps: 53277 | steps_t: 44711 | t: 2858.140346 | r:  -238.000000 | e:   0.105780 | Q:  -6.947777 | won: False 
#  178 | steps: 53578 | steps_t: 44962 | t: 2873.725137 | r:     5.500000 | e:   0.100760 | Q:  -6.949205 | won: False 
#  179 | steps: 53879 | steps_t: 45214 | t: 2889.472360 | r:  -235.500000 | e:   0.095720 | Q:  -6.966154 | won: False 
#  180 | steps: 54180 | steps_t: 45461 | t: 2905.433591 | r:     3.500000 | e:   0.090780 | Q:  -6.762619 | won: False 
#  181 | steps: 54481 | steps_t: 45712 | t: 2922.957649 | r:     6.000000 | e:   0.085760 | Q:  -6.714626 | won: False 
#  182 | steps: 54782 | steps_t: 45959 | t: 2941.517020 | r:     2.000000 | e:   0.080820 | Q:  -6.936187 | won: False 
#  183 | steps: 55083 | steps_t: 46206 | t: 2957.762385 | r:     2.500000 | e:   0.075880 | Q:  -6.795612 | won: False 
#  184 | steps: 55384 | steps_t: 46463 | t: 2973.764051 | r:  -237.500000 | e:   0.070740 | Q:  -6.766313 | won: False 
#  185 | steps: 55685 | steps_t: 46709 | t: 2989.122177 | r:     2.000000 | e:   0.065820 | Q:  -6.796531 | won: False 
#  186 | steps: 55986 | steps_t: 46966 | t: 3005.157542 | r:     3.500000 | e:   0.060680 | Q:  -6.794183 | won: False 
#  187 | steps: 56287 | steps_t: 47214 | t: 3024.645250 | r:    15.500000 | e:   0.055720 | Q:  -6.874559 | won: False 
#  188 | steps: 56588 | steps_t: 47475 | t: 3044.151317 | r:     5.000000 | e:   0.050500 | Q:  -6.794189 | won: False 
#  189 | steps: 56889 | steps_t: 47727 | t: 3061.063326 | r:     3.500000 | e:   0.045460 | Q:  -6.764225 | won: False 
#  190 | steps: 57190 | steps_t: 47979 | t: 3076.822557 | r:     4.000000 | e:   0.040420 | Q:  -6.800713 | won: False 
#  191 | steps: 57491 | steps_t: 48231 | t: 3105.453889 | r:     3.000000 | e:   0.035380 | Q:  -6.653596 | won: False 
#  192 | steps: 57792 | steps_t: 48492 | t: 3136.655051 | r:     2.000000 | e:   0.030160 | Q:  -6.639549 | won: False 
#  193 | steps: 58093 | steps_t: 48740 | t: 3167.742092 | r:     1.500000 | e:   0.025200 | Q:  -6.485903 | won: False 
#  194 | steps: 58394 | steps_t: 48986 | t: 3197.872615 | r:     2.000000 | e:   0.020280 | Q:  -6.474584 | won: False 
#  195 | steps: 58695 | steps_t: 49238 | t: 3226.202404 | r:     2.500000 | e:   0.015240 | Q:  -6.395751 | won: False 
#  196 | steps: 58996 | steps_t: 49490 | t: 3254.725060 | r:     2.000000 | e:   0.010200 | Q:  -6.353104 | won: False 
#  197 | steps: 59297 | steps_t: 49741 | t: 3284.034083 | r:     2.000000 | e:   0.010000 | Q:  -6.396050 | won: False 
#  198 | steps: 59598 | steps_t: 49998 | t: 3315.187586 | r:    12.000000 | e:   0.010000 | Q:  -6.392440 | won: False 
#  199 | steps: 59899 | steps_t: 50255 | t: 3347.880519 | r:    18.000000 | e:   0.010000 | Q:  -6.292778 | won: False 
#  200 | steps: 60200 | steps_t: 50506 | t: 3380.145558 | r:     2.500000 | e:   0.010000 | Q:  -6.305663 | won: False 
