#    1 | steps:   301 | steps_t:   200 | t: 12.623997 | r: -5191.000000 | e:   0.996000 | Q:   0.112738 | won: False 
#    2 | steps:   602 | steps_t:   452 | t: 27.557759 | r: -6178.500000 | e:   0.990960 | Q:   9.338690 | won: False 
#    3 | steps:   903 | steps_t:   699 | t: 42.163221 | r: -1462.500000 | e:   0.986020 | Q:   1.241038 | won: False 
#    4 | steps:  1204 | steps_t:   950 | t: 57.048081 | r: -8469.500000 | e:   0.981000 | Q:   4.921684 | won: False 
#    5 | steps:  1505 | steps_t:  1202 | t: 72.230149 | r: -1208.500000 | e:   0.975960 | Q:   0.078487 | won: False 
#    6 | steps:  1806 | steps_t:  1459 | t: 87.513496 | r:  -460.500000 | e:   0.970820 | Q:   1.341323 | won: False 
#    7 | steps:  2107 | steps_t:  1705 | t: 102.031124 | r: -3196.000000 | e:   0.965900 | Q:  -2.666179 | won: False 
#    8 | steps:  2408 | steps_t:  1951 | t: 116.997758 | r: -1437.000000 | e:   0.960980 | Q: -16.359772 | won: False 
#    9 | steps:  2709 | steps_t:  2212 | t: 132.801806 | r:  -464.500000 | e:   0.955760 | Q: -13.746859 | won: False 
#   10 | steps:  3010 | steps_t:  2469 | t: 148.210976 | r:  1207.500000 | e:   0.950620 | Q:  -5.975201 | won: True 
#   11 | steps:  3311 | steps_t:  2717 | t: 163.137081 | r:   928.000000 | e:   0.945660 | Q:  27.341928 | won: True 
#   12 | steps:  3612 | steps_t:  2969 | t: 178.282145 | r:  2222.000000 | e:   0.940620 | Q:  12.319259 | won: True 
#   13 | steps:  3913 | steps_t:  3226 | t: 193.801919 | r: -2705.500000 | e:   0.935480 | Q:  78.211548 | won: False 
#   14 | steps:  4214 | steps_t:  3472 | t: 208.553045 | r: -6440.000000 | e:   0.930560 | Q:  27.463238 | won: False 
#   15 | steps:  4515 | steps_t:  3729 | t: 224.612574 | r: -3670.000000 | e:   0.925420 | Q:   4.537488 | won: False 
#   16 | steps:  4816 | steps_t:  3981 | t: 240.283168 | r: -5638.000000 | e:   0.920380 | Q:   1.897554 | won: False 
#   17 | steps:  5117 | steps_t:  4241 | t: 255.927344 | r:  -444.000000 | e:   0.915180 | Q:   1.876664 | won: False 
#   18 | steps:  5418 | steps_t:  4487 | t: 271.275111 | r: -2219.000000 | e:   0.910260 | Q:   1.851546 | won: False 
#   19 | steps:  5719 | steps_t:  4733 | t: 286.273863 | r: -5219.000000 | e:   0.905340 | Q:   1.821994 | won: False 
#   20 | steps:  6020 | steps_t:  4980 | t: 316.025466 | r: -7718.500000 | e:   0.900400 | Q:   1.792758 | won: False 
