#    1 | steps:   301 | steps_t:   200 | t: 13.547109 | r: -3995.000000 | e:   0.996000 | Q:   0.111646 | won: False 
#    2 | steps:   602 | steps_t:   452 | t: 29.057220 | r:  -419.000000 | e:   0.990960 | Q:  12.591635 | won: False 
#    3 | steps:   903 | steps_t:   703 | t: 44.702024 | r:  -159.000000 | e:   0.985940 | Q:  14.793980 | won: False 
#    4 | steps:  1204 | steps_t:   964 | t: 62.671293 | r: -6682.000000 | e:   0.980720 | Q:   9.251574 | won: False 
#    5 | steps:  1505 | steps_t:  1224 | t: 78.352810 | r:  -100.000000 | e:   0.975520 | Q:   9.777928 | won: False 
#    6 | steps:  1806 | steps_t:  1481 | t: 93.840578 | r:  -418.000000 | e:   0.970380 | Q:   9.851727 | won: False 
#    7 | steps:  2107 | steps_t:  1733 | t: 109.156731 | r:  -218.000000 | e:   0.965340 | Q:   8.181749 | won: False 
#    8 | steps:  2408 | steps_t:  1984 | t: 124.837088 | r: -5425.000000 | e:   0.960320 | Q:   8.944004 | won: False 
#    9 | steps:  2709 | steps_t:  2245 | t: 141.115559 | r: -1420.000000 | e:   0.955100 | Q:   8.444723 | won: False 
#   10 | steps:  3010 | steps_t:  2506 | t: 157.213277 | r: -5944.000000 | e:   0.949880 | Q:  10.558712 | won: False 
#   11 | steps:  3311 | steps_t:  2767 | t: 174.053887 | r:  -200.000000 | e:   0.944660 | Q:  13.388956 | won: False 
#   12 | steps:  3612 | steps_t:  3028 | t: 190.781009 | r:  -153.000000 | e:   0.939440 | Q:  15.711431 | won: False 
#   13 | steps:  3913 | steps_t:  3279 | t: 206.647587 | r:  -210.000000 | e:   0.934420 | Q:  14.028446 | won: False 
#   14 | steps:  4214 | steps_t:  3539 | t: 223.188723 | r: -3445.000000 | e:   0.929220 | Q:  13.880676 | won: False 
#   15 | steps:  4515 | steps_t:  3787 | t: 239.631558 | r:  -659.000000 | e:   0.924260 | Q:  13.376715 | won: False 
#   16 | steps:  4816 | steps_t:  4033 | t: 255.522509 | r: -1463.000000 | e:   0.919340 | Q:  10.188456 | won: False 
#   17 | steps:  5117 | steps_t:  4279 | t: 271.546142 | r:  -413.000000 | e:   0.914420 | Q:  10.194234 | won: False 
#   18 | steps:  5418 | steps_t:  4525 | t: 287.247057 | r:  -455.000000 | e:   0.909500 | Q:   9.783133 | won: False 
#   19 | steps:  5719 | steps_t:  4782 | t: 303.726427 | r:  -159.000000 | e:   0.904360 | Q:  10.355254 | won: False 
#   20 | steps:  6020 | steps_t:  5028 | t: 319.337646 | r:  -634.000000 | e:   0.899440 | Q:   8.872729 | won: False 
#   21 | steps:  6321 | steps_t:  5280 | t: 335.314638 | r: -2925.000000 | e:   0.894400 | Q:   8.712104 | won: False 
#   22 | steps:  6622 | steps_t:  5526 | t: 351.394350 | r: -2283.000000 | e:   0.889480 | Q:  10.349209 | won: False 
#   23 | steps:  6923 | steps_t:  5773 | t: 366.683396 | r:  -630.000000 | e:   0.884540 | Q:   6.606256 | won: False 
#   24 | steps:  7224 | steps_t:  6021 | t: 382.249549 | r:  -350.000000 | e:   0.879580 | Q:   5.942746 | won: False 
#   25 | steps:  7525 | steps_t:  6268 | t: 397.413128 | r: -2660.000000 | e:   0.874640 | Q:   7.702893 | won: False 
#   26 | steps:  7826 | steps_t:  6529 | t: 413.956541 | r:  -265.000000 | e:   0.869420 | Q:   8.649153 | won: False 
#   27 | steps:  8127 | steps_t:  6776 | t: 429.601863 | r: -1660.000000 | e:   0.864480 | Q:   6.910061 | won: False 
#   28 | steps:  8428 | steps_t:  7023 | t: 445.794317 | r:  9126.000000 | e:   0.859540 | Q:   8.122110 | won: True 
#   29 | steps:  8729 | steps_t:  7280 | t: 462.440853 | r:  -410.000000 | e:   0.854400 | Q:  11.331210 | won: False 
#   30 | steps:  9030 | steps_t:  7526 | t: 477.696324 | r: -4720.000000 | e:   0.849480 | Q:  13.090231 | won: False 
#   31 | steps:  9331 | steps_t:  7787 | t: 494.211312 | r:  -175.000000 | e:   0.844260 | Q:  12.305820 | won: False 
#   32 | steps:  9632 | steps_t:  8047 | t: 510.222340 | r:   -89.000000 | e:   0.839060 | Q:  20.323235 | won: False 
#   33 | steps:  9933 | steps_t:  8307 | t: 526.909817 | r:   -90.000000 | e:   0.833860 | Q:  20.528198 | won: False 
#   34 | steps: 10234 | steps_t:  8559 | t: 543.275991 | r:  -385.000000 | e:   0.828820 | Q:  17.307173 | won: False 
#   35 | steps: 10535 | steps_t:  8816 | t: 559.956653 | r: -4195.000000 | e:   0.823680 | Q:  28.407274 | won: False 
#   36 | steps: 10836 | steps_t:  9073 | t: 577.016930 | r:  -195.000000 | e:   0.818540 | Q:  27.167093 | won: False 
#   37 | steps: 11137 | steps_t:  9324 | t: 592.538167 | r: -3185.000000 | e:   0.813520 | Q:  28.251919 | won: False 
#   38 | steps: 11438 | steps_t:  9571 | t: 607.943634 | r: -2249.000000 | e:   0.808580 | Q:  29.166121 | won: False 
#   39 | steps: 11739 | steps_t:  9831 | t: 624.841667 | r:  -180.000000 | e:   0.803380 | Q:  24.563200 | won: False 
#   40 | steps: 12040 | steps_t: 10082 | t: 640.691507 | r:  -935.000000 | e:   0.798360 | Q:  20.231430 | won: False 
#   41 | steps: 12341 | steps_t: 10328 | t: 656.624609 | r: -4525.000000 | e:   0.793440 | Q:  33.121643 | won: False 
#   42 | steps: 12642 | steps_t: 10585 | t: 674.393363 | r:  -335.000000 | e:   0.788300 | Q:  32.383171 | won: False 
#   43 | steps: 12943 | steps_t: 10842 | t: 690.784624 | r:  -200.000000 | e:   0.783160 | Q:  32.391197 | won: False 
#   44 | steps: 13244 | steps_t: 11102 | t: 706.752574 | r:  -355.000000 | e:   0.777960 | Q:  28.502342 | won: False 
#   45 | steps: 13545 | steps_t: 11359 | t: 723.281247 | r:  -325.000000 | e:   0.772820 | Q:  30.912209 | won: False 
#   46 | steps: 13846 | steps_t: 11620 | t: 739.473773 | r:  -185.000000 | e:   0.767600 | Q:  29.609886 | won: False 
#   47 | steps: 14147 | steps_t: 11867 | t: 755.281850 | r:  -949.000000 | e:   0.762660 | Q:  24.551161 | won: False 
#   48 | steps: 14448 | steps_t: 12119 | t: 772.445018 | r:  -613.000000 | e:   0.757620 | Q:  23.409199 | won: False 
#   49 | steps: 14749 | steps_t: 12367 | t: 789.267612 | r:  -520.000000 | e:   0.752660 | Q:  24.113417 | won: False 
#   50 | steps: 15050 | steps_t: 12618 | t: 804.650732 | r:  8483.000000 | e:   0.747640 | Q:  19.923368 | won: True 
#   51 | steps: 15351 | steps_t: 12869 | t: 820.035464 | r:  -468.000000 | e:   0.742620 | Q:  13.776915 | won: False 
#   52 | steps: 15652 | steps_t: 13115 | t: 835.966702 | r:  -468.000000 | e:   0.737700 | Q:  12.199615 | won: False 
#   53 | steps: 15953 | steps_t: 13376 | t: 852.201211 | r: -2640.000000 | e:   0.732480 | Q:  21.339294 | won: False 
#   54 | steps: 16254 | steps_t: 13623 | t: 868.266570 | r: -3525.000000 | e:   0.727540 | Q:  23.557526 | won: False 
#   55 | steps: 16555 | steps_t: 13871 | t: 884.767339 | r:  -179.000000 | e:   0.722580 | Q:  48.569027 | won: False 
#   56 | steps: 16856 | steps_t: 14131 | t: 902.525194 | r:  -215.000000 | e:   0.717380 | Q:  45.259708 | won: False 
#   57 | steps: 17157 | steps_t: 14391 | t: 918.547446 | r:  -265.000000 | e:   0.712180 | Q:  38.568764 | won: False 
#   58 | steps: 17458 | steps_t: 14638 | t: 933.864612 | r: -4248.000000 | e:   0.707240 | Q:  36.857918 | won: False 
#   59 | steps: 17759 | steps_t: 14889 | t: 949.449308 | r: -1903.000000 | e:   0.702220 | Q:  24.511993 | won: False 
#   60 | steps: 18060 | steps_t: 15149 | t: 966.987658 | r:  -269.000000 | e:   0.697020 | Q:  16.395184 | won: False 
#   61 | steps: 18361 | steps_t: 15406 | t: 983.961988 | r:  -284.000000 | e:   0.691880 | Q:  15.300633 | won: False 
#   62 | steps: 18662 | steps_t: 15667 | t: 1001.347236 | r:  -305.000000 | e:   0.686660 | Q:  13.882597 | won: False 
#   63 | steps: 18963 | steps_t: 15924 | t: 1016.608817 | r:  -194.000000 | e:   0.681520 | Q:  11.233138 | won: False 
#   64 | steps: 19264 | steps_t: 16176 | t: 1031.710572 | r: -3275.000000 | e:   0.676480 | Q:   9.063323 | won: False 
#   65 | steps: 19565 | steps_t: 16433 | t: 1048.223641 | r:  -625.000000 | e:   0.671340 | Q:   7.157583 | won: False 
#   66 | steps: 19866 | steps_t: 16680 | t: 1063.284571 | r:  -340.000000 | e:   0.666400 | Q:   4.031456 | won: False 
#   67 | steps: 20167 | steps_t: 16926 | t: 1079.231416 | r:  -594.000000 | e:   0.661480 | Q:   6.489974 | won: False 
#   68 | steps: 20468 | steps_t: 17173 | t: 1095.822325 | r:  9546.000000 | e:   0.656540 | Q:   7.163393 | won: True 
#   69 | steps: 20769 | steps_t: 17420 | t: 1113.026990 | r:  9992.000000 | e:   0.651600 | Q:  17.778498 | won: True 
#   70 | steps: 21070 | steps_t: 17671 | t: 1128.340532 | r:  -504.000000 | e:   0.646580 | Q:  25.707561 | won: False 
#   71 | steps: 21371 | steps_t: 17931 | t: 1144.443352 | r:  -284.000000 | e:   0.641380 | Q:  26.225700 | won: False 
#   72 | steps: 21672 | steps_t: 18188 | t: 1160.225794 | r:  -350.000000 | e:   0.636240 | Q:  32.971073 | won: False 
#   73 | steps: 21973 | steps_t: 18448 | t: 1176.619249 | r:  -678.000000 | e:   0.631040 | Q:  33.897675 | won: False 
#   74 | steps: 22274 | steps_t: 18699 | t: 1194.128799 | r: -1258.000000 | e:   0.626020 | Q:  34.383533 | won: False 
#   75 | steps: 22575 | steps_t: 18960 | t: 1211.872391 | r:  -180.000000 | e:   0.620800 | Q:  33.670834 | won: False 
#   76 | steps: 22876 | steps_t: 19207 | t: 1227.330806 | r:  -300.000000 | e:   0.615860 | Q:  29.303532 | won: False 
#   77 | steps: 23177 | steps_t: 19455 | t: 1242.675289 | r:  -979.000000 | e:   0.610900 | Q:  31.858170 | won: False 
#   78 | steps: 23478 | steps_t: 19702 | t: 1258.051288 | r:  -509.000000 | e:   0.605960 | Q:  30.843409 | won: False 
#   79 | steps: 23779 | steps_t: 19953 | t: 1273.763651 | r: -2300.000000 | e:   0.600940 | Q:  29.635553 | won: False 
#   80 | steps: 24080 | steps_t: 20199 | t: 1291.172806 | r:  -479.000000 | e:   0.596020 | Q:  29.134432 | won: False 
#   81 | steps: 24381 | steps_t: 20456 | t: 1308.611963 | r:  -309.000000 | e:   0.590880 | Q:  25.744013 | won: False 
#   82 | steps: 24682 | steps_t: 20707 | t: 1325.621764 | r:  -237.000000 | e:   0.585860 | Q:  25.850252 | won: False 
#   83 | steps: 24983 | steps_t: 20955 | t: 1340.956194 | r:  -698.000000 | e:   0.580900 | Q:  28.296009 | won: False 
#   84 | steps: 25284 | steps_t: 21215 | t: 1357.143032 | r:  -745.000000 | e:   0.575700 | Q:  26.375507 | won: False 
#   85 | steps: 25585 | steps_t: 21461 | t: 1372.472376 | r: -2594.000000 | e:   0.570780 | Q:  33.982738 | won: False 
#   86 | steps: 25886 | steps_t: 21707 | t: 1389.088581 | r:  -349.000000 | e:   0.565860 | Q:  38.304512 | won: False 
#   87 | steps: 26187 | steps_t: 21967 | t: 1406.287039 | r:  -268.000000 | e:   0.560660 | Q:  38.784214 | won: False 
#   88 | steps: 26488 | steps_t: 22214 | t: 1423.379518 | r:  -244.000000 | e:   0.555720 | Q:  39.079494 | won: False 
#   89 | steps: 26789 | steps_t: 22474 | t: 1439.618234 | r:  -340.000000 | e:   0.550520 | Q:  44.511063 | won: False 
#   90 | steps: 27090 | steps_t: 22722 | t: 1454.724260 | r: -1124.000000 | e:   0.545560 | Q:  47.641109 | won: False 
#   91 | steps: 27391 | steps_t: 22970 | t: 1470.314890 | r:  -384.000000 | e:   0.540600 | Q:  40.585701 | won: False 
#   92 | steps: 27692 | steps_t: 23222 | t: 1487.290394 | r:  -285.000000 | e:   0.535560 | Q:  33.968857 | won: False 
#   93 | steps: 27993 | steps_t: 23474 | t: 1504.700418 | r:  -339.000000 | e:   0.530520 | Q:  30.371284 | won: False 
#   94 | steps: 28294 | steps_t: 23721 | t: 1522.099020 | r:  -755.000000 | e:   0.525580 | Q:  26.451872 | won: False 
#   95 | steps: 28595 | steps_t: 23982 | t: 1539.838588 | r: 10029.000000 | e:   0.520360 | Q:  27.451874 | won: True 
#   96 | steps: 28896 | steps_t: 24239 | t: 1555.872909 | r:  -315.000000 | e:   0.515220 | Q:  41.396862 | won: False 
#   97 | steps: 29197 | steps_t: 24486 | t: 1571.249245 | r:  -513.000000 | e:   0.510280 | Q:  38.804279 | won: False 
#   98 | steps: 29498 | steps_t: 24732 | t: 1588.023508 | r:  -246.000000 | e:   0.505360 | Q:  31.668110 | won: False 
#   99 | steps: 29799 | steps_t: 24979 | t: 1604.203537 | r:  -359.000000 | e:   0.500420 | Q:  34.383461 | won: False 
#  100 | steps: 30100 | steps_t: 25225 | t: 1621.541869 | r:  -740.000000 | e:   0.495500 | Q:  34.987877 | won: False 
#  101 | steps: 30401 | steps_t: 25486 | t: 1640.745634 | r:  -330.000000 | e:   0.490280 | Q:  32.441360 | won: False 
#  102 | steps: 30702 | steps_t: 25737 | t: 1656.359264 | r:  -340.000000 | e:   0.485260 | Q:  35.514221 | won: False 
#  103 | steps: 31003 | steps_t: 25984 | t: 1671.916366 | r: 10246.000000 | e:   0.480320 | Q:  35.418785 | won: True 
#  104 | steps: 31304 | steps_t: 26241 | t: 1688.042953 | r: 10208.000000 | e:   0.475180 | Q:  43.441929 | won: True 
#  105 | steps: 31605 | steps_t: 26501 | t: 1706.178433 | r:  -787.000000 | e:   0.469980 | Q:  46.047901 | won: False 
#  106 | steps: 31906 | steps_t: 26752 | t: 1723.189797 | r: 10106.000000 | e:   0.464960 | Q:  61.736984 | won: True 
#  107 | steps: 32207 | steps_t: 27003 | t: 1740.946483 | r:  -345.000000 | e:   0.459940 | Q:  81.817825 | won: False 
#  108 | steps: 32508 | steps_t: 27255 | t: 1758.013747 | r:  -365.000000 | e:   0.454900 | Q:  82.261230 | won: False 
#  109 | steps: 32809 | steps_t: 27503 | t: 1773.555831 | r:  -804.000000 | e:   0.449940 | Q:  89.404449 | won: False 
#  110 | steps: 33110 | steps_t: 27755 | t: 1789.323156 | r:  -529.000000 | e:   0.444900 | Q:  84.980042 | won: False 
#  111 | steps: 33411 | steps_t: 28016 | t: 1805.673254 | r:  -355.000000 | e:   0.439680 | Q:  86.547852 | won: False 
#  112 | steps: 33712 | steps_t: 28277 | t: 1824.390015 | r:  -495.000000 | e:   0.434460 | Q:  86.376122 | won: False 
#  113 | steps: 34013 | steps_t: 28534 | t: 1842.326239 | r:  -349.000000 | e:   0.429320 | Q:  79.328812 | won: False 
#  114 | steps: 34314 | steps_t: 28795 | t: 1861.067763 | r:  -243.000000 | e:   0.424100 | Q:  75.697830 | won: False 
#  115 | steps: 34615 | steps_t: 29052 | t: 1877.306995 | r:  -345.000000 | e:   0.418960 | Q:  85.344131 | won: False 
#  116 | steps: 34916 | steps_t: 29304 | t: 1893.259375 | r:  -819.000000 | e:   0.413920 | Q:  96.138184 | won: False 
#  117 | steps: 35217 | steps_t: 29565 | t: 1909.810218 | r:  -310.000000 | e:   0.408700 | Q:  97.386551 | won: False 
#  118 | steps: 35518 | steps_t: 29825 | t: 1927.027345 | r: -2155.000000 | e:   0.403500 | Q:  95.835602 | won: False 
#  119 | steps: 35819 | steps_t: 30072 | t: 1944.151567 | r: -1064.000000 | e:   0.398560 | Q:  90.924278 | won: False 
#  120 | steps: 36120 | steps_t: 30329 | t: 1964.506576 | r:  -784.000000 | e:   0.393420 | Q:  76.035294 | won: False 
#  121 | steps: 36421 | steps_t: 30576 | t: 1980.087863 | r:  -879.000000 | e:   0.388480 | Q:  75.035110 | won: False 
#  122 | steps: 36722 | steps_t: 30822 | t: 1995.646161 | r:  -355.000000 | e:   0.383560 | Q:  73.619255 | won: False 
#  123 | steps: 37023 | steps_t: 31079 | t: 2011.946285 | r:  -334.000000 | e:   0.378420 | Q:  93.631226 | won: False 
#  124 | steps: 37324 | steps_t: 31339 | t: 2028.874646 | r:  -480.000000 | e:   0.373220 | Q:  93.537292 | won: False 
#  125 | steps: 37625 | steps_t: 31600 | t: 2046.942172 | r:  -385.000000 | e:   0.368000 | Q:  90.121567 | won: False 
#  126 | steps: 37926 | steps_t: 31861 | t: 2065.355577 | r:  -554.000000 | e:   0.362780 | Q:  84.475487 | won: False 
#  127 | steps: 38227 | steps_t: 32113 | t: 2081.597009 | r:  -435.000000 | e:   0.357740 | Q:  78.131981 | won: False 
#  128 | steps: 38528 | steps_t: 32361 | t: 2098.888659 | r:  -425.000000 | e:   0.352780 | Q:  74.619255 | won: False 
#  129 | steps: 38829 | steps_t: 32621 | t: 2115.114628 | r:  -330.000000 | e:   0.347580 | Q:  70.869194 | won: False 
#  130 | steps: 39130 | steps_t: 32867 | t: 2130.874889 | r:  -878.000000 | e:   0.342660 | Q:  70.740204 | won: False 
#  131 | steps: 39431 | steps_t: 33118 | t: 2148.101409 | r:  -660.000000 | e:   0.337640 | Q:  66.256927 | won: False 
#  132 | steps: 39732 | steps_t: 33365 | t: 2166.047850 | r:  -269.000000 | e:   0.332700 | Q:  59.380253 | won: False 
#  133 | steps: 40033 | steps_t: 33617 | t: 2183.579714 | r:  -360.000000 | e:   0.327660 | Q:  48.885715 | won: False 
#  134 | steps: 40334 | steps_t: 33878 | t: 2200.257664 | r:  -609.000000 | e:   0.322440 | Q:  57.407845 | won: False 
#  135 | steps: 40635 | steps_t: 34129 | t: 2215.803776 | r:  -373.000000 | e:   0.317420 | Q:  53.132233 | won: False 
#  136 | steps: 40936 | steps_t: 34376 | t: 2233.274208 | r: 10146.000000 | e:   0.312480 | Q:  67.064796 | won: True 
#  137 | steps: 41237 | steps_t: 34623 | t: 2251.205333 | r:  -369.000000 | e:   0.307540 | Q:  65.278755 | won: False 
#  138 | steps: 41538 | steps_t: 34870 | t: 2268.923780 | r:  -470.000000 | e:   0.302600 | Q:  70.673920 | won: False 
#  139 | steps: 41839 | steps_t: 35121 | t: 2287.078518 | r:  -373.000000 | e:   0.297580 | Q:  71.508102 | won: False 
#  140 | steps: 42140 | steps_t: 35372 | t: 2303.592131 | r:  -398.000000 | e:   0.292560 | Q:  88.081284 | won: False 
#  141 | steps: 42441 | steps_t: 35629 | t: 2321.681107 | r:  -320.000000 | e:   0.287420 | Q:  93.754089 | won: False 
#  142 | steps: 42742 | steps_t: 35875 | t: 2339.523053 | r:  -440.000000 | e:   0.282500 | Q:  98.632805 | won: False 
#  143 | steps: 43043 | steps_t: 36135 | t: 2358.777320 | r: -1055.000000 | e:   0.277300 | Q:  91.557800 | won: False 
#  144 | steps: 43344 | steps_t: 36383 | t: 2376.349443 | r:  -368.000000 | e:   0.272340 | Q:  84.447334 | won: False 
#  145 | steps: 43645 | steps_t: 36631 | t: 2397.319007 | r:  -877.000000 | e:   0.267380 | Q:  74.165604 | won: False 
#  146 | steps: 43946 | steps_t: 36892 | t: 2418.331702 | r:  -655.000000 | e:   0.262160 | Q:  74.233772 | won: False 
#  147 | steps: 44247 | steps_t: 37152 | t: 2436.421536 | r:  -445.000000 | e:   0.256960 | Q:  65.480148 | won: False 
#  148 | steps: 44548 | steps_t: 37400 | t: 2453.028623 | r:  -405.000000 | e:   0.252000 | Q:  71.465576 | won: False 
#  149 | steps: 44849 | steps_t: 37651 | t: 2469.609572 | r:  -387.000000 | e:   0.246980 | Q:  83.860329 | won: False 
#  150 | steps: 45150 | steps_t: 37902 | t: 2487.212556 | r:  -660.000000 | e:   0.241960 | Q:  78.790359 | won: False 
#  151 | steps: 45451 | steps_t: 38154 | t: 2505.923251 | r:  -423.000000 | e:   0.236920 | Q:  65.919800 | won: False 
#  152 | steps: 45752 | steps_t: 38414 | t: 2522.714756 | r:  -420.000000 | e:   0.231720 | Q:  67.129494 | won: False 
#  153 | steps: 46053 | steps_t: 38675 | t: 2538.931191 | r:  -414.000000 | e:   0.226500 | Q:  72.328957 | won: False 
#  154 | steps: 46354 | steps_t: 38932 | t: 2555.077417 | r:  -475.000000 | e:   0.221360 | Q:  68.222862 | won: False 
#  155 | steps: 46655 | steps_t: 39193 | t: 2574.220069 | r:  -355.000000 | e:   0.216140 | Q:  62.617241 | won: False 
#  156 | steps: 46956 | steps_t: 39440 | t: 2591.439436 | r:  -409.000000 | e:   0.211200 | Q:  52.139843 | won: False 
#  157 | steps: 47257 | steps_t: 39687 | t: 2609.657061 | r:  -355.000000 | e:   0.206260 | Q:  44.299599 | won: False 
#  158 | steps: 47558 | steps_t: 39938 | t: 2626.651275 | r:  -404.000000 | e:   0.201240 | Q:  41.046158 | won: False 
#  159 | steps: 47859 | steps_t: 40184 | t: 2642.312665 | r:  -724.000000 | e:   0.196320 | Q:  39.717941 | won: False 
#  160 | steps: 48160 | steps_t: 40432 | t: 2658.057328 | r:  -584.000000 | e:   0.191360 | Q:  39.306557 | won: False 
#  161 | steps: 48461 | steps_t: 40692 | t: 2674.732707 | r:  -632.000000 | e:   0.186160 | Q:  55.856537 | won: False 
#  162 | steps: 48762 | steps_t: 40952 | t: 2692.558829 | r:  -570.000000 | e:   0.180960 | Q:  55.679665 | won: False 
#  163 | steps: 49063 | steps_t: 41199 | t: 2710.717119 | r:  -455.000000 | e:   0.176020 | Q:  48.399269 | won: False 
#  164 | steps: 49364 | steps_t: 41447 | t: 2728.025588 | r:  -408.000000 | e:   0.171060 | Q:  39.615990 | won: False 
#  165 | steps: 49665 | steps_t: 41708 | t: 2744.320050 | r:  -419.000000 | e:   0.165840 | Q:  44.845718 | won: False 
#  166 | steps: 49966 | steps_t: 41969 | t: 2762.927065 | r:  -409.000000 | e:   0.160620 | Q:  43.716557 | won: False 
#  167 | steps: 50267 | steps_t: 42220 | t: 2778.890867 | r:  -444.000000 | e:   0.155600 | Q:  40.625347 | won: False 
#  168 | steps: 50568 | steps_t: 42472 | t: 2796.289028 | r:  -420.000000 | e:   0.150560 | Q:  52.390808 | won: False 
#  169 | steps: 50869 | steps_t: 42729 | t: 2815.237414 | r:  -465.000000 | e:   0.145420 | Q:  52.598431 | won: False 
#  170 | steps: 51170 | steps_t: 42980 | t: 2832.932653 | r:  -605.000000 | e:   0.140400 | Q:  58.263157 | won: False 
#  171 | steps: 51471 | steps_t: 43228 | t: 2848.412235 | r:  -398.000000 | e:   0.135440 | Q:  63.744411 | won: False 
#  172 | steps: 51772 | steps_t: 43489 | t: 2864.873975 | r:  -445.000000 | e:   0.130220 | Q:  67.176300 | won: False 
#  173 | steps: 52073 | steps_t: 43746 | t: 2881.469745 | r:  -445.000000 | e:   0.125080 | Q:  67.198456 | won: False 
#  174 | steps: 52374 | steps_t: 43992 | t: 2898.905056 | r:  -470.000000 | e:   0.120160 | Q:  55.386131 | won: False 
#  175 | steps: 52675 | steps_t: 44243 | t: 2917.694948 | r:  -435.000000 | e:   0.115140 | Q:  45.257793 | won: False 
#  176 | steps: 52976 | steps_t: 44500 | t: 2937.133040 | r:  -435.000000 | e:   0.110000 | Q:  36.394508 | won: False 
#  177 | steps: 53277 | steps_t: 44748 | t: 2955.536632 | r:  -574.000000 | e:   0.105040 | Q:  32.674400 | won: False 
#  178 | steps: 53578 | steps_t: 45000 | t: 2971.446357 | r:  -457.000000 | e:   0.100000 | Q:  34.070713 | won: False 
#  179 | steps: 53879 | steps_t: 45246 | t: 2987.325457 | r:  -433.000000 | e:   0.095080 | Q:  36.721241 | won: False 
#  180 | steps: 54180 | steps_t: 45506 | t: 3005.337882 | r:  -435.000000 | e:   0.089880 | Q:  47.122242 | won: False 
#  181 | steps: 54481 | steps_t: 45766 | t: 3024.382134 | r:  -640.000000 | e:   0.084680 | Q:  56.517830 | won: False 
#  182 | steps: 54782 | steps_t: 46026 | t: 3043.578716 | r:  -625.000000 | e:   0.079480 | Q:  55.149811 | won: False 
#  183 | steps: 55083 | steps_t: 46283 | t: 3059.817426 | r:  -720.000000 | e:   0.074340 | Q:  48.068069 | won: False 
#  184 | steps: 55384 | steps_t: 46540 | t: 3076.075307 | r:  -595.000000 | e:   0.069200 | Q:  41.212059 | won: False 
#  185 | steps: 55685 | steps_t: 46787 | t: 3091.918031 | r:  -640.000000 | e:   0.064260 | Q:  41.367550 | won: False 
#  186 | steps: 55986 | steps_t: 47044 | t: 3109.465673 | r:  -485.000000 | e:   0.059120 | Q:  38.330482 | won: False 
#  187 | steps: 56287 | steps_t: 47295 | t: 3128.064221 | r:  -460.000000 | e:   0.054100 | Q:  31.517439 | won: False 
#  188 | steps: 56588 | steps_t: 47542 | t: 3146.522558 | r:  -484.000000 | e:   0.049160 | Q:  29.336481 | won: False 
#  189 | steps: 56889 | steps_t: 47799 | t: 3165.902153 | r:  -475.000000 | e:   0.044020 | Q:  30.979593 | won: False 
#  190 | steps: 57190 | steps_t: 48056 | t: 3182.276238 | r:  -655.000000 | e:   0.038880 | Q:  30.184748 | won: False 
#  191 | steps: 57491 | steps_t: 48316 | t: 3213.978161 | r:  -464.000000 | e:   0.033680 | Q:  31.465193 | won: False 
#  192 | steps: 57792 | steps_t: 48563 | t: 3247.979439 | r:  -468.000000 | e:   0.028740 | Q:  39.122925 | won: False 
#  193 | steps: 58093 | steps_t: 48820 | t: 3284.730893 | r:  -490.000000 | e:   0.023600 | Q:  39.562805 | won: False 
#  194 | steps: 58394 | steps_t: 49072 | t: 3316.920437 | r:  -482.000000 | e:   0.018560 | Q:  33.097656 | won: False 
#  195 | steps: 58695 | steps_t: 49332 | t: 3351.395302 | r:  -480.000000 | e:   0.013360 | Q:  29.361155 | won: False 
#  196 | steps: 58996 | steps_t: 49589 | t: 3393.789336 | r:  -660.000000 | e:   0.010000 | Q:  24.498829 | won: False 
#  197 | steps: 59297 | steps_t: 49846 | t: 3429.353176 | r:  -494.000000 | e:   0.010000 | Q:  22.345785 | won: False 
