#    1 | steps:   301 | steps_t:   200 | t: 12.848584 | r:  9500.000000 | e:   0.996000 | Q:   0.136053 | won: True 
#    2 | steps:   602 | steps_t:   457 | t: 28.003694 | r: -1520.000000 | e:   0.990860 | Q: 1069.029541 | won: False 
#    3 | steps:   903 | steps_t:   705 | t: 43.606560 | r:  -710.000000 | e:   0.985900 | Q: 881.773438 | won: False 
#    4 | steps:  1204 | steps_t:   951 | t: 60.662563 | r: -2720.000000 | e:   0.980980 | Q: 503.903625 | won: False 
#    5 | steps:  1505 | steps_t:  1208 | t: 77.630697 | r: -1790.000000 | e:   0.975840 | Q: 536.781860 | won: False 
#    6 | steps:  1806 | steps_t:  1460 | t: 94.295015 | r:  -510.000000 | e:   0.970800 | Q:   0.606675 | won: False 
#    7 | steps:  2107 | steps_t:  1717 | t: 112.312128 | r:  -790.000000 | e:   0.965660 | Q:   0.610135 | won: False 
#    8 | steps:  2408 | steps_t:  1963 | t: 128.814141 | r: -2900.000000 | e:   0.960740 | Q:   0.782695 | won: False 
#    9 | steps:  2709 | steps_t:  2214 | t: 146.284816 | r:  -620.000000 | e:   0.955720 | Q:   1.048730 | won: False 
#   10 | steps:  3010 | steps_t:  2471 | t: 163.362854 | r: -1150.000000 | e:   0.950580 | Q:   1.210740 | won: False 
#   11 | steps:  3311 | steps_t:  2722 | t: 179.398906 | r: -1850.000000 | e:   0.945560 | Q:   1.266679 | won: False 
#   12 | steps:  3612 | steps_t:  2973 | t: 195.069770 | r: -1880.000000 | e:   0.940540 | Q:   1.303464 | won: False 
#   13 | steps:  3913 | steps_t:  3224 | t: 212.887989 | r: -3010.000000 | e:   0.935520 | Q:   1.444098 | won: False 
#   14 | steps:  4214 | steps_t:  3470 | t: 230.603756 | r: -1490.000000 | e:   0.930600 | Q:   1.633746 | won: False 
#   15 | steps:  4515 | steps_t:  3716 | t: 247.543836 | r: -1960.000000 | e:   0.925680 | Q:   1.829691 | won: False 
#   16 | steps:  4816 | steps_t:  3973 | t: 263.496031 | r: -2270.000000 | e:   0.920540 | Q:   1.895880 | won: False 
#   17 | steps:  5117 | steps_t:  4225 | t: 279.485763 | r: -3020.000000 | e:   0.915500 | Q:   1.910600 | won: False 
#   18 | steps:  5418 | steps_t:  4476 | t: 294.979507 | r: -1550.000000 | e:   0.910480 | Q:   1.776294 | won: False 
#   19 | steps:  5719 | steps_t:  4736 | t: 310.723711 | r: -3100.000000 | e:   0.905280 | Q:   1.602144 | won: False 
#   20 | steps:  6020 | steps_t:  4983 | t: 327.561412 | r: -2290.000000 | e:   0.900340 | Q:   1.416589 | won: False 
#   21 | steps:  6321 | steps_t:  5243 | t: 343.151967 | r: -1960.000000 | e:   0.895140 | Q:   1.358652 | won: False 
#   22 | steps:  6622 | steps_t:  5491 | t: 358.578804 | r: -1700.000000 | e:   0.890180 | Q:   1.239511 | won: False 
#   23 | steps:  6923 | steps_t:  5748 | t: 373.954005 | r: -2380.000000 | e:   0.885040 | Q:   1.216517 | won: False 
#   24 | steps:  7224 | steps_t:  6009 | t: 389.502165 | r: -2730.000000 | e:   0.879820 | Q:   1.117947 | won: False 
#   25 | steps:  7525 | steps_t:  6260 | t: 404.311100 | r: -2460.000000 | e:   0.874800 | Q:   1.195856 | won: False 
#   26 | steps:  7826 | steps_t:  6506 | t: 419.249515 | r: -1690.000000 | e:   0.869880 | Q:   1.118044 | won: False 
#   27 | steps:  8127 | steps_t:  6767 | t: 434.926679 | r: -2630.000000 | e:   0.864660 | Q:   0.994010 | won: False 
#   28 | steps:  8428 | steps_t:  7019 | t: 450.701118 | r: -2510.000000 | e:   0.859620 | Q:   0.897419 | won: False 
#   29 | steps:  8729 | steps_t:  7276 | t: 466.527721 | r:  -450.000000 | e:   0.854480 | Q:   0.861397 | won: False 
#   30 | steps:  9030 | steps_t:  7536 | t: 482.319399 | r: -2480.000000 | e:   0.849280 | Q:   0.854210 | won: False 
#   31 | steps:  9331 | steps_t:  7787 | t: 496.797754 | r: -2150.000000 | e:   0.844260 | Q:   0.824736 | won: False 
#   32 | steps:  9632 | steps_t:  8035 | t: 511.194757 | r: -2010.000000 | e:   0.839300 | Q:   0.908531 | won: False 
#   33 | steps:  9933 | steps_t:  8295 | t: 526.732434 | r: -2340.000000 | e:   0.834100 | Q:   0.841253 | won: False 
#   34 | steps: 10234 | steps_t:  8547 | t: 541.940392 | r: -2740.000000 | e:   0.829060 | Q:   0.603053 | won: False 
#   35 | steps: 10535 | steps_t:  8798 | t: 556.925392 | r: -1980.000000 | e:   0.824040 | Q:   0.447855 | won: False 
#   36 | steps: 10836 | steps_t:  9058 | t: 573.287619 | r: -2630.000000 | e:   0.818840 | Q:   0.335370 | won: False 
#   37 | steps: 11137 | steps_t:  9315 | t: 587.834661 | r: -1570.000000 | e:   0.813700 | Q:   0.536482 | won: False 
#   38 | steps: 11438 | steps_t:  9576 | t: 602.631333 | r: -2890.000000 | e:   0.808480 | Q:   0.507912 | won: False 
#   39 | steps: 11739 | steps_t:  9824 | t: 617.368753 | r: -2590.000000 | e:   0.803520 | Q:   0.378858 | won: False 
#   40 | steps: 12040 | steps_t: 10070 | t: 631.820318 | r:   290.000000 | e:   0.798600 | Q:   0.264544 | won: False 
#   41 | steps: 12341 | steps_t: 10327 | t: 647.623857 | r: -2130.000000 | e:   0.793460 | Q:   0.350525 | won: False 
#   42 | steps: 12642 | steps_t: 10573 | t: 663.614699 | r: -2850.000000 | e:   0.788540 | Q:   0.277909 | won: False 
#   43 | steps: 12943 | steps_t: 10819 | t: 678.818160 | r:  8460.000000 | e:   0.783620 | Q:   0.153992 | won: True 
#   44 | steps: 13244 | steps_t: 11070 | t: 694.047924 | r: -2510.000000 | e:   0.778600 | Q:   0.019609 | won: False 
#   45 | steps: 13545 | steps_t: 11316 | t: 712.228373 | r: -2180.000000 | e:   0.773680 | Q:  -0.021513 | won: False 
#   46 | steps: 13846 | steps_t: 11577 | t: 728.209229 | r: -1880.000000 | e:   0.768460 | Q:  -0.038011 | won: False 
#   47 | steps: 14147 | steps_t: 11837 | t: 744.341655 | r: -1950.000000 | e:   0.763260 | Q:  -0.288507 | won: False 
#   48 | steps: 14448 | steps_t: 12085 | t: 760.989599 | r: -2500.000000 | e:   0.758300 | Q:  -0.593128 | won: False 
#   49 | steps: 14749 | steps_t: 12337 | t: 777.039392 | r: -2500.000000 | e:   0.753260 | Q:  -0.618345 | won: False 
#   50 | steps: 15050 | steps_t: 12583 | t: 792.232378 | r: -1640.000000 | e:   0.748340 | Q:  -0.911518 | won: False 
#   51 | steps: 15351 | steps_t: 12844 | t: 807.572306 | r: -1070.000000 | e:   0.743120 | Q:  -1.094557 | won: False 
#   52 | steps: 15652 | steps_t: 13101 | t: 823.423805 | r: -1810.000000 | e:   0.737980 | Q:  -1.142361 | won: False 
#   53 | steps: 15953 | steps_t: 13348 | t: 838.079351 | r: -1250.000000 | e:   0.733040 | Q:  -1.206354 | won: False 
#   54 | steps: 16254 | steps_t: 13595 | t: 853.203406 | r: -1380.000000 | e:   0.728100 | Q:  -1.434431 | won: False 
#   55 | steps: 16555 | steps_t: 13846 | t: 868.570923 | r: -2380.000000 | e:   0.723080 | Q:  -1.723488 | won: False 
#   56 | steps: 16856 | steps_t: 14097 | t: 885.318354 | r: -2230.000000 | e:   0.718060 | Q:  -1.935603 | won: False 
#   57 | steps: 17157 | steps_t: 14343 | t: 899.632218 | r: -2010.000000 | e:   0.713140 | Q:  -1.944359 | won: False 
#   58 | steps: 17458 | steps_t: 14600 | t: 914.305285 | r: -2820.000000 | e:   0.708000 | Q:  -2.157036 | won: False 
#   59 | steps: 17759 | steps_t: 14857 | t: 930.445544 | r: -1920.000000 | e:   0.702860 | Q:  -2.354343 | won: False 
#   60 | steps: 18060 | steps_t: 15109 | t: 946.455583 | r: -1600.000000 | e:   0.697820 | Q:  -2.633998 | won: False 
#   61 | steps: 18361 | steps_t: 15369 | t: 962.762384 | r:   -20.000000 | e:   0.692620 | Q:  -2.810007 | won: False 
#   62 | steps: 18662 | steps_t: 15616 | t: 979.529379 | r: -2370.000000 | e:   0.687680 | Q:  -3.054271 | won: False 
#   63 | steps: 18963 | steps_t: 15862 | t: 995.776893 | r: -1780.000000 | e:   0.682760 | Q:  -3.396701 | won: False 
#   64 | steps: 19264 | steps_t: 16108 | t: 1010.991943 | r: -2570.000000 | e:   0.677840 | Q:  -3.677914 | won: False 
#   65 | steps: 19565 | steps_t: 16356 | t: 1027.795763 | r: -2300.000000 | e:   0.672880 | Q:  -3.949968 | won: False 
#   66 | steps: 19866 | steps_t: 16603 | t: 1045.149668 | r: -2190.000000 | e:   0.667940 | Q:  -4.390211 | won: False 
#   67 | steps: 20167 | steps_t: 16863 | t: 1063.432799 | r: -1120.000000 | e:   0.662740 | Q:  -4.836101 | won: False 
#   68 | steps: 20468 | steps_t: 17124 | t: 1080.494079 | r: -1220.000000 | e:   0.657520 | Q:  -5.158552 | won: False 
#   69 | steps: 20769 | steps_t: 17370 | t: 1099.680272 | r: -2130.000000 | e:   0.652600 | Q:  -5.618466 | won: False 
#   70 | steps: 21070 | steps_t: 17631 | t: 1116.554218 | r: -1830.000000 | e:   0.647380 | Q:  -5.847375 | won: False 
#   71 | steps: 21371 | steps_t: 17879 | t: 1131.287885 | r: -1920.000000 | e:   0.642420 | Q:  -6.082999 | won: False 
#   72 | steps: 21672 | steps_t: 18140 | t: 1146.747272 | r: -2440.000000 | e:   0.637200 | Q:  -6.341938 | won: False 
#   73 | steps: 21973 | steps_t: 18386 | t: 1161.605589 | r:  -920.000000 | e:   0.632280 | Q:  -6.561543 | won: False 
#   74 | steps: 22274 | steps_t: 18632 | t: 1176.767995 | r: -2680.000000 | e:   0.627360 | Q:  -6.610343 | won: False 
#   75 | steps: 22575 | steps_t: 18884 | t: 1193.835937 | r:   350.000000 | e:   0.622320 | Q:  -6.896371 | won: False 
#   76 | steps: 22876 | steps_t: 19145 | t: 1210.749553 | r: -1350.000000 | e:   0.617100 | Q:  -7.265740 | won: False 
#   77 | steps: 23177 | steps_t: 19393 | t: 1225.768890 | r: -2840.000000 | e:   0.612140 | Q:  -7.453898 | won: False 
#   78 | steps: 23478 | steps_t: 19654 | t: 1241.350141 | r: -1110.000000 | e:   0.606920 | Q:  -7.699448 | won: False 
#   79 | steps: 23779 | steps_t: 19901 | t: 1255.904485 | r: -2210.000000 | e:   0.601980 | Q:  -7.888240 | won: False 
#   80 | steps: 24080 | steps_t: 20158 | t: 1272.338409 | r: -1760.000000 | e:   0.596840 | Q:  -7.883556 | won: False 
#   81 | steps: 24381 | steps_t: 20405 | t: 1287.574715 | r: -2680.000000 | e:   0.591900 | Q:  -8.217491 | won: False 
#   82 | steps: 24682 | steps_t: 20652 | t: 1303.347460 | r: -2550.000000 | e:   0.586960 | Q:  -8.392694 | won: False 
#   83 | steps: 24983 | steps_t: 20898 | t: 1319.281794 | r:  -450.000000 | e:   0.582040 | Q:  -8.775130 | won: False 
#   84 | steps: 25284 | steps_t: 21144 | t: 1335.712943 | r: -2970.000000 | e:   0.577120 | Q:  -8.891771 | won: False 
#   85 | steps: 25585 | steps_t: 21405 | t: 1352.149784 | r: -2330.000000 | e:   0.571900 | Q:  -9.128042 | won: False 
#   86 | steps: 25886 | steps_t: 21657 | t: 1369.227022 | r: -1720.000000 | e:   0.566860 | Q:  -9.456865 | won: False 
#   87 | steps: 26187 | steps_t: 21918 | t: 1386.279890 | r: -2990.000000 | e:   0.561640 | Q:  -9.715453 | won: False 
#   88 | steps: 26488 | steps_t: 22164 | t: 1403.787254 | r: -2230.000000 | e:   0.556720 | Q:  -9.818759 | won: False 
#   89 | steps: 26789 | steps_t: 22421 | t: 1422.031986 | r: -2210.000000 | e:   0.551580 | Q:  -9.922534 | won: False 
#   90 | steps: 27090 | steps_t: 22668 | t: 1438.614416 | r: -2930.000000 | e:   0.546640 | Q: -10.180785 | won: False 
#   91 | steps: 27391 | steps_t: 22925 | t: 1455.680311 | r: -2540.000000 | e:   0.541500 | Q: -10.380411 | won: False 
#   92 | steps: 27692 | steps_t: 23172 | t: 1470.597035 | r: -1500.000000 | e:   0.536560 | Q: -10.718809 | won: False 
#   93 | steps: 27993 | steps_t: 23418 | t: 1485.667806 | r: -1810.000000 | e:   0.531640 | Q: -10.871687 | won: False 
#   94 | steps: 28294 | steps_t: 23670 | t: 1502.174096 | r: -1870.000000 | e:   0.526600 | Q: -11.108515 | won: False 
#   95 | steps: 28595 | steps_t: 23930 | t: 1519.933456 | r:  -310.000000 | e:   0.521400 | Q: -11.510217 | won: False 
#   96 | steps: 28896 | steps_t: 24190 | t: 1539.333437 | r: -2980.000000 | e:   0.516200 | Q: -11.770037 | won: False 
#   97 | steps: 29197 | steps_t: 24437 | t: 1554.123715 | r: -2370.000000 | e:   0.511260 | Q: -12.106863 | won: False 
#   98 | steps: 29498 | steps_t: 24684 | t: 1570.844680 | r: -1190.000000 | e:   0.506320 | Q: -12.337649 | won: False 
#   99 | steps: 29799 | steps_t: 24944 | t: 1586.517604 | r:   940.000000 | e:   0.501120 | Q: -12.620628 | won: False 
#  100 | steps: 30100 | steps_t: 25190 | t: 1602.990753 | r: -1800.000000 | e:   0.496200 | Q: -12.631714 | won: False 
#  101 | steps: 30401 | steps_t: 25450 | t: 1620.198021 | r: -2150.000000 | e:   0.491000 | Q: -12.601716 | won: False 
#  102 | steps: 30702 | steps_t: 25697 | t: 1637.836972 | r: -2930.000000 | e:   0.486060 | Q: -12.768228 | won: False 
#  103 | steps: 31003 | steps_t: 25954 | t: 1654.764132 | r: -1260.000000 | e:   0.480920 | Q: -12.960042 | won: False 
#  104 | steps: 31304 | steps_t: 26205 | t: 1670.641812 | r: -3010.000000 | e:   0.475900 | Q: -13.195740 | won: False 
#  105 | steps: 31605 | steps_t: 26465 | t: 1688.896133 | r: -2600.000000 | e:   0.470700 | Q: -13.219531 | won: False 
#  106 | steps: 31906 | steps_t: 26713 | t: 1705.352176 | r: -1480.000000 | e:   0.465740 | Q: -13.496286 | won: False 
#  107 | steps: 32207 | steps_t: 26960 | t: 1720.730597 | r: -2870.000000 | e:   0.460800 | Q: -13.852282 | won: False 
#  108 | steps: 32508 | steps_t: 27211 | t: 1737.143016 | r: -2850.000000 | e:   0.455780 | Q: -14.282576 | won: False 
#  109 | steps: 32809 | steps_t: 27471 | t: 1755.968951 | r:   170.000000 | e:   0.450580 | Q: -14.728714 | won: False 
#  110 | steps: 33110 | steps_t: 27732 | t: 1773.092507 | r: -1330.000000 | e:   0.445360 | Q: -15.226458 | won: False 
#  111 | steps: 33411 | steps_t: 27979 | t: 1789.086835 | r: -2460.000000 | e:   0.440420 | Q: -15.782336 | won: False 
#  112 | steps: 33712 | steps_t: 28236 | t: 1807.883451 | r:   340.000000 | e:   0.435280 | Q: -16.212280 | won: False 
#  113 | steps: 34013 | steps_t: 28497 | t: 1824.244377 | r: -1840.000000 | e:   0.430060 | Q: -16.496166 | won: False 
#  114 | steps: 34314 | steps_t: 28745 | t: 1842.143553 | r: -2540.000000 | e:   0.425100 | Q: -16.928556 | won: False 
#  115 | steps: 34615 | steps_t: 29002 | t: 1861.293932 | r:  -260.000000 | e:   0.419960 | Q: -17.458549 | won: False 
#  116 | steps: 34916 | steps_t: 29250 | t: 1879.091851 | r: -1840.000000 | e:   0.415000 | Q: -17.897896 | won: False 
#  117 | steps: 35217 | steps_t: 29497 | t: 1894.857091 | r: -2670.000000 | e:   0.410060 | Q: -18.144772 | won: False 
#  118 | steps: 35518 | steps_t: 29749 | t: 1910.713218 | r: -2240.000000 | e:   0.405020 | Q: -18.629589 | won: False 
#  119 | steps: 35819 | steps_t: 30010 | t: 1927.019272 | r: -3110.000000 | e:   0.399800 | Q: -19.141445 | won: False 
#  120 | steps: 36120 | steps_t: 30271 | t: 1945.719055 | r: -2200.000000 | e:   0.394580 | Q: -19.702469 | won: False 
#  121 | steps: 36421 | steps_t: 30522 | t: 1964.623408 | r: -2830.000000 | e:   0.389560 | Q: -20.423817 | won: False 
#  122 | steps: 36722 | steps_t: 30782 | t: 1982.673244 | r: -3100.000000 | e:   0.384360 | Q: -21.114599 | won: False 
#  123 | steps: 37023 | steps_t: 31030 | t: 1997.911062 | r: -1280.000000 | e:   0.379400 | Q: -21.777792 | won: False 
#  124 | steps: 37324 | steps_t: 31278 | t: 2013.367978 | r: -2360.000000 | e:   0.374440 | Q: -21.856987 | won: False 
#  125 | steps: 37625 | steps_t: 31538 | t: 2029.980896 | r: -3100.000000 | e:   0.369240 | Q: -22.250418 | won: False 
