#    1 | steps:   301 | steps_t:   200 | t: 13.248821 | r: -1356.000000 | e:   0.996000 | Q:   0.144105 | won: True 
#    2 | steps:   602 | steps_t:   446 | t: 28.344098 | r: -1718.500000 | e:   0.991080 | Q: -24.104355 | won: False 
#    3 | steps:   903 | steps_t:   707 | t: 44.538289 | r:    36.500000 | e:   0.985860 | Q: -42.190147 | won: False 
#    4 | steps:  1204 | steps_t:   967 | t: 60.486039 | r:    31.500000 | e:   0.980660 | Q: -32.264061 | won: False 
#    5 | steps:  1505 | steps_t:  1219 | t: 76.128639 | r: -5224.500000 | e:   0.975620 | Q: -31.413910 | won: False 
#    6 | steps:  1806 | steps_t:  1466 | t: 91.622814 | r: -4467.500000 | e:   0.970680 | Q: -49.626122 | won: False 
#    7 | steps:  2107 | steps_t:  1727 | t: 107.921434 | r:  -971.500000 | e:   0.965460 | Q: -70.935806 | won: False 
#    8 | steps:  2408 | steps_t:  1979 | t: 123.532781 | r: -8729.000000 | e:   0.960420 | Q: -68.038315 | won: False 
#    9 | steps:  2709 | steps_t:  2226 | t: 139.168035 | r:    44.000000 | e:   0.955480 | Q: -71.079460 | won: False 
#   10 | steps:  3010 | steps_t:  2473 | t: 154.401566 | r: -5476.000000 | e:   0.950540 | Q: -54.638195 | won: False 
#   11 | steps:  3311 | steps_t:  2724 | t: 169.835801 | r: -8726.000000 | e:   0.945520 | Q: -57.950306 | won: False 
#   12 | steps:  3612 | steps_t:  2971 | t: 185.199139 | r: -1477.000000 | e:   0.940580 | Q: -46.731220 | won: False 
#   13 | steps:  3913 | steps_t:  3231 | t: 201.109309 | r: -1213.500000 | e:   0.935380 | Q: -33.679489 | won: False 
#   14 | steps:  4214 | steps_t:  3478 | t: 216.720894 | r: -6722.000000 | e:   0.930440 | Q: -33.369743 | won: False 
#   15 | steps:  4515 | steps_t:  3735 | t: 233.246192 | r:    37.000000 | e:   0.925300 | Q: -31.629328 | won: False 
#   16 | steps:  4816 | steps_t:  3987 | t: 249.179499 | r:    33.500000 | e:   0.920260 | Q: -24.407629 | won: False 
#   17 | steps:  5117 | steps_t:  4234 | t: 264.562315 | r: -8974.000000 | e:   0.915320 | Q: -25.288265 | won: False 
#   18 | steps:  5418 | steps_t:  4481 | t: 279.773276 | r: -3221.500000 | e:   0.910380 | Q: -24.354874 | won: False 
#   19 | steps:  5719 | steps_t:  4728 | t: 295.337266 | r: -7974.500000 | e:   0.905440 | Q: -20.771589 | won: False 
#   20 | steps:  6020 | steps_t:  4988 | t: 311.885808 | r:    42.000000 | e:   0.900240 | Q: -19.546047 | won: False 
#   21 | steps:  6321 | steps_t:  5240 | t: 327.692765 | r: -2978.000000 | e:   0.895200 | Q: -15.631531 | won: False 
#   22 | steps:  6622 | steps_t:  5486 | t: 343.814414 | r: -6725.000000 | e:   0.890280 | Q: -15.667213 | won: False 
#   23 | steps:  6923 | steps_t:  5738 | t: 359.750803 | r: -5472.500000 | e:   0.885240 | Q: -14.181200 | won: False 
#   24 | steps:  7224 | steps_t:  5998 | t: 376.052336 | r: -3976.500000 | e:   0.880040 | Q: -13.972332 | won: False 
#   25 | steps:  7525 | steps_t:  6246 | t: 391.494459 | r: -3221.500000 | e:   0.875080 | Q: -14.481331 | won: False 
#   26 | steps:  7826 | steps_t:  6506 | t: 407.533594 | r:  -219.000000 | e:   0.869880 | Q: -10.128509 | won: False 
#   27 | steps:  8127 | steps_t:  6752 | t: 423.373865 | r:   154.500000 | e:   0.864960 | Q:  -9.583879 | won: True 
#   28 | steps:  8428 | steps_t:  7012 | t: 439.628801 | r:    31.500000 | e:   0.859760 | Q:  -9.036890 | won: False 
#   29 | steps:  8729 | steps_t:  7263 | t: 455.828369 | r: -8726.500000 | e:   0.854740 | Q:  -8.002082 | won: False 
#   30 | steps:  9030 | steps_t:  7520 | t: 471.503012 | r:    42.000000 | e:   0.849600 | Q:  -8.141419 | won: False 
#   31 | steps:  9331 | steps_t:  7772 | t: 487.183632 | r:    34.500000 | e:   0.844560 | Q:  -7.230118 | won: False 
#   32 | steps:  9632 | steps_t:  8019 | t: 502.126429 | r: -3471.000000 | e:   0.839620 | Q:  -5.690109 | won: False 
#   33 | steps:  9933 | steps_t:  8280 | t: 517.909960 | r:  -722.500000 | e:   0.834400 | Q:  -4.555412 | won: False 
#   34 | steps: 10234 | steps_t:  8537 | t: 534.835866 | r:    35.500000 | e:   0.829260 | Q:  -4.203005 | won: False 
#   35 | steps: 10535 | steps_t:  8783 | t: 550.636975 | r: -3478.000000 | e:   0.824340 | Q:  -3.196934 | won: False 
#   36 | steps: 10836 | steps_t:  9040 | t: 567.912485 | r:    15.000000 | e:   0.819200 | Q:  -2.998629 | won: False 
#   37 | steps: 11137 | steps_t:  9288 | t: 582.993361 | r:    31.000000 | e:   0.814240 | Q:  -3.117720 | won: False 
#   38 | steps: 11438 | steps_t:  9536 | t: 598.022921 | r: -2344.500000 | e:   0.809280 | Q:  -2.041133 | won: True 
#   39 | steps: 11739 | steps_t:  9783 | t: 613.268549 | r: -2483.000000 | e:   0.804340 | Q:  -2.178930 | won: False 
#   40 | steps: 12040 | steps_t: 10035 | t: 629.431051 | r:    28.000000 | e:   0.799300 | Q:  -1.928090 | won: False 
#   41 | steps: 12341 | steps_t: 10286 | t: 645.269067 | r:    36.000000 | e:   0.794280 | Q:  -1.261659 | won: False 
#   42 | steps: 12642 | steps_t: 10534 | t: 661.963719 | r: -2469.500000 | e:   0.789320 | Q:  -1.468364 | won: False 
#   43 | steps: 12943 | steps_t: 10786 | t: 678.469610 | r:    34.500000 | e:   0.784280 | Q:  -1.075674 | won: False 
#   44 | steps: 13244 | steps_t: 11037 | t: 693.854672 | r:  -203.500000 | e:   0.779260 | Q:  -0.924579 | won: False 
#   45 | steps: 13545 | steps_t: 11283 | t: 709.084483 | r: -4601.000000 | e:   0.774340 | Q:  -2.223029 | won: True 
#   46 | steps: 13846 | steps_t: 11529 | t: 725.112491 | r: -2459.000000 | e:   0.769420 | Q:   0.210155 | won: False 
#   47 | steps: 14147 | steps_t: 11790 | t: 741.423771 | r:    38.500000 | e:   0.764200 | Q:  -0.045187 | won: False 
#   48 | steps: 14448 | steps_t: 12042 | t: 757.546644 | r:  -974.000000 | e:   0.759160 | Q:   1.794294 | won: False 
#   49 | steps: 14749 | steps_t: 12294 | t: 774.851193 | r:    49.000000 | e:   0.754120 | Q:   1.640413 | won: False 
#   50 | steps: 15050 | steps_t: 12541 | t: 790.695297 | r:  -708.500000 | e:   0.749180 | Q:   0.890054 | won: False 
#   51 | steps: 15351 | steps_t: 12788 | t: 805.842046 | r: -1465.000000 | e:   0.744240 | Q:   0.920497 | won: False 
#   52 | steps: 15652 | steps_t: 13035 | t: 821.073638 | r:  -465.500000 | e:   0.739300 | Q:   1.832940 | won: False 
#   53 | steps: 15953 | steps_t: 13295 | t: 837.741668 | r: -2218.500000 | e:   0.734100 | Q:   1.670073 | won: False 
#   54 | steps: 16254 | steps_t: 13556 | t: 854.122878 | r:  -225.000000 | e:   0.728880 | Q:   1.370868 | won: False 
#   55 | steps: 16555 | steps_t: 13808 | t: 870.534946 | r: -1971.500000 | e:   0.723840 | Q:   0.753031 | won: False 
#   56 | steps: 16856 | steps_t: 14054 | t: 887.078501 | r: -4729.500000 | e:   0.718920 | Q:  -0.383382 | won: False 
#   57 | steps: 17157 | steps_t: 14315 | t: 904.400329 | r:    22.000000 | e:   0.713700 | Q:  -1.238242 | won: False 
#   58 | steps: 17458 | steps_t: 14566 | t: 920.025863 | r:  -718.000000 | e:   0.708680 | Q:   1.644033 | won: False 
#   59 | steps: 17759 | steps_t: 14827 | t: 936.391329 | r:    41.000000 | e:   0.703460 | Q:   1.711255 | won: False 
#   60 | steps: 18060 | steps_t: 15088 | t: 952.814611 | r:    34.500000 | e:   0.698240 | Q:   1.972556 | won: False 
#   61 | steps: 18361 | steps_t: 15349 | t: 969.723677 | r:    24.000000 | e:   0.693020 | Q:   1.911553 | won: False 
#   62 | steps: 18662 | steps_t: 15597 | t: 987.083243 | r:  -962.500000 | e:   0.688060 | Q:   0.686087 | won: False 
#   63 | steps: 18963 | steps_t: 15849 | t: 1003.837153 | r:  -966.000000 | e:   0.683020 | Q:   0.571140 | won: False 
#   64 | steps: 19264 | steps_t: 16109 | t: 1019.736296 | r: -1462.000000 | e:   0.677820 | Q:  -1.555913 | won: False 
#   65 | steps: 19565 | steps_t: 16357 | t: 1035.125596 | r:    38.000000 | e:   0.672860 | Q:  -0.550326 | won: False 
#   66 | steps: 19866 | steps_t: 16604 | t: 1052.655745 | r:  -212.500000 | e:   0.667920 | Q:   2.604959 | won: False 
#   67 | steps: 20167 | steps_t: 16865 | t: 1070.360650 | r: -1460.000000 | e:   0.662700 | Q:   3.622589 | won: False 
#   68 | steps: 20468 | steps_t: 17116 | t: 1087.188435 | r:  -226.000000 | e:   0.657680 | Q:   1.711805 | won: False 
#   69 | steps: 20769 | steps_t: 17367 | t: 1104.851384 | r:    17.000000 | e:   0.652660 | Q:   3.045563 | won: False 
#   70 | steps: 21070 | steps_t: 17614 | t: 1121.345334 | r: -2220.500000 | e:   0.647720 | Q:   3.390712 | won: False 
#   71 | steps: 21371 | steps_t: 17875 | t: 1138.571369 | r:   148.500000 | e:   0.642500 | Q:  -0.452189 | won: True 
#   72 | steps: 21672 | steps_t: 18135 | t: 1155.166266 | r: -1734.500000 | e:   0.637300 | Q:   1.324415 | won: False 
#   73 | steps: 21973 | steps_t: 18396 | t: 1172.171485 | r:  -208.000000 | e:   0.632080 | Q:   3.896565 | won: False 
#   74 | steps: 22274 | steps_t: 18643 | t: 1188.156675 | r:    17.500000 | e:   0.627140 | Q:   1.753518 | won: False 
#   75 | steps: 22575 | steps_t: 18904 | t: 1206.416502 | r:    21.500000 | e:   0.621920 | Q:   2.477143 | won: False 
#   76 | steps: 22876 | steps_t: 19164 | t: 1225.811095 | r:    34.500000 | e:   0.616720 | Q:   2.725762 | won: False 
#   77 | steps: 23177 | steps_t: 19410 | t: 1242.169362 | r:  -228.500000 | e:   0.611800 | Q:   3.688961 | won: False 
#   78 | steps: 23478 | steps_t: 19656 | t: 1257.458391 | r: -2220.000000 | e:   0.606880 | Q:   3.745517 | won: False 
#   79 | steps: 23779 | steps_t: 19907 | t: 1273.660777 | r:    19.000000 | e:   0.601860 | Q:   3.720173 | won: False 
#   80 | steps: 24080 | steps_t: 20168 | t: 1291.857028 | r:    24.000000 | e:   0.596640 | Q:   3.237195 | won: False 
#   81 | steps: 24381 | steps_t: 20414 | t: 1312.783122 | r:  -209.000000 | e:   0.591720 | Q:   3.014508 | won: False 
#   82 | steps: 24682 | steps_t: 20662 | t: 1332.316359 | r:    35.000000 | e:   0.586760 | Q:   3.186120 | won: False 
#   83 | steps: 24983 | steps_t: 20919 | t: 1349.826030 | r:    29.500000 | e:   0.581620 | Q:   1.741359 | won: False 
#   84 | steps: 25284 | steps_t: 21179 | t: 1365.955794 | r:  -710.500000 | e:   0.576420 | Q:   1.929093 | won: False 
#   85 | steps: 25585 | steps_t: 21439 | t: 1381.950566 | r:    28.500000 | e:   0.571220 | Q:   3.021323 | won: False 
#   86 | steps: 25886 | steps_t: 21686 | t: 1397.306467 | r:    26.000000 | e:   0.566280 | Q:   3.347682 | won: False 
#   87 | steps: 26187 | steps_t: 21947 | t: 1416.269890 | r:    30.500000 | e:   0.561060 | Q:   3.972308 | won: False 
#   88 | steps: 26488 | steps_t: 22208 | t: 1435.738392 | r:    29.000000 | e:   0.555840 | Q:   3.972837 | won: False 
#   89 | steps: 26789 | steps_t: 22460 | t: 1453.553513 | r: -1727.500000 | e:   0.550800 | Q:   4.520710 | won: False 
#   90 | steps: 27090 | steps_t: 22712 | t: 1469.244518 | r:    27.500000 | e:   0.545760 | Q:   4.670368 | won: False 
#   91 | steps: 27391 | steps_t: 22969 | t: 1485.453224 | r:    33.500000 | e:   0.540620 | Q:   5.029933 | won: False 
#   92 | steps: 27692 | steps_t: 23216 | t: 1500.890100 | r:  -469.500000 | e:   0.535680 | Q:   5.235276 | won: False 
#   93 | steps: 27993 | steps_t: 23462 | t: 1517.869188 | r:    23.500000 | e:   0.530760 | Q:   4.891144 | won: False 
#   94 | steps: 28294 | steps_t: 23714 | t: 1534.825022 | r:    28.000000 | e:   0.525720 | Q:   3.786468 | won: False 
#   95 | steps: 28595 | steps_t: 23975 | t: 1552.788929 | r:   153.500000 | e:   0.520500 | Q:   4.336678 | won: True 
#   96 | steps: 28896 | steps_t: 24223 | t: 1567.921872 | r:    15.500000 | e:   0.515540 | Q:   4.273353 | won: False 
#   97 | steps: 29197 | steps_t: 24475 | t: 1583.369500 | r:  -228.000000 | e:   0.510500 | Q:   4.469268 | won: False 
#   98 | steps: 29498 | steps_t: 24723 | t: 1598.571802 | r:  -226.500000 | e:   0.505540 | Q:   5.383670 | won: False 
#   99 | steps: 29799 | steps_t: 24980 | t: 1614.653040 | r:    21.000000 | e:   0.500400 | Q:   5.553054 | won: False 
#  100 | steps: 30100 | steps_t: 25240 | t: 1633.180793 | r:    25.500000 | e:   0.495200 | Q:   3.066618 | won: False 
#  101 | steps: 30401 | steps_t: 25492 | t: 1650.516024 | r:  -218.000000 | e:   0.490160 | Q:   3.751280 | won: False 
#  102 | steps: 30702 | steps_t: 25743 | t: 1667.597981 | r:    28.500000 | e:   0.485140 | Q:   3.768507 | won: False 
#  103 | steps: 31003 | steps_t: 25990 | t: 1684.213563 | r:    21.000000 | e:   0.480200 | Q:   2.784268 | won: False 
#  104 | steps: 31304 | steps_t: 26238 | t: 1700.191237 | r:  -227.500000 | e:   0.475240 | Q:   3.710873 | won: False 
#  105 | steps: 31605 | steps_t: 26495 | t: 1721.062220 | r: -2707.500000 | e:   0.470100 | Q:   3.890637 | won: False 
#  106 | steps: 31906 | steps_t: 26741 | t: 1738.864590 | r:    30.500000 | e:   0.465180 | Q:   3.799138 | won: False 
#  107 | steps: 32207 | steps_t: 26988 | t: 1757.419461 | r:    19.000000 | e:   0.460240 | Q:   4.131336 | won: False 
#  108 | steps: 32508 | steps_t: 27236 | t: 1774.673791 | r:    23.000000 | e:   0.455280 | Q:   4.435719 | won: False 
#  109 | steps: 32809 | steps_t: 27483 | t: 1789.783375 | r:  -212.500000 | e:   0.450340 | Q:   3.351737 | won: False 
#  110 | steps: 33110 | steps_t: 27730 | t: 1805.081560 | r:    32.500000 | e:   0.445400 | Q:   3.729693 | won: False 
#  111 | steps: 33411 | steps_t: 27976 | t: 1820.297625 | r:  -218.500000 | e:   0.440480 | Q:   4.389425 | won: False 
#  112 | steps: 33712 | steps_t: 28227 | t: 1836.467340 | r:  -475.500000 | e:   0.435460 | Q:   4.367939 | won: False 
#  113 | steps: 34013 | steps_t: 28474 | t: 1856.092660 | r:    31.000000 | e:   0.430520 | Q:   3.412534 | won: False 
#  114 | steps: 34314 | steps_t: 28720 | t: 1876.575335 | r:  -214.500000 | e:   0.425600 | Q:   5.349072 | won: False 
#  115 | steps: 34615 | steps_t: 28966 | t: 1892.759409 | r:  -460.000000 | e:   0.420680 | Q:   5.246744 | won: False 
#  116 | steps: 34916 | steps_t: 29214 | t: 1909.309954 | r:    15.500000 | e:   0.415720 | Q:   4.641689 | won: False 
#  117 | steps: 35217 | steps_t: 29462 | t: 1924.821267 | r:    29.000000 | e:   0.410760 | Q:   3.601271 | won: False 
#  118 | steps: 35518 | steps_t: 29722 | t: 1941.007735 | r:  -713.500000 | e:   0.405560 | Q:   4.639382 | won: False 
#  119 | steps: 35819 | steps_t: 29968 | t: 1958.866338 | r:  -715.000000 | e:   0.400640 | Q:   5.654868 | won: False 
#  120 | steps: 36120 | steps_t: 30219 | t: 1977.471783 | r:    22.000000 | e:   0.395620 | Q:   5.340508 | won: False 
#  121 | steps: 36421 | steps_t: 30471 | t: 1995.050185 | r:  -462.500000 | e:   0.390580 | Q:   4.551260 | won: False 
#  122 | steps: 36722 | steps_t: 30719 | t: 2012.034177 | r:    20.500000 | e:   0.385620 | Q:   4.373189 | won: False 
#  123 | steps: 37023 | steps_t: 30966 | t: 2027.628915 | r:    18.500000 | e:   0.380680 | Q:   3.084886 | won: False 
#  124 | steps: 37324 | steps_t: 31213 | t: 2042.954592 | r:  -462.000000 | e:   0.375740 | Q:   4.272886 | won: False 
#  125 | steps: 37625 | steps_t: 31459 | t: 2058.547752 | r:  -972.000000 | e:   0.370820 | Q:   3.746862 | won: False 
#  126 | steps: 37926 | steps_t: 31720 | t: 2078.694539 | r:    25.000000 | e:   0.365600 | Q:   2.961270 | won: False 
#  127 | steps: 38227 | steps_t: 31972 | t: 2098.155216 | r: -1221.000000 | e:   0.360560 | Q:   3.414596 | won: False 
#  128 | steps: 38528 | steps_t: 32233 | t: 2117.864773 | r:     7.000000 | e:   0.355340 | Q:   1.613029 | won: False 
#  129 | steps: 38829 | steps_t: 32490 | t: 2134.930264 | r:    16.000000 | e:   0.350200 | Q:   3.423560 | won: False 
#  130 | steps: 39130 | steps_t: 32750 | t: 2154.024209 | r:  -723.500000 | e:   0.345000 | Q:   3.495544 | won: False 
#  131 | steps: 39431 | steps_t: 33007 | t: 2171.768392 | r:    18.000000 | e:   0.339860 | Q:   3.339472 | won: False 
#  132 | steps: 39732 | steps_t: 33258 | t: 2189.668184 | r:  -218.000000 | e:   0.334840 | Q:   4.178955 | won: False 
#  133 | steps: 40033 | steps_t: 33518 | t: 2208.916393 | r:  -222.000000 | e:   0.329640 | Q:   4.581851 | won: False 
#  134 | steps: 40334 | steps_t: 33779 | t: 2227.226215 | r:    21.500000 | e:   0.324420 | Q:   2.754796 | won: False 
#  135 | steps: 40635 | steps_t: 34026 | t: 2244.780660 | r:    19.500000 | e:   0.319480 | Q:   2.859715 | won: False 
#  136 | steps: 40936 | steps_t: 34286 | t: 2262.662503 | r:    18.500000 | e:   0.314280 | Q:   4.002405 | won: False 
#  137 | steps: 41237 | steps_t: 34532 | t: 2278.503514 | r:    16.000000 | e:   0.309360 | Q:   3.340206 | won: False 
#  138 | steps: 41538 | steps_t: 34779 | t: 2294.949482 | r:    21.000000 | e:   0.304420 | Q:   3.230008 | won: False 
#  139 | steps: 41839 | steps_t: 35027 | t: 2314.177613 | r:  -717.500000 | e:   0.299460 | Q:   3.484463 | won: False 
#  140 | steps: 42140 | steps_t: 35278 | t: 2332.606202 | r:    13.500000 | e:   0.294440 | Q:   4.037582 | won: False 
#  141 | steps: 42441 | steps_t: 35524 | t: 2348.848277 | r:  -475.500000 | e:   0.289520 | Q:   4.630468 | won: False 
#  142 | steps: 42742 | steps_t: 35772 | t: 2365.650242 | r:  -213.000000 | e:   0.284560 | Q:   5.215906 | won: False 
#  143 | steps: 43043 | steps_t: 36032 | t: 2383.049965 | r:    18.500000 | e:   0.279360 | Q:   5.132860 | won: False 
#  144 | steps: 43344 | steps_t: 36280 | t: 2399.391060 | r:  -714.500000 | e:   0.274400 | Q:   3.115760 | won: False 
#  145 | steps: 43645 | steps_t: 36527 | t: 2417.038433 | r:    12.000000 | e:   0.269460 | Q:   4.675409 | won: False 
#  146 | steps: 43946 | steps_t: 36773 | t: 2436.567621 | r:    17.500000 | e:   0.264540 | Q:   4.606918 | won: False 
#  147 | steps: 44247 | steps_t: 37030 | t: 2452.938459 | r:    10.500000 | e:   0.259400 | Q:   4.453014 | won: False 
#  148 | steps: 44548 | steps_t: 37277 | t: 2472.740877 | r:    20.000000 | e:   0.254460 | Q:   3.678778 | won: False 
#  149 | steps: 44849 | steps_t: 37529 | t: 2489.434135 | r:    19.000000 | e:   0.249420 | Q:   4.279443 | won: False 
#  150 | steps: 45150 | steps_t: 37786 | t: 2508.524779 | r:    25.500000 | e:   0.244280 | Q:   3.983669 | won: False 
#  151 | steps: 45451 | steps_t: 38046 | t: 2528.470384 | r:    21.500000 | e:   0.239080 | Q:   2.497433 | won: False 
#  152 | steps: 45752 | steps_t: 38297 | t: 2550.292144 | r:  -970.500000 | e:   0.234060 | Q:   2.499491 | won: False 
#  153 | steps: 46053 | steps_t: 38548 | t: 2566.974837 | r:    21.000000 | e:   0.229040 | Q:   5.818369 | won: False 
#  154 | steps: 46354 | steps_t: 38799 | t: 2582.826107 | r:    23.500000 | e:   0.224020 | Q:   5.785224 | won: False 
#  155 | steps: 46655 | steps_t: 39059 | t: 2599.833893 | r:     8.500000 | e:   0.218820 | Q:   3.706888 | won: False 
#  156 | steps: 46956 | steps_t: 39316 | t: 2619.751773 | r:  -226.500000 | e:   0.213680 | Q:   3.750374 | won: False 
#  157 | steps: 47257 | steps_t: 39568 | t: 2637.742559 | r:  -472.500000 | e:   0.208640 | Q:   4.402441 | won: False 
#  158 | steps: 47558 | steps_t: 39829 | t: 2659.392318 | r:     1.000000 | e:   0.203420 | Q:   5.405845 | won: False 
#  159 | steps: 47859 | steps_t: 40081 | t: 2678.459133 | r:  -210.500000 | e:   0.198380 | Q:   3.404322 | won: False 
#  160 | steps: 48160 | steps_t: 40327 | t: 2694.066840 | r:  -225.500000 | e:   0.193460 | Q:   4.235397 | won: False 
#  161 | steps: 48461 | steps_t: 40584 | t: 2712.061565 | r:    11.000000 | e:   0.188320 | Q:   2.708254 | won: False 
#  162 | steps: 48762 | steps_t: 40836 | t: 2729.380062 | r:    25.000000 | e:   0.183280 | Q:   2.817774 | won: False 
#  163 | steps: 49063 | steps_t: 41083 | t: 2747.267291 | r:    35.500000 | e:   0.178340 | Q:   2.103930 | won: False 
#  164 | steps: 49364 | steps_t: 41334 | t: 2766.030458 | r:    20.500000 | e:   0.173320 | Q:   2.643914 | won: False 
#  165 | steps: 49665 | steps_t: 41580 | t: 2784.748315 | r:    30.000000 | e:   0.168400 | Q:   2.949180 | won: False 
#  166 | steps: 49966 | steps_t: 41841 | t: 2802.898590 | r:    13.000000 | e:   0.163180 | Q:   2.140052 | won: False 
#  167 | steps: 50267 | steps_t: 42087 | t: 2818.907931 | r:    34.500000 | e:   0.158260 | Q:   3.416305 | won: False 
#  168 | steps: 50568 | steps_t: 42344 | t: 2836.369840 | r:     9.000000 | e:   0.153120 | Q:   4.072570 | won: False 
#  169 | steps: 50869 | steps_t: 42605 | t: 2859.649556 | r:    11.000000 | e:   0.147900 | Q:   3.511427 | won: False 
#  170 | steps: 51170 | steps_t: 42852 | t: 2880.892705 | r:    16.000000 | e:   0.142960 | Q:   1.274187 | won: False 
#  171 | steps: 51471 | steps_t: 43112 | t: 2902.895639 | r:    13.000000 | e:   0.137760 | Q:   2.148541 | won: False 
#  172 | steps: 51772 | steps_t: 43363 | t: 2919.756980 | r:  -209.500000 | e:   0.132740 | Q:   3.178314 | won: False 
#  173 | steps: 52073 | steps_t: 43623 | t: 2938.959912 | r:  -233.500000 | e:   0.127540 | Q:   2.505511 | won: False 
#  174 | steps: 52374 | steps_t: 43874 | t: 2956.428129 | r:  -231.000000 | e:   0.122520 | Q:   3.729055 | won: False 
#  175 | steps: 52675 | steps_t: 44126 | t: 2974.782781 | r:  -224.500000 | e:   0.117480 | Q:   3.907680 | won: False 
#  176 | steps: 52976 | steps_t: 44373 | t: 2993.665074 | r:    26.500000 | e:   0.112540 | Q:   3.384095 | won: False 
#  177 | steps: 53277 | steps_t: 44620 | t: 3012.843444 | r:    23.500000 | e:   0.107600 | Q:   4.078547 | won: False 
#  178 | steps: 53578 | steps_t: 44868 | t: 3028.709431 | r:    16.500000 | e:   0.102640 | Q:   3.057658 | won: False 
#  179 | steps: 53879 | steps_t: 45119 | t: 3044.953856 | r:    23.000000 | e:   0.097620 | Q:   3.281795 | won: False 
#  180 | steps: 54180 | steps_t: 45376 | t: 3064.903588 | r:  -233.500000 | e:   0.092480 | Q:   3.605500 | won: False 
#  181 | steps: 54481 | steps_t: 45624 | t: 3081.969532 | r:  -469.000000 | e:   0.087520 | Q:   3.040939 | won: False 
#  182 | steps: 54782 | steps_t: 45875 | t: 3100.414905 | r:    26.500000 | e:   0.082500 | Q:   2.823651 | won: False 
#  183 | steps: 55083 | steps_t: 46121 | t: 3120.136849 | r:    15.000000 | e:   0.077580 | Q:   2.617961 | won: False 
#  184 | steps: 55384 | steps_t: 46368 | t: 3135.972876 | r:    21.500000 | e:   0.072640 | Q:   2.645828 | won: False 
#  185 | steps: 55685 | steps_t: 46628 | t: 3152.886650 | r:     2.500000 | e:   0.067440 | Q:   4.107630 | won: False 
#  186 | steps: 55986 | steps_t: 46888 | t: 3169.724345 | r:     8.000000 | e:   0.062240 | Q:   3.662341 | won: False 
#  187 | steps: 56287 | steps_t: 47145 | t: 3187.643103 | r:  -225.500000 | e:   0.057100 | Q:   4.422045 | won: False 
#  188 | steps: 56588 | steps_t: 47405 | t: 3207.061696 | r:    11.500000 | e:   0.051900 | Q:   3.333257 | won: False 
#  189 | steps: 56889 | steps_t: 47656 | t: 3227.401724 | r:  -225.000000 | e:   0.046880 | Q:   2.469521 | won: False 
#  190 | steps: 57190 | steps_t: 47902 | t: 3243.262312 | r:    18.000000 | e:   0.041960 | Q:   4.758463 | won: False 
