#    1 | steps:   301 | steps_t:   200 | t: 12.509483 | r: -2209.500000 | e:   0.996000 | Q:   0.126547 | won: False 
#    2 | steps:   602 | steps_t:   452 | t: 26.924025 | r: -7467.500000 | e:   0.990960 | Q:  48.061642 | won: False 
#    3 | steps:   903 | steps_t:   699 | t: 41.524068 | r: -3209.000000 | e:   0.986020 | Q:   8.690651 | won: False 
#    4 | steps:  1204 | steps_t:   950 | t: 56.463602 | r: -5462.000000 | e:   0.981000 | Q:   8.173771 | won: False 
#    5 | steps:  1505 | steps_t:  1211 | t: 71.865172 | r: -1705.500000 | e:   0.975780 | Q:   7.491049 | won: False 
#    6 | steps:  1806 | steps_t:  1457 | t: 86.635976 | r: -8437.500000 | e:   0.970860 | Q:   7.013811 | won: False 
#    7 | steps:  2107 | steps_t:  1704 | t: 101.601657 | r: -1204.000000 | e:   0.965920 | Q:   6.648100 | won: False 
#    8 | steps:  2408 | steps_t:  1955 | t: 117.834650 | r: -4209.500000 | e:   0.960900 | Q:   6.192132 | won: False 
#    9 | steps:  2709 | steps_t:  2207 | t: 133.977053 | r:  -462.000000 | e:   0.955860 | Q:   5.626060 | won: False 
#   10 | steps:  3010 | steps_t:  2459 | t: 150.293893 | r: -4714.000000 | e:   0.950820 | Q:   5.144347 | won: False 
#   11 | steps:  3311 | steps_t:  2711 | t: 166.711429 | r: -2713.000000 | e:   0.945780 | Q:   4.387767 | won: False 
#   12 | steps:  3612 | steps_t:  2962 | t: 182.456835 | r:  2221.000000 | e:   0.940760 | Q:   3.435769 | won: True 
#   13 | steps:  3913 | steps_t:  3214 | t: 197.661182 | r:  -805.000000 | e:   0.935720 | Q:   3.031282 | won: False 
#   14 | steps:  4214 | steps_t:  3462 | t: 212.495640 | r: -3465.500000 | e:   0.930760 | Q:   1.922738 | won: False 
#   15 | steps:  4515 | steps_t:  3708 | t: 227.286993 | r: -1443.500000 | e:   0.925840 | Q:   1.921925 | won: False 
#   16 | steps:  4816 | steps_t:  3955 | t: 242.109287 | r: -1958.000000 | e:   0.920900 | Q:   1.920456 | won: False 
#   17 | steps:  5117 | steps_t:  4202 | t: 256.715463 | r: -2461.500000 | e:   0.915960 | Q:   1.917074 | won: False 
#   18 | steps:  5418 | steps_t:  4448 | t: 271.346702 | r: -1683.000000 | e:   0.911040 | Q:   1.913557 | won: False 
#   19 | steps:  5719 | steps_t:  4700 | t: 286.053775 | r:  -462.000000 | e:   0.906000 | Q:   1.910520 | won: False 
#   20 | steps:  6020 | steps_t:  4960 | t: 301.597137 | r: -2459.500000 | e:   0.900800 | Q:   1.907162 | won: False 
#   21 | steps:  6321 | steps_t:  5207 | t: 316.292220 | r: -1179.500000 | e:   0.895860 | Q:   1.905533 | won: False 
#   22 | steps:  6622 | steps_t:  5464 | t: 332.211260 | r: -5170.000000 | e:   0.890720 | Q:   1.900556 | won: False 
#   23 | steps:  6923 | steps_t:  5715 | t: 347.431147 | r:  -712.500000 | e:   0.885700 | Q:   1.896269 | won: False 
#   24 | steps:  7224 | steps_t:  5972 | t: 362.629030 | r:  -710.500000 | e:   0.880560 | Q:   1.884694 | won: False 
#   25 | steps:  7525 | steps_t:  6229 | t: 377.764772 | r: -1446.500000 | e:   0.875420 | Q:   1.876762 | won: False 
#   26 | steps:  7826 | steps_t:  6475 | t: 392.662315 | r:  -938.000000 | e:   0.870500 | Q:   1.863475 | won: False 
#   27 | steps:  8127 | steps_t:  6726 | t: 407.623858 | r:  -939.000000 | e:   0.865480 | Q:   1.854754 | won: False 
#   28 | steps:  8428 | steps_t:  6973 | t: 423.071056 | r: -1214.500000 | e:   0.860540 | Q:   1.833094 | won: False 
#   29 | steps:  8729 | steps_t:  7220 | t: 438.319250 | r:  -710.500000 | e:   0.855600 | Q:   1.815032 | won: False 
#   30 | steps:  9030 | steps_t:  7468 | t: 454.286653 | r: -1688.500000 | e:   0.850640 | Q:   1.791822 | won: False 
#   31 | steps:  9331 | steps_t:  7714 | t: 468.710110 | r:   438.500000 | e:   0.845720 | Q:   1.766385 | won: True 
#   32 | steps:  9632 | steps_t:  7960 | t: 483.351816 | r:  -705.500000 | e:   0.840800 | Q:   1.738706 | won: False 
#   33 | steps:  9933 | steps_t:  8208 | t: 498.623927 | r: -1464.000000 | e:   0.835840 | Q:   1.729606 | won: False 
#   34 | steps: 10234 | steps_t:  8465 | t: 514.207160 | r:  -480.000000 | e:   0.830700 | Q:   1.692596 | won: False 
#   35 | steps: 10535 | steps_t:  8725 | t: 530.289332 | r:   -31.500000 | e:   0.825500 | Q:   1.638830 | won: True 
#   36 | steps: 10836 | steps_t:  8977 | t: 546.683271 | r: -1201.500000 | e:   0.820460 | Q:   1.578038 | won: False 
#   37 | steps: 11137 | steps_t:  9224 | t: 561.808090 | r: -1961.000000 | e:   0.815520 | Q:   1.584657 | won: False 
#   38 | steps: 11438 | steps_t:  9470 | t: 576.929474 | r:  1981.000000 | e:   0.810600 | Q:   1.535392 | won: True 
#   39 | steps: 11739 | steps_t:  9730 | t: 592.261098 | r:  -710.000000 | e:   0.805400 | Q:   1.500126 | won: False 
#   40 | steps: 12040 | steps_t:  9987 | t: 607.547369 | r:  -477.000000 | e:   0.800260 | Q:   1.512839 | won: False 
#   41 | steps: 12341 | steps_t: 10235 | t: 622.650441 | r:  -699.500000 | e:   0.795300 | Q:   1.508825 | won: False 
#   42 | steps: 12642 | steps_t: 10481 | t: 638.615049 | r:  -947.500000 | e:   0.790380 | Q:   1.458916 | won: False 
#   43 | steps: 12943 | steps_t: 10742 | t: 655.110617 | r:  -462.000000 | e:   0.785160 | Q:   1.466267 | won: False 
#   44 | steps: 13244 | steps_t: 11003 | t: 670.860434 | r:  -477.500000 | e:   0.779940 | Q:   1.409552 | won: False 
#   45 | steps: 13545 | steps_t: 11263 | t: 686.920236 | r:  -331.000000 | e:   0.774740 | Q:   1.308342 | won: False 
#   46 | steps: 13846 | steps_t: 11520 | t: 702.288329 | r:  2211.000000 | e:   0.769600 | Q:   1.222597 | won: True 
#   47 | steps: 14147 | steps_t: 11772 | t: 717.486201 | r: -1465.500000 | e:   0.764560 | Q:   1.224233 | won: False 
#   48 | steps: 14448 | steps_t: 12033 | t: 734.377620 | r:  -958.500000 | e:   0.759340 | Q:   1.213820 | won: False 
#   49 | steps: 14749 | steps_t: 12281 | t: 750.357261 | r: -2458.000000 | e:   0.754380 | Q:   1.161877 | won: False 
#   50 | steps: 15050 | steps_t: 12532 | t: 765.942626 | r:  -697.500000 | e:   0.749360 | Q:   0.989266 | won: False 
#   51 | steps: 15351 | steps_t: 12793 | t: 781.386493 | r:  2193.500000 | e:   0.744140 | Q:   4.040613 | won: True 
#   52 | steps: 15652 | steps_t: 13040 | t: 796.861266 | r: -1707.500000 | e:   0.739200 | Q:   0.703046 | won: False 
#   53 | steps: 15953 | steps_t: 13288 | t: 811.896756 | r:  -469.000000 | e:   0.734240 | Q:   4.742460 | won: False 
#   54 | steps: 16254 | steps_t: 13545 | t: 827.689194 | r:  -703.000000 | e:   0.729100 | Q:   0.592444 | won: False 
#   55 | steps: 16555 | steps_t: 13805 | t: 844.313233 | r:  -465.000000 | e:   0.723900 | Q:   6.093579 | won: False 
#   56 | steps: 16856 | steps_t: 14051 | t: 861.076489 | r: -1661.000000 | e:   0.718980 | Q: 4143.419434 | won: False 
#   57 | steps: 17157 | steps_t: 14298 | t: 876.041680 | r:  1212.000000 | e:   0.714040 | Q:   0.150761 | won: True 
#   58 | steps: 17458 | steps_t: 14550 | t: 891.117136 | r:  1686.000000 | e:   0.709000 | Q:   0.809891 | won: True 
#   59 | steps: 17759 | steps_t: 14796 | t: 905.926112 | r: -6726.000000 | e:   0.704080 | Q:   3.908190 | won: False 
#   60 | steps: 18060 | steps_t: 15053 | t: 922.392756 | r:  -456.500000 | e:   0.698940 | Q:   3.803514 | won: False 
#   61 | steps: 18361 | steps_t: 15313 | t: 938.966838 | r:  -477.000000 | e:   0.693740 | Q:   4.902218 | won: False 
#   62 | steps: 18662 | steps_t: 15560 | t: 954.988001 | r:  -954.500000 | e:   0.688800 | Q:  -0.581192 | won: False 
#   63 | steps: 18963 | steps_t: 15812 | t: 971.289100 | r: -2453.000000 | e:   0.683760 | Q:   0.682447 | won: False 
#   64 | steps: 19264 | steps_t: 16069 | t: 987.424428 | r:  -460.500000 | e:   0.678620 | Q:  -0.305396 | won: False 
#   65 | steps: 19565 | steps_t: 16317 | t: 1002.410960 | r:  -465.000000 | e:   0.673660 | Q:  -1.094316 | won: False 
#   66 | steps: 19866 | steps_t: 16564 | t: 1017.365594 | r:  -475.000000 | e:   0.668720 | Q:   2.356889 | won: False 
#   67 | steps: 20167 | steps_t: 16810 | t: 1032.721365 | r: -1969.000000 | e:   0.663800 | Q:   1.559800 | won: False 
#   68 | steps: 20468 | steps_t: 17071 | t: 1049.476661 | r:  -472.000000 | e:   0.658580 | Q:   9.462117 | won: False 
#   69 | steps: 20769 | steps_t: 17332 | t: 1067.712156 | r:  -467.000000 | e:   0.653360 | Q:  10.022355 | won: False 
#   70 | steps: 21070 | steps_t: 17593 | t: 1083.805683 | r:  -458.000000 | e:   0.648140 | Q:   5.675479 | won: False 
#   71 | steps: 21371 | steps_t: 17850 | t: 1099.235716 | r: -1211.500000 | e:   0.643000 | Q:   6.268482 | won: False 
#   72 | steps: 21672 | steps_t: 18107 | t: 1114.826129 | r:  -929.000000 | e:   0.637860 | Q:   7.341876 | won: False 
#   73 | steps: 21973 | steps_t: 18359 | t: 1130.208666 | r:  1933.000000 | e:   0.632820 | Q:   8.781010 | won: True 
#   74 | steps: 22274 | steps_t: 18619 | t: 1147.848905 | r: -4716.000000 | e:   0.627620 | Q:  16.331507 | won: False 
#   75 | steps: 22575 | steps_t: 18880 | t: 1165.025742 | r: -3474.500000 | e:   0.622400 | Q:  16.366220 | won: False 
#   76 | steps: 22876 | steps_t: 19137 | t: 1181.315281 | r:  -469.500000 | e:   0.617260 | Q:  18.992298 | won: False 
#   77 | steps: 23177 | steps_t: 19384 | t: 1195.592091 | r:  2258.500000 | e:   0.612320 | Q:  17.919626 | won: True 
#   78 | steps: 23478 | steps_t: 19636 | t: 1210.225360 | r: -2713.500000 | e:   0.607280 | Q:  10.253026 | won: False 
#   79 | steps: 23779 | steps_t: 19887 | t: 1225.968407 | r:  -460.500000 | e:   0.602260 | Q:   9.046617 | won: False 
#   80 | steps: 24080 | steps_t: 20138 | t: 1241.103224 | r:  -469.000000 | e:   0.597240 | Q:   4.240338 | won: False 
#   81 | steps: 24381 | steps_t: 20390 | t: 1256.835828 | r:  -468.000000 | e:   0.592200 | Q:   5.108216 | won: False 
#   82 | steps: 24682 | steps_t: 20642 | t: 1273.042367 | r: -1706.500000 | e:   0.587160 | Q:  11.030123 | won: False 
#   83 | steps: 24983 | steps_t: 20893 | t: 1288.066320 | r: -1216.000000 | e:   0.582140 | Q:  12.406053 | won: False 
#   84 | steps: 25284 | steps_t: 21141 | t: 1302.468734 | r: -3974.000000 | e:   0.577180 | Q:   9.135775 | won: False 
#   85 | steps: 25585 | steps_t: 21389 | t: 1317.972737 | r: -1189.000000 | e:   0.572220 | Q:   7.860549 | won: False 
#   86 | steps: 25886 | steps_t: 21637 | t: 1332.415909 | r:  -716.500000 | e:   0.567260 | Q:   4.805781 | won: False 
#   87 | steps: 26187 | steps_t: 21884 | t: 1347.547233 | r:  -973.500000 | e:   0.562320 | Q:   2.058544 | won: False 
#   88 | steps: 26488 | steps_t: 22141 | t: 1363.859535 | r:  2342.000000 | e:   0.557180 | Q:   3.462548 | won: True 
#   89 | steps: 26789 | steps_t: 22392 | t: 1380.624782 | r:  -688.500000 | e:   0.552160 | Q:   9.828331 | won: False 
#   90 | steps: 27090 | steps_t: 22640 | t: 1395.111478 | r: -1974.500000 | e:   0.547200 | Q:  14.032568 | won: False 
#   91 | steps: 27391 | steps_t: 22901 | t: 1411.804668 | r:  -461.000000 | e:   0.541980 | Q:  16.013435 | won: False 
#   92 | steps: 27692 | steps_t: 23158 | t: 1427.072418 | r: -1206.000000 | e:   0.536840 | Q:   9.396756 | won: False 
#   93 | steps: 27993 | steps_t: 23419 | t: 1443.026186 | r:  -693.500000 | e:   0.531620 | Q:  13.885469 | won: False 
#   94 | steps: 28294 | steps_t: 23665 | t: 1458.736577 | r: -1476.500000 | e:   0.526700 | Q:  12.363360 | won: False 
#   95 | steps: 28595 | steps_t: 23916 | t: 1475.658288 | r:  -964.000000 | e:   0.521680 | Q:  13.015237 | won: False 
#   96 | steps: 28896 | steps_t: 24162 | t: 1491.416669 | r:  -678.000000 | e:   0.516760 | Q:  20.592367 | won: False 
#   97 | steps: 29197 | steps_t: 24408 | t: 1506.580432 | r: -1472.000000 | e:   0.511840 | Q:  17.375658 | won: False 
#   98 | steps: 29498 | steps_t: 24669 | t: 1523.736198 | r:  -712.000000 | e:   0.506620 | Q:  13.485143 | won: False 
#   99 | steps: 29799 | steps_t: 24926 | t: 1539.589376 | r:  -682.500000 | e:   0.501480 | Q:  12.124763 | won: False 
#  100 | steps: 30100 | steps_t: 25183 | t: 1556.448882 | r:  1925.500000 | e:   0.496340 | Q:   2.118909 | won: True 
#  101 | steps: 30401 | steps_t: 25444 | t: 1574.237410 | r:  -964.000000 | e:   0.491120 | Q:   1.394595 | won: False 
#  102 | steps: 30702 | steps_t: 25691 | t: 1591.657970 | r:  -483.000000 | e:   0.486180 | Q:   1.124571 | won: False 
#  103 | steps: 31003 | steps_t: 25951 | t: 1607.474538 | r:  -472.500000 | e:   0.480980 | Q:   4.590899 | won: False 
#  104 | steps: 31304 | steps_t: 26203 | t: 1624.216920 | r:  -714.500000 | e:   0.475940 | Q:   5.793716 | won: False 
#  105 | steps: 31605 | steps_t: 26450 | t: 1639.519726 | r:  -486.500000 | e:   0.471000 | Q:  10.889644 | won: False 
#  106 | steps: 31906 | steps_t: 26697 | t: 1655.320096 | r:  -483.500000 | e:   0.466060 | Q:  12.307794 | won: False 
#  107 | steps: 32207 | steps_t: 26957 | t: 1672.797770 | r:  -478.500000 | e:   0.460860 | Q:  11.529534 | won: False 
#  108 | steps: 32508 | steps_t: 27214 | t: 1690.825065 | r:  -714.000000 | e:   0.455720 | Q:  14.383065 | won: False 
#  109 | steps: 32809 | steps_t: 27461 | t: 1706.317852 | r: -1219.000000 | e:   0.450780 | Q:  16.713400 | won: False 
#  110 | steps: 33110 | steps_t: 27712 | t: 1721.943717 | r: -1706.500000 | e:   0.445760 | Q:  10.825290 | won: False 
#  111 | steps: 33411 | steps_t: 27973 | t: 1739.511727 | r:  -477.500000 | e:   0.440540 | Q:   7.158726 | won: False 
#  112 | steps: 33712 | steps_t: 28225 | t: 1755.473578 | r:  -973.500000 | e:   0.435500 | Q:   3.140980 | won: False 
#  113 | steps: 34013 | steps_t: 28477 | t: 1772.187822 | r:  -485.500000 | e:   0.430460 | Q:  12.520494 | won: False 
#  114 | steps: 34314 | steps_t: 28737 | t: 1789.973843 | r:  -719.000000 | e:   0.425260 | Q:  24.442739 | won: False 
#  115 | steps: 34615 | steps_t: 28988 | t: 1806.507999 | r:  -711.000000 | e:   0.420240 | Q:  24.273222 | won: False 
#  116 | steps: 34916 | steps_t: 29248 | t: 1822.258446 | r:  -472.000000 | e:   0.415040 | Q:  22.455832 | won: False 
#  117 | steps: 35217 | steps_t: 29505 | t: 1838.000518 | r:  -479.500000 | e:   0.409900 | Q:  15.864216 | won: False 
#  118 | steps: 35518 | steps_t: 29765 | t: 1853.986112 | r:  -462.500000 | e:   0.404700 | Q:   5.944884 | won: False 
#  119 | steps: 35819 | steps_t: 30017 | t: 1872.735827 | r:  -472.000000 | e:   0.399660 | Q:  -0.506996 | won: False 
#  120 | steps: 36120 | steps_t: 30263 | t: 1889.883202 | r:  -477.000000 | e:   0.394740 | Q:  -8.987000 | won: False 
#  121 | steps: 36421 | steps_t: 30510 | t: 1907.030778 | r: -1987.500000 | e:   0.389800 | Q:  -5.780597 | won: False 
#  122 | steps: 36722 | steps_t: 30756 | t: 1922.025064 | r: -1216.000000 | e:   0.384880 | Q: -12.126339 | won: False 
#  123 | steps: 37023 | steps_t: 31017 | t: 1937.943011 | r: -1466.500000 | e:   0.379660 | Q: -13.911984 | won: False 
#  124 | steps: 37324 | steps_t: 31277 | t: 1953.879994 | r:  -472.500000 | e:   0.374460 | Q: 235.958801 | won: False 
#  125 | steps: 37625 | steps_t: 31538 | t: 1970.553255 | r:  -479.000000 | e:   0.369240 | Q:   2.593566 | won: False 
#  126 | steps: 37926 | steps_t: 31790 | t: 1987.580593 | r: -1456.000000 | e:   0.364200 | Q:  -5.806643 | won: False 
#  127 | steps: 38227 | steps_t: 32042 | t: 2006.926685 | r:  -975.000000 | e:   0.359160 | Q:  -2.881377 | won: False 
#  128 | steps: 38528 | steps_t: 32302 | t: 2022.976249 | r:  -724.000000 | e:   0.353960 | Q:  -2.709141 | won: False 
#  129 | steps: 38829 | steps_t: 32562 | t: 2039.030216 | r:  -485.000000 | e:   0.348760 | Q:  -6.641687 | won: False 
#  130 | steps: 39130 | steps_t: 32808 | t: 2054.297918 | r:  -725.000000 | e:   0.343840 | Q: -11.562168 | won: False 
#  131 | steps: 39431 | steps_t: 33055 | t: 2070.123622 | r:  -959.000000 | e:   0.338900 | Q: -13.486097 | won: False 
#  132 | steps: 39732 | steps_t: 33302 | t: 2086.841470 | r: -1487.500000 | e:   0.333960 | Q: -15.427392 | won: False 
#  133 | steps: 40033 | steps_t: 33549 | t: 2104.770108 | r:  -484.000000 | e:   0.329020 | Q: -17.395573 | won: False 
#  134 | steps: 40334 | steps_t: 33801 | t: 2121.279776 | r: -1469.500000 | e:   0.323980 | Q: -19.348061 | won: False 
#  135 | steps: 40635 | steps_t: 34062 | t: 2137.381968 | r:  -483.500000 | e:   0.318760 | Q: -17.791822 | won: False 
#  136 | steps: 40936 | steps_t: 34310 | t: 2154.964424 | r:  -472.500000 | e:   0.313800 | Q: -16.547022 | won: False 
#  137 | steps: 41237 | steps_t: 34562 | t: 2172.032709 | r:  -476.500000 | e:   0.308760 | Q: -18.426868 | won: False 
#  138 | steps: 41538 | steps_t: 34822 | t: 2191.844984 | r:  -483.000000 | e:   0.303560 | Q: -19.112917 | won: False 
#  139 | steps: 41839 | steps_t: 35082 | t: 2210.183130 | r:  -966.500000 | e:   0.298360 | Q: -23.689577 | won: False 
#  140 | steps: 42140 | steps_t: 35330 | t: 2227.267517 | r:  -485.500000 | e:   0.293400 | Q: -22.471670 | won: False 
#  141 | steps: 42441 | steps_t: 35576 | t: 2242.707139 | r:  -980.000000 | e:   0.288480 | Q: -25.470673 | won: False 
#  142 | steps: 42742 | steps_t: 35827 | t: 2258.696816 | r:  -979.500000 | e:   0.283460 | Q:  -5.123880 | won: False 
#  143 | steps: 43043 | steps_t: 36079 | t: 2274.808382 | r:  -485.500000 | e:   0.278420 | Q:  -1.127826 | won: False 
#  144 | steps: 43344 | steps_t: 36331 | t: 2291.809889 | r:  -479.500000 | e:   0.273380 | Q:  -2.358773 | won: False 
#  145 | steps: 43645 | steps_t: 36582 | t: 2312.031875 | r:  -489.500000 | e:   0.268360 | Q:  -7.643651 | won: False 
#  146 | steps: 43946 | steps_t: 36833 | t: 2330.440934 | r: -1232.000000 | e:   0.263340 | Q:  -2.504366 | won: False 
#  147 | steps: 44247 | steps_t: 37090 | t: 2346.603278 | r:  -483.000000 | e:   0.258200 | Q:  -2.689627 | won: False 
#  148 | steps: 44548 | steps_t: 37347 | t: 2362.858557 | r: -1470.500000 | e:   0.253060 | Q:  -2.027444 | won: False 
#  149 | steps: 44849 | steps_t: 37595 | t: 2378.719355 | r:  -483.500000 | e:   0.248100 | Q:  -7.188529 | won: False 
#  150 | steps: 45150 | steps_t: 37842 | t: 2395.456830 | r:  -728.000000 | e:   0.243160 | Q: -10.634849 | won: False 
#  151 | steps: 45451 | steps_t: 38102 | t: 2413.712286 | r:  -483.500000 | e:   0.237960 | Q: -10.620121 | won: False 
#  152 | steps: 45752 | steps_t: 38359 | t: 2432.932233 | r:  -717.500000 | e:   0.232820 | Q: -10.971053 | won: False 
#  153 | steps: 46053 | steps_t: 38620 | t: 2449.434343 | r:  -490.500000 | e:   0.227600 | Q:  -8.783900 | won: False 
#  154 | steps: 46354 | steps_t: 38867 | t: 2465.031162 | r:  -475.000000 | e:   0.222660 | Q:  -7.589898 | won: False 
#  155 | steps: 46655 | steps_t: 39118 | t: 2483.822574 | r:  -494.000000 | e:   0.217640 | Q: -10.540004 | won: False 
#  156 | steps: 46956 | steps_t: 39378 | t: 2500.961470 | r:  -971.500000 | e:   0.212440 | Q: -16.209978 | won: False 
#  157 | steps: 47257 | steps_t: 39626 | t: 2518.595770 | r:  -486.000000 | e:   0.207480 | Q: -17.916979 | won: False 
#  158 | steps: 47558 | steps_t: 39878 | t: 2537.413951 | r:  -482.000000 | e:   0.202440 | Q: -19.283388 | won: False 
#  159 | steps: 47859 | steps_t: 40126 | t: 2553.636044 | r:  -958.500000 | e:   0.197480 | Q: -16.145323 | won: False 
#  160 | steps: 48160 | steps_t: 40377 | t: 2569.692183 | r:  -493.000000 | e:   0.192460 | Q: -15.171465 | won: False 
#  161 | steps: 48461 | steps_t: 40634 | t: 2586.428285 | r: -1231.500000 | e:   0.187320 | Q: -14.439045 | won: False 
#  162 | steps: 48762 | steps_t: 40886 | t: 2602.930207 | r:  -483.000000 | e:   0.182280 | Q: -15.624461 | won: False 
#  163 | steps: 49063 | steps_t: 41133 | t: 2620.121038 | r:  -486.000000 | e:   0.177340 | Q: -10.887856 | won: False 
#  164 | steps: 49364 | steps_t: 41384 | t: 2638.721508 | r:  -487.000000 | e:   0.172320 | Q:  -2.435853 | won: False 
#  165 | steps: 49665 | steps_t: 41630 | t: 2655.655969 | r:  -493.500000 | e:   0.167400 | Q:   7.554615 | won: False 
#  166 | steps: 49966 | steps_t: 41890 | t: 2674.702668 | r:  -485.000000 | e:   0.162200 | Q:  12.543969 | won: False 
#  167 | steps: 50267 | steps_t: 42138 | t: 2690.517785 | r:  -496.000000 | e:   0.157240 | Q:  10.629130 | won: False 
#  168 | steps: 50568 | steps_t: 42385 | t: 2706.463549 | r:  -491.000000 | e:   0.152300 | Q:   4.624544 | won: False 
#  169 | steps: 50869 | steps_t: 42637 | t: 2724.077706 | r:  -723.500000 | e:   0.147260 | Q:  -1.468650 | won: False 
#  170 | steps: 51170 | steps_t: 42894 | t: 2743.643247 | r:  -490.500000 | e:   0.142120 | Q:  -1.782303 | won: False 
#  171 | steps: 51471 | steps_t: 43142 | t: 2761.445023 | r:  -484.500000 | e:   0.137160 | Q:   0.782292 | won: False 
#  172 | steps: 51772 | steps_t: 43403 | t: 2778.064914 | r:  -974.500000 | e:   0.131940 | Q:   0.624199 | won: False 
#  173 | steps: 52073 | steps_t: 43655 | t: 2794.190312 | r:  -493.500000 | e:   0.126900 | Q:   3.139253 | won: False 
#  174 | steps: 52374 | steps_t: 43907 | t: 2810.662493 | r:  -486.000000 | e:   0.121860 | Q:   1.660465 | won: False 
#  175 | steps: 52675 | steps_t: 44158 | t: 2828.452945 | r:  -494.500000 | e:   0.116840 | Q:  -0.183056 | won: False 
#  176 | steps: 52976 | steps_t: 44405 | t: 2847.068605 | r:  -483.000000 | e:   0.111900 | Q:  -3.297696 | won: False 
#  177 | steps: 53277 | steps_t: 44653 | t: 2867.868222 | r:  -483.000000 | e:   0.106940 | Q:  -6.751915 | won: False 
#  178 | steps: 53578 | steps_t: 44901 | t: 2883.541899 | r:  -728.000000 | e:   0.101980 | Q: -12.646631 | won: False 
#  179 | steps: 53879 | steps_t: 45162 | t: 2900.064843 | r:  -491.500000 | e:   0.096760 | Q: -10.928802 | won: False 
#  180 | steps: 54180 | steps_t: 45423 | t: 2916.726431 | r:  -493.000000 | e:   0.091540 | Q: -12.685596 | won: False 
#  181 | steps: 54481 | steps_t: 45683 | t: 2934.767865 | r:  -490.500000 | e:   0.086340 | Q: -10.126741 | won: False 
#  182 | steps: 54782 | steps_t: 45935 | t: 2953.521887 | r:  -473.000000 | e:   0.081300 | Q:  -9.112300 | won: False 
#  183 | steps: 55083 | steps_t: 46192 | t: 2972.367962 | r:  -493.500000 | e:   0.076160 | Q:   0.050599 | won: False 
#  184 | steps: 55384 | steps_t: 46453 | t: 2988.784009 | r:  -489.500000 | e:   0.070940 | Q:  -6.549799 | won: False 
#  185 | steps: 55685 | steps_t: 46713 | t: 3005.491115 | r:  -494.000000 | e:   0.065740 | Q:  -8.832324 | won: False 
#  186 | steps: 55986 | steps_t: 46974 | t: 3022.201514 | r:  -492.500000 | e:   0.060520 | Q:  -3.889099 | won: False 
#  187 | steps: 56287 | steps_t: 47220 | t: 3039.475715 | r:  -488.000000 | e:   0.055600 | Q:  -4.004195 | won: False 
#  188 | steps: 56588 | steps_t: 47468 | t: 3058.190797 | r:  -492.500000 | e:   0.050640 | Q:  -3.294291 | won: False 
#  189 | steps: 56889 | steps_t: 47719 | t: 3082.950793 | r:  -491.000000 | e:   0.045620 | Q:  -7.319191 | won: False 
#  190 | steps: 57190 | steps_t: 47979 | t: 3100.882748 | r:  -490.500000 | e:   0.040420 | Q: -10.673611 | won: False 
