#    1 | steps:   301 | steps_t: 36855 | t: 15.405724 | r:  2034.000000 | e:   0.262900 | Q:  62.123569 | won: True 
#    2 | steps:   517 | steps_t: 37016 | t: 26.634857 | r:  -901.000000 | e:   0.259680 | Q: 101.643791 | won: False 
#    3 | steps:   687 | steps_t: 37145 | t: 34.984674 | r:  -984.000000 | e:   0.257100 | Q: 104.356041 | won: False 
#    4 | steps:   988 | steps_t: 37390 | t: 55.466869 | r:  2164.000000 | e:   0.252200 | Q:  95.766708 | won: True 
#    5 | steps:  1289 | steps_t: 37649 | t: 74.288844 | r:  2240.000000 | e:   0.247020 | Q:  84.947289 | won: True 
#    6 | steps:  1590 | steps_t: 37899 | t: 93.508653 | r:  2180.000000 | e:   0.242020 | Q:  99.880768 | won: True 
#    7 | steps:  1891 | steps_t: 38158 | t: 110.818174 | r:  2159.000000 | e:   0.236840 | Q: 101.467461 | won: True 
#    8 | steps:  2192 | steps_t: 38404 | t: 129.844996 | r:  2166.000000 | e:   0.231920 | Q: 102.644005 | won: True 
#    9 | steps:  2412 | steps_t: 38570 | t: 142.635915 | r:  -899.000000 | e:   0.228600 | Q: 106.839821 | won: False 
#   10 | steps:  2666 | steps_t: 38783 | t: 160.555095 | r:  -784.000000 | e:   0.224340 | Q: 108.844902 | won: False 
#   11 | steps:  2882 | steps_t: 38944 | t: 171.713307 | r: -1013.000000 | e:   0.221120 | Q: 110.048622 | won: False 
#   12 | steps:  3183 | steps_t: 39190 | t: 192.233431 | r:  2052.000000 | e:   0.216200 | Q: 111.523987 | won: True 
#   13 | steps:  3484 | steps_t: 39450 | t: 211.138779 | r:  2125.000000 | e:   0.211000 | Q: 113.165085 | won: True 
#   14 | steps:  3704 | steps_t: 39615 | t: 223.162240 | r:  -898.000000 | e:   0.207700 | Q: 118.062050 | won: False 
#   15 | steps:  3919 | steps_t: 39779 | t: 236.044441 | r:  -911.000000 | e:   0.204420 | Q: 121.827728 | won: False 
#   16 | steps:  4135 | steps_t: 39939 | t: 248.533281 | r: -1025.000000 | e:   0.201220 | Q: 122.325256 | won: False 
#   17 | steps:  4305 | steps_t: 40064 | t: 258.706211 | r:  -980.000000 | e:   0.198720 | Q: 118.992020 | won: False 
#   18 | steps:  4477 | steps_t: 40191 | t: 269.514226 | r:  -855.000000 | e:   0.196180 | Q: 117.263748 | won: False 
#   19 | steps:  4649 | steps_t: 40322 | t: 279.434595 | r:  -866.000000 | e:   0.193560 | Q: 112.621964 | won: False 
#   20 | steps:  4817 | steps_t: 40448 | t: 289.089235 | r:  -855.000000 | e:   0.191040 | Q: 112.422844 | won: False 
#   21 | steps:  5082 | steps_t: 40658 | t: 304.779661 | r:  -895.000000 | e:   0.186840 | Q: 107.516060 | won: False 
#   22 | steps:  5250 | steps_t: 40785 | t: 313.906123 | r:  -989.000000 | e:   0.184300 | Q: 108.266830 | won: False 
#   23 | steps:  5422 | steps_t: 40916 | t: 323.865778 | r:  -851.000000 | e:   0.181680 | Q: 106.311661 | won: False 
#   24 | steps:  5594 | steps_t: 41046 | t: 333.725309 | r:  -854.000000 | e:   0.179080 | Q:  98.220093 | won: False 
#   25 | steps:  5766 | steps_t: 41177 | t: 342.533413 | r:  -851.000000 | e:   0.176460 | Q:  92.092064 | won: False 
#   26 | steps:  5936 | steps_t: 41305 | t: 352.199374 | r:  -858.000000 | e:   0.173900 | Q:  90.257881 | won: False 
#   27 | steps:  6154 | steps_t: 41467 | t: 365.073030 | r:  -888.000000 | e:   0.170660 | Q:  82.771774 | won: False 
#   28 | steps:  6372 | steps_t: 41631 | t: 378.205556 | r:  -898.000000 | e:   0.167380 | Q:  71.847702 | won: False 
#   29 | steps:  6588 | steps_t: 41791 | t: 391.623226 | r:  -902.000000 | e:   0.164180 | Q:  70.151405 | won: False 
#   30 | steps:  6889 | steps_t: 42037 | t: 411.963339 | r:  2154.000000 | e:   0.159260 | Q:  66.364761 | won: True 
#   31 | steps:  7109 | steps_t: 42201 | t: 425.728222 | r:  -893.000000 | e:   0.155980 | Q:  65.998253 | won: False 
#   32 | steps:  7410 | steps_t: 42457 | t: 444.648246 | r:  2241.000000 | e:   0.150860 | Q:  65.016350 | won: True 
#   33 | steps:  7630 | steps_t: 42621 | t: 456.914650 | r:  -898.000000 | e:   0.147580 | Q:  64.924110 | won: False 
#   34 | steps:  7846 | steps_t: 42781 | t: 468.925515 | r:  -897.000000 | e:   0.144380 | Q:  68.773163 | won: False 
#   35 | steps:  8147 | steps_t: 43032 | t: 488.672908 | r:  2099.000000 | e:   0.139360 | Q:  68.204803 | won: True 
#   36 | steps:  8317 | steps_t: 43161 | t: 498.237838 | r:  -973.000000 | e:   0.136780 | Q:  60.514130 | won: False 
#   37 | steps:  8533 | steps_t: 43322 | t: 512.746043 | r:  -895.000000 | e:   0.133560 | Q:  59.325451 | won: False 
#   38 | steps:  8834 | steps_t: 43569 | t: 531.103506 | r:  1880.000000 | e:   0.128620 | Q:  57.551212 | won: True 
#   39 | steps:  9094 | steps_t: 43779 | t: 547.581558 | r:  -852.000000 | e:   0.124420 | Q:  47.242886 | won: False 
#   40 | steps:  9371 | steps_t: 44005 | t: 566.317118 | r:  -876.000000 | e:   0.119900 | Q:  44.002899 | won: False 
#   41 | steps:  9672 | steps_t: 44252 | t: 584.337218 | r:  2068.000000 | e:   0.114960 | Q:  45.932758 | won: True 
#   42 | steps:  9844 | steps_t: 44379 | t: 594.057437 | r:  -855.000000 | e:   0.112420 | Q:  49.537312 | won: False 
#   43 | steps: 10062 | steps_t: 44541 | t: 606.714429 | r:  -898.000000 | e:   0.109180 | Q:  50.170444 | won: False 
#   44 | steps: 10363 | steps_t: 44786 | t: 629.112472 | r:  -323.000000 | e:   0.104280 | Q:  44.983524 | won: False 
#   45 | steps: 10531 | steps_t: 44909 | t: 638.093556 | r:  -857.000000 | e:   0.101820 | Q:  38.209621 | won: False 
#   46 | steps: 10746 | steps_t: 45074 | t: 650.312845 | r:  -905.000000 | e:   0.100000 | Q:  39.997269 | won: False 
#   47 | steps: 10916 | steps_t: 45203 | t: 660.740963 | r:  -860.000000 | e:   0.100000 | Q:  46.777687 | won: False 
#   48 | steps: 11132 | steps_t: 45363 | t: 673.949529 | r:  -901.000000 | e:   0.100000 | Q:  49.665951 | won: False 
#   49 | steps: 11351 | steps_t: 45531 | t: 685.563308 | r:  -887.000000 | e:   0.100000 | Q:  45.973854 | won: False 
#   50 | steps: 11566 | steps_t: 45695 | t: 697.239828 | r:  -893.000000 | e:   0.100000 | Q:  41.772392 | won: False 
#   51 | steps: 11867 | steps_t: 45951 | t: 718.148180 | r:  2248.000000 | e:   0.100000 | Q:  41.090221 | won: True 
#   52 | steps: 12087 | steps_t: 46116 | t: 731.092203 | r:  -895.000000 | e:   0.100000 | Q:  37.917007 | won: False 
#   53 | steps: 12388 | steps_t: 46372 | t: 750.067782 | r:  2186.000000 | e:   0.100000 | Q:  38.499889 | won: True 
#   54 | steps: 12687 | steps_t: 46621 | t: 768.628450 | r: -1077.000000 | e:   0.100000 | Q:  53.138245 | won: False 
#   55 | steps: 12988 | steps_t: 46877 | t: 788.505343 | r:  1973.000000 | e:   0.100000 | Q:  57.087898 | won: True 
#   56 | steps: 13226 | steps_t: 47059 | t: 802.280608 | r:  -896.000000 | e:   0.100000 | Q:  55.389130 | won: False 
#   57 | steps: 13525 | steps_t: 47308 | t: 821.185294 | r:  -856.000000 | e:   0.100000 | Q:  54.487671 | won: False 
#   58 | steps: 13741 | steps_t: 47469 | t: 834.669823 | r:  -898.000000 | e:   0.100000 | Q:  51.307648 | won: False 
#   59 | steps: 13993 | steps_t: 47676 | t: 851.257594 | r:  -965.000000 | e:   0.100000 | Q:  54.365417 | won: False 
#   60 | steps: 14161 | steps_t: 47803 | t: 860.837975 | r:  -989.000000 | e:   0.100000 | Q:  48.220623 | won: False 
#   61 | steps: 14462 | steps_t: 48062 | t: 883.229499 | r:  1899.000000 | e:   0.100000 | Q:  45.638359 | won: True 
#   62 | steps: 14759 | steps_t: 48309 | t: 901.980144 | r:  -858.000000 | e:   0.100000 | Q:  47.319679 | won: False 
#   63 | steps: 15060 | steps_t: 48559 | t: 921.484390 | r:  2135.000000 | e:   0.100000 | Q:  44.871574 | won: True 
#   64 | steps: 15361 | steps_t: 48815 | t: 939.067571 | r:  2240.000000 | e:   0.100000 | Q:  48.346199 | won: True 
#   65 | steps: 15628 | steps_t: 49032 | t: 956.773846 | r:  -871.000000 | e:   0.100000 | Q:  48.074497 | won: False 
#   66 | steps: 15846 | steps_t: 49195 | t: 969.522155 | r:  -897.000000 | e:   0.100000 | Q:  40.872166 | won: False 
#   67 | steps: 16147 | steps_t: 49451 | t: 991.756586 | r:  2244.000000 | e:   0.100000 | Q:  43.626572 | won: True 
#   68 | steps: 16448 | steps_t: 49702 | t: 1013.335054 | r:  2111.000000 | e:   0.100000 | Q:  50.740246 | won: True 
#   69 | steps: 16749 | steps_t: 49947 | t: 1032.124925 | r:  2074.000000 | e:   0.100000 | Q:  50.141289 | won: True 
#   70 | steps: 16962 | steps_t: 50106 | t: 1045.173756 | r:  -903.000000 | e:   0.100000 | Q:  39.914024 | won: False 
#   71 | steps: 17178 | steps_t: 50267 | t: 1058.553278 | r:  -903.000000 | e:   0.100000 | Q:  38.764526 | won: False 
#   72 | steps: 17395 | steps_t: 50434 | t: 1071.254367 | r:  -894.000000 | e:   0.100000 | Q:  33.164917 | won: False 
#   73 | steps: 17696 | steps_t: 50690 | t: 1092.463464 | r:  2218.000000 | e:   0.100000 | Q:  40.081341 | won: True 
#   74 | steps: 17911 | steps_t: 50854 | t: 1105.450035 | r: -1019.000000 | e:   0.100000 | Q:  40.466812 | won: False 
#   75 | steps: 18083 | steps_t: 50984 | t: 1116.635760 | r:  -855.000000 | e:   0.100000 | Q:  37.981869 | won: False 
#   76 | steps: 18384 | steps_t: 51235 | t: 1135.312388 | r:  2078.000000 | e:   0.100000 | Q:  38.896915 | won: True 
#   77 | steps: 18646 | steps_t: 51447 | t: 1151.520717 | r:  -861.000000 | e:   0.100000 | Q:  41.652069 | won: False 
#   78 | steps: 18864 | steps_t: 51611 | t: 1163.336020 | r:  -905.000000 | e:   0.100000 | Q:  40.664249 | won: False 
#   79 | steps: 19032 | steps_t: 51738 | t: 1172.924726 | r:  -856.000000 | e:   0.100000 | Q:  40.435570 | won: False 
#   80 | steps: 19324 | steps_t: 51988 | t: 1190.834895 | r:  -784.000000 | e:   0.100000 | Q:  40.852749 | won: False 
#   81 | steps: 19625 | steps_t: 52235 | t: 1210.333706 | r:  2056.000000 | e:   0.100000 | Q:  43.136379 | won: True 
#   82 | steps: 19926 | steps_t: 52480 | t: 1233.057519 | r:  -430.000000 | e:   0.100000 | Q:  50.439499 | won: False 
#   83 | steps: 20142 | steps_t: 52640 | t: 1245.882409 | r: -1017.000000 | e:   0.100000 | Q:  55.460869 | won: False 
#   84 | steps: 20358 | steps_t: 52802 | t: 1257.715060 | r:  -879.000000 | e:   0.100000 | Q:  55.023426 | won: False 
#   85 | steps: 20659 | steps_t: 53049 | t: 1277.694662 | r:  2142.000000 | e:   0.100000 | Q:  54.928741 | won: True 
#   86 | steps: 20907 | steps_t: 53256 | t: 1294.065207 | r:  -933.000000 | e:   0.100000 | Q:  54.558945 | won: False 
#   87 | steps: 21208 | steps_t: 53516 | t: 1315.014385 | r:  2202.000000 | e:   0.100000 | Q:  56.428547 | won: True 
#   88 | steps: 21423 | steps_t: 53680 | t: 1330.123857 | r:  -900.000000 | e:   0.100000 | Q:  56.085922 | won: False 
#   89 | steps: 21724 | steps_t: 53940 | t: 1351.552883 | r:  2205.000000 | e:   0.100000 | Q:  53.928268 | won: True 
#   90 | steps: 21944 | steps_t: 54106 | t: 1365.364929 | r:  -891.000000 | e:   0.100000 | Q:  59.246750 | won: False 
#   91 | steps: 22161 | steps_t: 54272 | t: 1378.841068 | r:  -899.000000 | e:   0.100000 | Q:  61.630013 | won: False 
#   92 | steps: 22376 | steps_t: 54436 | t: 1391.495096 | r:  -902.000000 | e:   0.100000 | Q:  59.062325 | won: False 
#   93 | steps: 22612 | steps_t: 54617 | t: 1404.768234 | r: -1013.000000 | e:   0.100000 | Q:  58.127037 | won: False 
#   94 | steps: 22831 | steps_t: 54785 | t: 1418.867761 | r:  -900.000000 | e:   0.100000 | Q:  58.124756 | won: False 
#   95 | steps: 23001 | steps_t: 54910 | t: 1427.880089 | r:  -851.000000 | e:   0.100000 | Q:  58.210445 | won: False 
#   96 | steps: 23219 | steps_t: 55077 | t: 1441.637956 | r:  -893.000000 | e:   0.100000 | Q:  54.724361 | won: False 
#   97 | steps: 23435 | steps_t: 55238 | t: 1454.811993 | r:  -905.000000 | e:   0.100000 | Q:  53.543507 | won: False 
#   98 | steps: 23603 | steps_t: 55364 | t: 1463.907599 | r:  -856.000000 | e:   0.100000 | Q:  54.329002 | won: False 
#   99 | steps: 23821 | steps_t: 55532 | t: 1478.534292 | r:  -899.000000 | e:   0.100000 | Q:  54.185688 | won: False 
#  100 | steps: 23993 | steps_t: 55659 | t: 1488.266348 | r:  -848.000000 | e:   0.100000 | Q:  58.016033 | won: False 
#  101 | steps: 24209 | steps_t: 55821 | t: 1501.817818 | r:  -900.000000 | e:   0.100000 | Q:  62.140465 | won: False 
#  102 | steps: 24425 | steps_t: 55983 | t: 1513.884481 | r:  -898.000000 | e:   0.100000 | Q:  59.304562 | won: False 
#  103 | steps: 24594 | steps_t: 56111 | t: 1524.218205 | r: -1151.000000 | e:   0.100000 | Q:  51.155167 | won: False 
#  104 | steps: 24865 | steps_t: 56337 | t: 1539.452282 | r:  -911.000000 | e:   0.100000 | Q:  57.773571 | won: False 
#  105 | steps: 25085 | steps_t: 56503 | t: 1551.320746 | r:  -895.000000 | e:   0.100000 | Q:  55.185871 | won: False 
#  106 | steps: 25300 | steps_t: 56668 | t: 1564.253697 | r:  -899.000000 | e:   0.100000 | Q:  58.198940 | won: False 
#  107 | steps: 25601 | steps_t: 56927 | t: 1584.872581 | r:  2002.000000 | e:   0.100000 | Q:  56.675152 | won: True 
#  108 | steps: 25902 | steps_t: 57186 | t: 1606.083016 | r:  2170.000000 | e:   0.100000 | Q:  46.673161 | won: True 
#  109 | steps: 26165 | steps_t: 57394 | t: 1623.892487 | r:  -892.000000 | e:   0.100000 | Q:  46.353069 | won: False 
#  110 | steps: 26337 | steps_t: 57524 | t: 1633.953627 | r:  -872.000000 | e:   0.100000 | Q:  46.423214 | won: False 
#  111 | steps: 26557 | steps_t: 57694 | t: 1645.529473 | r: -1016.000000 | e:   0.100000 | Q:  42.655731 | won: False 
#  112 | steps: 26725 | steps_t: 57817 | t: 1653.652271 | r:  -861.000000 | e:   0.100000 | Q:  40.133259 | won: False 
#  113 | steps: 26895 | steps_t: 57946 | t: 1663.645227 | r:  -855.000000 | e:   0.100000 | Q:  40.128086 | won: False 
#  114 | steps: 27115 | steps_t: 58110 | t: 1675.902607 | r:  -896.000000 | e:   0.100000 | Q:  41.153221 | won: False 
#  115 | steps: 27416 | steps_t: 58356 | t: 1693.321644 | r:  2150.000000 | e:   0.100000 | Q:  41.866795 | won: True 
#  116 | steps: 27584 | steps_t: 58482 | t: 1702.666012 | r:  -858.000000 | e:   0.100000 | Q:  42.915543 | won: False 
#  117 | steps: 27800 | steps_t: 58642 | t: 1715.941670 | r:  -903.000000 | e:   0.100000 | Q:  44.024364 | won: False 
#  118 | steps: 28018 | steps_t: 58804 | t: 1730.293220 | r:  -904.000000 | e:   0.100000 | Q:  38.975071 | won: False 
#  119 | steps: 28235 | steps_t: 58971 | t: 1745.736122 | r:  -897.000000 | e:   0.100000 | Q:  35.324039 | won: False 
#  120 | steps: 28453 | steps_t: 59134 | t: 1756.936204 | r:  -898.000000 | e:   0.100000 | Q:  34.792507 | won: False 
#  121 | steps: 28621 | steps_t: 59261 | t: 1766.535613 | r:  -863.000000 | e:   0.100000 | Q:  35.027554 | won: False 
#  122 | steps: 28922 | steps_t: 59511 | t: 1784.700058 | r:  2041.000000 | e:   0.100000 | Q:  33.935848 | won: True 
#  123 | steps: 29141 | steps_t: 59679 | t: 1796.769046 | r: -1108.000000 | e:   0.100000 | Q:  36.886600 | won: False 
#  124 | steps: 29442 | steps_t: 59926 | t: 1815.707910 | r:  1817.000000 | e:   0.100000 | Q:  43.023716 | won: True 
#  125 | steps: 29662 | steps_t: 60091 | t: 1828.668215 | r:  -984.000000 | e:   0.100000 | Q:  44.967182 | won: False 
#  126 | steps: 29963 | steps_t: 60341 | t: 1851.141239 | r:  1892.000000 | e:   0.100000 | Q:  43.467873 | won: True 
#  127 | steps: 30180 | steps_t: 60507 | t: 1866.768885 | r:  -897.000000 | e:   0.100000 | Q:  46.198250 | won: False 
#  128 | steps: 30473 | steps_t: 60746 | t: 1884.634378 | r:  -906.000000 | e:   0.100000 | Q:  49.160259 | won: False 
#  129 | steps: 30690 | steps_t: 60913 | t: 1896.556171 | r:  -979.000000 | e:   0.100000 | Q:  52.853218 | won: False 
#  130 | steps: 30991 | steps_t: 61160 | t: 1917.988692 | r:  1945.000000 | e:   0.100000 | Q:  52.919125 | won: True 
#  131 | steps: 31292 | steps_t: 61405 | t: 1936.597327 | r:  1990.000000 | e:   0.100000 | Q:  63.274181 | won: True 
#  132 | steps: 31460 | steps_t: 61531 | t: 1946.491321 | r:  -869.000000 | e:   0.100000 | Q:  61.309441 | won: False 
#  133 | steps: 31676 | steps_t: 61691 | t: 1959.050673 | r:  -892.000000 | e:   0.100000 | Q:  58.698334 | won: False 
#  134 | steps: 31891 | steps_t: 61855 | t: 1973.585541 | r: -1050.000000 | e:   0.100000 | Q:  57.004501 | won: False 
#  135 | steps: 32173 | steps_t: 62083 | t: 1995.828620 | r:  -882.000000 | e:   0.100000 | Q:  58.285957 | won: False 
#  136 | steps: 32455 | steps_t: 62309 | t: 2013.082580 | r:  -858.000000 | e:   0.100000 | Q:  57.799297 | won: False 
#  137 | steps: 32745 | steps_t: 62548 | t: 2032.486831 | r:  -826.000000 | e:   0.100000 | Q:  53.351799 | won: False 
#  138 | steps: 32973 | steps_t: 62726 | t: 2047.623509 | r:  -981.000000 | e:   0.100000 | Q:  42.475250 | won: False 
#  139 | steps: 33193 | steps_t: 62890 | t: 2060.594568 | r: -1135.000000 | e:   0.100000 | Q:  41.785084 | won: False 
#  140 | steps: 33494 | steps_t: 63141 | t: 2081.299885 | r:  2152.000000 | e:   0.100000 | Q:  40.058071 | won: True 
#  141 | steps: 33795 | steps_t: 63397 | t: 2101.862444 | r:  2275.000000 | e:   0.100000 | Q:  41.047070 | won: True 
#  142 | steps: 34019 | steps_t: 63565 | t: 2116.080723 | r:  -886.000000 | e:   0.100000 | Q:  37.018917 | won: False 
#  143 | steps: 34235 | steps_t: 63727 | t: 2128.736075 | r:  -974.000000 | e:   0.100000 | Q:  42.424122 | won: False 
#  144 | steps: 34403 | steps_t: 63850 | t: 2138.725578 | r:  -993.000000 | e:   0.100000 | Q:  44.553860 | won: False 
#  145 | steps: 34653 | steps_t: 64055 | t: 2155.408603 | r:  -968.000000 | e:   0.100000 | Q:  40.605221 | won: False 
#  146 | steps: 34868 | steps_t: 64219 | t: 2168.180401 | r:  -874.000000 | e:   0.100000 | Q:  38.652969 | won: False 
#  147 | steps: 35126 | steps_t: 64432 | t: 2184.229761 | r:  -783.000000 | e:   0.100000 | Q:  38.146893 | won: False 
#  148 | steps: 35294 | steps_t: 64559 | t: 2194.107207 | r:  -990.000000 | e:   0.100000 | Q:  36.469860 | won: False 
#  149 | steps: 35466 | steps_t: 64689 | t: 2203.951942 | r:  -854.000000 | e:   0.100000 | Q:  33.106030 | won: False 
#  150 | steps: 35634 | steps_t: 64816 | t: 2214.171300 | r: -1002.000000 | e:   0.100000 | Q:  31.980602 | won: False 
#  151 | steps: 35846 | steps_t: 64978 | t: 2228.776772 | r: -1024.000000 | e:   0.100000 | Q:  39.069500 | won: False 
#  152 | steps: 36081 | steps_t: 65162 | t: 2243.317568 | r:  -895.000000 | e:   0.100000 | Q:  37.750374 | won: False 
#  153 | steps: 36296 | steps_t: 65326 | t: 2255.199841 | r: -1029.000000 | e:   0.100000 | Q:  32.641808 | won: False 
#  154 | steps: 36464 | steps_t: 65449 | t: 2264.159055 | r:  -983.000000 | e:   0.100000 | Q:  30.998173 | won: False 
#  155 | steps: 36761 | steps_t: 65696 | t: 2285.778870 | r:  -861.000000 | e:   0.100000 | Q:  26.634346 | won: False 
#  156 | steps: 37062 | steps_t: 65946 | t: 2305.751648 | r:  2121.000000 | e:   0.100000 | Q:  24.850515 | won: True 
#  157 | steps: 37230 | steps_t: 66073 | t: 2316.832853 | r: -1008.000000 | e:   0.100000 | Q:  23.576010 | won: False 
#  158 | steps: 37400 | steps_t: 66202 | t: 2327.183152 | r:  -984.000000 | e:   0.100000 | Q:  25.345383 | won: False 
#  159 | steps: 37617 | steps_t: 66368 | t: 2343.186429 | r:  -898.000000 | e:   0.100000 | Q:  29.357338 | won: False 
#  160 | steps: 37908 | steps_t: 66609 | t: 2364.459313 | r:  -850.000000 | e:   0.100000 | Q:  29.797962 | won: False 
#  161 | steps: 38126 | steps_t: 66773 | t: 2379.758201 | r:  -901.000000 | e:   0.100000 | Q:  27.285238 | won: False 
#  162 | steps: 38427 | steps_t: 67019 | t: 2399.809343 | r:  2035.000000 | e:   0.100000 | Q:  29.435192 | won: True 
#  163 | steps: 38690 | steps_t: 67231 | t: 2416.915001 | r:  -982.000000 | e:   0.100000 | Q:  30.053886 | won: False 
#  164 | steps: 38907 | steps_t: 67397 | t: 2430.071716 | r: -1020.000000 | e:   0.100000 | Q:  26.283499 | won: False 
#  165 | steps: 39083 | steps_t: 67528 | t: 2439.503567 | r:  -860.000000 | e:   0.100000 | Q:  25.221691 | won: False 
#  166 | steps: 39255 | steps_t: 67658 | t: 2453.606852 | r:  -851.000000 | e:   0.100000 | Q:  31.271177 | won: False 
#  167 | steps: 39470 | steps_t: 67823 | t: 2468.456160 | r:  -896.000000 | e:   0.100000 | Q:  31.998686 | won: False 
#  168 | steps: 39771 | steps_t: 68069 | t: 2491.059630 | r:  2081.000000 | e:   0.100000 | Q:  27.004852 | won: True 
#  169 | steps: 40038 | steps_t: 68291 | t: 2511.524548 | r:  -910.000000 | e:   0.100000 | Q:  23.975824 | won: False 
#  170 | steps: 40206 | steps_t: 68417 | t: 2521.244724 | r:  -856.000000 | e:   0.100000 | Q:  19.996897 | won: False 
#  171 | steps: 40422 | steps_t: 68579 | t: 2534.641222 | r:  -903.000000 | e:   0.100000 | Q:  26.186182 | won: False 
#  172 | steps: 40594 | steps_t: 68710 | t: 2544.224733 | r:  -975.000000 | e:   0.100000 | Q:  26.841915 | won: False 
#  173 | steps: 40895 | steps_t: 68955 | t: 2564.150243 | r:  2087.000000 | e:   0.100000 | Q:  27.855068 | won: True 
#  174 | steps: 41196 | steps_t: 69215 | t: 2586.583977 | r:  1946.000000 | e:   0.100000 | Q:  26.936314 | won: True 
#  175 | steps: 41416 | steps_t: 69380 | t: 2600.405875 | r:  -899.000000 | e:   0.100000 | Q:  26.202209 | won: False 
#  176 | steps: 41717 | steps_t: 69627 | t: 2620.871775 | r:  2150.000000 | e:   0.100000 | Q:  26.873011 | won: True 
#  177 | steps: 42018 | steps_t: 69872 | t: 2646.178969 | r:  2177.000000 | e:   0.100000 | Q:  35.257919 | won: True 
#  178 | steps: 42319 | steps_t: 70128 | t: 2666.927269 | r:  2201.000000 | e:   0.100000 | Q:  36.601051 | won: True 
#  179 | steps: 42496 | steps_t: 70260 | t: 2676.571257 | r:  -856.000000 | e:   0.100000 | Q:  30.360899 | won: False 
#  180 | steps: 42712 | steps_t: 70420 | t: 2688.913395 | r:  -888.000000 | e:   0.100000 | Q:  32.369129 | won: False 
#  181 | steps: 42880 | steps_t: 70547 | t: 2698.598887 | r:  -861.000000 | e:   0.100000 | Q:  32.546314 | won: False 
#  182 | steps: 43152 | steps_t: 70777 | t: 2715.372114 | r:  -775.000000 | e:   0.100000 | Q:  32.019577 | won: False 
#  183 | steps: 43369 | steps_t: 70943 | t: 2730.270426 | r:  -895.000000 | e:   0.100000 | Q:  31.129637 | won: False 
#  184 | steps: 43585 | steps_t: 71109 | t: 2744.985437 | r:  -885.000000 | e:   0.100000 | Q:  36.598434 | won: False 
#  185 | steps: 43849 | steps_t: 71323 | t: 2763.597917 | r:  -872.000000 | e:   0.100000 | Q:  35.427444 | won: False 
#  186 | steps: 44044 | steps_t: 71476 | t: 2775.857886 | r:  -856.000000 | e:   0.100000 | Q:  31.639519 | won: False 
#  187 | steps: 44318 | steps_t: 71708 | t: 2794.611759 | r:  -903.000000 | e:   0.100000 | Q:  31.519257 | won: False 
#  188 | steps: 44488 | steps_t: 71837 | t: 2803.431541 | r:  -850.000000 | e:   0.100000 | Q:  31.253609 | won: False 
#  189 | steps: 44656 | steps_t: 71963 | t: 2813.524767 | r: -1130.000000 | e:   0.100000 | Q:  31.059105 | won: False 
#  190 | steps: 44875 | steps_t: 72132 | t: 2828.605047 | r:  -889.000000 | e:   0.100000 | Q:  30.502890 | won: False 
#  191 | steps: 45176 | steps_t: 72391 | t: 2867.321594 | r:  -407.000000 | e:   0.100000 | Q:  27.593781 | won: False 
#  192 | steps: 45477 | steps_t: 72642 | t: 2901.980256 | r:  2091.000000 | e:   0.100000 | Q:  22.069014 | won: True 
#  193 | steps: 45645 | steps_t: 72769 | t: 2922.031453 | r: -1019.000000 | e:   0.100000 | Q:  19.356880 | won: False 
#  194 | steps: 45860 | steps_t: 72933 | t: 2944.387381 | r:  -865.000000 | e:   0.100000 | Q:  19.584192 | won: False 
#  195 | steps: 46078 | steps_t: 73095 | t: 2967.131974 | r:  -895.000000 | e:   0.100000 | Q:  22.104164 | won: False 
#  196 | steps: 46379 | steps_t: 73351 | t: 3000.938534 | r:  2218.000000 | e:   0.100000 | Q:  20.665384 | won: True 
#  197 | steps: 46594 | steps_t: 73516 | t: 3023.747144 | r: -1052.000000 | e:   0.100000 | Q:  17.112923 | won: False 
#  198 | steps: 46872 | steps_t: 73752 | t: 3055.404788 | r:  -785.000000 | e:   0.100000 | Q:  13.528909 | won: False 
#  199 | steps: 47152 | steps_t: 73987 | t: 3087.937879 | r: -1042.000000 | e:   0.100000 | Q:  16.991564 | won: False 
#  200 | steps: 47434 | steps_t: 74215 | t: 3122.133026 | r:  -867.000000 | e:   0.100000 | Q:  24.666435 | won: False 
