#    1 | steps:   301 | steps_t:     0 | t: 1.988126 | r:  9401.000000 | e:   1.000000 | Q:        nan | won: True 
#    1 | steps:   301 | steps_t:     0 | t: 1.687633 | r:  9751.000000 | e:   1.000000 | Q:   0.106550 | won: True 
#    2 | steps:   602 | steps_t:   101 | t: 14.858595 | r: -1830.000000 | e:   0.998990 | Q:        nan | won: False 
#    2 | steps:   602 | steps_t:   101 | t: 14.627363 | r:  -847.000000 | e:   0.998990 | Q:        nan | won: False 
#    3 | steps:   899 | steps_t:   345 | t: 42.376782 | r: -3320.000000 | e:   0.996550 | Q:        nan | won: False 
#    3 | steps:   899 | steps_t:   347 | t: 42.151506 | r: -1444.000000 | e:   0.996530 | Q:        nan | won: False 
#    4 | steps:  1200 | steps_t:   596 | t: 72.861748 | r: -2340.000000 | e:   0.994040 | Q: 938.305725 | won: False 
#    4 | steps:  1200 | steps_t:   598 | t: 72.633523 | r:  -844.000000 | e:   0.994020 | Q:  91.666153 | won: False 
#    5 | steps:  1501 | steps_t:   847 | t: 101.739453 | r: -1010.000000 | e:   0.991530 | Q: 679.461304 | won: False 
#    5 | steps:  1501 | steps_t:   858 | t: 101.510541 | r:  -760.000000 | e:   0.991420 | Q: 211.711563 | won: False 
#    6 | steps:  1802 | steps_t:  1107 | t: 130.800315 | r: -2540.000000 | e:   0.988930 | Q: 1277.288574 | won: False 
#    6 | steps:  1802 | steps_t:  1117 | t: 130.576846 | r:  -759.000000 | e:   0.988830 | Q: 242.371887 | won: False 
#    7 | steps:  2016 | steps_t:  1272 | t: 148.954689 | r: -2410.000000 | e:   0.987280 | Q: 144.586945 | won: False 
#    7 | steps:  2016 | steps_t:  1280 | t: 148.714037 | r: -1358.000000 | e:   0.987200 | Q: 219.247452 | won: False 
#    8 | steps:  2236 | steps_t:  1438 | t: 167.631211 | r: -2540.000000 | e:   0.985620 | Q: 1012.396973 | won: False 
#    8 | steps:  2236 | steps_t:  1446 | t: 167.394959 | r: -1166.000000 | e:   0.985540 | Q: 279.610962 | won: False 
#    9 | steps:  2537 | steps_t:  1684 | t: 195.692713 | r: -2130.000000 | e:   0.983160 | Q: 140.041733 | won: False 
#    9 | steps:  2537 | steps_t:  1697 | t: 195.466356 | r:  -949.000000 | e:   0.983030 | Q:        nan | won: False 
#   10 | steps:  2838 | steps_t:  1932 | t: 224.298000 | r: -2350.000000 | e:   0.980680 | Q: 264.355011 | won: False 
#   10 | steps:  2838 | steps_t:  1957 | t: 224.062700 | r:  -760.000000 | e:   0.980430 | Q: 317.899597 | won: False 
#   11 | steps:  3139 | steps_t:  2179 | t: 252.196298 | r:  -620.000000 | e:   0.978210 | Q: 386.815796 | won: False 
#   11 | steps:  3139 | steps_t:  2203 | t: 251.965474 | r:  -845.000000 | e:   0.977970 | Q: 310.029907 | won: False 
#   12 | steps:  3440 | steps_t:  2436 | t: 280.942928 | r: -3070.000000 | e:   0.975640 | Q: 515.028381 | won: False 
#   12 | steps:  3440 | steps_t:  2459 | t: 280.710368 | r:  -756.000000 | e:   0.975410 | Q: 320.576324 | won: False 
#   13 | steps:  3741 | steps_t:  2697 | t: 309.979457 | r: -2920.000000 | e:   0.973030 | Q: 202.718323 | won: False 
#   13 | steps:  3741 | steps_t:  2706 | t: 309.746466 | r:  -744.000000 | e:   0.972940 | Q: 300.214447 | won: False 
#   14 | steps:  4042 | steps_t:  2958 | t: 339.757579 | r: -1730.000000 | e:   0.970420 | Q:  65.208984 | won: False 
#   14 | steps:  4042 | steps_t:  2966 | t: 339.525187 | r:  -760.000000 | e:   0.970340 | Q: 285.628967 | won: False 
#   15 | steps:  4343 | steps_t:  3218 | t: 368.046495 | r: -2520.000000 | e:   0.967820 | Q:  34.398094 | won: False 
#   15 | steps:  4343 | steps_t:  3212 | t: 367.819692 | r:  -845.000000 | e:   0.967880 | Q: 274.387085 | won: False 
#   16 | steps:  4623 | steps_t:  3444 | t: 393.908116 | r: -1010.000000 | e:   0.965560 | Q:  29.164005 | won: False 
#   16 | steps:  4622 | steps_t:  3449 | t: 393.683328 | r: -1237.000000 | e:   0.965510 | Q: 217.190323 | won: False 
#   17 | steps:  4903 | steps_t:  3669 | t: 419.923087 | r: -1500.000000 | e:   0.963310 | Q:  11.005576 | won: False 
#   17 | steps:  4902 | steps_t:  3679 | t: 419.694778 | r: -1329.000000 | e:   0.963210 | Q: 237.716934 | won: False 
#   18 | steps:  5204 | steps_t:  3930 | t: 449.731214 | r: -2470.000000 | e:   0.960700 | Q:   1.864922 | won: False 
#   18 | steps:  5203 | steps_t:  3935 | t: 449.501800 | r:  -756.000000 | e:   0.960650 | Q: 274.040802 | won: False 
#   19 | steps:  5505 | steps_t:  4177 | t: 476.237645 | r: -1160.000000 | e:   0.958230 | Q:   4.699924 | won: False 
#   19 | steps:  5504 | steps_t:  4180 | t: 476.004772 | r: -1036.000000 | e:   0.958200 | Q: 234.761429 | won: False 
#   20 | steps:  5806 | steps_t:  4438 | t: 507.573437 | r: -1950.000000 | e:   0.955620 | Q:  40.147316 | won: False 
#   20 | steps:  5805 | steps_t:  4439 | t: 507.352731 | r:  -759.000000 | e:   0.955610 | Q: 220.689606 | won: False 
#   21 | steps:  6026 | steps_t:  4605 | t: 528.067299 | r: -2220.000000 | e:   0.953950 | Q:  35.627625 | won: False 
#   21 | steps:  6024 | steps_t:  4607 | t: 527.824157 | r: -1168.000000 | e:   0.953930 | Q: 205.963928 | won: False 
#   22 | steps:  6327 | steps_t:  4857 | t: 559.423019 | r: -2880.000000 | e:   0.951430 | Q:  45.907101 | won: False 
#   22 | steps:  6325 | steps_t:  4852 | t: 559.217086 | r:  -832.000000 | e:   0.951480 | Q: 164.895996 | won: False 
#   23 | steps:  6542 | steps_t:  5019 | t: 580.318407 | r: -1179.000000 | e:   0.949810 | Q:  37.955395 | won: False 
#   23 | steps:  6540 | steps_t:  5011 | t: 580.078218 | r: -1243.000000 | e:   0.949890 | Q: 149.588486 | won: False 
#   24 | steps:  6843 | steps_t:  5276 | t: 613.698292 | r: -3070.000000 | e:   0.947240 | Q:  47.168659 | won: False 
#   24 | steps:  6841 | steps_t:  5262 | t: 613.466376 | r:  -850.000000 | e:   0.947380 | Q: 181.246994 | won: False 
#   25 | steps:  7144 | steps_t:  5524 | t: 648.268797 | r:  -830.000000 | e:   0.944760 | Q:  49.359058 | won: False 
#   25 | steps:  7142 | steps_t:  5522 | t: 648.044161 | r:  -760.000000 | e:   0.944780 | Q: 178.648331 | won: False 
#   26 | steps:  7425 | steps_t:  5755 | t: 675.966278 | r: -1147.000000 | e:   0.942450 | Q:  51.039547 | won: False 
#   26 | steps:  7422 | steps_t:  5748 | t: 675.737908 | r: -1419.000000 | e:   0.942520 | Q: 186.009293 | won: False 
#   27 | steps:  7726 | steps_t:  6007 | t: 707.231859 | r: -2130.000000 | e:   0.939930 | Q:  61.671940 | won: False 
#   27 | steps:  7723 | steps_t:  5998 | t: 706.991672 | r:  -945.000000 | e:   0.940020 | Q: 177.880844 | won: False 
#   28 | steps:  7989 | steps_t:  6220 | t: 733.404320 | r: -2689.000000 | e:   0.937800 | Q:  50.759624 | won: False 
#   28 | steps:  7985 | steps_t:  6209 | t: 733.168834 | r: -1295.000000 | e:   0.937910 | Q: 158.606125 | won: False 
#   29 | steps:  8204 | steps_t:  6391 | t: 753.496538 | r: -2710.000000 | e:   0.936090 | Q:  40.174072 | won: False 
#   29 | steps:  8200 | steps_t:  6373 | t: 753.267698 | r: -1353.000000 | e:   0.936270 | Q: 136.546951 | won: False 
#   30 | steps:  8465 | steps_t:  6599 | t: 778.958221 | r: -1810.000000 | e:   0.934010 | Q:  38.067364 | won: False 
#   30 | steps:  8460 | steps_t:  6582 | t: 778.747084 | r: -1308.000000 | e:   0.934180 | Q: 128.374191 | won: False 
#   31 | steps:  8766 | steps_t:  6846 | t: 810.111693 | r: -2210.000000 | e:   0.931540 | Q:  28.428677 | won: False 
#   31 | steps:  8760 | steps_t:  6831 | t: 809.876388 | r: -1348.000000 | e:   0.931690 | Q:  96.785561 | won: False 
#   32 | steps:  8986 | steps_t:  7012 | t: 831.282106 | r:   220.000000 | e:   0.929880 | Q:  22.120621 | won: False 
#   32 | steps:  8979 | steps_t:  7008 | t: 831.041794 | r: -1276.000000 | e:   0.929920 | Q:  80.394218 | won: False 
#   33 | steps:  9287 | steps_t:  7260 | t: 863.684798 | r: -2540.000000 | e:   0.927400 | Q:  29.384993 | won: False 
#   33 | steps:  9280 | steps_t:  7268 | t: 863.434552 | r:  -760.000000 | e:   0.927320 | Q:  65.959167 | won: False 
#   34 | steps:  9501 | steps_t:  7424 | t: 882.704079 | r: -2249.000000 | e:   0.925760 | Q:  28.749670 | won: False 
#   34 | steps:  9494 | steps_t:  7431 | t: 882.457078 | r: -1247.000000 | e:   0.925690 | Q:  73.724304 | won: False 
#   35 | steps:  9720 | steps_t:  7603 | t: 902.578497 | r: -1560.000000 | e:   0.923970 | Q:  12.352480 | won: False 
#   35 | steps:  9713 | steps_t:  7594 | t: 902.332525 | r: -1358.000000 | e:   0.924060 | Q:  65.410591 | won: False 
#   36 | steps:  9939 | steps_t:  7767 | t: 922.830938 | r: -1090.000000 | e:   0.922330 | Q:  13.550092 | won: False 
#   36 | steps:  9931 | steps_t:  7762 | t: 922.593966 | r: -1366.000000 | e:   0.922380 | Q:  41.450516 | won: False 
#   37 | steps: 10157 | steps_t:  7935 | t: 944.280160 | r: -2190.000000 | e:   0.920650 | Q:  10.331675 | won: False 
#   37 | steps: 10149 | steps_t:  7926 | t: 944.038711 | r: -1164.000000 | e:   0.920740 | Q:  38.267208 | won: False 
#   38 | steps: 10375 | steps_t:  8098 | t: 964.959158 | r: -1970.000000 | e:   0.919020 | Q:  -0.903869 | won: False 
#   38 | steps: 10366 | steps_t:  8088 | t: 964.721203 | r: -1261.000000 | e:   0.919120 | Q:  28.105705 | won: False 
#   39 | steps: 10652 | steps_t:  8322 | t: 991.405043 | r: -1320.000000 | e:   0.916780 | Q:  -1.290739 | won: False 
#   39 | steps: 10643 | steps_t:  8311 | t: 991.165281 | r: -1418.000000 | e:   0.916890 | Q:  14.360465 | won: False 
#   40 | steps: 10871 | steps_t:  8492 | t: 1010.921967 | r:   -60.000000 | e:   0.915080 | Q:   1.961975 | won: False 
#   40 | steps: 10861 | steps_t:  8473 | t: 1010.682992 | r: -1250.000000 | e:   0.915270 | Q:  13.533010 | won: False 
#   41 | steps: 11168 | steps_t:  8739 | t: 1041.583777 | r: -1338.000000 | e:   0.912610 | Q:  -5.826235 | won: False 
#   41 | steps: 11157 | steps_t:  8728 | t: 1041.342354 | r: -1325.000000 | e:   0.912720 | Q:  13.220670 | won: False 
#   42 | steps: 11387 | steps_t:  8904 | t: 1063.684126 | r: -1380.000000 | e:   0.910960 | Q:  -9.597198 | won: False 
#   42 | steps: 11376 | steps_t:  8897 | t: 1063.445815 | r: -1268.000000 | e:   0.911030 | Q:   5.582288 | won: False 
#   43 | steps: 11688 | steps_t:  9165 | t: 1094.685757 | r: -2790.000000 | e:   0.908350 | Q: -12.223913 | won: False 
#   43 | steps: 11677 | steps_t:  9143 | t: 1094.442549 | r:  -845.000000 | e:   0.908570 | Q:   5.438624 | won: False 
#   44 | steps: 11989 | steps_t:  9422 | t: 1124.988129 | r: -1370.000000 | e:   0.905780 | Q:  -9.325923 | won: False 
#   44 | steps: 11978 | steps_t:  9394 | t: 1124.741664 | r:  -949.000000 | e:   0.906060 | Q:  -1.905350 | won: False 
#   45 | steps: 12290 | steps_t:  9674 | t: 1155.608646 | r: -2760.000000 | e:   0.903260 | Q: -15.287306 | won: False 
#   45 | steps: 12279 | steps_t:  9639 | t: 1155.375919 | r:  -844.000000 | e:   0.903610 | Q:  -3.881282 | won: False 
#   46 | steps: 12591 | steps_t:  9921 | t: 1187.447193 | r:  9112.000000 | e:   0.900790 | Q: -18.755169 | won: True 
#   46 | steps: 12580 | steps_t:  9895 | t: 1187.204044 | r:  9747.000000 | e:   0.901050 | Q: -10.485240 | won: True 
#   47 | steps: 12810 | steps_t: 10096 | t: 1207.251630 | r: -1410.000000 | e:   0.899040 | Q:  -8.632030 | won: False 
#   47 | steps: 12799 | steps_t: 10058 | t: 1207.009712 | r: -1262.000000 | e:   0.899420 | Q: -16.609386 | won: False 
#   48 | steps: 13110 | steps_t: 10342 | t: 1238.673488 | r: -3240.000000 | e:   0.896580 | Q: -15.040031 | won: False 
#   48 | steps: 13099 | steps_t: 10316 | t: 1238.428077 | r: -1258.000000 | e:   0.896840 | Q: -14.772338 | won: False 
#   49 | steps: 13411 | steps_t: 10590 | t: 1270.234839 | r: -2330.000000 | e:   0.894100 | Q: -12.270862 | won: False 
#   49 | steps: 13400 | steps_t: 10561 | t: 1270.004672 | r:  -844.000000 | e:   0.894390 | Q: -10.569519 | won: False 
#   50 | steps: 13627 | steps_t: 10751 | t: 1291.454598 | r: -2249.000000 | e:   0.892490 | Q:  -8.805514 | won: False 
#   50 | steps: 13615 | steps_t: 10720 | t: 1291.206277 | r: -1144.000000 | e:   0.892800 | Q:  -8.110524 | won: False 
#   51 | steps: 13798 | steps_t: 10881 | t: 1306.826365 | r:  -960.000000 | e:   0.891190 | Q: -11.061470 | won: False 
#   51 | steps: 13785 | steps_t: 10849 | t: 1306.582733 | r: -1129.000000 | e:   0.891510 | Q:  -5.102972 | won: False 
#   52 | steps: 13967 | steps_t: 11009 | t: 1321.717052 | r: -1320.000000 | e:   0.889910 | Q: -10.274610 | won: False 
#   52 | steps: 13953 | steps_t: 10975 | t: 1321.478901 | r: -1120.000000 | e:   0.890250 | Q:  -4.696470 | won: False 
#   53 | steps: 14268 | steps_t: 11260 | t: 1351.482968 | r: -2270.000000 | e:   0.887400 | Q:  -7.804013 | won: False 
#   53 | steps: 14254 | steps_t: 11220 | t: 1351.238034 | r:  -844.000000 | e:   0.887800 | Q:  -3.977431 | won: False 
#   54 | steps: 14539 | steps_t: 11490 | t: 1378.793746 | r: -2420.000000 | e:   0.885100 | Q: -12.576849 | won: False 
#   54 | steps: 14524 | steps_t: 11448 | t: 1378.556061 | r: -1228.000000 | e:   0.885520 | Q:  -5.443578 | won: False 
#   55 | steps: 14840 | steps_t: 11742 | t: 1412.240295 | r:  9021.000000 | e:   0.882580 | Q: -28.917887 | won: True 
#   55 | steps: 14825 | steps_t: 11699 | t: 1412.010723 | r:  9652.000000 | e:   0.883010 | Q:  -6.289096 | won: True 
#   56 | steps: 15141 | steps_t: 11993 | t: 1442.011704 | r: -1490.000000 | e:   0.880070 | Q: -49.552917 | won: False 
#   56 | steps: 15126 | steps_t: 11945 | t: 1441.778197 | r:  -845.000000 | e:   0.880550 | Q:  -6.774768 | won: False 
#   57 | steps: 15442 | steps_t: 12253 | t: 1476.506760 | r:  -560.000000 | e:   0.877470 | Q: -30.688293 | won: False 
#   57 | steps: 15427 | steps_t: 12201 | t: 1476.274258 | r:  -756.000000 | e:   0.877990 | Q:  -7.834826 | won: False 
#   58 | steps: 15743 | steps_t: 12513 | t: 1508.903658 | r: -2080.000000 | e:   0.874870 | Q: -31.402491 | won: False 
#   58 | steps: 15728 | steps_t: 12447 | t: 1508.670040 | r:  -746.000000 | e:   0.875530 | Q:  -5.767075 | won: False 
#   59 | steps: 15913 | steps_t: 12643 | t: 1523.079594 | r: -1060.000000 | e:   0.873570 | Q: -43.679211 | won: False 
#   59 | steps: 15898 | steps_t: 12572 | t: 1523.057773 | r: -1125.000000 | e:   0.874280 | Q:  -2.311278 | won: False 
#   60 | steps: 16214 | steps_t: 12889 | t: 1572.336619 | r: -3100.000000 | e:   0.871110 | Q: -40.283585 | won: False 
#   60 | steps: 16199 | steps_t: 12828 | t: 1572.107287 | r:  -756.000000 | e:   0.871720 | Q:  -2.640332 | won: False 
