#    1 | steps:   282 | steps_t:   181 | t: 14.924642 | r:  -877.000000 | e:   0.996380 | Q:   0.150370 | won: False 
#    2 | steps:   583 | steps_t:   431 | t: 34.214847 | r:  2278.000000 | e:   0.991380 | Q:        nan | won: True 
#    3 | steps:   884 | steps_t:   676 | t: 53.072116 | r:  2389.000000 | e:   0.986480 | Q: 258.153778 | won: True 
#    4 | steps:  1185 | steps_t:   927 | t: 72.587505 | r:  1990.000000 | e:   0.981460 | Q: 2765.645020 | won: True 
#    5 | steps:  1486 | steps_t:  1183 | t: 91.999970 | r:  2179.000000 | e:   0.976340 | Q: 2602.362305 | won: True 
#    6 | steps:  1787 | steps_t:  1443 | t: 110.768181 | r:  2501.000000 | e:   0.971140 | Q: 2010.572998 | won: True 
#    7 | steps:  2088 | steps_t:  1702 | t: 129.064100 | r:  2629.000000 | e:   0.965960 | Q: 1576.828125 | won: True 
#    8 | steps:  2384 | steps_t:  1947 | t: 147.239340 | r:  -566.000000 | e:   0.961060 | Q: 1276.145752 | won: False 
#    9 | steps:  2685 | steps_t:  2192 | t: 165.638575 | r:  2044.000000 | e:   0.956160 | Q: 1050.325439 | won: True 
#   10 | steps:  2957 | steps_t:  2419 | t: 181.279707 | r:  -660.000000 | e:   0.951620 | Q: 894.387085 | won: False 
#   11 | steps:  3125 | steps_t:  2545 | t: 190.067790 | r:  -559.000000 | e:   0.949100 | Q: 774.792603 | won: False 
#   12 | steps:  3293 | steps_t:  2668 | t: 198.902037 | r:  -558.000000 | e:   0.946640 | Q: 706.720581 | won: False 
#   13 | steps:  3514 | steps_t:  2833 | t: 210.180917 | r:  -572.000000 | e:   0.943340 | Q: 648.484009 | won: False 
#   14 | steps:  3729 | steps_t:  2998 | t: 223.515300 | r:  -839.000000 | e:   0.940040 | Q: 583.852783 | won: False 
#   15 | steps:  3945 | steps_t:  3158 | t: 235.392715 | r:  -718.000000 | e:   0.936840 | Q: 514.739136 | won: False 
#   16 | steps:  4160 | steps_t:  3323 | t: 247.801788 | r:  -579.000000 | e:   0.933540 | Q: 459.546875 | won: False 
#   17 | steps:  4376 | steps_t:  3484 | t: 260.072741 | r:  -725.000000 | e:   0.930320 | Q: 412.859192 | won: False 
#   18 | steps:  4544 | steps_t:  3607 | t: 269.989648 | r:  -738.000000 | e:   0.927860 | Q: 385.144043 | won: False 
#   19 | steps:  4714 | steps_t:  3735 | t: 278.566725 | r:  -560.000000 | e:   0.925300 | Q: 364.580078 | won: False 
#   20 | steps:  4882 | steps_t:  3858 | t: 287.260129 | r:  -558.000000 | e:   0.922840 | Q: 358.355652 | won: False 
#   21 | steps:  5102 | steps_t:  4022 | t: 299.838619 | r:  -839.000000 | e:   0.919560 | Q: 408.037933 | won: False 
#   22 | steps:  5403 | steps_t:  4267 | t: 318.943450 | r:  2682.000000 | e:   0.914660 | Q: 331.904663 | won: True 
#   23 | steps:  5704 | steps_t:  4514 | t: 337.497598 | r:  1754.000000 | e:   0.909720 | Q: 306.806152 | won: True 
#   24 | steps:  6005 | steps_t:  4765 | t: 355.421990 | r:  2465.000000 | e:   0.904700 | Q: 309.679596 | won: True 
#   25 | steps:  6306 | steps_t:  5024 | t: 373.784039 | r:  2893.000000 | e:   0.899520 | Q: 373.994324 | won: True 
#   26 | steps:  6607 | steps_t:  5274 | t: 393.035946 | r:  2399.000000 | e:   0.894520 | Q: 380.265900 | won: True 
#   27 | steps:  6908 | steps_t:  5525 | t: 411.240460 | r:  2433.000000 | e:   0.889500 | Q: 314.227051 | won: True 
#   28 | steps:  7209 | steps_t:  5770 | t: 429.588331 | r:  2565.000000 | e:   0.884600 | Q: 342.506348 | won: True 
#   29 | steps:  7424 | steps_t:  5935 | t: 442.421204 | r: -1002.000000 | e:   0.881300 | Q: 371.614929 | won: False 
#   30 | steps:  7641 | steps_t:  6101 | t: 454.226644 | r:  -576.000000 | e:   0.877980 | Q: 358.316345 | won: False 
#   31 | steps:  7942 | steps_t:  6351 | t: 475.110962 | r:  2177.000000 | e:   0.872980 | Q: 506.437653 | won: True 
#   32 | steps:  8114 | steps_t:  6481 | t: 484.471474 | r:  -849.000000 | e:   0.870380 | Q: 455.544708 | won: False 
#   33 | steps:  8330 | steps_t:  6643 | t: 495.874856 | r:  -886.000000 | e:   0.867140 | Q: 313.891785 | won: False 
#   34 | steps:  8498 | steps_t:  6769 | t: 505.717522 | r:  -846.000000 | e:   0.864620 | Q: 308.417633 | won: False 
#   35 | steps:  8757 | steps_t:  6977 | t: 522.653638 | r:  -820.000000 | e:   0.860460 | Q: 260.438782 | won: False 
#   36 | steps:  8977 | steps_t:  7142 | t: 534.823042 | r:  -439.000000 | e:   0.857160 | Q: 278.607605 | won: False 
#   37 | steps:  9194 | steps_t:  7309 | t: 547.088875 | r:  -328.000000 | e:   0.853820 | Q: 248.866089 | won: False 
#   38 | steps:  9495 | steps_t:  7554 | t: 566.751601 | r:  2156.000000 | e:   0.848920 | Q: 539.317993 | won: True 
#   39 | steps:  9791 | steps_t:  7796 | t: 584.026985 | r:  -437.000000 | e:   0.844080 | Q: 339.712280 | won: False 
#   40 | steps: 10006 | steps_t:  7961 | t: 596.623092 | r:  -742.000000 | e:   0.840780 | Q: 354.398102 | won: False 
#   41 | steps: 10226 | steps_t:  8125 | t: 609.619515 | r: -1126.000000 | e:   0.837500 | Q: 476.972443 | won: False 
#   42 | steps: 10445 | steps_t:  8294 | t: 622.915707 | r:  -576.000000 | e:   0.834120 | Q: 329.894287 | won: False 
#   43 | steps: 10665 | steps_t:  8460 | t: 634.138365 | r:  -446.000000 | e:   0.830800 | Q: 255.056747 | won: False 
#   44 | steps: 10880 | steps_t:  8625 | t: 646.055724 | r:  -609.000000 | e:   0.827500 | Q: 308.003784 | won: False 
#   45 | steps: 11095 | steps_t:  8789 | t: 658.291574 | r:  -446.000000 | e:   0.824220 | Q: 391.311279 | won: False 
#   46 | steps: 11396 | steps_t:  9040 | t: 677.681558 | r:  2695.000000 | e:   0.819200 | Q: 468.859955 | won: True 
#   47 | steps: 11566 | steps_t:  9165 | t: 687.804856 | r: -1130.000000 | e:   0.816700 | Q: 177.364700 | won: False 
#   48 | steps: 11784 | steps_t:  9327 | t: 700.932951 | r:  -963.000000 | e:   0.813460 | Q: 294.956757 | won: False 
#   49 | steps: 11952 | steps_t:  9450 | t: 709.925343 | r:  -863.000000 | e:   0.811000 | Q: 365.306824 | won: False 
#   50 | steps: 12120 | steps_t:  9573 | t: 717.879043 | r:  -561.000000 | e:   0.808540 | Q: 355.856293 | won: False 
#   51 | steps: 12387 | steps_t:  9795 | t: 732.411222 | r:  -419.000000 | e:   0.804100 | Q: 210.865936 | won: False 
#   52 | steps: 12646 | steps_t: 10009 | t: 748.414337 | r:  -553.000000 | e:   0.799820 | Q: 232.643341 | won: False 
#   53 | steps: 12947 | steps_t: 10259 | t: 766.283745 | r:  2554.000000 | e:   0.794820 | Q: 276.398987 | won: True 
#   54 | steps: 13248 | steps_t: 10519 | t: 786.958783 | r:  1892.000000 | e:   0.789620 | Q: 290.513763 | won: True 
#   55 | steps: 13464 | steps_t: 10680 | t: 799.835944 | r:  -839.000000 | e:   0.786400 | Q: 259.569489 | won: False 
#   56 | steps: 13680 | steps_t: 10842 | t: 812.255640 | r:  -583.000000 | e:   0.783160 | Q: 601.321594 | won: False 
#   57 | steps: 13981 | steps_t: 11092 | t: 831.823536 | r:  2323.000000 | e:   0.778160 | Q: 238.234146 | won: True 
#   58 | steps: 14197 | steps_t: 11252 | t: 844.699829 | r:  -840.000000 | e:   0.774960 | Q: 524.260864 | won: False 
#   59 | steps: 14498 | steps_t: 11512 | t: 863.222456 | r:  2641.000000 | e:   0.769760 | Q: 438.732330 | won: True 
#   60 | steps: 14799 | steps_t: 11772 | t: 882.555520 | r:  2749.000000 | e:   0.764560 | Q: 241.138657 | won: True 
#   61 | steps: 15100 | steps_t: 12017 | t: 900.494035 | r:  2313.000000 | e:   0.759660 | Q: 191.860107 | won: True 
#   62 | steps: 15318 | steps_t: 12184 | t: 914.256623 | r:  -838.000000 | e:   0.756320 | Q: 200.090012 | won: False 
#   63 | steps: 15537 | steps_t: 12352 | t: 926.468992 | r:  -454.000000 | e:   0.752960 | Q: 401.000244 | won: False 
#   64 | steps: 15707 | steps_t: 12477 | t: 935.599377 | r:  -556.000000 | e:   0.750460 | Q: 302.623352 | won: False 
#   65 | steps: 15922 | steps_t: 12641 | t: 948.431736 | r:  -455.000000 | e:   0.747180 | Q: 334.943573 | won: False 
#   66 | steps: 16223 | steps_t: 12891 | t: 967.146476 | r:  2474.000000 | e:   0.742180 | Q: 232.234497 | won: True 
#   67 | steps: 16524 | steps_t: 13150 | t: 986.425601 | r:  2078.000000 | e:   0.737000 | Q: 485.589508 | won: True 
#   68 | steps: 16786 | steps_t: 13371 | t: 1002.114103 | r:  -571.000000 | e:   0.732580 | Q: 514.402710 | won: False 
#   69 | steps: 16954 | steps_t: 13494 | t: 1011.049353 | r:  -982.000000 | e:   0.730120 | Q: 352.461395 | won: False 
#   70 | steps: 17175 | steps_t: 13664 | t: 1024.209478 | r:  -445.000000 | e:   0.726720 | Q: 319.352966 | won: False 
#   71 | steps: 17345 | steps_t: 13793 | t: 1033.515127 | r:  -718.000000 | e:   0.724140 | Q: 259.464539 | won: False 
#   72 | steps: 17646 | steps_t: 14043 | t: 1054.656199 | r:  2174.000000 | e:   0.719140 | Q: 331.094055 | won: True 
#   73 | steps: 17947 | steps_t: 14294 | t: 1076.031477 | r:  1884.000000 | e:   0.714120 | Q: 424.157776 | won: True 
#   74 | steps: 18248 | steps_t: 14553 | t: 1097.144409 | r:  2628.000000 | e:   0.708940 | Q: 510.874512 | won: True 
#   75 | steps: 18549 | steps_t: 14804 | t: 1117.451502 | r:  2332.000000 | e:   0.703920 | Q: 318.169739 | won: True 
#   76 | steps: 18850 | steps_t: 15050 | t: 1135.742527 | r:  2433.000000 | e:   0.699000 | Q: 199.706604 | won: True 
#   77 | steps: 19103 | steps_t: 15262 | t: 1150.409998 | r:  -529.000000 | e:   0.694760 | Q: 375.058838 | won: False 
#   78 | steps: 19273 | steps_t: 15391 | t: 1159.892753 | r:  -698.000000 | e:   0.692180 | Q: 202.876678 | won: False 
#   79 | steps: 19441 | steps_t: 15514 | t: 1168.749300 | r:  -558.000000 | e:   0.689720 | Q: 101.015739 | won: False 
#   80 | steps: 19658 | steps_t: 15675 | t: 1181.990852 | r:  -579.000000 | e:   0.686500 | Q: 124.314133 | won: False 
#   81 | steps: 19959 | steps_t: 15931 | t: 1202.297828 | r:  1999.000000 | e:   0.681380 | Q: 287.599548 | won: True 
#   82 | steps: 20127 | steps_t: 16058 | t: 1211.739637 | r:  -561.000000 | e:   0.678840 | Q: 394.371033 | won: False 
#   83 | steps: 20428 | steps_t: 16303 | t: 1230.275025 | r:  2448.000000 | e:   0.673940 | Q: 390.645386 | won: True 
#   84 | steps: 20677 | steps_t: 16510 | t: 1246.366163 | r: -1110.000000 | e:   0.669800 | Q: 621.562744 | won: False 
#   85 | steps: 20978 | steps_t: 16756 | t: 1265.794098 | r:  2139.000000 | e:   0.664880 | Q: 454.923187 | won: True 
#   86 | steps: 21257 | steps_t: 16984 | t: 1282.690109 | r:  -155.000000 | e:   0.660320 | Q: 197.781265 | won: False 
#   87 | steps: 21558 | steps_t: 17240 | t: 1301.928552 | r:  2522.000000 | e:   0.655200 | Q: 330.577667 | won: True 
#   88 | steps: 21859 | steps_t: 17496 | t: 1321.327479 | r:  2585.000000 | e:   0.650080 | Q: 253.976929 | won: True 
#   89 | steps: 22027 | steps_t: 17619 | t: 1330.591221 | r:  -557.000000 | e:   0.647620 | Q: 215.823380 | won: False 
#   90 | steps: 22243 | steps_t: 17779 | t: 1343.390183 | r:  -849.000000 | e:   0.644420 | Q: 308.406281 | won: False 
#   91 | steps: 22462 | steps_t: 17948 | t: 1355.309531 | r:  -575.000000 | e:   0.641040 | Q: 308.104584 | won: False 
#   92 | steps: 22763 | steps_t: 18208 | t: 1375.862138 | r:  2201.000000 | e:   0.635840 | Q: 453.341858 | won: True 
#   93 | steps: 22931 | steps_t: 18334 | t: 1384.174036 | r:  -425.000000 | e:   0.633320 | Q: 183.954224 | won: False 
#   94 | steps: 23232 | steps_t: 18580 | t: 1402.988327 | r:  2318.000000 | e:   0.628400 | Q: 133.938324 | won: True 
#   95 | steps: 23533 | steps_t: 18840 | t: 1420.325284 | r:  2894.000000 | e:   0.623200 | Q: 153.649628 | won: True 
#   96 | steps: 23701 | steps_t: 18967 | t: 1429.668922 | r:  -714.000000 | e:   0.620660 | Q: 136.098862 | won: False 
#   97 | steps: 23919 | steps_t: 19131 | t: 1442.032562 | r:  -579.000000 | e:   0.617380 | Q: 390.600372 | won: False 
#   98 | steps: 24220 | steps_t: 19387 | t: 1463.147248 | r:  -377.000000 | e:   0.612260 | Q: 452.151581 | won: False 
#   99 | steps: 24388 | steps_t: 19510 | t: 1471.431587 | r:  -585.000000 | e:   0.609800 | Q: 472.620026 | won: False 
#  100 | steps: 24626 | steps_t: 19694 | t: 1484.211240 | r:  -423.000000 | e:   0.606120 | Q: 402.951935 | won: False 
#  101 | steps: 24841 | steps_t: 19858 | t: 1497.257680 | r:  -842.000000 | e:   0.602840 | Q: 410.191925 | won: False 
#  102 | steps: 25062 | steps_t: 20023 | t: 1510.480048 | r:  -972.000000 | e:   0.599540 | Q: 413.909485 | won: False 
#  103 | steps: 25363 | steps_t: 20270 | t: 1528.153211 | r:  2545.000000 | e:   0.594600 | Q: 287.216949 | won: True 
#  104 | steps: 25581 | steps_t: 20433 | t: 1540.161479 | r:  -859.000000 | e:   0.591340 | Q: 454.411682 | won: False 
#  105 | steps: 25882 | steps_t: 20678 | t: 1559.451656 | r:  2473.000000 | e:   0.586440 | Q: 449.997406 | won: True 
#  106 | steps: 26050 | steps_t: 20804 | t: 1568.519687 | r:  -689.000000 | e:   0.583920 | Q: 250.717712 | won: False 
#  107 | steps: 26218 | steps_t: 20927 | t: 1577.388901 | r:  -559.000000 | e:   0.581460 | Q: 240.405090 | won: False 
#  108 | steps: 26433 | steps_t: 21091 | t: 1590.312686 | r:  -708.000000 | e:   0.578180 | Q: 199.490204 | won: False 
#  109 | steps: 26734 | steps_t: 21341 | t: 1608.285585 | r:  2567.000000 | e:   0.573180 | Q: 379.191071 | won: True 
#  110 | steps: 27035 | steps_t: 21586 | t: 1625.539144 | r:  2310.000000 | e:   0.568280 | Q: 443.209747 | won: True 
#  111 | steps: 27205 | steps_t: 21715 | t: 1634.824196 | r:  -556.000000 | e:   0.565700 | Q: 470.384094 | won: False 
#  112 | steps: 27506 | steps_t: 21965 | t: 1654.207918 | r:  2567.000000 | e:   0.560700 | Q: 335.605347 | won: True 
#  113 | steps: 27674 | steps_t: 22091 | t: 1664.808817 | r:  -845.000000 | e:   0.558180 | Q: 289.953156 | won: False 
#  114 | steps: 27890 | steps_t: 22251 | t: 1678.313163 | r:  -440.000000 | e:   0.554980 | Q: 284.460693 | won: False 
#  115 | steps: 28107 | steps_t: 22413 | t: 1692.585156 | r:  -705.000000 | e:   0.551740 | Q: 262.394348 | won: False 
#  116 | steps: 28323 | steps_t: 22574 | t: 1704.980684 | r:  -574.000000 | e:   0.548520 | Q: 199.897324 | won: False 
#  117 | steps: 28624 | steps_t: 22834 | t: 1725.289434 | r:  2221.000000 | e:   0.543320 | Q: 173.100082 | won: True 
#  118 | steps: 28841 | steps_t: 23000 | t: 1737.822227 | r:  -730.000000 | e:   0.540000 | Q:  83.594482 | won: False 
#  119 | steps: 29101 | steps_t: 23205 | t: 1754.683526 | r:  -688.000000 | e:   0.535900 | Q: 178.099487 | won: False 
#  120 | steps: 29313 | steps_t: 23362 | t: 1767.409255 | r:  -707.000000 | e:   0.532760 | Q: 245.514709 | won: False 
#  121 | steps: 29529 | steps_t: 23523 | t: 1779.278515 | r:  -590.000000 | e:   0.529540 | Q: 310.792938 | won: False 
#  122 | steps: 29701 | steps_t: 23654 | t: 1789.475678 | r:  -426.000000 | e:   0.526920 | Q: 380.474426 | won: False 
#  123 | steps: 30002 | steps_t: 23914 | t: 1809.898807 | r:  2501.000000 | e:   0.521720 | Q: 235.302963 | won: True 
#  124 | steps: 30220 | steps_t: 24076 | t: 1822.632597 | r:  -450.000000 | e:   0.518480 | Q: 162.307358 | won: False 
#  125 | steps: 30521 | steps_t: 24321 | t: 1843.683678 | r:  1755.000000 | e:   0.513580 | Q: 156.849670 | won: True 
#  126 | steps: 30741 | steps_t: 24487 | t: 1857.111866 | r:  -967.000000 | e:   0.510260 | Q: 277.976837 | won: False 
#  127 | steps: 30957 | steps_t: 24647 | t: 1869.767096 | r:  -708.000000 | e:   0.507060 | Q: 255.058640 | won: False 
#  128 | steps: 31258 | steps_t: 24903 | t: 1888.714296 | r:  2647.000000 | e:   0.501940 | Q: 291.918213 | won: True 
#  129 | steps: 31478 | steps_t: 25068 | t: 1901.808832 | r:  -829.000000 | e:   0.498640 | Q: 223.453506 | won: False 
#  130 | steps: 31650 | steps_t: 25195 | t: 1911.009069 | r:  -839.000000 | e:   0.496100 | Q: 268.462646 | won: False 
#  131 | steps: 31865 | steps_t: 25360 | t: 1924.706582 | r:  -735.000000 | e:   0.492800 | Q: 286.719727 | won: False 
#  132 | steps: 32082 | steps_t: 25526 | t: 1936.444898 | r:  -306.000000 | e:   0.489480 | Q: 338.846069 | won: False 
#  133 | steps: 32376 | steps_t: 25766 | t: 1956.307182 | r:  -694.000000 | e:   0.484680 | Q: 287.450806 | won: False 
#  134 | steps: 32544 | steps_t: 25893 | t: 1966.256119 | r:  -837.000000 | e:   0.482140 | Q: 245.647415 | won: False 
#  135 | steps: 32760 | steps_t: 26053 | t: 1978.812945 | r:  -954.000000 | e:   0.478940 | Q: 448.899109 | won: False 
#  136 | steps: 32928 | steps_t: 26180 | t: 1987.866917 | r:  -558.000000 | e:   0.476400 | Q: 161.511154 | won: False 
#  137 | steps: 33146 | steps_t: 26343 | t: 1999.683854 | r:  -309.000000 | e:   0.473140 | Q:  88.426643 | won: False 
#  138 | steps: 33447 | steps_t: 26594 | t: 2019.372171 | r:  2185.000000 | e:   0.468120 | Q:  74.625443 | won: True 
#  139 | steps: 33745 | steps_t: 26842 | t: 2036.960999 | r:  -307.000000 | e:   0.463160 | Q: 118.066597 | won: False 
#  140 | steps: 33960 | steps_t: 27007 | t: 2050.643627 | r:  -958.000000 | e:   0.459860 | Q: 455.736969 | won: False 
#  141 | steps: 34128 | steps_t: 27133 | t: 2061.424513 | r:  -718.000000 | e:   0.457340 | Q: 1304.182007 | won: False 
#  142 | steps: 34429 | steps_t: 27380 | t: 2081.200242 | r:  2169.000000 | e:   0.452400 | Q: 1304.701538 | won: True 
#  143 | steps: 34646 | steps_t: 27541 | t: 2095.077560 | r:  -982.000000 | e:   0.449180 | Q: 794.739258 | won: False 
#  144 | steps: 34947 | steps_t: 27792 | t: 2112.113606 | r:  2580.000000 | e:   0.444160 | Q: 716.333740 | won: True 
#  145 | steps: 35167 | steps_t: 27958 | t: 2123.386291 | r:  -597.000000 | e:   0.440840 | Q: 558.501099 | won: False 
#  146 | steps: 35383 | steps_t: 28119 | t: 2135.083204 | r:  -726.000000 | e:   0.437620 | Q: 669.816162 | won: False 
#  147 | steps: 35600 | steps_t: 28281 | t: 2147.749687 | r:  -836.000000 | e:   0.434380 | Q: 538.068665 | won: False 
#  148 | steps: 35901 | steps_t: 28537 | t: 2164.544483 | r:  2900.000000 | e:   0.429260 | Q: 405.650238 | won: True 
#  149 | steps: 36121 | steps_t: 28703 | t: 2176.273100 | r:  -311.000000 | e:   0.425940 | Q: 408.007172 | won: False 
#  150 | steps: 36382 | steps_t: 28919 | t: 2193.810837 | r:  -254.000000 | e:   0.421620 | Q: 503.184387 | won: False 
#  151 | steps: 36598 | steps_t: 29079 | t: 2206.409723 | r:  -476.000000 | e:   0.418420 | Q: 643.626404 | won: False 
#  152 | steps: 36769 | steps_t: 29209 | t: 2216.933850 | r:  -968.000000 | e:   0.415820 | Q: 660.186157 | won: False 
#  153 | steps: 36941 | steps_t: 29336 | t: 2225.472269 | r:  -431.000000 | e:   0.413280 | Q: 595.414246 | won: False 
#  154 | steps: 37157 | steps_t: 29498 | t: 2237.641513 | r:  -716.000000 | e:   0.410040 | Q: 464.674896 | won: False 
#  155 | steps: 37329 | steps_t: 29629 | t: 2246.431813 | r:  -546.000000 | e:   0.407420 | Q: 333.550629 | won: False 
#  156 | steps: 37630 | steps_t: 29874 | t: 2266.045382 | r:  2366.000000 | e:   0.402520 | Q: 623.625305 | won: True 
#  157 | steps: 37800 | steps_t: 30002 | t: 2274.798060 | r:  -556.000000 | e:   0.399960 | Q: 422.475922 | won: False 
#  158 | steps: 38101 | steps_t: 30258 | t: 2293.788136 | r:  2762.000000 | e:   0.394840 | Q: 437.779480 | won: True 
#  159 | steps: 38367 | steps_t: 30469 | t: 2311.022713 | r:  -673.000000 | e:   0.390620 | Q: 416.943451 | won: False 
#  160 | steps: 38587 | steps_t: 30633 | t: 2324.942373 | r: -1005.000000 | e:   0.387340 | Q: 390.248962 | won: False 
#  161 | steps: 38755 | steps_t: 30756 | t: 2334.729674 | r:  -553.000000 | e:   0.384880 | Q: 368.052643 | won: False 
#  162 | steps: 38974 | steps_t: 30924 | t: 2348.056224 | r:  -446.000000 | e:   0.381520 | Q: 370.704834 | won: False 
#  163 | steps: 39190 | steps_t: 31086 | t: 2358.957752 | r:  -444.000000 | e:   0.378280 | Q: 415.968079 | won: False 
#  164 | steps: 39360 | steps_t: 31211 | t: 2367.392608 | r:  -436.000000 | e:   0.375780 | Q: 400.563843 | won: False 
#  165 | steps: 39661 | steps_t: 31471 | t: 2386.626387 | r:  2512.000000 | e:   0.370580 | Q: 380.838684 | won: True 
#  166 | steps: 39829 | steps_t: 31598 | t: 2395.269231 | r:  -557.000000 | e:   0.368040 | Q: 356.039185 | won: False 
#  167 | steps: 40044 | steps_t: 31763 | t: 2407.159840 | r:  -716.000000 | e:   0.364740 | Q: 315.298492 | won: False 
#  168 | steps: 40311 | steps_t: 31980 | t: 2424.966333 | r:  -301.000000 | e:   0.360400 | Q: 366.275391 | won: False 
#  169 | steps: 40612 | steps_t: 32240 | t: 2446.600570 | r:  2370.000000 | e:   0.355200 | Q: 425.113586 | won: True 
#  170 | steps: 40881 | steps_t: 32453 | t: 2463.553550 | r:  -407.000000 | e:   0.350940 | Q: 395.892700 | won: False 
#  171 | steps: 41182 | steps_t: 32709 | t: 2481.554966 | r:  2774.000000 | e:   0.345820 | Q: 398.286743 | won: True 
#  172 | steps: 41350 | steps_t: 32835 | t: 2490.122265 | r:  -553.000000 | e:   0.343300 | Q: 234.133408 | won: False 
#  173 | steps: 41651 | steps_t: 33091 | t: 2510.108925 | r:  2613.000000 | e:   0.338180 | Q: 216.070892 | won: True 
#  174 | steps: 41867 | steps_t: 33251 | t: 2522.170278 | r:  -859.000000 | e:   0.334980 | Q: 169.026352 | won: False 
#  175 | steps: 42168 | steps_t: 33507 | t: 2541.628363 | r:  2481.000000 | e:   0.329860 | Q: 154.925232 | won: True 
#  176 | steps: 42469 | steps_t: 33767 | t: 2562.914050 | r:  2058.000000 | e:   0.324660 | Q: 128.906830 | won: True 
#  177 | steps: 42687 | steps_t: 33931 | t: 2576.309066 | r:  -852.000000 | e:   0.321380 | Q: 131.233902 | won: False 
#  178 | steps: 42988 | steps_t: 34181 | t: 2597.209212 | r:  2209.000000 | e:   0.316380 | Q: 166.720703 | won: True 
#  179 | steps: 43204 | steps_t: 34343 | t: 2609.712410 | r:  -692.000000 | e:   0.313140 | Q: 165.309158 | won: False 
#  180 | steps: 43372 | steps_t: 34466 | t: 2618.462112 | r:  -548.000000 | e:   0.310680 | Q: 139.812042 | won: False 
#  181 | steps: 43587 | steps_t: 34630 | t: 2630.117307 | r:  -446.000000 | e:   0.307400 | Q: 172.137054 | won: False 
#  182 | steps: 43888 | steps_t: 34886 | t: 2650.848761 | r:  2435.000000 | e:   0.302280 | Q: 162.702698 | won: True 
#  183 | steps: 44168 | steps_t: 35112 | t: 2668.453889 | r: -1098.000000 | e:   0.297760 | Q: 131.294861 | won: False 
#  184 | steps: 44419 | steps_t: 35322 | t: 2685.090009 | r:  -532.000000 | e:   0.293560 | Q: 121.770424 | won: False 
#  185 | steps: 44720 | steps_t: 35578 | t: 2709.906822 | r:  2259.000000 | e:   0.288440 | Q: 116.774742 | won: True 
#  186 | steps: 45021 | steps_t: 35824 | t: 2729.685576 | r:  2597.000000 | e:   0.283520 | Q: 132.142639 | won: True 
#  187 | steps: 45285 | steps_t: 36043 | t: 2746.160267 | r:  -789.000000 | e:   0.279140 | Q: 1133.695312 | won: False 
#  188 | steps: 45502 | steps_t: 36205 | t: 2759.120525 | r:  -986.000000 | e:   0.275900 | Q: 882.276367 | won: False 
#  189 | steps: 45803 | steps_t: 36456 | t: 2777.028352 | r:  2544.000000 | e:   0.270880 | Q: 315.212311 | won: True 
#  190 | steps: 45975 | steps_t: 36586 | t: 2786.566351 | r:  -705.000000 | e:   0.268280 | Q: 174.240829 | won: False 
#  191 | steps: 46143 | steps_t: 36713 | t: 2803.194748 | r:  -554.000000 | e:   0.265740 | Q: 171.885651 | won: False 
#  192 | steps: 46444 | steps_t: 36964 | t: 2839.343116 | r:  2164.000000 | e:   0.260720 | Q: 164.414062 | won: True 
#  193 | steps: 46745 | steps_t: 37220 | t: 2868.767533 | r:  2773.000000 | e:   0.255600 | Q: 142.630981 | won: True 
#  194 | steps: 46961 | steps_t: 37380 | t: 2890.242151 | r:  -433.000000 | e:   0.252400 | Q: 172.723862 | won: False 
#  195 | steps: 47177 | steps_t: 37540 | t: 2911.930536 | r:  -580.000000 | e:   0.249200 | Q: 166.684692 | won: False 
#  196 | steps: 47396 | steps_t: 37703 | t: 2933.104579 | r:  -724.000000 | e:   0.245940 | Q: 155.709488 | won: False 
#  197 | steps: 47613 | steps_t: 37869 | t: 2956.491799 | r:  -600.000000 | e:   0.242620 | Q: 133.438141 | won: False 
#  198 | steps: 47830 | steps_t: 38035 | t: 2979.083161 | r:  -440.000000 | e:   0.239300 | Q: 122.978699 | won: False 
#  199 | steps: 48131 | steps_t: 38295 | t: 3012.969863 | r:  2650.000000 | e:   0.234100 | Q: 112.276611 | won: True 
#  200 | steps: 48299 | steps_t: 38421 | t: 3030.358074 | r:  -547.000000 | e:   0.231580 | Q: 107.762703 | won: False 
