#    1 | steps:   301 | steps_t: 51083 | t: 13.817324 | r: -1950.000000 | e:   0.489170 | Q: -33.885162 | won: False 
#    2 | steps:   602 | steps_t: 51330 | t: 28.653877 | r: -1500.000000 | e:   0.486700 | Q: -36.158154 | won: False 
#    3 | steps:   903 | steps_t: 51582 | t: 43.369931 | r:  -300.000000 | e:   0.484180 | Q: -36.051426 | won: False 
#    4 | steps:  1204 | steps_t: 51830 | t: 58.135733 | r:  -840.000000 | e:   0.481700 | Q: -35.995098 | won: False 
#    5 | steps:  1505 | steps_t: 52076 | t: 72.680562 | r: -2380.000000 | e:   0.479240 | Q: -36.941521 | won: False 
#    6 | steps:  1806 | steps_t: 52323 | t: 87.432157 | r:  -550.000000 | e:   0.476770 | Q: -37.634670 | won: False 
#    7 | steps:  2107 | steps_t: 52569 | t: 102.086799 | r:  -540.000000 | e:   0.474310 | Q: -36.546497 | won: False 
#    8 | steps:  2408 | steps_t: 52821 | t: 117.515129 | r:   570.000000 | e:   0.471790 | Q: -35.051922 | won: False 
#    9 | steps:  2709 | steps_t: 53068 | t: 132.354649 | r: -1610.000000 | e:   0.469320 | Q: -31.198452 | won: False 
#   10 | steps:  3010 | steps_t: 53328 | t: 147.834741 | r:   570.000000 | e:   0.466720 | Q: -28.995440 | won: False 
#   11 | steps:  3311 | steps_t: 53588 | t: 163.280618 | r: -1290.000000 | e:   0.464120 | Q: -25.675257 | won: False 
#   12 | steps:  3612 | steps_t: 53849 | t: 178.955800 | r:   400.000000 | e:   0.461510 | Q: -23.584267 | won: False 
#   13 | steps:  3913 | steps_t: 54106 | t: 194.269650 | r:  -520.000000 | e:   0.458940 | Q: -23.648743 | won: False 
#   14 | steps:  4214 | steps_t: 54357 | t: 209.640143 | r: -1100.000000 | e:   0.456430 | Q: -26.736044 | won: False 
#   15 | steps:  4515 | steps_t: 54609 | t: 225.523390 | r:  -500.000000 | e:   0.453910 | Q: -27.318739 | won: False 
#   16 | steps:  4816 | steps_t: 54855 | t: 240.317807 | r:  -140.000000 | e:   0.451450 | Q: -26.744749 | won: False 
#   17 | steps:  5117 | steps_t: 55112 | t: 256.208458 | r:   680.000000 | e:   0.448880 | Q: -24.961164 | won: False 
#   18 | steps:  5418 | steps_t: 55363 | t: 271.635878 | r:  -450.000000 | e:   0.446370 | Q: -23.962994 | won: False 
#   19 | steps:  5719 | steps_t: 55620 | t: 287.328685 | r:  1850.000000 | e:   0.443800 | Q: -19.410763 | won: False 
#   20 | steps:  6020 | steps_t: 55868 | t: 303.155103 | r:  -540.000000 | e:   0.441320 | Q: -14.995464 | won: False 
#   21 | steps:  6321 | steps_t: 56129 | t: 319.656642 | r:   150.000000 | e:   0.438710 | Q:  -9.352684 | won: False 
#   22 | steps:  6622 | steps_t: 56376 | t: 335.802488 | r:  -550.000000 | e:   0.436240 | Q:  -8.576851 | won: False 
#   23 | steps:  6923 | steps_t: 56633 | t: 351.343020 | r:  -500.000000 | e:   0.433670 | Q:  -5.439295 | won: False 
#   24 | steps:  7224 | steps_t: 56893 | t: 367.499526 | r:  -240.000000 | e:   0.431070 | Q:  -4.027706 | won: False 
#   25 | steps:  7525 | steps_t: 57145 | t: 382.862461 | r: -1270.000000 | e:   0.428550 | Q:  -1.338722 | won: False 
#   26 | steps:  7826 | steps_t: 57392 | t: 399.401866 | r:  -300.000000 | e:   0.426080 | Q:  -1.573652 | won: False 
#   27 | steps:  8127 | steps_t: 57644 | t: 417.591477 | r:  -160.000000 | e:   0.423560 | Q:  -2.779633 | won: False 
#   28 | steps:  8428 | steps_t: 57890 | t: 435.894582 | r:  -120.000000 | e:   0.421100 | Q:  -3.374242 | won: False 
#   29 | steps:  8729 | steps_t: 58150 | t: 454.338215 | r:  -280.000000 | e:   0.418500 | Q:  -3.172318 | won: False 
#   30 | steps:  9030 | steps_t: 58398 | t: 470.815674 | r: -1550.000000 | e:   0.416020 | Q:  -3.997429 | won: False 
#   31 | steps:  9331 | steps_t: 58646 | t: 488.133061 | r:  -260.000000 | e:   0.413540 | Q:  -3.043036 | won: False 
#   32 | steps:  9632 | steps_t: 58894 | t: 503.317304 | r:   790.000000 | e:   0.411060 | Q:  -2.647367 | won: False 
#   33 | steps:  9933 | steps_t: 59140 | t: 519.287503 | r: -1280.000000 | e:   0.408600 | Q:  -2.965826 | won: False 
#   34 | steps: 10234 | steps_t: 59388 | t: 535.154770 | r: -1500.000000 | e:   0.406120 | Q:  -3.474402 | won: False 
#   35 | steps: 10535 | steps_t: 59636 | t: 551.051181 | r:   730.000000 | e:   0.403640 | Q:  -4.142700 | won: False 
#   36 | steps: 10836 | steps_t: 59887 | t: 566.599660 | r: -1450.000000 | e:   0.401130 | Q:  -6.419908 | won: False 
#   37 | steps: 11137 | steps_t: 60135 | t: 581.562688 | r:   450.000000 | e:   0.398650 | Q:  -7.870697 | won: False 
#   38 | steps: 11438 | steps_t: 60383 | t: 597.148513 | r: -1530.000000 | e:   0.396170 | Q:  -7.076678 | won: False 
#   39 | steps: 11739 | steps_t: 60644 | t: 613.093438 | r:  1260.000000 | e:   0.393560 | Q:  -6.046509 | won: False 
#   40 | steps: 12040 | steps_t: 60890 | t: 628.653063 | r:  -300.000000 | e:   0.391100 | Q:  -6.255142 | won: False 
#   41 | steps: 12341 | steps_t: 61142 | t: 644.859591 | r: -1570.000000 | e:   0.388580 | Q:  -5.500425 | won: False 
#   42 | steps: 12642 | steps_t: 61389 | t: 661.250956 | r:  -820.000000 | e:   0.386110 | Q:  -7.465168 | won: False 
#   43 | steps: 12943 | steps_t: 61640 | t: 676.103942 | r:  -610.000000 | e:   0.383600 | Q:  -6.472420 | won: False 
#   44 | steps: 13244 | steps_t: 61888 | t: 691.018261 | r:   550.000000 | e:   0.381120 | Q:  -4.754683 | won: False 
#   45 | steps: 13545 | steps_t: 62145 | t: 706.876988 | r:  -370.000000 | e:   0.378550 | Q:  -5.727517 | won: False 
#   46 | steps: 13846 | steps_t: 62397 | t: 722.385133 | r: -1210.000000 | e:   0.376030 | Q:  -6.664545 | won: False 
#   47 | steps: 14147 | steps_t: 62645 | t: 738.185383 | r: -2060.000000 | e:   0.373550 | Q:  -7.634675 | won: False 
#   48 | steps: 14448 | steps_t: 62896 | t: 755.181520 | r: -2250.000000 | e:   0.371040 | Q:  -7.345519 | won: False 
#   49 | steps: 14749 | steps_t: 63143 | t: 769.891568 | r: -2720.000000 | e:   0.368570 | Q:  -9.765756 | won: False 
#   50 | steps: 15050 | steps_t: 63400 | t: 785.575046 | r:   460.000000 | e:   0.366000 | Q: -11.329281 | won: False 
#   51 | steps: 15351 | steps_t: 63661 | t: 801.152497 | r:  1710.000000 | e:   0.363390 | Q: -10.942648 | won: False 
#   52 | steps: 15652 | steps_t: 63913 | t: 817.439237 | r: -1340.000000 | e:   0.360870 | Q: -10.631885 | won: False 
#   53 | steps: 15953 | steps_t: 64170 | t: 833.773657 | r:  -440.000000 | e:   0.358300 | Q: -11.970676 | won: False 
#   54 | steps: 16254 | steps_t: 64422 | t: 850.435458 | r:  1840.000000 | e:   0.355780 | Q: -13.777751 | won: False 
#   55 | steps: 16555 | steps_t: 64673 | t: 866.112840 | r:  -690.000000 | e:   0.353270 | Q: -13.930731 | won: False 
#   56 | steps: 16856 | steps_t: 64919 | t: 881.517084 | r:  -770.000000 | e:   0.350810 | Q: -14.316194 | won: False 
#   57 | steps: 17157 | steps_t: 65166 | t: 896.371635 | r: -2420.000000 | e:   0.348340 | Q: -13.905718 | won: False 
#   58 | steps: 17458 | steps_t: 65427 | t: 912.067050 | r: -1120.000000 | e:   0.345730 | Q: -14.916089 | won: False 
#   59 | steps: 17759 | steps_t: 65679 | t: 927.931466 | r:   930.000000 | e:   0.343210 | Q: -15.469420 | won: False 
#   60 | steps: 18060 | steps_t: 65927 | t: 944.834282 | r:  -530.000000 | e:   0.340730 | Q: -16.729807 | won: False 
#   61 | steps: 18361 | steps_t: 66175 | t: 961.388952 | r:   770.000000 | e:   0.338250 | Q: -14.733969 | won: False 
#   62 | steps: 18662 | steps_t: 66426 | t: 976.115526 | r:    30.000000 | e:   0.335740 | Q: -13.440785 | won: False 
#   63 | steps: 18963 | steps_t: 66687 | t: 991.589199 | r:   170.000000 | e:   0.333130 | Q: -14.594781 | won: False 
#   64 | steps: 19264 | steps_t: 66939 | t: 1007.680623 | r:   340.000000 | e:   0.330610 | Q: -14.160661 | won: False 
#   65 | steps: 19565 | steps_t: 67187 | t: 1022.910500 | r: -2640.000000 | e:   0.328130 | Q: -12.946200 | won: False 
#   66 | steps: 19866 | steps_t: 67448 | t: 1039.574576 | r:   900.000000 | e:   0.325520 | Q: -13.276882 | won: False 
#   67 | steps: 20167 | steps_t: 67695 | t: 1056.184828 | r: -2200.000000 | e:   0.323050 | Q: -15.592136 | won: False 
#   68 | steps: 20468 | steps_t: 67956 | t: 1072.608599 | r:  -900.000000 | e:   0.320440 | Q: -15.540736 | won: False 
#   69 | steps: 20769 | steps_t: 68204 | t: 1088.471441 | r:   380.000000 | e:   0.317960 | Q: -15.829385 | won: False 
#   70 | steps: 21070 | steps_t: 68456 | t: 1103.714931 | r:  -550.000000 | e:   0.315440 | Q: -15.351141 | won: False 
#   71 | steps: 21371 | steps_t: 68708 | t: 1119.100679 | r:   -60.000000 | e:   0.312920 | Q: -13.351382 | won: False 
#   72 | steps: 21672 | steps_t: 68954 | t: 1134.851674 | r:  -340.000000 | e:   0.310460 | Q: -12.959020 | won: False 
#   73 | steps: 21973 | steps_t: 69211 | t: 1153.116750 | r: -1720.000000 | e:   0.307890 | Q: -13.226455 | won: False 
#   74 | steps: 22274 | steps_t: 69463 | t: 1171.093971 | r:  -420.000000 | e:   0.305370 | Q: -13.281647 | won: False 
#   75 | steps: 22575 | steps_t: 69709 | t: 1185.933933 | r:  -200.000000 | e:   0.302910 | Q: -13.839691 | won: False 
#   76 | steps: 22876 | steps_t: 69955 | t: 1200.857828 | r:  -440.000000 | e:   0.300450 | Q: -13.512148 | won: False 
#   77 | steps: 23177 | steps_t: 70215 | t: 1216.723252 | r:  1900.000000 | e:   0.297850 | Q: -13.352779 | won: False 
#   78 | steps: 23478 | steps_t: 70461 | t: 1231.971185 | r: -1990.000000 | e:   0.295390 | Q: -13.754462 | won: False 
#   79 | steps: 23779 | steps_t: 70708 | t: 1249.097012 | r:  -860.000000 | e:   0.292920 | Q: -13.769131 | won: False 
#   80 | steps: 24080 | steps_t: 70960 | t: 1266.220266 | r:  1030.000000 | e:   0.290400 | Q: -13.292545 | won: False 
#   81 | steps: 24381 | steps_t: 71217 | t: 1282.720860 | r:   240.000000 | e:   0.287830 | Q: -13.529715 | won: False 
#   82 | steps: 24682 | steps_t: 71478 | t: 1298.618285 | r:   900.000000 | e:   0.285220 | Q: -13.018675 | won: False 
#   83 | steps: 24983 | steps_t: 71739 | t: 1314.622224 | r:  -740.000000 | e:   0.282610 | Q: -12.928712 | won: False 
#   84 | steps: 25284 | steps_t: 71999 | t: 1330.608656 | r: -1720.000000 | e:   0.280010 | Q: -14.677225 | won: False 
#   85 | steps: 25585 | steps_t: 72251 | t: 1348.029732 | r:  -120.000000 | e:   0.277490 | Q: -14.654666 | won: False 
#   86 | steps: 25886 | steps_t: 72498 | t: 1364.681574 | r:  -270.000000 | e:   0.275020 | Q: -16.812174 | won: False 
#   87 | steps: 26187 | steps_t: 72750 | t: 1382.262662 | r:  -320.000000 | e:   0.272500 | Q: -16.267025 | won: False 
#   88 | steps: 26488 | steps_t: 73001 | t: 1397.497536 | r:  -800.000000 | e:   0.269990 | Q: -16.684813 | won: False 
#   89 | steps: 26789 | steps_t: 73248 | t: 1412.655482 | r:   700.000000 | e:   0.267520 | Q: -15.817135 | won: False 
#   90 | steps: 27090 | steps_t: 73509 | t: 1429.488632 | r:  1150.000000 | e:   0.264910 | Q: -15.479878 | won: False 
#   91 | steps: 27391 | steps_t: 73757 | t: 1446.380846 | r:  -320.000000 | e:   0.262430 | Q: -14.877454 | won: False 
#   92 | steps: 27692 | steps_t: 74004 | t: 1462.674293 | r: -1080.000000 | e:   0.259960 | Q: -14.861035 | won: False 
#   93 | steps: 27993 | steps_t: 74265 | t: 1480.453986 | r:  -200.000000 | e:   0.257350 | Q: -14.908781 | won: False 
#   94 | steps: 28294 | steps_t: 74516 | t: 1496.200453 | r: -1460.000000 | e:   0.254840 | Q: -15.655687 | won: False 
#   95 | steps: 28595 | steps_t: 74776 | t: 1511.417716 | r:  1030.000000 | e:   0.252240 | Q: -14.805210 | won: False 
#   96 | steps: 28896 | steps_t: 75024 | t: 1525.944392 | r:  -180.000000 | e:   0.249760 | Q: -12.692592 | won: False 
#   97 | steps: 29197 | steps_t: 75284 | t: 1542.506156 | r:  1920.000000 | e:   0.247160 | Q: -10.777672 | won: False 
#   98 | steps: 29498 | steps_t: 75531 | t: 1557.854004 | r:  -170.000000 | e:   0.244690 | Q:  -8.720696 | won: False 
#   99 | steps: 29799 | steps_t: 75788 | t: 1574.402765 | r: -1380.000000 | e:   0.242120 | Q:  -8.757504 | won: False 
#  100 | steps: 30100 | steps_t: 76045 | t: 1591.537329 | r:   700.000000 | e:   0.239550 | Q:  -8.128921 | won: False 
#  101 | steps: 30401 | steps_t: 76293 | t: 1605.886242 | r:  -580.000000 | e:   0.237070 | Q:  -6.869359 | won: False 
#  102 | steps: 30702 | steps_t: 76553 | t: 1621.121681 | r: -1290.000000 | e:   0.234470 | Q:  -5.052083 | won: False 
#  103 | steps: 31003 | steps_t: 76805 | t: 1636.079899 | r:   950.000000 | e:   0.231950 | Q:  -4.511709 | won: False 
#  104 | steps: 31304 | steps_t: 77051 | t: 1652.445847 | r:  -220.000000 | e:   0.229490 | Q:  -3.887249 | won: False 
#  105 | steps: 31605 | steps_t: 77297 | t: 1668.205430 | r: -2820.000000 | e:   0.227030 | Q:  -5.194338 | won: False 
#  106 | steps: 31906 | steps_t: 77545 | t: 1684.769695 | r: -1890.000000 | e:   0.224550 | Q:  -5.648839 | won: False 
#  107 | steps: 32207 | steps_t: 77802 | t: 1700.984063 | r:   900.000000 | e:   0.221980 | Q:  -5.063880 | won: False 
#  108 | steps: 32508 | steps_t: 78054 | t: 1715.814882 | r:  -830.000000 | e:   0.219460 | Q:  -4.937850 | won: False 
#  109 | steps: 32809 | steps_t: 78305 | t: 1730.728016 | r: -1010.000000 | e:   0.216950 | Q:  -6.035033 | won: False 
#  110 | steps: 33110 | steps_t: 78557 | t: 1745.596198 | r: -3060.000000 | e:   0.214430 | Q:  -7.557120 | won: False 
#  111 | steps: 33411 | steps_t: 78817 | t: 1763.169133 | r:   770.000000 | e:   0.211830 | Q:  -7.445292 | won: False 
#  112 | steps: 33712 | steps_t: 79065 | t: 1779.232066 | r: -1690.000000 | e:   0.209350 | Q:  -8.725369 | won: False 
#  113 | steps: 34013 | steps_t: 79311 | t: 1795.905001 | r:  -740.000000 | e:   0.206890 | Q: -10.727153 | won: False 
#  114 | steps: 34314 | steps_t: 79563 | t: 1810.722380 | r:  -380.000000 | e:   0.204370 | Q: -11.079847 | won: False 
#  115 | steps: 34615 | steps_t: 79809 | t: 1825.349202 | r: -2780.000000 | e:   0.201910 | Q: -11.806876 | won: False 
#  116 | steps: 34916 | steps_t: 80069 | t: 1841.434113 | r:  1940.000000 | e:   0.199310 | Q: -13.369381 | won: False 
#  117 | steps: 35217 | steps_t: 80330 | t: 1858.489192 | r:  1930.000000 | e:   0.196700 | Q: -14.299570 | won: False 
#  118 | steps: 35518 | steps_t: 80581 | t: 1877.114112 | r:  -310.000000 | e:   0.194190 | Q: -14.313519 | won: False 
#  119 | steps: 35819 | steps_t: 80841 | t: 1895.482919 | r:   320.000000 | e:   0.191590 | Q: -14.339422 | won: False 
#  120 | steps: 36120 | steps_t: 81101 | t: 1912.481861 | r:   910.000000 | e:   0.188990 | Q: -14.760695 | won: False 
#  121 | steps: 36421 | steps_t: 81352 | t: 1927.757293 | r: -1560.000000 | e:   0.186480 | Q: -13.101491 | won: False 
#  122 | steps: 36722 | steps_t: 81613 | t: 1943.803452 | r:  -600.000000 | e:   0.183870 | Q: -14.120494 | won: False 
#  123 | steps: 37023 | steps_t: 81865 | t: 1959.461917 | r:  -320.000000 | e:   0.181350 | Q: -13.829949 | won: False 
#  124 | steps: 37324 | steps_t: 82113 | t: 1975.769074 | r:  -890.000000 | e:   0.178870 | Q: -14.931453 | won: False 
#  125 | steps: 37625 | steps_t: 82370 | t: 1993.590334 | r:  -800.000000 | e:   0.176300 | Q: -15.684947 | won: False 
#  126 | steps: 37926 | steps_t: 82622 | t: 2011.029194 | r:   700.000000 | e:   0.173780 | Q: -14.944521 | won: False 
#  127 | steps: 38227 | steps_t: 82879 | t: 2028.203314 | r:   510.000000 | e:   0.171210 | Q: -15.152506 | won: False 
#  128 | steps: 38528 | steps_t: 83140 | t: 2044.011955 | r:  -620.000000 | e:   0.168600 | Q: -14.595812 | won: False 
#  129 | steps: 38829 | steps_t: 83388 | t: 2059.396525 | r: -1170.000000 | e:   0.166120 | Q: -15.018248 | won: False 
#  130 | steps: 39130 | steps_t: 83648 | t: 2076.483179 | r:  1550.000000 | e:   0.163520 | Q: -13.934314 | won: False 
#  131 | steps: 39431 | steps_t: 83905 | t: 2093.860424 | r:   -30.000000 | e:   0.160950 | Q: -14.047230 | won: False 
#  132 | steps: 39732 | steps_t: 84162 | t: 2112.325723 | r:  1870.000000 | e:   0.158380 | Q: -11.859190 | won: False 
#  133 | steps: 40033 | steps_t: 84410 | t: 2127.716370 | r: -2110.000000 | e:   0.155900 | Q: -11.667193 | won: False 
#  134 | steps: 40334 | steps_t: 84671 | t: 2143.672991 | r:   220.000000 | e:   0.153290 | Q: -11.810146 | won: False 
#  135 | steps: 40635 | steps_t: 84928 | t: 2161.247939 | r:   600.000000 | e:   0.150720 | Q: -11.492321 | won: False 
#  136 | steps: 40936 | steps_t: 85179 | t: 2177.097292 | r:   980.000000 | e:   0.148210 | Q: -12.253569 | won: False 
#  137 | steps: 41237 | steps_t: 85436 | t: 2194.275509 | r:  -310.000000 | e:   0.145640 | Q: -10.766976 | won: False 
#  138 | steps: 41538 | steps_t: 85682 | t: 2211.470332 | r: -2300.000000 | e:   0.143180 | Q:  -9.540512 | won: False 
#  139 | steps: 41839 | steps_t: 85928 | t: 2227.172267 | r: -1310.000000 | e:   0.140720 | Q:  -9.536230 | won: False 
#  140 | steps: 42140 | steps_t: 86176 | t: 2242.328317 | r:  -560.000000 | e:   0.138240 | Q: -11.077764 | won: False 
#  141 | steps: 42441 | steps_t: 86422 | t: 2257.596096 | r:  -570.000000 | e:   0.135780 | Q: -12.519162 | won: False 
#  142 | steps: 42742 | steps_t: 86682 | t: 2273.658667 | r:  -180.000000 | e:   0.133180 | Q: -11.810222 | won: False 
#  143 | steps: 43043 | steps_t: 86939 | t: 2290.453194 | r:   -50.000000 | e:   0.130610 | Q: -11.235187 | won: False 
#  144 | steps: 43344 | steps_t: 87190 | t: 2307.706492 | r: -1160.000000 | e:   0.128100 | Q: -11.249649 | won: False 
#  145 | steps: 43645 | steps_t: 87450 | t: 2328.005033 | r: -1470.000000 | e:   0.125500 | Q: -12.453902 | won: False 
#  146 | steps: 43946 | steps_t: 87710 | t: 2344.041704 | r:  1900.000000 | e:   0.122900 | Q:  -9.417005 | won: False 
#  147 | steps: 44247 | steps_t: 87971 | t: 2360.292479 | r:  1930.000000 | e:   0.120290 | Q:  -9.391290 | won: False 
#  148 | steps: 44548 | steps_t: 88223 | t: 2375.942001 | r:     0.000000 | e:   0.117770 | Q: -11.038391 | won: False 
#  149 | steps: 44849 | steps_t: 88474 | t: 2392.268862 | r: -1180.000000 | e:   0.115260 | Q: -10.950285 | won: False 
#  150 | steps: 45150 | steps_t: 88735 | t: 2410.543669 | r:  1220.000000 | e:   0.112650 | Q: -10.681053 | won: False 
#  151 | steps: 45451 | steps_t: 88981 | t: 2429.266341 | r:  -250.000000 | e:   0.110190 | Q: -10.991173 | won: False 
#  152 | steps: 45752 | steps_t: 89227 | t: 2444.442655 | r:  -160.000000 | e:   0.107730 | Q: -10.757495 | won: False 
#  153 | steps: 46053 | steps_t: 89473 | t: 2459.396470 | r: -1960.000000 | e:   0.105270 | Q:  -9.784422 | won: False 
#  154 | steps: 46354 | steps_t: 89725 | t: 2477.478857 | r:   890.000000 | e:   0.102750 | Q:  -9.006744 | won: False 
#  155 | steps: 46655 | steps_t: 89977 | t: 2493.304988 | r:   930.000000 | e:   0.100230 | Q: -11.181507 | won: False 
