#    1 | steps:   216 | steps_t: 107012 | t: 10.447923 | r:  -902.000000 | e:   0.100000 | Q:  -6.001613 | won: False 
#    2 | steps:   386 | steps_t: 107140 | t: 19.399604 | r:  -978.000000 | e:   0.100000 | Q:  -5.999648 | won: False 
#    3 | steps:   603 | steps_t: 107306 | t: 32.398419 | r: -1030.000000 | e:   0.100000 | Q:  -6.545394 | won: False 
#    4 | steps:   818 | steps_t: 107470 | t: 44.243386 | r:  -995.000000 | e:   0.100000 | Q:  -8.560743 | won: False 
#    5 | steps:  1033 | steps_t: 107635 | t: 55.299441 | r:  -897.000000 | e:   0.100000 | Q:  -8.427588 | won: False 
#    6 | steps:  1334 | steps_t: 107895 | t: 73.421928 | r:  -741.000000 | e:   0.100000 | Q:  -8.200533 | won: False 
#    7 | steps:  1552 | steps_t: 108059 | t: 86.076413 | r: -1010.000000 | e:   0.100000 | Q:  -9.736279 | won: False 
#    8 | steps:  1853 | steps_t: 108318 | t: 105.289768 | r:  2201.000000 | e:   0.100000 | Q: -11.612678 | won: True 
#    9 | steps:  2154 | steps_t: 108578 | t: 123.067544 | r:  2211.000000 | e:   0.100000 | Q: -11.173379 | won: True 
#   10 | steps:  2455 | steps_t: 108837 | t: 141.537815 | r:  2161.000000 | e:   0.100000 | Q:  -8.380342 | won: True 
#   11 | steps:  2756 | steps_t: 109097 | t: 160.697647 | r:  2128.000000 | e:   0.100000 | Q:  -5.696885 | won: True 
#   12 | steps:  2974 | steps_t: 109261 | t: 173.946254 | r:  -899.000000 | e:   0.100000 | Q:  -4.686107 | won: False 
#   13 | steps:  3275 | steps_t: 109506 | t: 192.395091 | r:  2154.000000 | e:   0.100000 | Q:  -2.721996 | won: True 
#   14 | steps:  3493 | steps_t: 109669 | t: 206.117256 | r:  -898.000000 | e:   0.100000 | Q:  -1.795384 | won: False 
#   15 | steps:  3710 | steps_t: 109836 | t: 218.864540 | r:  -897.000000 | e:   0.100000 | Q:  -0.978608 | won: False 
#   16 | steps:  3880 | steps_t: 109965 | t: 228.499708 | r:  -846.000000 | e:   0.100000 | Q:  -0.401339 | won: False 
#   17 | steps:  4181 | steps_t: 110221 | t: 249.925788 | r:  2251.000000 | e:   0.100000 | Q:   0.071161 | won: True 
#   18 | steps:  4482 | steps_t: 110481 | t: 270.888533 | r:  2249.000000 | e:   0.100000 | Q:   1.404973 | won: True 
#   19 | steps:  4654 | steps_t: 110612 | t: 279.635541 | r:  -847.000000 | e:   0.100000 | Q:   1.750929 | won: False 
#   20 | steps:  4955 | steps_t: 110871 | t: 297.218987 | r:  2229.000000 | e:   0.100000 | Q:   2.395863 | won: True 
#   21 | steps:  5175 | steps_t: 111035 | t: 309.879973 | r:  -896.000000 | e:   0.100000 | Q:   3.504359 | won: False 
#   22 | steps:  5390 | steps_t: 111200 | t: 322.570339 | r:  -899.000000 | e:   0.100000 | Q:   4.372706 | won: False 
#   23 | steps:  5691 | steps_t: 111447 | t: 344.013933 | r:  2098.000000 | e:   0.100000 | Q:   5.948598 | won: True 
#   24 | steps:  5992 | steps_t: 111706 | t: 362.921901 | r:  2221.000000 | e:   0.100000 | Q:   6.605264 | won: True 
#   25 | steps:  6208 | steps_t: 111866 | t: 374.717618 | r:  -898.000000 | e:   0.100000 | Q:   6.956406 | won: False 
#   26 | steps:  6428 | steps_t: 112030 | t: 387.724414 | r:  -892.000000 | e:   0.100000 | Q:   7.971115 | won: False 
#   27 | steps:  6729 | steps_t: 112276 | t: 405.663550 | r:  2150.000000 | e:   0.100000 | Q:   9.108343 | won: True 
#   28 | steps:  6945 | steps_t: 112436 | t: 417.427629 | r:  -901.000000 | e:   0.100000 | Q:   9.029731 | won: False 
#   29 | steps:  7117 | steps_t: 112567 | t: 426.405196 | r:  -982.000000 | e:   0.100000 | Q:   9.688486 | won: False 
#   30 | steps:  7337 | steps_t: 112733 | t: 437.892994 | r:  -898.000000 | e:   0.100000 | Q:  10.324129 | won: False 
#   31 | steps:  7553 | steps_t: 112893 | t: 449.823889 | r:  -902.000000 | e:   0.100000 | Q:  10.672502 | won: False 
#   32 | steps:  7854 | steps_t: 113149 | t: 468.789739 | r:  2219.000000 | e:   0.100000 | Q:  10.954445 | won: True 
#   33 | steps:  8155 | steps_t: 113396 | t: 488.986367 | r:  2141.000000 | e:   0.100000 | Q:  11.880689 | won: True 
#   34 | steps:  8370 | steps_t: 113560 | t: 500.877906 | r:  -901.000000 | e:   0.100000 | Q:  12.760295 | won: False 
#   35 | steps:  8589 | steps_t: 113729 | t: 513.179109 | r:  -896.000000 | e:   0.100000 | Q:  12.823371 | won: False 
#   36 | steps:  8809 | steps_t: 113893 | t: 526.153089 | r:  -894.000000 | e:   0.100000 | Q:  12.994852 | won: False 
#   37 | steps:  9110 | steps_t: 114149 | t: 544.981735 | r:  2202.000000 | e:   0.100000 | Q:  13.804618 | won: True 
#   38 | steps:  9330 | steps_t: 114313 | t: 558.071625 | r:  -899.000000 | e:   0.100000 | Q:  14.524221 | won: False 
#   39 | steps:  9498 | steps_t: 114436 | t: 567.201455 | r:  -855.000000 | e:   0.100000 | Q:  14.622400 | won: False 
#   40 | steps:  9713 | steps_t: 114601 | t: 579.625922 | r:  -902.000000 | e:   0.100000 | Q:  14.763021 | won: False 
#   41 | steps:  9929 | steps_t: 114761 | t: 593.659331 | r:  -903.000000 | e:   0.100000 | Q:  14.767766 | won: False 
#   42 | steps: 10230 | steps_t: 115020 | t: 614.968226 | r:  2183.000000 | e:   0.100000 | Q:  15.397308 | won: True 
#   43 | steps: 10531 | steps_t: 115276 | t: 633.231464 | r:  2235.000000 | e:   0.100000 | Q:  16.227835 | won: True 
#   44 | steps: 10832 | steps_t: 115535 | t: 651.237747 | r:  2203.000000 | e:   0.100000 | Q:  17.572876 | won: True 
#   45 | steps: 11050 | steps_t: 115698 | t: 664.546151 | r:  -899.000000 | e:   0.100000 | Q:  17.829607 | won: False 
#   46 | steps: 11351 | steps_t: 115958 | t: 684.705046 | r:  2256.000000 | e:   0.100000 | Q:  17.859661 | won: True 
#   47 | steps: 11566 | steps_t: 116123 | t: 697.401802 | r:  -898.000000 | e:   0.100000 | Q:  17.670700 | won: False 
#   48 | steps: 11822 | steps_t: 116334 | t: 714.507330 | r:  -795.000000 | e:   0.100000 | Q:  17.755560 | won: False 
#   49 | steps: 12123 | steps_t: 116590 | t: 735.469419 | r:  2220.000000 | e:   0.100000 | Q:  18.152508 | won: True 
#   50 | steps: 12424 | steps_t: 116850 | t: 756.058605 | r:  2222.000000 | e:   0.100000 | Q:  19.200272 | won: True 
#   51 | steps: 12640 | steps_t: 117010 | t: 768.368909 | r:  -900.000000 | e:   0.100000 | Q:  20.280767 | won: False 
#   52 | steps: 12856 | steps_t: 117171 | t: 781.256437 | r:  -897.000000 | e:   0.100000 | Q:  20.557169 | won: False 
#   53 | steps: 13126 | steps_t: 117396 | t: 799.398380 | r:  -892.000000 | e:   0.100000 | Q:  20.782576 | won: False 
#   54 | steps: 13346 | steps_t: 117562 | t: 813.619716 | r:  -896.000000 | e:   0.100000 | Q:  20.916824 | won: False 
#   55 | steps: 13561 | steps_t: 117727 | t: 825.780032 | r:  -897.000000 | e:   0.100000 | Q:  20.799164 | won: False 
#   56 | steps: 13780 | steps_t: 117895 | t: 840.207131 | r:  -896.000000 | e:   0.100000 | Q:  20.671539 | won: False 
#   57 | steps: 14081 | steps_t: 118154 | t: 860.679266 | r:  2230.000000 | e:   0.100000 | Q:  21.471542 | won: True 
#   58 | steps: 14296 | steps_t: 118319 | t: 873.197211 | r: -1142.000000 | e:   0.100000 | Q:  21.846157 | won: False 
#   59 | steps: 14563 | steps_t: 118545 | t: 889.916292 | r:  -907.000000 | e:   0.100000 | Q:  22.653366 | won: False 
#   60 | steps: 14783 | steps_t: 118711 | t: 901.732558 | r:  -899.000000 | e:   0.100000 | Q:  22.872972 | won: False 
#   61 | steps: 15084 | steps_t: 118971 | t: 920.066909 | r:  2205.000000 | e:   0.100000 | Q:  22.824778 | won: True 
#   62 | steps: 15303 | steps_t: 119140 | t: 935.094970 | r:  -894.000000 | e:   0.100000 | Q:  22.507645 | won: False 
#   63 | steps: 15519 | steps_t: 119301 | t: 949.212975 | r:  -900.000000 | e:   0.100000 | Q:  22.240768 | won: False 
#   64 | steps: 15687 | steps_t: 119428 | t: 958.756202 | r:  -847.000000 | e:   0.100000 | Q:  22.353558 | won: False 
#   65 | steps: 15988 | steps_t: 119687 | t: 978.729744 | r:  2234.000000 | e:   0.100000 | Q:  22.365015 | won: True 
#   66 | steps: 16289 | steps_t: 119932 | t: 998.743957 | r:  1982.000000 | e:   0.100000 | Q:  22.194344 | won: True 
#   67 | steps: 16507 | steps_t: 120096 | t: 1010.751733 | r:  -899.000000 | e:   0.100000 | Q:  22.100904 | won: False 
#   68 | steps: 16725 | steps_t: 120260 | t: 1023.034835 | r:  -898.000000 | e:   0.100000 | Q:  22.086634 | won: False 
#   69 | steps: 16940 | steps_t: 120425 | t: 1035.815086 | r:  -901.000000 | e:   0.100000 | Q:  23.568699 | won: False 
#   70 | steps: 17158 | steps_t: 120588 | t: 1048.885489 | r:  -898.000000 | e:   0.100000 | Q:  23.862019 | won: False 
#   71 | steps: 17374 | steps_t: 120748 | t: 1061.984565 | r:  -905.000000 | e:   0.100000 | Q:  23.625195 | won: False 
#   72 | steps: 17593 | steps_t: 120917 | t: 1076.302748 | r:  -899.000000 | e:   0.100000 | Q:  23.813787 | won: False 
#   73 | steps: 17809 | steps_t: 121077 | t: 1089.065429 | r:  -897.000000 | e:   0.100000 | Q:  23.796890 | won: False 
#   74 | steps: 18025 | steps_t: 121239 | t: 1102.560931 | r:  -902.000000 | e:   0.100000 | Q:  23.331188 | won: False 
#   75 | steps: 18241 | steps_t: 121401 | t: 1114.901815 | r:  -902.000000 | e:   0.100000 | Q:  23.031754 | won: False 
#   76 | steps: 18542 | steps_t: 121657 | t: 1134.635452 | r:  2250.000000 | e:   0.100000 | Q:  22.437330 | won: True 
#   77 | steps: 18843 | steps_t: 121903 | t: 1156.517435 | r:  2147.000000 | e:   0.100000 | Q:  22.793133 | won: True 
#   78 | steps: 19144 | steps_t: 122159 | t: 1177.068644 | r:  2241.000000 | e:   0.100000 | Q:  23.154140 | won: True 
#   79 | steps: 19364 | steps_t: 122325 | t: 1191.949161 | r:  -898.000000 | e:   0.100000 | Q:  23.475554 | won: False 
#   80 | steps: 19580 | steps_t: 122485 | t: 1204.683204 | r:  -902.000000 | e:   0.100000 | Q:  23.416956 | won: False 
#   81 | steps: 19748 | steps_t: 122611 | t: 1215.536047 | r: -1029.000000 | e:   0.100000 | Q:  23.323118 | won: False 
#   82 | steps: 20049 | steps_t: 122867 | t: 1236.786018 | r:  2215.000000 | e:   0.100000 | Q:  23.871553 | won: True 
#   83 | steps: 20350 | steps_t: 123126 | t: 1256.460241 | r:  2194.000000 | e:   0.100000 | Q:  23.579752 | won: True 
#   84 | steps: 20568 | steps_t: 123289 | t: 1268.311613 | r:  -897.000000 | e:   0.100000 | Q:  23.874411 | won: False 
#   85 | steps: 20788 | steps_t: 123454 | t: 1281.891300 | r:  -897.000000 | e:   0.100000 | Q:  23.548262 | won: False 
#   86 | steps: 21004 | steps_t: 123616 | t: 1295.954179 | r:  -901.000000 | e:   0.100000 | Q:  23.275984 | won: False 
#   87 | steps: 21305 | steps_t: 123876 | t: 1315.387616 | r:  2210.000000 | e:   0.100000 | Q:  23.671156 | won: True 
#   88 | steps: 21523 | steps_t: 124040 | t: 1327.884526 | r:  -900.000000 | e:   0.100000 | Q:  24.267977 | won: False 
#   89 | steps: 21741 | steps_t: 124202 | t: 1343.607046 | r:  -898.000000 | e:   0.100000 | Q:  24.611132 | won: False 
#   90 | steps: 22042 | steps_t: 124462 | t: 1361.508915 | r:  2231.000000 | e:   0.100000 | Q:  25.099463 | won: True 
#   91 | steps: 22258 | steps_t: 124623 | t: 1374.039628 | r:  -900.000000 | e:   0.100000 | Q:  24.880074 | won: False 
#   92 | steps: 22559 | steps_t: 124882 | t: 1392.908323 | r:  2179.000000 | e:   0.100000 | Q:  25.031813 | won: True 
#   93 | steps: 22775 | steps_t: 125042 | t: 1404.266660 | r:  -897.000000 | e:   0.100000 | Q:  25.159435 | won: False 
#   94 | steps: 22995 | steps_t: 125208 | t: 1417.198124 | r:  -897.000000 | e:   0.100000 | Q:  25.192118 | won: False 
#   95 | steps: 23163 | steps_t: 125334 | t: 1427.260310 | r:  -862.000000 | e:   0.100000 | Q:  24.697517 | won: False 
#   96 | steps: 23412 | steps_t: 125542 | t: 1445.111329 | r:  -964.000000 | e:   0.100000 | Q:  24.662188 | won: False 
#   97 | steps: 23713 | steps_t: 125789 | t: 1467.396823 | r:  2143.000000 | e:   0.100000 | Q:  24.475742 | won: True 
#   98 | steps: 24014 | steps_t: 126049 | t: 1486.545430 | r:  2210.000000 | e:   0.100000 | Q:  24.626032 | won: True 
#   99 | steps: 24233 | steps_t: 126218 | t: 1500.060577 | r:  -898.000000 | e:   0.100000 | Q:  23.888147 | won: False 
#  100 | steps: 24534 | steps_t: 126478 | t: 1519.600575 | r:  2235.000000 | e:   0.100000 | Q:  23.467506 | won: True 
#  101 | steps: 24749 | steps_t: 126642 | t: 1531.338231 | r:  -901.000000 | e:   0.100000 | Q:  23.482044 | won: False 
#  102 | steps: 24922 | steps_t: 126770 | t: 1541.262272 | r: -1005.000000 | e:   0.100000 | Q:  23.578415 | won: False 
#  103 | steps: 25141 | steps_t: 126938 | t: 1555.002256 | r:  -897.000000 | e:   0.100000 | Q:  23.687794 | won: False 
#  104 | steps: 25361 | steps_t: 127102 | t: 1567.358275 | r:  -898.000000 | e:   0.100000 | Q:  24.006382 | won: False 
#  105 | steps: 25533 | steps_t: 127232 | t: 1578.164498 | r:  -998.000000 | e:   0.100000 | Q:  24.006657 | won: False 
#  106 | steps: 25748 | steps_t: 127396 | t: 1592.430738 | r:  -902.000000 | e:   0.100000 | Q:  23.672951 | won: False 
#  107 | steps: 25966 | steps_t: 127559 | t: 1604.064056 | r:  -904.000000 | e:   0.100000 | Q:  23.283138 | won: False 
#  108 | steps: 26229 | steps_t: 127780 | t: 1620.437108 | r:  -784.000000 | e:   0.100000 | Q:  23.313948 | won: False 
#  109 | steps: 26530 | steps_t: 128025 | t: 1638.071852 | r:  2116.000000 | e:   0.100000 | Q:  22.218979 | won: True 
#  110 | steps: 26831 | steps_t: 128270 | t: 1656.900817 | r:  2093.000000 | e:   0.100000 | Q:  21.987230 | won: True 
#  111 | steps: 26999 | steps_t: 128396 | t: 1666.497310 | r:  -860.000000 | e:   0.100000 | Q:  22.056705 | won: False 
#  112 | steps: 27219 | steps_t: 128560 | t: 1680.452172 | r:  -894.000000 | e:   0.100000 | Q:  22.081621 | won: False 
#  113 | steps: 27434 | steps_t: 128724 | t: 1693.853728 | r:  -893.000000 | e:   0.100000 | Q:  22.361332 | won: False 
#  114 | steps: 27606 | steps_t: 128855 | t: 1704.567747 | r:  -849.000000 | e:   0.100000 | Q:  22.798283 | won: False 
#  115 | steps: 27907 | steps_t: 129106 | t: 1724.016535 | r:  2095.000000 | e:   0.100000 | Q:  23.432428 | won: True 
#  116 | steps: 28075 | steps_t: 129229 | t: 1732.572610 | r:  -856.000000 | e:   0.100000 | Q:  23.380173 | won: False 
#  117 | steps: 28376 | steps_t: 129488 | t: 1752.564598 | r:  2067.000000 | e:   0.100000 | Q:  23.324621 | won: True 
#  118 | steps: 28594 | steps_t: 129650 | t: 1767.063026 | r:  -898.000000 | e:   0.100000 | Q:  23.748026 | won: False 
#  119 | steps: 28895 | steps_t: 129896 | t: 1785.331967 | r:  2067.000000 | e:   0.100000 | Q:  23.981314 | won: True 
#  120 | steps: 29196 | steps_t: 130156 | t: 1807.668013 | r:  -252.000000 | e:   0.100000 | Q:  23.605534 | won: False 
#  121 | steps: 29497 | steps_t: 130402 | t: 1828.022814 | r:  2148.000000 | e:   0.100000 | Q:  23.585020 | won: True 
#  122 | steps: 29713 | steps_t: 130562 | t: 1840.752586 | r:  -904.000000 | e:   0.100000 | Q:  23.178261 | won: False 
#  123 | steps: 29881 | steps_t: 130689 | t: 1849.663084 | r:  -855.000000 | e:   0.100000 | Q:  22.494606 | won: False 
#  124 | steps: 30100 | steps_t: 130853 | t: 1861.712946 | r: -1141.000000 | e:   0.100000 | Q:  22.513781 | won: False 
#  125 | steps: 30315 | steps_t: 131017 | t: 1874.127044 | r:  -895.000000 | e:   0.100000 | Q:  22.449907 | won: False 
#  126 | steps: 30616 | steps_t: 131262 | t: 1894.670774 | r:  2171.000000 | e:   0.100000 | Q:  23.129164 | won: True 
#  127 | steps: 30784 | steps_t: 131388 | t: 1904.355170 | r:  -854.000000 | e:   0.100000 | Q:  23.060024 | won: False 
#  128 | steps: 30999 | steps_t: 131552 | t: 1917.096538 | r:  -892.000000 | e:   0.100000 | Q:  23.060740 | won: False 
#  129 | steps: 31167 | steps_t: 131675 | t: 1927.689971 | r: -1012.000000 | e:   0.100000 | Q:  23.038446 | won: False 
#  130 | steps: 31391 | steps_t: 131845 | t: 1941.289794 | r: -1015.000000 | e:   0.100000 | Q:  23.036818 | won: False 
#  131 | steps: 31692 | steps_t: 132091 | t: 1961.727623 | r:  1933.000000 | e:   0.100000 | Q:  23.367786 | won: True 
#  132 | steps: 31907 | steps_t: 132255 | t: 1973.815958 | r:  -899.000000 | e:   0.100000 | Q:  23.009327 | won: False 
#  133 | steps: 32208 | steps_t: 132501 | t: 1992.655550 | r:  2060.000000 | e:   0.100000 | Q:  22.528986 | won: True 
#  134 | steps: 32509 | steps_t: 132748 | t: 2011.181206 | r:  2159.000000 | e:   0.100000 | Q:  22.917488 | won: True 
#  135 | steps: 32724 | steps_t: 132912 | t: 2023.261377 | r:  -900.000000 | e:   0.100000 | Q:  22.941881 | won: False 
#  136 | steps: 33025 | steps_t: 133171 | t: 2044.446063 | r:  2237.000000 | e:   0.100000 | Q:  23.162962 | won: True 
#  137 | steps: 33245 | steps_t: 133335 | t: 2058.258390 | r:  -894.000000 | e:   0.100000 | Q:  23.087576 | won: False 
#  138 | steps: 33546 | steps_t: 133591 | t: 2079.531681 | r:  2202.000000 | e:   0.100000 | Q:  22.914965 | won: True 
#  139 | steps: 33847 | steps_t: 133851 | t: 2097.298700 | r:  2254.000000 | e:   0.100000 | Q:  22.766653 | won: True 
#  140 | steps: 34015 | steps_t: 133974 | t: 2105.970262 | r:  -862.000000 | e:   0.100000 | Q:  22.677349 | won: False 
#  141 | steps: 34187 | steps_t: 134104 | t: 2116.351583 | r:  -856.000000 | e:   0.100000 | Q:  22.431707 | won: False 
#  142 | steps: 34453 | steps_t: 134314 | t: 2132.584764 | r: -1115.000000 | e:   0.100000 | Q:  22.336576 | won: False 
#  143 | steps: 34670 | steps_t: 134480 | t: 2146.183318 | r:  -900.000000 | e:   0.100000 | Q:  22.501352 | won: False 
#  144 | steps: 34971 | steps_t: 134736 | t: 2166.261757 | r:  2176.000000 | e:   0.100000 | Q:  22.372223 | won: True 
#  145 | steps: 35187 | steps_t: 134896 | t: 2182.181624 | r:  -895.000000 | e:   0.100000 | Q:  22.035143 | won: False 
#  146 | steps: 35403 | steps_t: 135056 | t: 2195.502627 | r:  -898.000000 | e:   0.100000 | Q:  21.902996 | won: False 
#  147 | steps: 35701 | steps_t: 135300 | t: 2216.850494 | r:  -854.000000 | e:   0.100000 | Q:  21.448566 | won: False 
#  148 | steps: 35921 | steps_t: 135465 | t: 2230.371171 | r:  -896.000000 | e:   0.100000 | Q:  21.561064 | won: False 
#  149 | steps: 36140 | steps_t: 135633 | t: 2243.281638 | r:  -897.000000 | e:   0.100000 | Q:  21.864616 | won: False 
#  150 | steps: 36441 | steps_t: 135889 | t: 2261.412801 | r:  2207.000000 | e:   0.100000 | Q:  22.556921 | won: True 
#  151 | steps: 36658 | steps_t: 136055 | t: 2273.439853 | r:  -901.000000 | e:   0.100000 | Q:  23.177317 | won: False 
#  152 | steps: 36874 | steps_t: 136217 | t: 2285.987576 | r:  -901.000000 | e:   0.100000 | Q:  22.816927 | won: False 
#  153 | steps: 37175 | steps_t: 136476 | t: 2307.758348 | r:  2232.000000 | e:   0.100000 | Q:  22.282326 | won: True 
#  154 | steps: 37476 | steps_t: 136722 | t: 2331.495116 | r:  2143.000000 | e:   0.100000 | Q:  22.273655 | won: True 
#  155 | steps: 37693 | steps_t: 136889 | t: 2343.537598 | r:  -896.000000 | e:   0.100000 | Q:  22.266268 | won: False 
#  156 | steps: 37913 | steps_t: 137054 | t: 2355.672227 | r:  -897.000000 | e:   0.100000 | Q:  21.787725 | won: False 
#  157 | steps: 38178 | steps_t: 137277 | t: 2372.182855 | r:  -911.000000 | e:   0.100000 | Q:  21.770262 | won: False 
#  158 | steps: 38397 | steps_t: 137446 | t: 2385.541506 | r:  -893.000000 | e:   0.100000 | Q:  21.900673 | won: False 
#  159 | steps: 38573 | steps_t: 137581 | t: 2395.519581 | r:  -855.000000 | e:   0.100000 | Q:  21.895082 | won: False 
#  160 | steps: 38789 | steps_t: 137742 | t: 2408.044735 | r:  -894.000000 | e:   0.100000 | Q:  21.997044 | won: False 
#  161 | steps: 38959 | steps_t: 137871 | t: 2418.358047 | r:  -859.000000 | e:   0.100000 | Q:  22.347984 | won: False 
#  162 | steps: 39222 | steps_t: 138079 | t: 2437.096307 | r: -1000.000000 | e:   0.100000 | Q:  22.227531 | won: False 
#  163 | steps: 39438 | steps_t: 138241 | t: 2451.473246 | r:  -901.000000 | e:   0.100000 | Q:  21.528847 | won: False 
#  164 | steps: 39739 | steps_t: 138501 | t: 2473.176020 | r:  1935.000000 | e:   0.100000 | Q:  21.549633 | won: True 
#  165 | steps: 39956 | steps_t: 138668 | t: 2486.199553 | r:  -900.000000 | e:   0.100000 | Q:  21.415604 | won: False 
#  166 | steps: 40257 | steps_t: 138924 | t: 2506.278620 | r:  2255.000000 | e:   0.100000 | Q:  21.130953 | won: True 
#  167 | steps: 40475 | steps_t: 139087 | t: 2518.786315 | r: -1007.000000 | e:   0.100000 | Q:  21.268141 | won: False 
#  168 | steps: 40776 | steps_t: 139337 | t: 2539.733605 | r:  2163.000000 | e:   0.100000 | Q:  21.450163 | won: True 
#  169 | steps: 41033 | steps_t: 139552 | t: 2558.333252 | r:  -944.000000 | e:   0.100000 | Q:  21.555283 | won: False 
#  170 | steps: 41201 | steps_t: 139678 | t: 2568.969626 | r:  -855.000000 | e:   0.100000 | Q:  21.469225 | won: False 
#  171 | steps: 41463 | steps_t: 139885 | t: 2586.535792 | r:  -996.000000 | e:   0.100000 | Q:  21.662676 | won: False 
#  172 | steps: 41764 | steps_t: 140132 | t: 2606.305039 | r:  2040.000000 | e:   0.100000 | Q:  21.669628 | won: True 
#  173 | steps: 42065 | steps_t: 140378 | t: 2626.347530 | r:  2141.000000 | e:   0.100000 | Q:  21.748936 | won: True 
#  174 | steps: 42366 | steps_t: 140623 | t: 2645.411695 | r:  2125.000000 | e:   0.100000 | Q:  21.561871 | won: True 
#  175 | steps: 42583 | steps_t: 140789 | t: 2657.837604 | r:  -874.000000 | e:   0.100000 | Q:  21.728266 | won: False 
#  176 | steps: 42884 | steps_t: 141034 | t: 2681.668842 | r:  2036.000000 | e:   0.100000 | Q:  22.077841 | won: True 
#  177 | steps: 43052 | steps_t: 141160 | t: 2693.199977 | r: -1002.000000 | e:   0.100000 | Q:  22.181170 | won: False 
#  178 | steps: 43353 | steps_t: 141407 | t: 2715.616442 | r:  2121.000000 | e:   0.100000 | Q:  22.213791 | won: True 
#  179 | steps: 43638 | steps_t: 141637 | t: 2733.478261 | r:  -871.000000 | e:   0.100000 | Q:  21.551758 | won: False 
#  180 | steps: 43855 | steps_t: 141803 | t: 2748.707654 | r:  -895.000000 | e:   0.100000 | Q:  21.541210 | won: False 
#  181 | steps: 44156 | steps_t: 142062 | t: 2770.583762 | r:  2197.000000 | e:   0.100000 | Q:  22.245703 | won: True 
#  182 | steps: 44457 | steps_t: 142309 | t: 2792.209672 | r:  2098.000000 | e:   0.100000 | Q:  22.283760 | won: True 
#  183 | steps: 44675 | steps_t: 142471 | t: 2804.976978 | r:  -900.000000 | e:   0.100000 | Q:  22.175724 | won: False 
#  184 | steps: 44891 | steps_t: 142632 | t: 2818.009568 | r:  -901.000000 | e:   0.100000 | Q:  22.517963 | won: False 
#  185 | steps: 45106 | steps_t: 142797 | t: 2832.982472 | r:  -899.000000 | e:   0.100000 | Q:  22.794489 | won: False 
#  186 | steps: 45407 | steps_t: 143056 | t: 2853.880285 | r:  2255.000000 | e:   0.100000 | Q:  23.699696 | won: True 
#  187 | steps: 45623 | steps_t: 143216 | t: 2865.394013 | r:  -903.000000 | e:   0.100000 | Q:  23.904831 | won: False 
#  188 | steps: 45839 | steps_t: 143376 | t: 2879.905439 | r:  -900.000000 | e:   0.100000 | Q:  23.916191 | won: False 
#  189 | steps: 46140 | steps_t: 143635 | t: 2899.759402 | r:  2199.000000 | e:   0.100000 | Q:  24.393419 | won: True 
#  190 | steps: 46441 | steps_t: 143895 | t: 2921.226660 | r:  2234.000000 | e:   0.100000 | Q:  24.256474 | won: True 
#  191 | steps: 46611 | steps_t: 144023 | t: 2941.637432 | r:  -998.000000 | e:   0.100000 | Q:  23.936453 | won: False 
#  192 | steps: 46912 | steps_t: 144279 | t: 2980.732653 | r:  2217.000000 | e:   0.100000 | Q:  24.200714 | won: True 
#  193 | steps: 47213 | steps_t: 144535 | t: 3014.571130 | r:  2233.000000 | e:   0.100000 | Q:  24.475391 | won: True 
#  194 | steps: 47514 | steps_t: 144794 | t: 3051.202259 | r:  2190.000000 | e:   0.100000 | Q:  24.042009 | won: True 
#  195 | steps: 47730 | steps_t: 144954 | t: 3072.733934 | r:  -896.000000 | e:   0.100000 | Q:  24.191523 | won: False 
#  196 | steps: 47945 | steps_t: 145119 | t: 3095.260475 | r:  -899.000000 | e:   0.100000 | Q:  24.437992 | won: False 
#  197 | steps: 48246 | steps_t: 145375 | t: 3130.935734 | r:  2229.000000 | e:   0.100000 | Q:  24.633190 | won: True 
#  198 | steps: 48547 | steps_t: 145631 | t: 3168.210577 | r:  2216.000000 | e:   0.100000 | Q:  24.383625 | won: True 
#  199 | steps: 48765 | steps_t: 145793 | t: 3195.678976 | r:  -898.000000 | e:   0.100000 | Q:  23.817722 | won: False 
#  200 | steps: 48937 | steps_t: 145923 | t: 3212.891503 | r:  -847.000000 | e:   0.100000 | Q:  23.131042 | won: False 
