#    1 | steps:   216 | steps_t: 72247 | t: 9.802705 | r:  -903.000000 | e:   0.100000 | Q:  27.593781 | won: False 
#    2 | steps:   434 | steps_t: 72414 | t: 22.249563 | r:  -900.000000 | e:   0.100000 | Q:  26.976414 | won: False 
#    3 | steps:   650 | steps_t: 72575 | t: 34.491616 | r:  -906.000000 | e:   0.100000 | Q:  24.247005 | won: False 
#    4 | steps:   951 | steps_t: 72831 | t: 54.135443 | r:  1904.000000 | e:   0.100000 | Q:  22.896557 | won: True 
#    5 | steps:  1171 | steps_t: 72996 | t: 66.857567 | r: -1138.000000 | e:   0.100000 | Q:  23.142050 | won: False 
#    6 | steps:  1472 | steps_t: 73246 | t: 86.678091 | r:  2007.000000 | e:   0.100000 | Q:  23.904022 | won: True 
#    7 | steps:  1691 | steps_t: 73415 | t: 98.061326 | r: -1254.000000 | e:   0.100000 | Q:  23.706938 | won: False 
#    8 | steps:  1940 | steps_t: 73619 | t: 113.701098 | r: -1086.000000 | e:   0.100000 | Q:  23.974657 | won: False 
#    9 | steps:  2241 | steps_t: 73864 | t: 133.776033 | r:  1874.000000 | e:   0.100000 | Q:  23.595871 | won: True 
#   10 | steps:  2411 | steps_t: 73993 | t: 143.146783 | r:  -854.000000 | e:   0.100000 | Q:  23.152012 | won: False 
#   11 | steps:  2712 | steps_t: 74249 | t: 163.625834 | r:  -496.000000 | e:   0.100000 | Q:  23.204399 | won: False 
#   12 | steps:  2880 | steps_t: 74376 | t: 172.320864 | r:  -850.000000 | e:   0.100000 | Q:  23.190096 | won: False 
#   13 | steps:  3159 | steps_t: 74604 | t: 189.020529 | r: -1220.000000 | e:   0.100000 | Q:  22.931616 | won: False 
#   14 | steps:  3327 | steps_t: 74730 | t: 197.389167 | r:  -854.000000 | e:   0.100000 | Q:  21.735786 | won: False 
#   15 | steps:  3628 | steps_t: 74977 | t: 214.969562 | r:  1709.000000 | e:   0.100000 | Q:  21.463829 | won: True 
#   16 | steps:  3929 | steps_t: 75236 | t: 235.505883 | r:  1950.000000 | e:   0.100000 | Q:  20.716175 | won: True 
#   17 | steps:  4145 | steps_t: 75397 | t: 247.382966 | r: -1159.000000 | e:   0.100000 | Q:  20.728119 | won: False 
#   18 | steps:  4361 | steps_t: 75559 | t: 259.411048 | r: -1027.000000 | e:   0.100000 | Q:  20.299007 | won: False 
#   19 | steps:  4577 | steps_t: 75721 | t: 271.804480 | r:  -985.000000 | e:   0.100000 | Q:  20.090393 | won: False 
#   20 | steps:  4745 | steps_t: 75847 | t: 280.377251 | r:  -854.000000 | e:   0.100000 | Q:  20.045624 | won: False 
#   21 | steps:  4964 | steps_t: 76015 | t: 292.655994 | r:  -994.000000 | e:   0.100000 | Q:  19.821684 | won: False 
#   22 | steps:  5136 | steps_t: 76145 | t: 301.418853 | r:  -851.000000 | e:   0.100000 | Q:  18.519674 | won: False 
#   23 | steps:  5304 | steps_t: 76268 | t: 310.297379 | r:  -854.000000 | e:   0.100000 | Q:  18.285856 | won: False 
#   24 | steps:  5515 | steps_t: 76428 | t: 323.253280 | r: -1268.000000 | e:   0.100000 | Q:  17.766203 | won: False 
#   25 | steps:  5730 | steps_t: 76593 | t: 336.816767 | r:  -884.000000 | e:   0.100000 | Q:  17.557238 | won: False 
#   26 | steps:  5945 | steps_t: 76758 | t: 350.350594 | r: -1012.000000 | e:   0.100000 | Q:  16.820690 | won: False 
#   27 | steps:  6115 | steps_t: 76883 | t: 358.989141 | r:  -870.000000 | e:   0.100000 | Q:  16.511938 | won: False 
#   28 | steps:  6416 | steps_t: 77143 | t: 380.261394 | r:  2063.000000 | e:   0.100000 | Q:  16.306046 | won: True 
#   29 | steps:  6676 | steps_t: 77358 | t: 395.962044 | r:  -797.000000 | e:   0.100000 | Q:  16.644110 | won: False 
#   30 | steps:  6892 | steps_t: 77519 | t: 407.873949 | r:  -899.000000 | e:   0.100000 | Q:  16.844654 | won: False 
#   31 | steps:  7108 | steps_t: 77679 | t: 420.775978 | r: -1028.000000 | e:   0.100000 | Q:  17.692495 | won: False 
#   32 | steps:  7323 | steps_t: 77844 | t: 432.599628 | r:  -908.000000 | e:   0.100000 | Q:  18.745134 | won: False 
#   33 | steps:  7624 | steps_t: 78089 | t: 451.778419 | r:  2160.000000 | e:   0.100000 | Q:  18.501221 | won: True 
#   34 | steps:  7897 | steps_t: 78320 | t: 469.241248 | r:  -787.000000 | e:   0.100000 | Q:  17.400871 | won: False 
#   35 | steps:  8067 | steps_t: 78445 | t: 478.949754 | r:  -980.000000 | e:   0.100000 | Q:  17.589787 | won: False 
#   36 | steps:  8286 | steps_t: 78613 | t: 491.821834 | r:  -898.000000 | e:   0.100000 | Q:  17.753868 | won: False 
#   37 | steps:  8504 | steps_t: 78776 | t: 504.948617 | r:  -899.000000 | e:   0.100000 | Q:  17.832388 | won: False 
#   38 | steps:  8719 | steps_t: 78940 | t: 517.206249 | r:  -902.000000 | e:   0.100000 | Q:  17.762699 | won: False 
#   39 | steps:  8935 | steps_t: 79101 | t: 529.546741 | r:  -901.000000 | e:   0.100000 | Q:  17.084192 | won: False 
#   40 | steps:  9103 | steps_t: 79228 | t: 538.308234 | r:  -864.000000 | e:   0.100000 | Q:  16.245106 | won: False 
#   41 | steps:  9323 | steps_t: 79392 | t: 550.233940 | r:  -895.000000 | e:   0.100000 | Q:  15.309745 | won: False 
#   42 | steps:  9624 | steps_t: 79637 | t: 567.741243 | r:  2166.000000 | e:   0.100000 | Q:  14.397465 | won: True 
#   43 | steps:  9925 | steps_t: 79893 | t: 589.093867 | r:  2251.000000 | e:   0.100000 | Q:  13.776078 | won: True 
#   44 | steps: 10142 | steps_t: 80054 | t: 602.599675 | r:  -902.000000 | e:   0.100000 | Q:  12.604800 | won: False 
#   45 | steps: 10310 | steps_t: 80177 | t: 612.773395 | r:  -994.000000 | e:   0.100000 | Q:  12.235671 | won: False 
#   46 | steps: 10526 | steps_t: 80337 | t: 625.533222 | r:  -899.000000 | e:   0.100000 | Q:  12.693491 | won: False 
#   47 | steps: 10741 | steps_t: 80501 | t: 638.209860 | r:  -903.000000 | e:   0.100000 | Q:  12.617923 | won: False 
#   48 | steps: 10953 | steps_t: 80662 | t: 651.139307 | r:  -909.000000 | e:   0.100000 | Q:  11.884947 | won: False 
#   49 | steps: 11173 | steps_t: 80828 | t: 662.611917 | r:  -890.000000 | e:   0.100000 | Q:  10.943061 | won: False 
#   50 | steps: 11388 | steps_t: 80993 | t: 674.457834 | r:  -903.000000 | e:   0.100000 | Q:  10.540037 | won: False 
#   51 | steps: 11676 | steps_t: 81236 | t: 692.856912 | r:  -784.000000 | e:   0.100000 | Q:  10.085004 | won: False 
#   52 | steps: 11977 | steps_t: 81496 | t: 711.372732 | r:  -747.000000 | e:   0.100000 | Q:   9.839552 | won: False 
#   53 | steps: 12147 | steps_t: 81625 | t: 720.846610 | r:  -856.000000 | e:   0.100000 | Q:   8.860039 | won: False 
#   54 | steps: 12319 | steps_t: 81752 | t: 731.614173 | r:  -852.000000 | e:   0.100000 | Q:   8.529662 | won: False 
#   55 | steps: 12594 | steps_t: 81972 | t: 749.203768 | r:  -870.000000 | e:   0.100000 | Q:   8.253251 | won: False 
#   56 | steps: 12762 | steps_t: 82098 | t: 757.877220 | r:  -854.000000 | e:   0.100000 | Q:   7.401218 | won: False 
#   57 | steps: 13063 | steps_t: 82344 | t: 777.062635 | r:  2146.000000 | e:   0.100000 | Q:   7.308400 | won: True 
#   58 | steps: 13364 | steps_t: 82600 | t: 795.486096 | r:  2173.000000 | e:   0.100000 | Q:   6.839871 | won: True 
#   59 | steps: 13584 | steps_t: 82765 | t: 808.316720 | r:  -894.000000 | e:   0.100000 | Q:   6.105489 | won: False 
#   60 | steps: 13752 | steps_t: 82891 | t: 817.232325 | r:  -982.000000 | e:   0.100000 | Q:   5.943763 | won: False 
#   61 | steps: 14028 | steps_t: 83122 | t: 833.799220 | r:  -782.000000 | e:   0.100000 | Q:   5.084331 | won: False 
#   62 | steps: 14246 | steps_t: 83286 | t: 846.210474 | r: -1036.000000 | e:   0.100000 | Q:   4.731454 | won: False 
#   63 | steps: 14416 | steps_t: 83415 | t: 856.012083 | r:  -845.000000 | e:   0.100000 | Q:   4.643206 | won: False 
#   64 | steps: 14635 | steps_t: 83584 | t: 868.965733 | r:  -886.000000 | e:   0.100000 | Q:   4.217796 | won: False 
#   65 | steps: 14936 | steps_t: 83844 | t: 887.461305 | r:  2235.000000 | e:   0.100000 | Q:   3.802038 | won: True 
#   66 | steps: 15218 | steps_t: 84072 | t: 904.547918 | r:  -875.000000 | e:   0.100000 | Q:   3.847349 | won: False 
#   67 | steps: 15519 | steps_t: 84331 | t: 923.923026 | r:  2199.000000 | e:   0.100000 | Q:   3.756161 | won: True 
#   68 | steps: 15735 | steps_t: 84492 | t: 937.690138 | r:  -899.000000 | e:   0.100000 | Q:   3.307732 | won: False 
#   69 | steps: 15955 | steps_t: 84656 | t: 950.150985 | r:  -897.000000 | e:   0.100000 | Q:   2.721912 | won: False 
#   70 | steps: 16255 | steps_t: 84900 | t: 970.147484 | r:  -858.000000 | e:   0.100000 | Q:   2.548029 | won: False 
#   71 | steps: 16556 | steps_t: 85160 | t: 989.711750 | r:  2259.000000 | e:   0.100000 | Q:   2.848917 | won: True 
#   72 | steps: 16857 | steps_t: 85419 | t: 1010.053220 | r:  2208.000000 | e:   0.100000 | Q:   2.811543 | won: True 
#   73 | steps: 17073 | steps_t: 85580 | t: 1022.435381 | r:  -903.000000 | e:   0.100000 | Q:   2.924998 | won: False 
#   74 | steps: 17293 | steps_t: 85746 | t: 1035.436689 | r:  -895.000000 | e:   0.100000 | Q:   2.936332 | won: False 
#   75 | steps: 17511 | steps_t: 85908 | t: 1047.099884 | r:  -898.000000 | e:   0.100000 | Q:   3.554668 | won: False 
#   76 | steps: 17727 | steps_t: 86070 | t: 1059.704563 | r:  -899.000000 | e:   0.100000 | Q:   3.382179 | won: False 
#   77 | steps: 17977 | steps_t: 86275 | t: 1077.522164 | r:  -937.000000 | e:   0.100000 | Q:   2.610840 | won: False 
#   78 | steps: 18193 | steps_t: 86435 | t: 1091.206212 | r:  -900.000000 | e:   0.100000 | Q:   2.140329 | won: False 
#   79 | steps: 18365 | steps_t: 86565 | t: 1101.707268 | r:  -860.000000 | e:   0.100000 | Q:   1.696147 | won: False 
#   80 | steps: 18666 | steps_t: 86812 | t: 1121.250093 | r:  2114.000000 | e:   0.100000 | Q:   1.609676 | won: True 
#   81 | steps: 18885 | steps_t: 86981 | t: 1132.948313 | r:  -879.000000 | e:   0.100000 | Q:   1.493775 | won: False 
#   82 | steps: 19142 | steps_t: 87197 | t: 1149.067508 | r:  -795.000000 | e:   0.100000 | Q:   1.311909 | won: False 
#   83 | steps: 19443 | steps_t: 87448 | t: 1169.571709 | r:  2124.000000 | e:   0.100000 | Q:   1.064920 | won: True 
#   84 | steps: 19660 | steps_t: 87615 | t: 1180.837705 | r:  -900.000000 | e:   0.100000 | Q:   1.188000 | won: False 
#   85 | steps: 19829 | steps_t: 87742 | t: 1191.192987 | r: -1134.000000 | e:   0.100000 | Q:   1.219311 | won: False 
#   86 | steps: 20049 | steps_t: 87908 | t: 1205.191685 | r:  -897.000000 | e:   0.100000 | Q:   1.127171 | won: False 
#   87 | steps: 20265 | steps_t: 88069 | t: 1219.237649 | r:  -901.000000 | e:   0.100000 | Q:   0.758311 | won: False 
#   88 | steps: 20566 | steps_t: 88329 | t: 1237.610760 | r:  2232.000000 | e:   0.100000 | Q:   0.796449 | won: True 
#   89 | steps: 20786 | steps_t: 88494 | t: 1249.809089 | r:  -896.000000 | e:   0.100000 | Q:   0.739786 | won: False 
#   90 | steps: 21040 | steps_t: 88706 | t: 1264.373350 | r:  -785.000000 | e:   0.100000 | Q:   0.721086 | won: False 
#   91 | steps: 21259 | steps_t: 88874 | t: 1276.772640 | r:  -897.000000 | e:   0.100000 | Q:   0.256108 | won: False 
#   92 | steps: 21429 | steps_t: 89002 | t: 1285.391535 | r:  -985.000000 | e:   0.100000 | Q:  -0.338756 | won: False 
#   93 | steps: 21645 | steps_t: 89162 | t: 1296.711674 | r:  -901.000000 | e:   0.100000 | Q:  -0.600822 | won: False 
#   94 | steps: 21865 | steps_t: 89326 | t: 1308.861009 | r:  -899.000000 | e:   0.100000 | Q:  -0.833837 | won: False 
#   95 | steps: 22166 | steps_t: 89582 | t: 1328.907796 | r:  2232.000000 | e:   0.100000 | Q:  -0.544880 | won: True 
#   96 | steps: 22382 | steps_t: 89743 | t: 1343.891839 | r:  -898.000000 | e:   0.100000 | Q:  -0.945450 | won: False 
#   97 | steps: 22552 | steps_t: 89872 | t: 1353.268292 | r:  -996.000000 | e:   0.100000 | Q:  -1.336026 | won: False 
#   98 | steps: 22821 | steps_t: 90091 | t: 1369.731854 | r:  -871.000000 | e:   0.100000 | Q:  -1.809292 | won: False 
#   99 | steps: 23040 | steps_t: 90259 | t: 1380.860751 | r:  -897.000000 | e:   0.100000 | Q:  -2.279583 | won: False 
#  100 | steps: 23260 | steps_t: 90428 | t: 1394.678000 | r:  -894.000000 | e:   0.100000 | Q:  -2.269427 | won: False 
#  101 | steps: 23561 | steps_t: 90679 | t: 1413.570431 | r:  2161.000000 | e:   0.100000 | Q:  -2.414472 | won: True 
#  102 | steps: 23780 | steps_t: 90844 | t: 1426.301503 | r: -1138.000000 | e:   0.100000 | Q:  -2.861190 | won: False 
#  103 | steps: 23995 | steps_t: 91009 | t: 1439.060007 | r: -1111.000000 | e:   0.100000 | Q:  -3.164661 | won: False 
#  104 | steps: 24211 | steps_t: 91170 | t: 1451.435544 | r:  -893.000000 | e:   0.100000 | Q:  -2.828330 | won: False 
#  105 | steps: 24431 | steps_t: 91336 | t: 1464.980050 | r: -1042.000000 | e:   0.100000 | Q:  -2.841057 | won: False 
#  106 | steps: 24646 | steps_t: 91501 | t: 1476.173713 | r: -1258.000000 | e:   0.100000 | Q:  -3.023158 | won: False 
#  107 | steps: 24947 | steps_t: 91751 | t: 1495.444748 | r:  2093.000000 | e:   0.100000 | Q:  -3.076019 | won: True 
#  108 | steps: 25115 | steps_t: 91877 | t: 1505.062688 | r: -1136.000000 | e:   0.100000 | Q:  -3.192587 | won: False 
#  109 | steps: 25335 | steps_t: 92043 | t: 1517.210393 | r: -1033.000000 | e:   0.100000 | Q:  -3.127915 | won: False 
#  110 | steps: 25635 | steps_t: 92289 | t: 1537.877864 | r:  -859.000000 | e:   0.100000 | Q:  -3.322723 | won: False 
#  111 | steps: 25813 | steps_t: 92425 | t: 1547.813908 | r:  -858.000000 | e:   0.100000 | Q:  -3.689282 | won: False 
#  112 | steps: 26029 | steps_t: 92585 | t: 1561.287923 | r:  -892.000000 | e:   0.100000 | Q:  -3.224261 | won: False 
#  113 | steps: 26199 | steps_t: 92713 | t: 1570.927828 | r:  -849.000000 | e:   0.100000 | Q:  -2.966648 | won: False 
#  114 | steps: 26367 | steps_t: 92840 | t: 1580.750234 | r:  -984.000000 | e:   0.100000 | Q:  -3.193571 | won: False 
#  115 | steps: 26585 | steps_t: 93002 | t: 1593.572917 | r: -1030.000000 | e:   0.100000 | Q:  -3.057632 | won: False 
#  116 | steps: 26802 | steps_t: 93168 | t: 1606.728569 | r:  -901.000000 | e:   0.100000 | Q:  -2.876846 | won: False 
#  117 | steps: 27103 | steps_t: 93424 | t: 1626.738557 | r:  2227.000000 | e:   0.100000 | Q:  -2.545360 | won: True 
#  118 | steps: 27327 | steps_t: 93594 | t: 1639.432423 | r:  -897.000000 | e:   0.100000 | Q:  -2.868090 | won: False 
#  119 | steps: 27543 | steps_t: 93754 | t: 1652.282513 | r:  -898.000000 | e:   0.100000 | Q:  -2.856847 | won: False 
#  120 | steps: 27711 | steps_t: 93877 | t: 1661.366855 | r:  -985.000000 | e:   0.100000 | Q:  -2.955305 | won: False 
#  121 | steps: 28012 | steps_t: 94137 | t: 1682.088144 | r:  2108.000000 | e:   0.100000 | Q:  -2.938543 | won: True 
#  122 | steps: 28313 | steps_t: 94383 | t: 1703.269461 | r:  2039.000000 | e:   0.100000 | Q:  -3.647898 | won: True 
#  123 | steps: 28614 | steps_t: 94634 | t: 1723.101704 | r:  2113.000000 | e:   0.100000 | Q:  -3.999456 | won: True 
#  124 | steps: 28830 | steps_t: 94795 | t: 1736.063330 | r:  -903.000000 | e:   0.100000 | Q:  -3.958276 | won: False 
#  125 | steps: 29099 | steps_t: 95022 | t: 1752.472538 | r:  -931.000000 | e:   0.100000 | Q:  -3.848394 | won: False 
#  126 | steps: 29398 | steps_t: 95271 | t: 1773.471427 | r:  -919.000000 | e:   0.100000 | Q:  -3.828034 | won: False 
#  127 | steps: 29614 | steps_t: 95433 | t: 1787.702448 | r:  -908.000000 | e:   0.100000 | Q:  -4.551952 | won: False 
#  128 | steps: 29915 | steps_t: 95689 | t: 1808.847594 | r:  2067.000000 | e:   0.100000 | Q:  -4.743523 | won: True 
#  129 | steps: 30131 | steps_t: 95851 | t: 1822.126823 | r:  -900.000000 | e:   0.100000 | Q:  -4.807987 | won: False 
#  130 | steps: 30348 | steps_t: 96017 | t: 1837.158910 | r:  -898.000000 | e:   0.100000 | Q:  -5.011031 | won: False 
#  131 | steps: 30649 | steps_t: 96277 | t: 1857.423045 | r:  2213.000000 | e:   0.100000 | Q:  -5.472834 | won: True 
#  132 | steps: 30821 | steps_t: 96404 | t: 1865.917338 | r:  -980.000000 | e:   0.100000 | Q:  -5.866929 | won: False 
#  133 | steps: 30989 | steps_t: 96531 | t: 1874.616496 | r:  -857.000000 | e:   0.100000 | Q:  -6.061016 | won: False 
#  134 | steps: 31209 | steps_t: 96697 | t: 1886.729030 | r:  -901.000000 | e:   0.100000 | Q:  -5.867299 | won: False 
#  135 | steps: 31381 | steps_t: 96827 | t: 1896.087890 | r:  -853.000000 | e:   0.100000 | Q:  -5.851974 | won: False 
#  136 | steps: 31667 | steps_t: 97063 | t: 1916.203938 | r:  -885.000000 | e:   0.100000 | Q:  -6.442347 | won: False 
#  137 | steps: 31837 | steps_t: 97192 | t: 1925.718048 | r:  -978.000000 | e:   0.100000 | Q:  -6.459977 | won: False 
#  138 | steps: 32138 | steps_t: 97448 | t: 1946.622081 | r:  2225.000000 | e:   0.100000 | Q:  -6.186301 | won: True 
#  139 | steps: 32306 | steps_t: 97574 | t: 1957.681668 | r:  -866.000000 | e:   0.100000 | Q:  -6.358141 | won: False 
#  140 | steps: 32523 | steps_t: 97741 | t: 1970.825360 | r:  -905.000000 | e:   0.100000 | Q:  -6.449237 | won: False 
#  141 | steps: 32785 | steps_t: 97953 | t: 1985.844961 | r:  -886.000000 | e:   0.100000 | Q:  -6.042414 | won: False 
#  142 | steps: 32955 | steps_t: 98082 | t: 1995.266046 | r:  -993.000000 | e:   0.100000 | Q:  -6.643880 | won: False 
#  143 | steps: 33256 | steps_t: 98328 | t: 2014.630353 | r:  2154.000000 | e:   0.100000 | Q:  -6.664195 | won: True 
#  144 | steps: 33557 | steps_t: 98588 | t: 2033.824915 | r:  2245.000000 | e:   0.100000 | Q:  -6.738054 | won: True 
#  145 | steps: 33858 | steps_t: 98833 | t: 2055.739531 | r:  2148.000000 | e:   0.100000 | Q:  -6.519413 | won: True 
#  146 | steps: 34030 | steps_t: 98963 | t: 2066.541519 | r:  -872.000000 | e:   0.100000 | Q:  -6.352309 | won: False 
#  147 | steps: 34250 | steps_t: 99128 | t: 2081.277636 | r:  -894.000000 | e:   0.100000 | Q:  -6.399074 | won: False 
#  148 | steps: 34469 | steps_t: 99291 | t: 2094.465873 | r:  -891.000000 | e:   0.100000 | Q:  -6.577373 | won: False 
#  149 | steps: 34770 | steps_t: 99550 | t: 2115.245021 | r:  2067.000000 | e:   0.100000 | Q:  -6.310165 | won: True 
#  150 | steps: 35071 | steps_t: 99809 | t: 2133.854594 | r:  2103.000000 | e:   0.100000 | Q:  -5.601786 | won: True 
#  151 | steps: 35241 | steps_t: 99938 | t: 2142.819670 | r:  -859.000000 | e:   0.100000 | Q:  -5.095949 | won: False 
#  152 | steps: 35542 | steps_t: 100194 | t: 2163.031796 | r:  2208.000000 | e:   0.100000 | Q:  -5.060796 | won: True 
#  153 | steps: 35802 | steps_t: 100409 | t: 2180.501720 | r:  -794.000000 | e:   0.100000 | Q:  -5.075763 | won: False 
#  154 | steps: 36017 | steps_t: 100574 | t: 2195.339542 | r:  -913.000000 | e:   0.100000 | Q:  -5.214019 | won: False 
#  155 | steps: 36233 | steps_t: 100735 | t: 2208.836266 | r:  -903.000000 | e:   0.100000 | Q:  -5.237714 | won: False 
#  156 | steps: 36401 | steps_t: 100862 | t: 2218.502155 | r:  -983.000000 | e:   0.100000 | Q:  -5.057840 | won: False 
#  157 | steps: 36569 | steps_t: 100988 | t: 2228.479878 | r:  -857.000000 | e:   0.100000 | Q:  -4.701910 | won: False 
#  158 | steps: 36870 | steps_t: 101244 | t: 2248.835930 | r:  -281.000000 | e:   0.100000 | Q:  -4.427052 | won: False 
#  159 | steps: 37086 | steps_t: 101406 | t: 2261.010083 | r:  -903.000000 | e:   0.100000 | Q:  -4.586071 | won: False 
#  160 | steps: 37305 | steps_t: 101575 | t: 2273.476661 | r:  -903.000000 | e:   0.100000 | Q:  -4.827250 | won: False 
#  161 | steps: 37521 | steps_t: 101736 | t: 2287.732527 | r:  -903.000000 | e:   0.100000 | Q:  -4.745429 | won: False 
#  162 | steps: 37812 | steps_t: 101977 | t: 2307.736638 | r:  -866.000000 | e:   0.100000 | Q:  -4.963344 | won: False 
#  163 | steps: 38030 | steps_t: 102140 | t: 2321.910476 | r:  -898.000000 | e:   0.100000 | Q:  -4.577805 | won: False 
#  164 | steps: 38202 | steps_t: 102270 | t: 2332.089765 | r:  -863.000000 | e:   0.100000 | Q:  -4.099224 | won: False 
#  165 | steps: 38503 | steps_t: 102526 | t: 2349.759331 | r:  2236.000000 | e:   0.100000 | Q:  -3.858294 | won: True 
#  166 | steps: 38794 | steps_t: 102772 | t: 2368.909375 | r:  -783.000000 | e:   0.100000 | Q:  -3.762899 | won: False 
#  167 | steps: 38962 | steps_t: 102895 | t: 2377.384841 | r:  -997.000000 | e:   0.100000 | Q:  -3.647897 | won: False 
#  168 | steps: 39145 | steps_t: 103036 | t: 2387.579903 | r:  -859.000000 | e:   0.100000 | Q:  -3.447298 | won: False 
#  169 | steps: 39421 | steps_t: 103267 | t: 2404.060267 | r:  -789.000000 | e:   0.100000 | Q:  -2.836974 | won: False 
#  170 | steps: 39641 | steps_t: 103432 | t: 2417.945751 | r:  -898.000000 | e:   0.100000 | Q:  -2.840973 | won: False 
#  171 | steps: 39942 | steps_t: 103682 | t: 2439.741728 | r:  2122.000000 | e:   0.100000 | Q:  -2.781591 | won: True 
#  172 | steps: 40161 | steps_t: 103850 | t: 2453.915049 | r:  -908.000000 | e:   0.100000 | Q:  -2.902442 | won: False 
#  173 | steps: 40381 | steps_t: 104015 | t: 2465.679822 | r:  -896.000000 | e:   0.100000 | Q:  -3.303254 | won: False 
#  174 | steps: 40636 | steps_t: 104225 | t: 2480.113549 | r:  -785.000000 | e:   0.100000 | Q:  -3.730885 | won: False 
#  175 | steps: 40856 | steps_t: 104391 | t: 2491.752227 | r:  -899.000000 | e:   0.100000 | Q:  -3.674572 | won: False 
#  176 | steps: 41147 | steps_t: 104637 | t: 2511.391638 | r:  2218.000000 | e:   0.100000 | Q:  -4.012328 | won: True 
#  177 | steps: 41322 | steps_t: 104771 | t: 2524.228751 | r:  -854.000000 | e:   0.100000 | Q:  -4.739316 | won: False 
#  178 | steps: 41490 | steps_t: 104898 | t: 2535.083316 | r:  -993.000000 | e:   0.100000 | Q:  -4.853866 | won: False 
#  179 | steps: 41750 | steps_t: 105108 | t: 2553.443652 | r:  -873.000000 | e:   0.100000 | Q:  -5.017287 | won: False 
#  180 | steps: 41966 | steps_t: 105268 | t: 2567.849051 | r: -1031.000000 | e:   0.100000 | Q:  -4.523816 | won: False 
#  181 | steps: 42182 | steps_t: 105433 | t: 2582.999801 | r:  -907.000000 | e:   0.100000 | Q:  -4.388258 | won: False 
#  182 | steps: 42397 | steps_t: 105597 | t: 2594.694395 | r:  -904.000000 | e:   0.100000 | Q:  -4.755381 | won: False 
#  183 | steps: 42569 | steps_t: 105728 | t: 2604.339625 | r:  -861.000000 | e:   0.100000 | Q:  -4.891592 | won: False 
#  184 | steps: 42786 | steps_t: 105894 | t: 2617.852704 | r:  -896.000000 | e:   0.100000 | Q:  -5.308968 | won: False 
#  185 | steps: 43002 | steps_t: 106054 | t: 2629.748892 | r:  -900.000000 | e:   0.100000 | Q:  -5.812170 | won: False 
#  186 | steps: 43170 | steps_t: 106181 | t: 2638.685062 | r:  -982.000000 | e:   0.100000 | Q:  -5.631452 | won: False 
#  187 | steps: 43471 | steps_t: 106432 | t: 2658.739946 | r:  2151.000000 | e:   0.100000 | Q:  -5.977818 | won: True 
#  188 | steps: 43689 | steps_t: 106594 | t: 2672.574944 | r:  -902.000000 | e:   0.100000 | Q:  -5.999073 | won: False 
#  189 | steps: 43861 | steps_t: 106724 | t: 2683.236081 | r:  -860.000000 | e:   0.100000 | Q:  -6.191039 | won: False 
#  190 | steps: 44090 | steps_t: 106897 | t: 2702.898793 | r:  -897.000000 | e:   0.100000 | Q:  -5.884124 | won: False 
#  191 | steps: 44391 | steps_t: 107153 | t: 2740.079892 | r:  2204.000000 | e:   0.100000 | Q:  -6.032076 | won: True 
#  192 | steps: 44608 | steps_t: 107320 | t: 2763.183102 | r:  -904.000000 | e:   0.100000 | Q:  -6.720137 | won: False 
#  193 | steps: 44909 | steps_t: 107580 | t: 2797.952901 | r:  2228.000000 | e:   0.100000 | Q:  -6.881460 | won: True 
#  194 | steps: 45077 | steps_t: 107707 | t: 2815.082240 | r: -1004.000000 | e:   0.100000 | Q:  -7.232152 | won: False 
#  195 | steps: 45249 | steps_t: 107838 | t: 2835.236389 | r:  -994.000000 | e:   0.100000 | Q:  -7.323576 | won: False 
#  196 | steps: 45467 | steps_t: 108002 | t: 2858.989548 | r:  -897.000000 | e:   0.100000 | Q:  -7.054108 | won: False 
#  197 | steps: 45768 | steps_t: 108247 | t: 2897.139830 | r:  2064.000000 | e:   0.100000 | Q:  -6.939837 | won: True 
#  198 | steps: 46069 | steps_t: 108497 | t: 2930.695662 | r:  2086.000000 | e:   0.100000 | Q:  -7.398438 | won: True 
#  199 | steps: 46370 | steps_t: 108757 | t: 2966.146425 | r:  -271.000000 | e:   0.100000 | Q:  -6.967887 | won: False 
#  200 | steps: 46586 | steps_t: 108917 | t: 2987.882183 | r:  -900.000000 | e:   0.100000 | Q:  -7.119630 | won: False 
