#    1 | steps:   301 | steps_t:     0 | t: 1.992319 | r:  8431.000000 | e:   1.000000 | Q:   0.124882 | won: True 
#    1 | steps:   301 | steps_t:     0 | t: 1.695939 | r:  9665.000000 | e:   1.000000 | Q:   0.100769 | won: True 
#    2 | steps:   519 | steps_t:    18 | t: 5.004462 | r: -1900.000000 | e:   0.999820 | Q:        nan | won: False 
#    2 | steps:   519 | steps_t:    18 | t: 4.770947 | r: -1465.000000 | e:   0.999820 | Q:        nan | won: False 
#    3 | steps:   738 | steps_t:   182 | t: 24.155865 | r: -1590.000000 | e:   0.998180 | Q:        nan | won: False 
#    3 | steps:   738 | steps_t:   195 | t: 23.932607 | r: -1264.000000 | e:   0.998050 | Q:        nan | won: False 
#    4 | steps:   910 | steps_t:   314 | t: 38.847199 | r: -2280.000000 | e:   0.996860 | Q:  21.647312 | won: False 
#    4 | steps:   909 | steps_t:   321 | t: 38.611967 | r: -1126.000000 | e:   0.996790 | Q:        nan | won: False 
#    5 | steps:  1162 | steps_t:   522 | t: 62.033821 | r: -1880.000000 | e:   0.994780 | Q: 106.930710 | won: False 
#    5 | steps:  1160 | steps_t:   527 | t: 61.801566 | r: -1302.000000 | e:   0.994730 | Q: 397.522552 | won: False 
#    6 | steps:  1463 | steps_t:   770 | t: 91.394501 | r: -2960.000000 | e:   0.992300 | Q:        nan | won: False 
#    6 | steps:  1461 | steps_t:   783 | t: 91.163657 | r:  -741.000000 | e:   0.992170 | Q: 476.335571 | won: False 
#    7 | steps:  1764 | steps_t:  1021 | t: 121.926157 | r: -2310.000000 | e:   0.989790 | Q: 271.576660 | won: False 
#    7 | steps:  1762 | steps_t:  1029 | t: 121.695928 | r:  -845.000000 | e:   0.989710 | Q: 233.276154 | won: False 
#    8 | steps:  1983 | steps_t:  1190 | t: 143.035106 | r:  -509.000000 | e:   0.988100 | Q: 328.407959 | won: False 
#    8 | steps:  1980 | steps_t:  1193 | t: 142.813033 | r: -1248.000000 | e:   0.988070 | Q:  45.288773 | won: False 
#    9 | steps:  2263 | steps_t:  1416 | t: 173.164077 | r: -3200.000000 | e:   0.985840 | Q: 387.123260 | won: False 
#    9 | steps:  2259 | steps_t:  1416 | t: 172.927320 | r: -1421.000000 | e:   0.985840 | Q:  37.262486 | won: False 
#   10 | steps:  2538 | steps_t:  1651 | t: 204.825309 | r: -1730.000000 | e:   0.983490 | Q: 340.146637 | won: False 
#   10 | steps:  2534 | steps_t:  1646 | t: 204.606734 | r: -1230.000000 | e:   0.983540 | Q: 161.757553 | won: False 
#   11 | steps:  2839 | steps_t:  1898 | t: 239.266130 | r: -2670.000000 | e:   0.981020 | Q: 313.881165 | won: False 
#   11 | steps:  2835 | steps_t:  1897 | t: 239.038469 | r:  -751.000000 | e:   0.981030 | Q:  42.796978 | won: False 
#   12 | steps:  3140 | steps_t:  2149 | t: 273.175647 | r: -2730.000000 | e:   0.978510 | Q: 278.052246 | won: False 
#   12 | steps:  3136 | steps_t:  2157 | t: 272.934390 | r:  -760.000000 | e:   0.978430 | Q: 106.864090 | won: False 
#   13 | steps:  3404 | steps_t:  2364 | t: 298.659773 | r: -2260.000000 | e:   0.976360 | Q: 300.955322 | won: False 
#   13 | steps:  3399 | steps_t:  2364 | t: 298.430806 | r: -1300.000000 | e:   0.976360 | Q:  21.984423 | won: False 
#   14 | steps:  3705 | steps_t:  2610 | t: 326.762885 | r: -2160.000000 | e:   0.973900 | Q: 267.800842 | won: False 
#   14 | steps:  3700 | steps_t:  2611 | t: 326.533946 | r: -1463.000000 | e:   0.973890 | Q:  57.214783 | won: False 
#   15 | steps:  4006 | steps_t:  2858 | t: 355.682448 | r:  9982.000000 | e:   0.971420 | Q: 204.461380 | won: True 
#   15 | steps:  4001 | steps_t:  2857 | t: 355.454901 | r:  9559.000000 | e:   0.971430 | Q:  17.513475 | won: True 
#   16 | steps:  4307 | steps_t:  3106 | t: 383.766925 | r: -2820.000000 | e:   0.968940 | Q: 184.668671 | won: False 
#   16 | steps:  4302 | steps_t:  3103 | t: 383.541308 | r:  -935.000000 | e:   0.968970 | Q:  95.317986 | won: False 
#   17 | steps:  4608 | steps_t:  3367 | t: 412.092580 | r:  7472.000000 | e:   0.966330 | Q: 184.228775 | won: True 
#   17 | steps:  4603 | steps_t:  3348 | t: 411.865469 | r:  9784.000000 | e:   0.966520 | Q: 491.269043 | won: True 
#   18 | steps:  4823 | steps_t:  3527 | t: 431.205816 | r: -1410.000000 | e:   0.964730 | Q: 155.881134 | won: False 
#   18 | steps:  4818 | steps_t:  3522 | t: 430.972803 | r: -1174.000000 | e:   0.964780 | Q:  34.734974 | won: False 
#   19 | steps:  5086 | steps_t:  3737 | t: 458.296771 | r: -1700.000000 | e:   0.962630 | Q: 125.412354 | won: False 
#   19 | steps:  5081 | steps_t:  3743 | t: 458.075940 | r: -1320.000000 | e:   0.962570 | Q:  64.679482 | won: False 
#   20 | steps:  5254 | steps_t:  3865 | t: 473.246023 | r: -2280.000000 | e:   0.961350 | Q: 108.778519 | won: False 
#   20 | steps:  5249 | steps_t:  3869 | t: 473.026570 | r: -1126.000000 | e:   0.961310 | Q: 31306.037109 | won: False 
