#    1 | steps:   301 | steps_t:     0 | t: 2.069910 | r:  8741.000000 | e:   1.000000 | Q:        nan | won: True 
#    1 | steps:   301 | steps_t:     0 | t: 1.769561 | r:  9751.000000 | e:   1.000000 | Q:   0.109277 | won: True 
#    2 | steps:   602 | steps_t:   101 | t: 15.186040 | r: -2490.000000 | e:   0.998990 | Q:        nan | won: False 
#    2 | steps:   602 | steps_t:   101 | t: 15.053973 | r: -1045.000000 | e:   0.998990 | Q:        nan | won: False 
#    3 | steps:   868 | steps_t:   314 | t: 38.962425 | r: -2689.000000 | e:   0.996860 | Q:        nan | won: False 
#    3 | steps:   868 | steps_t:   316 | t: 38.724690 | r: -1380.000000 | e:   0.996840 | Q:        nan | won: False 
#    4 | steps:  1083 | steps_t:   480 | t: 56.673710 | r: -2170.000000 | e:   0.995200 | Q:        nan | won: False 
#    4 | steps:  1082 | steps_t:   476 | t: 56.431562 | r: -1259.000000 | e:   0.995240 | Q:        nan | won: False 
#    5 | steps:  1384 | steps_t:   740 | t: 84.623924 | r: -1950.000000 | e:   0.992600 | Q: 117.497910 | won: False 
#    5 | steps:  1383 | steps_t:   727 | t: 84.390823 | r:  -850.000000 | e:   0.992730 | Q: 129.635498 | won: False 
#    6 | steps:  1685 | steps_t:   991 | t: 111.944222 | r:  9912.000000 | e:   0.990090 | Q: 141.433655 | won: True 
#    6 | steps:  1684 | steps_t:   972 | t: 111.707447 | r:  9659.000000 | e:   0.990280 | Q: 282.323822 | won: True 
#    7 | steps:  1986 | steps_t:  1238 | t: 139.590546 | r: -1690.000000 | e:   0.987620 | Q: 438.123932 | won: False 
#    7 | steps:  1985 | steps_t:  1223 | t: 139.346663 | r:  -751.000000 | e:   0.987770 | Q: 4291.318848 | won: False 
#    8 | steps:  2287 | steps_t:  1485 | t: 166.845732 | r: -1380.000000 | e:   0.985150 | Q: 576.235168 | won: False 
#    8 | steps:  2286 | steps_t:  1469 | t: 166.610964 | r: -1034.000000 | e:   0.985310 | Q: 654.693115 | won: False 
#    9 | steps:  2456 | steps_t:  1610 | t: 180.599372 | r: -2250.000000 | e:   0.983900 | Q: 510.455170 | won: False 
#    9 | steps:  2454 | steps_t:  1592 | t: 180.358696 | r: -1222.000000 | e:   0.984080 | Q:        nan | won: False 
#   10 | steps:  2755 | steps_t:  1854 | t: 208.307033 | r: -1929.000000 | e:   0.981460 | Q: 358.329773 | won: False 
#   10 | steps:  2753 | steps_t:  1841 | t: 208.070495 | r: -1432.000000 | e:   0.981590 | Q: 236.632874 | won: False 
#   11 | steps:  3054 | steps_t:  2098 | t: 236.326146 | r: -1990.000000 | e:   0.979020 | Q: 370.066742 | won: False 
#   11 | steps:  3052 | steps_t:  2095 | t: 236.082916 | r: -1254.000000 | e:   0.979050 | Q: 395.905457 | won: False 
#   12 | steps:  3355 | steps_t:  2346 | t: 263.776409 | r: -2370.000000 | e:   0.976540 | Q: 302.593719 | won: False 
#   12 | steps:  3353 | steps_t:  2345 | t: 263.536350 | r:  -948.000000 | e:   0.976550 | Q:        nan | won: False 
#   13 | steps:  3576 | steps_t:  2523 | t: 283.319445 | r: -2230.000000 | e:   0.974770 | Q: 256.580505 | won: False 
#   13 | steps:  3573 | steps_t:  2515 | t: 283.076987 | r: -1269.000000 | e:   0.974850 | Q: 193.668671 | won: False 
#   14 | steps:  3877 | steps_t:  2769 | t: 311.168804 | r: -2900.000000 | e:   0.972310 | Q: 224.840363 | won: False 
#   14 | steps:  3874 | steps_t:  2760 | t: 310.927904 | r: -1042.000000 | e:   0.972400 | Q: 153.783936 | won: False 
#   15 | steps:  4092 | steps_t:  2944 | t: 330.162092 | r: -2040.000000 | e:   0.970560 | Q: 182.386642 | won: False 
#   15 | steps:  4089 | steps_t:  2925 | t: 329.920353 | r: -1360.000000 | e:   0.970750 | Q: 124.621887 | won: False 
#   16 | steps:  4313 | steps_t:  3111 | t: 348.569320 | r:  -729.000000 | e:   0.968890 | Q: 139.347656 | won: False 
#   16 | steps:  4309 | steps_t:  3090 | t: 348.321197 | r: -1361.000000 | e:   0.969100 | Q: 149.569290 | won: False 
#   17 | steps:  4614 | steps_t:  3363 | t: 376.468989 | r: -1920.000000 | e:   0.966370 | Q: 128.199799 | won: False 
#   17 | steps:  4610 | steps_t:  3346 | t: 376.223007 | r:  -756.000000 | e:   0.966540 | Q: 526.146973 | won: False 
#   18 | steps:  4915 | steps_t:  3610 | t: 405.028239 | r: -2040.000000 | e:   0.963900 | Q: 119.384575 | won: False 
#   18 | steps:  4911 | steps_t:  3596 | t: 404.789026 | r: -1047.000000 | e:   0.964040 | Q:  67.537415 | won: False 
#   19 | steps:  5216 | steps_t:  3870 | t: 434.179737 | r:  -960.000000 | e:   0.961300 | Q: 129.973511 | won: False 
#   19 | steps:  5212 | steps_t:  3842 | t: 433.941942 | r: -1043.000000 | e:   0.961580 | Q:  79.170235 | won: False 
#   20 | steps:  5517 | steps_t:  4122 | t: 461.471024 | r: -1480.000000 | e:   0.958780 | Q: 118.193542 | won: False 
#   20 | steps:  5513 | steps_t:  4089 | t: 461.229261 | r:  -942.000000 | e:   0.959110 | Q:  55.128132 | won: False 
#   21 | steps:  5733 | steps_t:  4288 | t: 480.572324 | r: -2490.000000 | e:   0.957120 | Q:  95.500954 | won: False 
#   21 | steps:  5729 | steps_t:  4260 | t: 480.335349 | r: -1270.000000 | e:   0.957400 | Q:  69.076851 | won: False 
#   22 | steps:  6034 | steps_t:  4540 | t: 510.083891 | r: 10873.000000 | e:   0.954600 | Q:  87.993011 | won: True 
#   22 | steps:  6030 | steps_t:  4519 | t: 509.844315 | r:  9745.000000 | e:   0.954810 | Q: 733.836853 | won: True 
#   23 | steps:  6251 | steps_t:  4702 | t: 528.688542 | r: -1800.000000 | e:   0.952980 | Q:  84.531822 | won: False 
#   23 | steps:  6247 | steps_t:  4680 | t: 528.450435 | r: -1260.000000 | e:   0.953200 | Q: 195.295151 | won: False 
#   24 | steps:  6552 | steps_t:  4959 | t: 557.135331 | r: 11621.000000 | e:   0.950410 | Q: 213.815643 | won: True 
#   24 | steps:  6548 | steps_t:  4927 | t: 556.891422 | r:  9669.000000 | e:   0.950730 | Q: 242.177170 | won: True 
#   25 | steps:  6771 | steps_t:  5129 | t: 575.676934 | r: -1299.000000 | e:   0.948710 | Q: 187.522095 | won: False 
#   25 | steps:  6766 | steps_t:  5089 | t: 575.435643 | r: -1246.000000 | e:   0.949110 | Q:  75.141617 | won: False 
#   26 | steps:  7072 | steps_t:  5375 | t: 604.457559 | r:  -390.000000 | e:   0.946250 | Q: 288.836517 | won: False 
#   26 | steps:  7067 | steps_t:  5340 | t: 604.223863 | r:  -751.000000 | e:   0.946600 | Q: 184.353378 | won: False 
#   27 | steps:  7291 | steps_t:  5553 | t: 624.487327 | r: -2320.000000 | e:   0.944470 | Q: 431.087616 | won: False 
#   27 | steps:  7285 | steps_t:  5503 | t: 624.242621 | r: -1262.000000 | e:   0.944970 | Q: 123.544319 | won: False 
#   28 | steps:  7506 | steps_t:  5714 | t: 642.134697 | r: -1429.000000 | e:   0.942860 | Q: 366.060608 | won: False 
#   28 | steps:  7500 | steps_t:  5663 | t: 641.889693 | r: -1158.000000 | e:   0.943370 | Q: 121.575790 | won: False 
#   29 | steps:  7807 | steps_t:  5974 | t: 670.669415 | r: -1860.000000 | e:   0.940260 | Q: 317.307648 | won: False 
#   29 | steps:  7801 | steps_t:  5914 | t: 670.426979 | r:  -949.000000 | e:   0.940860 | Q: 1270.255371 | won: False 
#   30 | steps:  8108 | steps_t:  6226 | t: 698.636331 | r: -1590.000000 | e:   0.937740 | Q: 257.024048 | won: False 
#   30 | steps:  8102 | steps_t:  6165 | t: 698.400279 | r:  -850.000000 | e:   0.938350 | Q: 350.719482 | won: False 
#   31 | steps:  8409 | steps_t:  6483 | t: 727.029825 | r:  8543.000000 | e:   0.935170 | Q: 385.322083 | won: True 
#   31 | steps:  8403 | steps_t:  6412 | t: 726.786391 | r:  9796.000000 | e:   0.935880 | Q: 191.327866 | won: True 
#   32 | steps:  8710 | steps_t:  6744 | t: 754.696522 | r: -2490.000000 | e:   0.932560 | Q: 232.874496 | won: False 
#   32 | steps:  8704 | steps_t:  6658 | t: 754.453227 | r:  -845.000000 | e:   0.933420 | Q: 286.417328 | won: False 
#   33 | steps:  8930 | steps_t:  6924 | t: 773.441444 | r: -2240.000000 | e:   0.930760 | Q: 128.792084 | won: False 
#   33 | steps:  8923 | steps_t:  6826 | t: 773.200484 | r: -1366.000000 | e:   0.931740 | Q: 183.913116 | won: False 
#   34 | steps:  9231 | steps_t:  7176 | t: 802.090547 | r:  9471.000000 | e:   0.928240 | Q: 290.825836 | won: True 
#   34 | steps:  9224 | steps_t:  7077 | t: 801.851754 | r:  9559.000000 | e:   0.929230 | Q:  85.509201 | won: True 
#   35 | steps:  9524 | steps_t:  7420 | t: 829.681525 | r:  -459.000000 | e:   0.925800 | Q: 341.711548 | won: False 
#   35 | steps:  9517 | steps_t:  7315 | t: 829.433348 | r: -1332.000000 | e:   0.926850 | Q: 1147.563721 | won: False 
#   36 | steps:  9825 | steps_t:  7667 | t: 857.203903 | r: -1650.000000 | e:   0.923330 | Q: 278.624420 | won: False 
#   36 | steps:  9818 | steps_t:  7561 | t: 856.971590 | r:  -845.000000 | e:   0.924390 | Q: 190.785904 | won: False 
#   37 | steps: 10126 | steps_t:  7924 | t: 887.103388 | r: 10201.000000 | e:   0.920760 | Q: 222.422058 | won: True 
#   37 | steps: 10119 | steps_t:  7806 | t: 886.864202 | r:  9466.000000 | e:   0.921940 | Q: 435.911163 | won: True 
#   38 | steps: 10427 | steps_t:  8184 | t: 918.469147 | r: -2710.000000 | e:   0.918160 | Q: 191.048203 | won: False 
#   38 | steps: 10420 | steps_t:  8062 | t: 918.239884 | r:  -855.000000 | e:   0.919380 | Q: 630.916138 | won: False 
#   39 | steps: 10644 | steps_t:  8360 | t: 937.598732 | r: -1440.000000 | e:   0.916400 | Q: 150.279755 | won: False 
#   39 | steps: 10637 | steps_t:  8228 | t: 937.361881 | r: -1166.000000 | e:   0.917720 | Q: 801.661621 | won: False 
#   40 | steps: 10864 | steps_t:  8539 | t: 956.936974 | r: -2360.000000 | e:   0.914610 | Q: 177.853058 | won: False 
#   40 | steps: 10856 | steps_t:  8396 | t: 956.707959 | r: -1168.000000 | e:   0.916040 | Q: 755.918518 | won: False 
#   41 | steps: 11165 | steps_t:  8791 | t: 985.595835 | r:  -710.000000 | e:   0.912090 | Q: 269.968231 | won: False 
#   41 | steps: 11157 | steps_t:  8642 | t: 985.361571 | r: -1040.000000 | e:   0.913580 | Q: 384.110443 | won: False 
#   42 | steps: 11380 | steps_t:  8953 | t: 1005.072579 | r: -1170.000000 | e:   0.910470 | Q: 224.364929 | won: False 
#   42 | steps: 11372 | steps_t:  8801 | t: 1004.831377 | r: -1456.000000 | e:   0.911990 | Q: 160.812668 | won: False 
#   43 | steps: 11549 | steps_t:  9078 | t: 1021.098390 | r: -1480.000000 | e:   0.909220 | Q: 177.785217 | won: False 
#   43 | steps: 11540 | steps_t:  8927 | t: 1020.857462 | r: -1225.000000 | e:   0.910730 | Q: 234.320404 | won: False 
#   44 | steps: 11763 | steps_t:  9243 | t: 1039.627701 | r: -2610.000000 | e:   0.907570 | Q: 198.975433 | won: False 
#   44 | steps: 11754 | steps_t:  9099 | t: 1039.385948 | r: -1469.000000 | e:   0.909010 | Q: 115.672394 | won: False 
#   45 | steps: 12050 | steps_t:  9475 | t: 1065.286852 | r: -2050.000000 | e:   0.905250 | Q: 244.825714 | won: False 
#   45 | steps: 12040 | steps_t:  9331 | t: 1065.043083 | r: -1232.000000 | e:   0.906690 | Q:  86.514343 | won: False 
#   46 | steps: 12351 | steps_t:  9723 | t: 1093.608726 | r:  9681.000000 | e:   0.902770 | Q: 306.455780 | won: True 
#   46 | steps: 12341 | steps_t:  9578 | t: 1093.367020 | r:  9570.000000 | e:   0.904220 | Q: 3605.854492 | won: True 
#   47 | steps: 12570 | steps_t:  9901 | t: 1113.908519 | r: -1469.000000 | e:   0.900990 | Q: 220.691086 | won: False 
#   47 | steps: 12559 | steps_t:  9741 | t: 1113.675360 | r: -1346.000000 | e:   0.902590 | Q: 1246.635132 | won: False 
#   48 | steps: 12831 | steps_t: 10108 | t: 1137.645440 | r:  -439.000000 | e:   0.898920 | Q: 156.695038 | won: False 
#   48 | steps: 12819 | steps_t:  9960 | t: 1137.399915 | r: -1316.000000 | e:   0.900400 | Q: 185.233810 | won: False 
#   49 | steps: 13132 | steps_t: 10369 | t: 1167.493017 | r: -1890.000000 | e:   0.896310 | Q: 180.768646 | won: False 
#   49 | steps: 13120 | steps_t: 10211 | t: 1167.257834 | r:  -931.000000 | e:   0.897890 | Q: 324.190369 | won: False 
#   50 | steps: 13433 | steps_t: 10630 | t: 1198.172884 | r: -3110.000000 | e:   0.893700 | Q: 174.083130 | won: False 
#   50 | steps: 13421 | steps_t: 10470 | t: 1197.949337 | r:  -759.000000 | e:   0.895300 | Q: 603.287598 | won: False 
#   51 | steps: 13734 | steps_t: 10887 | t: 1228.403495 | r:  -960.000000 | e:   0.891130 | Q: 145.937698 | won: False 
#   51 | steps: 13722 | steps_t: 10720 | t: 1228.164458 | r:  -945.000000 | e:   0.892800 | Q: 449.559937 | won: False 
#   52 | steps: 13952 | steps_t: 11052 | t: 1246.561355 | r:  -239.000000 | e:   0.889480 | Q: 146.878738 | won: False 
#   52 | steps: 13939 | steps_t: 10881 | t: 1246.322335 | r: -1159.000000 | e:   0.891190 | Q: 291.899689 | won: False 
#   53 | steps: 14253 | steps_t: 11303 | t: 1274.288014 | r:  9752.000000 | e:   0.886970 | Q: 101.406708 | won: True 
#   53 | steps: 14240 | steps_t: 11126 | t: 1274.053842 | r:  9784.000000 | e:   0.888740 | Q: 280.093933 | won: True 
#   54 | steps: 14467 | steps_t: 11468 | t: 1293.485914 | r: -2180.000000 | e:   0.885320 | Q: 109.593452 | won: False 
#   54 | steps: 14454 | steps_t: 11286 | t: 1293.247507 | r: -1355.000000 | e:   0.887140 | Q: 301.605682 | won: False 
#   55 | steps: 14768 | steps_t: 11729 | t: 1325.279834 | r: -1740.000000 | e:   0.882710 | Q: 149.262039 | won: False 
#   55 | steps: 14755 | steps_t: 11537 | t: 1325.040867 | r:  -949.000000 | e:   0.884630 | Q: 314.503204 | won: False 
#   56 | steps: 15069 | steps_t: 11976 | t: 1353.171916 | r: -2760.000000 | e:   0.880240 | Q: 190.373795 | won: False 
#   56 | steps: 15056 | steps_t: 11788 | t: 1352.929216 | r: -1048.000000 | e:   0.882120 | Q: 244.365982 | won: False 
#   57 | steps: 15350 | steps_t: 12208 | t: 1378.526052 | r: -2140.000000 | e:   0.877920 | Q: 199.807968 | won: False 
#   57 | steps: 15336 | steps_t: 12014 | t: 1378.288590 | r: -1520.000000 | e:   0.879860 | Q: 277.875458 | won: False 
#   58 | steps: 15521 | steps_t: 12338 | t: 1393.609478 | r: -1670.000000 | e:   0.876620 | Q: 241.418655 | won: False 
#   58 | steps: 15506 | steps_t: 12142 | t: 1393.380149 | r: -1227.000000 | e:   0.878580 | Q: 259.017029 | won: False 
#   59 | steps: 15741 | steps_t: 12508 | t: 1414.168356 | r: -1240.000000 | e:   0.874920 | Q: 217.359100 | won: False 
#   59 | steps: 15725 | steps_t: 12311 | t: 1414.161838 | r: -1268.000000 | e:   0.876890 | Q: 447.885406 | won: False 
#   60 | steps: 16042 | steps_t: 12754 | t: 1464.902970 | r: -2020.000000 | e:   0.872460 | Q: 202.100143 | won: False 
#   60 | steps: 16026 | steps_t: 12571 | t: 1464.671753 | r:  -760.000000 | e:   0.874290 | Q: 524.891113 | won: False 
