#    1 | steps:   217 | steps_t:   116 | t: 9.438157 | r:  -633.000000 | e:   0.997680 | Q:   0.120529 | won: False 
#    2 | steps:   433 | steps_t:   277 | t: 21.052269 | r:  -357.000000 | e:   0.994460 | Q: 191.138794 | won: False 
#    3 | steps:   650 | steps_t:   440 | t: 32.834123 | r:  -910.000000 | e:   0.991200 | Q:        nan | won: False 
#    4 | steps:   868 | steps_t:   602 | t: 45.973626 | r:  -744.000000 | e:   0.987960 | Q: 226.064667 | won: False 
#    5 | steps:  1084 | steps_t:   763 | t: 58.387185 | r:  -913.000000 | e:   0.984740 | Q: 130.920044 | won: False 
#    6 | steps:  1300 | steps_t:   925 | t: 71.187472 | r:  -891.000000 | e:   0.981500 | Q:  77.023987 | won: False 
#    7 | steps:  1601 | steps_t:  1175 | t: 91.930889 | r:  -930.000000 | e:   0.976500 | Q: 163.362808 | won: False 
#    8 | steps:  1902 | steps_t:  1434 | t: 110.199655 | r:  2409.000000 | e:   0.971320 | Q:  81.234520 | won: True 
#    9 | steps:  2070 | steps_t:  1557 | t: 119.369468 | r:  -761.000000 | e:   0.968860 | Q:  93.831848 | won: False 
#   10 | steps:  2289 | steps_t:  1726 | t: 132.195183 | r: -1039.000000 | e:   0.965480 | Q:  50.221664 | won: False 
#   11 | steps:  2507 | steps_t:  1888 | t: 144.597473 | r:  -763.000000 | e:   0.962240 | Q: 157.175262 | won: False 
#   12 | steps:  2808 | steps_t:  2144 | t: 163.894102 | r:  2684.000000 | e:   0.957120 | Q: 214.337921 | won: True 
#   13 | steps:  3109 | steps_t:  2394 | t: 181.813736 | r:  2519.000000 | e:   0.952120 | Q: 209.141281 | won: True 
#   14 | steps:  3403 | steps_t:  2638 | t: 199.513873 | r:  -764.000000 | e:   0.947240 | Q: 228.283203 | won: False 
#   15 | steps:  3618 | steps_t:  2802 | t: 212.273555 | r:  -742.000000 | e:   0.943960 | Q: 381.036591 | won: False 
#   16 | steps:  3919 | steps_t:  3049 | t: 230.358421 | r:  2216.000000 | e:   0.939020 | Q: 879.313782 | won: True 
#   17 | steps:  4137 | steps_t:  3211 | t: 242.824641 | r:  -890.000000 | e:   0.935780 | Q: 327.805023 | won: False 
#   18 | steps:  4438 | steps_t:  3461 | t: 261.307329 | r:  2131.000000 | e:   0.930780 | Q: 170.443802 | won: True 
#   19 | steps:  4690 | steps_t:  3668 | t: 275.607981 | r:  -205.000000 | e:   0.926640 | Q: 274.844666 | won: False 
#   20 | steps:  4858 | steps_t:  3795 | t: 284.301837 | r:  -609.000000 | e:   0.924100 | Q: 189.376480 | won: False 
#   21 | steps:  5159 | steps_t:  4054 | t: 302.425621 | r:  2688.000000 | e:   0.918920 | Q: 187.912170 | won: True 
#   22 | steps:  5376 | steps_t:  4220 | t: 314.157781 | r:  -355.000000 | e:   0.915600 | Q: 240.747284 | won: False 
#   23 | steps:  5550 | steps_t:  4352 | t: 324.879050 | r:  -890.000000 | e:   0.912960 | Q: 529.487549 | won: False 
#   24 | steps:  5720 | steps_t:  4477 | t: 334.194029 | r:  -892.000000 | e:   0.910460 | Q: 177.932327 | won: False 
#   25 | steps:  5892 | steps_t:  4608 | t: 343.642412 | r:  -486.000000 | e:   0.907840 | Q: 176.203522 | won: False 
#   26 | steps:  6193 | steps_t:  4855 | t: 363.940379 | r:  2126.000000 | e:   0.902900 | Q: 263.917480 | won: True 
#   27 | steps:  6365 | steps_t:  4986 | t: 373.592702 | r:  -739.000000 | e:   0.900280 | Q: 134.477737 | won: False 
#   28 | steps:  6533 | steps_t:  5113 | t: 383.631518 | r: -1173.000000 | e:   0.897740 | Q: 191.231796 | won: False 
#   29 | steps:  6749 | steps_t:  5278 | t: 397.120930 | r:  -890.000000 | e:   0.894440 | Q: 200.142685 | won: False 
#   30 | steps:  7050 | steps_t:  5538 | t: 415.902070 | r:  2815.000000 | e:   0.889240 | Q: 214.018967 | won: True 
#   31 | steps:  7268 | steps_t:  5701 | t: 428.371220 | r: -1041.000000 | e:   0.885980 | Q:  86.062790 | won: False 
#   32 | steps:  7436 | steps_t:  5824 | t: 437.028877 | r:  -489.000000 | e:   0.883520 | Q: 107.999184 | won: False 
#   33 | steps:  7606 | steps_t:  5949 | t: 445.446294 | r:  -609.000000 | e:   0.881020 | Q: 220.584229 | won: False 
#   34 | steps:  7907 | steps_t:  6196 | t: 464.744919 | r:  1810.000000 | e:   0.876080 | Q: 362.519318 | won: True 
#   35 | steps:  8124 | steps_t:  6362 | t: 476.390874 | r:  -483.000000 | e:   0.872760 | Q: 181.139221 | won: False 
#   36 | steps:  8343 | steps_t:  6530 | t: 490.208691 | r:  -890.000000 | e:   0.869400 | Q: 173.972626 | won: False 
#   37 | steps:  8644 | steps_t:  6777 | t: 508.636744 | r:  2552.000000 | e:   0.864460 | Q: 280.659424 | won: True 
#   38 | steps:  8945 | steps_t:  7033 | t: 528.297811 | r:  2685.000000 | e:   0.859340 | Q: 365.017578 | won: True 
#   39 | steps:  9162 | steps_t:  7194 | t: 540.916909 | r:  -914.000000 | e:   0.856120 | Q: 341.798279 | won: False 
#   40 | steps:  9330 | steps_t:  7321 | t: 550.130970 | r:  -609.000000 | e:   0.853580 | Q: 143.878769 | won: False 
#   41 | steps:  9631 | steps_t:  7580 | t: 569.466720 | r:  2278.000000 | e:   0.848400 | Q: 422.562469 | won: True 
#   42 | steps:  9932 | steps_t:  7827 | t: 588.685675 | r:  2235.000000 | e:   0.843460 | Q: 731.907654 | won: True 
#   43 | steps: 10100 | steps_t:  7954 | t: 597.358481 | r:  -609.000000 | e:   0.840920 | Q: 141.673492 | won: False 
#   44 | steps: 10316 | steps_t:  8115 | t: 610.064433 | r:  -779.000000 | e:   0.837700 | Q: 117.740578 | won: False 
#   45 | steps: 10617 | steps_t:  8374 | t: 630.658543 | r:  2298.000000 | e:   0.832520 | Q: 153.473953 | won: True 
#   46 | steps: 10859 | steps_t:  8561 | t: 645.929802 | r:  -616.000000 | e:   0.828780 | Q: 397.932587 | won: False 
#   47 | steps: 11027 | steps_t:  8684 | t: 656.189871 | r:  -743.000000 | e:   0.826320 | Q: 422.797516 | won: False 
#   48 | steps: 11328 | steps_t:  8931 | t: 677.047158 | r:  2253.000000 | e:   0.821380 | Q: 139.515182 | won: True 
#   49 | steps: 11629 | steps_t:  9190 | t: 695.933337 | r:  2684.000000 | e:   0.816200 | Q: 115.977409 | won: True 
#   50 | steps: 11844 | steps_t:  9354 | t: 709.217472 | r:  -784.000000 | e:   0.812920 | Q: 260.120605 | won: False 
#   51 | steps: 12060 | steps_t:  9516 | t: 720.555626 | r:  -759.000000 | e:   0.809680 | Q: 278.093140 | won: False 
#   52 | steps: 12352 | steps_t:  9754 | t: 738.212021 | r:  -610.000000 | e:   0.804920 | Q: 266.210846 | won: False 
#   53 | steps: 12653 | steps_t: 10013 | t: 758.549845 | r:  2017.000000 | e:   0.799740 | Q: 436.069794 | won: True 
#   54 | steps: 12821 | steps_t: 10139 | t: 768.671253 | r: -1021.000000 | e:   0.797220 | Q: 237.622269 | won: False 
#   55 | steps: 13041 | steps_t: 10304 | t: 781.086170 | r:  -633.000000 | e:   0.793920 | Q: 328.997467 | won: False 
#   56 | steps: 13342 | steps_t: 10554 | t: 798.886368 | r:  2642.000000 | e:   0.788920 | Q: 400.642792 | won: True 
#   57 | steps: 13510 | steps_t: 10680 | t: 807.831363 | r:  -761.000000 | e:   0.786400 | Q: 267.516876 | won: False 
#   58 | steps: 13811 | steps_t: 10931 | t: 828.191678 | r:  2130.000000 | e:   0.781380 | Q: 273.020050 | won: True 
#   59 | steps: 14112 | steps_t: 11191 | t: 846.757567 | r:  2665.000000 | e:   0.776180 | Q: 198.524689 | won: True 
#   60 | steps: 14378 | steps_t: 11415 | t: 862.079862 | r:  -329.000000 | e:   0.771700 | Q: 375.338470 | won: False 
#   61 | steps: 14679 | steps_t: 11666 | t: 881.116992 | r:  2087.000000 | e:   0.766680 | Q: 376.285248 | won: True 
#   62 | steps: 14849 | steps_t: 11794 | t: 891.059097 | r:  -891.000000 | e:   0.764120 | Q: 119.249329 | won: False 
#   63 | steps: 15150 | steps_t: 12050 | t: 912.184269 | r:  1978.000000 | e:   0.759000 | Q: 328.826447 | won: True 
#   64 | steps: 15369 | steps_t: 12218 | t: 925.710585 | r: -1041.000000 | e:   0.755640 | Q: 376.588715 | won: False 
#   65 | steps: 15617 | steps_t: 12421 | t: 941.005708 | r:  -463.000000 | e:   0.751580 | Q: 307.279877 | won: False 
#   66 | steps: 15918 | steps_t: 12680 | t: 961.250826 | r:  2260.000000 | e:   0.746400 | Q: 224.816467 | won: True 
#   67 | steps: 16086 | steps_t: 12806 | t: 970.320110 | r:  -739.000000 | e:   0.743880 | Q: 356.377197 | won: False 
#   68 | steps: 16306 | steps_t: 12970 | t: 981.858800 | r:  -478.000000 | e:   0.740600 | Q: 414.589508 | won: False 
#   69 | steps: 16476 | steps_t: 13098 | t: 991.640216 | r: -1022.000000 | e:   0.738040 | Q: 270.639374 | won: False 
#   70 | steps: 16751 | steps_t: 13332 | t: 1008.773677 | r:  -463.000000 | e:   0.733360 | Q: 180.073959 | won: False 
#   71 | steps: 16967 | steps_t: 13494 | t: 1021.088424 | r:  -629.000000 | e:   0.730120 | Q: 273.053528 | won: False 
#   72 | steps: 17268 | steps_t: 13741 | t: 1040.632102 | r:  2512.000000 | e:   0.725180 | Q: 358.662659 | won: True 
#   73 | steps: 17569 | steps_t: 13997 | t: 1059.923433 | r:  2562.000000 | e:   0.720060 | Q: 272.910980 | won: True 
#   74 | steps: 17851 | steps_t: 14225 | t: 1076.436859 | r:  -483.000000 | e:   0.715500 | Q: 304.380646 | won: False 
#   75 | steps: 18109 | steps_t: 14429 | t: 1090.701609 | r:  -334.000000 | e:   0.711420 | Q: 271.190369 | won: False 
#   76 | steps: 18410 | steps_t: 14674 | t: 1109.600567 | r:  2172.000000 | e:   0.706520 | Q: 498.555634 | won: True 
#   77 | steps: 18582 | steps_t: 14805 | t: 1119.322838 | r:  -609.000000 | e:   0.703900 | Q: 316.085175 | won: False 
#   78 | steps: 18752 | steps_t: 14934 | t: 1128.783235 | r:  -739.000000 | e:   0.701320 | Q: 319.076630 | won: False 
#   79 | steps: 19053 | steps_t: 15180 | t: 1147.328884 | r:  2530.000000 | e:   0.696400 | Q: 200.825409 | won: True 
#   80 | steps: 19354 | steps_t: 15426 | t: 1165.470496 | r:  2237.000000 | e:   0.691480 | Q: 342.055481 | won: True 
#   81 | steps: 19574 | steps_t: 15590 | t: 1176.957237 | r:  -482.000000 | e:   0.688200 | Q: 282.083771 | won: False 
#   82 | steps: 19875 | steps_t: 15840 | t: 1197.445334 | r:  1979.000000 | e:   0.683200 | Q: 293.671661 | won: True 
#   83 | steps: 20176 | steps_t: 16091 | t: 1215.630464 | r:  2553.000000 | e:   0.678180 | Q: 207.075851 | won: True 
#   84 | steps: 20344 | steps_t: 16214 | t: 1224.185737 | r:  -483.000000 | e:   0.675720 | Q: 260.605194 | won: False 
#   85 | steps: 20564 | steps_t: 16380 | t: 1236.707973 | r:  -910.000000 | e:   0.672400 | Q: 294.337646 | won: False 
#   86 | steps: 20734 | steps_t: 16508 | t: 1246.498375 | r:  -890.000000 | e:   0.669840 | Q: 109.643364 | won: False 
#   87 | steps: 21035 | steps_t: 16767 | t: 1266.373478 | r:  2575.000000 | e:   0.664660 | Q: 507.691071 | won: True 
#   88 | steps: 21252 | steps_t: 16934 | t: 1278.814005 | r:  -356.000000 | e:   0.661320 | Q: 248.667572 | won: False 
#   89 | steps: 21468 | steps_t: 17096 | t: 1292.684792 | r:  -741.000000 | e:   0.658080 | Q: 194.990021 | won: False 
#   90 | steps: 21683 | steps_t: 17261 | t: 1306.093358 | r: -1040.000000 | e:   0.654780 | Q: 128.205399 | won: False 
#   91 | steps: 21984 | steps_t: 17508 | t: 1326.745439 | r:  2131.000000 | e:   0.649840 | Q:  87.579315 | won: True 
#   92 | steps: 22285 | steps_t: 17768 | t: 1345.850252 | r:  2255.000000 | e:   0.644640 | Q: 343.186340 | won: True 
#   93 | steps: 22505 | steps_t: 17934 | t: 1357.728241 | r:  -483.000000 | e:   0.641320 | Q: 281.064728 | won: False 
#   94 | steps: 22675 | steps_t: 18062 | t: 1366.854207 | r:  -609.000000 | e:   0.638760 | Q: 256.949585 | won: False 
#   95 | steps: 22845 | steps_t: 18190 | t: 1377.391239 | r:  -611.000000 | e:   0.636200 | Q: 192.648071 | won: False 
#   96 | steps: 23065 | steps_t: 18354 | t: 1389.478586 | r:  -761.000000 | e:   0.632920 | Q: 131.090240 | won: False 
#   97 | steps: 23283 | steps_t: 18516 | t: 1401.163137 | r:  -633.000000 | e:   0.629680 | Q: 426.676147 | won: False 
#   98 | steps: 23584 | steps_t: 18776 | t: 1420.480946 | r:  2689.000000 | e:   0.624480 | Q: 395.147858 | won: True 
#   99 | steps: 23799 | steps_t: 18940 | t: 1433.719777 | r:  -785.000000 | e:   0.621200 | Q: 296.878387 | won: False 
#  100 | steps: 24100 | steps_t: 19200 | t: 1453.627173 | r:  2389.000000 | e:   0.616000 | Q: 268.320831 | won: True 
#  101 | steps: 24272 | steps_t: 19330 | t: 1463.492616 | r:  -872.000000 | e:   0.613400 | Q: 251.068817 | won: False 
#  102 | steps: 24440 | steps_t: 19457 | t: 1473.052521 | r:  -897.000000 | e:   0.610860 | Q: 278.056580 | won: False 
#  103 | steps: 24608 | steps_t: 19583 | t: 1482.349612 | r:  -609.000000 | e:   0.608340 | Q: 443.050598 | won: False 
#  104 | steps: 24827 | steps_t: 19751 | t: 1494.060127 | r:  -609.000000 | e:   0.604980 | Q: 269.422150 | won: False 
#  105 | steps: 25043 | steps_t: 19913 | t: 1506.232396 | r:  -613.000000 | e:   0.601740 | Q: 321.618042 | won: False 
#  106 | steps: 25344 | steps_t: 20164 | t: 1524.042443 | r:  2788.000000 | e:   0.596720 | Q: 268.201538 | won: True 
#  107 | steps: 25559 | steps_t: 20329 | t: 1536.917254 | r:  -633.000000 | e:   0.593420 | Q:  49.553421 | won: False 
#  108 | steps: 25727 | steps_t: 20455 | t: 1545.964674 | r:  -633.000000 | e:   0.590900 | Q:  55.186760 | won: False 
#  109 | steps: 26028 | steps_t: 20702 | t: 1567.651262 | r:  2405.000000 | e:   0.585960 | Q:  63.623520 | won: True 
#  110 | steps: 26329 | steps_t: 20948 | t: 1588.492444 | r:  2130.000000 | e:   0.581040 | Q:  73.776703 | won: True 
#  111 | steps: 26548 | steps_t: 21117 | t: 1600.746387 | r:  -483.000000 | e:   0.577660 | Q:  74.101440 | won: False 
#  112 | steps: 26768 | steps_t: 21282 | t: 1614.375015 | r:  -479.000000 | e:   0.574360 | Q:  72.909813 | won: False 
#  113 | steps: 26986 | steps_t: 21444 | t: 1627.978851 | r:  -744.000000 | e:   0.571120 | Q:  80.745163 | won: False 
#  114 | steps: 27206 | steps_t: 21609 | t: 1639.695913 | r:  -609.000000 | e:   0.567820 | Q: 101.102730 | won: False 
#  115 | steps: 27462 | steps_t: 21820 | t: 1655.880233 | r:  -355.000000 | e:   0.563600 | Q: 110.951805 | won: False 
#  116 | steps: 27678 | steps_t: 21982 | t: 1669.712149 | r:  -630.000000 | e:   0.560360 | Q: 105.452454 | won: False 
#  117 | steps: 27979 | steps_t: 22228 | t: 1690.146538 | r:  2813.000000 | e:   0.555440 | Q: 104.920631 | won: True 
#  118 | steps: 28280 | steps_t: 22474 | t: 1713.172418 | r:  2381.000000 | e:   0.550520 | Q: 103.083244 | won: True 
#  119 | steps: 28496 | steps_t: 22634 | t: 1725.895366 | r:  -609.000000 | e:   0.547320 | Q: 104.759415 | won: False 
#  120 | steps: 28711 | steps_t: 22799 | t: 1738.438799 | r: -1039.000000 | e:   0.544020 | Q: 109.971100 | won: False 
#  121 | steps: 29012 | steps_t: 23058 | t: 1758.876800 | r:  1978.000000 | e:   0.538840 | Q: 206.557037 | won: True 
#  122 | steps: 29274 | steps_t: 23278 | t: 1775.057146 | r:  -375.000000 | e:   0.534440 | Q: 1765.005127 | won: False 
#  123 | steps: 29575 | steps_t: 23529 | t: 1795.150112 | r:  2232.000000 | e:   0.529420 | Q: 1595.708496 | won: True 
#  124 | steps: 29876 | steps_t: 23779 | t: 1815.691925 | r:  2406.000000 | e:   0.524420 | Q: 865.273376 | won: True 
#  125 | steps: 30092 | steps_t: 23941 | t: 1829.781296 | r:  -483.000000 | e:   0.521180 | Q: 624.835327 | won: False 
#  126 | steps: 30308 | steps_t: 24102 | t: 1842.355975 | r: -1039.000000 | e:   0.517960 | Q: 661.335754 | won: False 
#  127 | steps: 30524 | steps_t: 24263 | t: 1855.379577 | r:  -741.000000 | e:   0.514740 | Q: 759.909485 | won: False 
#  128 | steps: 30784 | steps_t: 24482 | t: 1870.521086 | r:  -463.000000 | e:   0.510360 | Q: 658.378967 | won: False 
#  129 | steps: 30957 | steps_t: 24614 | t: 1880.448082 | r:  -739.000000 | e:   0.507720 | Q: 556.158936 | won: False 
#  130 | steps: 31176 | steps_t: 24778 | t: 1893.857035 | r:  -909.000000 | e:   0.504440 | Q: 608.360474 | won: False 
#  131 | steps: 31477 | steps_t: 25029 | t: 1913.241691 | r:  2409.000000 | e:   0.499420 | Q: 643.983887 | won: True 
#  132 | steps: 31778 | steps_t: 25276 | t: 1933.388328 | r:  2431.000000 | e:   0.494480 | Q: 907.889221 | won: True 
#  133 | steps: 32037 | steps_t: 25479 | t: 1949.285474 | r:  -484.000000 | e:   0.490420 | Q: 772.299011 | won: False 
#  134 | steps: 32253 | steps_t: 25640 | t: 1963.934668 | r:  -909.000000 | e:   0.487200 | Q: 826.669617 | won: False 
#  135 | steps: 32554 | steps_t: 25886 | t: 1983.361447 | r:  2361.000000 | e:   0.482280 | Q: 865.458679 | won: True 
#  136 | steps: 32770 | steps_t: 26046 | t: 1994.638038 | r:  -478.000000 | e:   0.479080 | Q: 547.304626 | won: False 
#  137 | steps: 32990 | steps_t: 26215 | t: 2006.782870 | r:  -613.000000 | e:   0.475700 | Q: 545.621399 | won: False 
#  138 | steps: 33291 | steps_t: 26460 | t: 2024.713468 | r:  2535.000000 | e:   0.470800 | Q: 679.599121 | won: True 
#  139 | steps: 33511 | steps_t: 26626 | t: 2036.387518 | r:  -358.000000 | e:   0.467480 | Q: 9583.853516 | won: False 
#  140 | steps: 33775 | steps_t: 26836 | t: 2052.259259 | r:  -589.000000 | e:   0.463280 | Q: 539.070862 | won: False 
#  141 | steps: 33990 | steps_t: 27000 | t: 2064.861247 | r:  -637.000000 | e:   0.460000 | Q: 583.533203 | won: False 
#  142 | steps: 34291 | steps_t: 27259 | t: 2085.913560 | r:  2429.000000 | e:   0.454820 | Q: 741.658630 | won: True 
#  143 | steps: 34592 | steps_t: 27509 | t: 2107.092242 | r:  2281.000000 | e:   0.449820 | Q: 581.728516 | won: True 
#  144 | steps: 34893 | steps_t: 27759 | t: 2126.289333 | r:  2387.000000 | e:   0.444820 | Q: 494.264954 | won: True 
#  145 | steps: 35061 | steps_t: 27886 | t: 2134.821573 | r:  -483.000000 | e:   0.442280 | Q: 555.277466 | won: False 
#  146 | steps: 35318 | steps_t: 28101 | t: 2150.724058 | r:  -590.000000 | e:   0.437980 | Q: 591.338257 | won: False 
#  147 | steps: 35535 | steps_t: 28267 | t: 2162.060385 | r:  -609.000000 | e:   0.434660 | Q: 479.243500 | won: False 
#  148 | steps: 35836 | steps_t: 28517 | t: 2181.980939 | r:  2000.000000 | e:   0.429660 | Q: 567.687134 | won: True 
#  149 | steps: 36137 | steps_t: 28764 | t: 2201.950414 | r:  2391.000000 | e:   0.424720 | Q: 406.222595 | won: True 
#  150 | steps: 36438 | steps_t: 29009 | t: 2221.825571 | r:  2127.000000 | e:   0.419820 | Q: 396.997314 | won: True 
#  151 | steps: 36654 | steps_t: 29174 | t: 2234.525521 | r:  -890.000000 | e:   0.416520 | Q: 446.398834 | won: False 
#  152 | steps: 36872 | steps_t: 29337 | t: 2247.859435 | r:  -762.000000 | e:   0.413260 | Q: 434.801422 | won: False 
#  153 | steps: 37087 | steps_t: 29502 | t: 2259.545226 | r:  -478.000000 | e:   0.409960 | Q: 418.305420 | won: False 
#  154 | steps: 37306 | steps_t: 29670 | t: 2271.768748 | r:  -483.000000 | e:   0.406600 | Q: 430.855469 | won: False 
#  155 | steps: 37474 | steps_t: 29793 | t: 2280.137302 | r:  -613.000000 | e:   0.404140 | Q: 415.742706 | won: False 
#  156 | steps: 37646 | steps_t: 29924 | t: 2289.805695 | r:  -740.000000 | e:   0.401520 | Q: 367.301636 | won: False 
#  157 | steps: 37866 | steps_t: 30090 | t: 2302.952136 | r:  -609.000000 | e:   0.398200 | Q: 453.754700 | won: False 
#  158 | steps: 38034 | steps_t: 30217 | t: 2311.795716 | r:  -609.000000 | e:   0.395660 | Q: 359.633575 | won: False 
#  159 | steps: 38335 | steps_t: 30477 | t: 2331.705891 | r:  2642.000000 | e:   0.390460 | Q: 306.275879 | won: True 
#  160 | steps: 38551 | steps_t: 30638 | t: 2344.761272 | r:  -642.000000 | e:   0.387240 | Q: 277.120880 | won: False 
#  161 | steps: 38766 | steps_t: 30802 | t: 2356.321152 | r:  -480.000000 | e:   0.383960 | Q: 249.950165 | won: False 
#  162 | steps: 38938 | steps_t: 30933 | t: 2365.163410 | r:  -759.000000 | e:   0.381340 | Q: 308.432159 | won: False 
#  163 | steps: 39154 | steps_t: 31095 | t: 2377.650164 | r: -1041.000000 | e:   0.378100 | Q: 248.717834 | won: False 
#  164 | steps: 39455 | steps_t: 31351 | t: 2396.673519 | r:  2816.000000 | e:   0.372980 | Q: 191.244263 | won: True 
#  165 | steps: 39726 | steps_t: 31581 | t: 2413.440383 | r:  -613.000000 | e:   0.368380 | Q: 198.411240 | won: False 
#  166 | steps: 39898 | steps_t: 31712 | t: 2423.382229 | r:  -870.000000 | e:   0.365760 | Q: 196.798431 | won: False 
#  167 | steps: 40114 | steps_t: 31872 | t: 2435.870300 | r:  -739.000000 | e:   0.362560 | Q: 166.205780 | won: False 
#  168 | steps: 40332 | steps_t: 32035 | t: 2449.284164 | r:  -889.000000 | e:   0.359300 | Q: 155.115448 | won: False 
#  169 | steps: 40583 | steps_t: 32245 | t: 2466.168273 | r:  -588.000000 | e:   0.355100 | Q: 152.181396 | won: False 
#  170 | steps: 40798 | steps_t: 32409 | t: 2478.577455 | r:  -615.000000 | e:   0.351820 | Q: 144.963364 | won: False 
#  171 | steps: 41015 | steps_t: 32570 | t: 2491.154200 | r:  -920.000000 | e:   0.348600 | Q: 138.563568 | won: False 
#  172 | steps: 41231 | steps_t: 32731 | t: 2503.458672 | r:  -740.000000 | e:   0.345380 | Q: 129.402771 | won: False 
#  173 | steps: 41532 | steps_t: 32981 | t: 2523.306138 | r:  2127.000000 | e:   0.340380 | Q: 130.464844 | won: True 
#  174 | steps: 41750 | steps_t: 33144 | t: 2535.167022 | r:  -741.000000 | e:   0.337120 | Q: 129.993698 | won: False 
#  175 | steps: 41966 | steps_t: 33306 | t: 2549.165013 | r:  -912.000000 | e:   0.333880 | Q: 117.823311 | won: False 
#  176 | steps: 42267 | steps_t: 33562 | t: 2570.223843 | r:  2241.000000 | e:   0.328760 | Q: 119.762520 | won: True 
#  177 | steps: 42483 | steps_t: 33722 | t: 2582.487029 | r:  -479.000000 | e:   0.325560 | Q: 117.819084 | won: False 
#  178 | steps: 42651 | steps_t: 33848 | t: 2592.525942 | r:  -483.000000 | e:   0.323040 | Q: 108.556969 | won: False 
#  179 | steps: 42866 | steps_t: 34012 | t: 2603.759127 | r:  -484.000000 | e:   0.319760 | Q: 119.966904 | won: False 
#  180 | steps: 43086 | steps_t: 34176 | t: 2616.563106 | r:  -871.000000 | e:   0.316480 | Q: 115.516083 | won: False 
#  181 | steps: 43301 | steps_t: 34341 | t: 2630.873367 | r:  -741.000000 | e:   0.313180 | Q: 112.479874 | won: False 
#  182 | steps: 43602 | steps_t: 34592 | t: 2649.407749 | r:  2537.000000 | e:   0.308160 | Q: 110.985062 | won: True 
#  183 | steps: 43818 | steps_t: 34752 | t: 2661.380722 | r:  -614.000000 | e:   0.304960 | Q: 105.395737 | won: False 
#  184 | steps: 44119 | steps_t: 35012 | t: 2683.171219 | r:  1959.000000 | e:   0.299760 | Q: 106.285957 | won: True 
#  185 | steps: 44420 | steps_t: 35263 | t: 2704.301856 | r:  2467.000000 | e:   0.294740 | Q: 103.011444 | won: True 
#  186 | steps: 44721 | steps_t: 35514 | t: 2727.047881 | r:  2128.000000 | e:   0.289720 | Q: 103.916924 | won: True 
#  187 | steps: 44938 | steps_t: 35680 | t: 2741.627162 | r:  -360.000000 | e:   0.286400 | Q: 103.777809 | won: False 
#  188 | steps: 45110 | steps_t: 35811 | t: 2752.135540 | r:  -743.000000 | e:   0.283780 | Q: 102.645195 | won: False 
#  189 | steps: 45373 | steps_t: 36033 | t: 2770.185877 | r:  -719.000000 | e:   0.279340 | Q: 102.676743 | won: False 
#  190 | steps: 45645 | steps_t: 36263 | t: 2787.476046 | r:  -463.000000 | e:   0.274740 | Q: 104.442307 | won: False 
#  191 | steps: 45813 | steps_t: 36389 | t: 2805.238001 | r:  -761.000000 | e:   0.272220 | Q: 103.195389 | won: False 
#  192 | steps: 46083 | steps_t: 36617 | t: 2836.317605 | r:  -463.000000 | e:   0.267660 | Q: 105.463409 | won: False 
#  193 | steps: 46251 | steps_t: 36744 | t: 2855.197868 | r:  -631.000000 | e:   0.265120 | Q: 101.476662 | won: False 
#  194 | steps: 46467 | steps_t: 36904 | t: 2877.922473 | r:  -741.000000 | e:   0.261920 | Q: 102.147346 | won: False 
#  195 | steps: 46687 | steps_t: 37069 | t: 2900.527316 | r:  -763.000000 | e:   0.258620 | Q:  97.760994 | won: False 
#  196 | steps: 46988 | steps_t: 37315 | t: 2932.498604 | r:  2389.000000 | e:   0.253700 | Q:  94.671463 | won: True 
#  197 | steps: 47249 | steps_t: 37535 | t: 2961.438497 | r:  -593.000000 | e:   0.249300 | Q:  88.261414 | won: False 
#  198 | steps: 47417 | steps_t: 37658 | t: 2978.039383 | r:  -609.000000 | e:   0.246840 | Q:  94.986343 | won: False 
#  199 | steps: 47589 | steps_t: 37785 | t: 2995.811224 | r:  -613.000000 | e:   0.244300 | Q:  99.400917 | won: False 
