#    1 | steps:   216 | steps_t:   115 | t: 9.485247 | r: -1005.000000 | e:   0.997700 | Q:   0.106918 | won: False 
#    2 | steps:   517 | steps_t:   365 | t: 29.443401 | r:  1971.000000 | e:   0.992700 | Q:   1.924001 | won: True 
#    3 | steps:   738 | steps_t:   530 | t: 41.475034 | r:  -974.000000 | e:   0.989400 | Q:   1.923026 | won: False 
#    4 | steps:   956 | steps_t:   692 | t: 53.670544 | r:  -872.000000 | e:   0.986160 | Q:   1.921808 | won: False 
#    5 | steps:  1173 | steps_t:   858 | t: 65.442184 | r:  -882.000000 | e:   0.982840 | Q:   1.918148 | won: False 
#    6 | steps:  1341 | steps_t:   981 | t: 73.661646 | r:  -861.000000 | e:   0.980380 | Q:   1.914944 | won: False 
#    7 | steps:  1557 | steps_t:  1142 | t: 84.634433 | r:  -993.000000 | e:   0.977160 | Q:        nan | won: False 
#    8 | steps:  1727 | steps_t:  1270 | t: 93.467656 | r:  -864.000000 | e:   0.974600 | Q:   1.905374 | won: False 
#    9 | steps:  2028 | steps_t:  1517 | t: 113.082086 | r:  2028.000000 | e:   0.969660 | Q:   1.902001 | won: True 
#   10 | steps:  2247 | steps_t:  1686 | t: 125.784195 | r: -1148.000000 | e:   0.966280 | Q:   1.896459 | won: False 
#   11 | steps:  2509 | steps_t:  1906 | t: 141.917085 | r:  -897.000000 | e:   0.961880 | Q:   1.903547 | won: False 
#   12 | steps:  2728 | steps_t:  2074 | t: 155.659844 | r:  -879.000000 | e:   0.958520 | Q:   2.132005 | won: False 
#   13 | steps:  3029 | steps_t:  2319 | t: 175.632840 | r:  2027.000000 | e:   0.953620 | Q:   2.133824 | won: True 
#   14 | steps:  3197 | steps_t:  2442 | t: 184.217530 | r:  -867.000000 | e:   0.951160 | Q:   2.122944 | won: False 
#   15 | steps:  3414 | steps_t:  2608 | t: 195.592705 | r:  -880.000000 | e:   0.947840 | Q:   1.986151 | won: False 
#   16 | steps:  3586 | steps_t:  2735 | t: 205.785878 | r: -1148.000000 | e:   0.945300 | Q:   1.868015 | won: False 
#   17 | steps:  3802 | steps_t:  2897 | t: 218.042078 | r:  -891.000000 | e:   0.942060 | Q:   1.868298 | won: False 
#   18 | steps:  4023 | steps_t:  3063 | t: 230.988229 | r: -1128.000000 | e:   0.938740 | Q:   1.869337 | won: False 
#   19 | steps:  4238 | steps_t:  3227 | t: 243.732471 | r: -1032.000000 | e:   0.935460 | Q:   1.858259 | won: False 
#   20 | steps:  4454 | steps_t:  3388 | t: 256.756405 | r: -1021.000000 | e:   0.932240 | Q:   1.850433 | won: False 
#   21 | steps:  4671 | steps_t:  3554 | t: 268.723378 | r:  -982.000000 | e:   0.928920 | Q:   1.837238 | won: False 
#   22 | steps:  4890 | steps_t:  3722 | t: 281.582783 | r: -1002.000000 | e:   0.925560 | Q:   1.824765 | won: False 
#   23 | steps:  5058 | steps_t:  3849 | t: 290.934288 | r: -1139.000000 | e:   0.923020 | Q:   1.820907 | won: False 
#   24 | steps:  5359 | steps_t:  4109 | t: 311.177490 | r:  2257.000000 | e:   0.917820 | Q:   1.815562 | won: True 
#   25 | steps:  5660 | steps_t:  4368 | t: 328.237620 | r:  2242.000000 | e:   0.912640 | Q:   1.798627 | won: True 
#   26 | steps:  5961 | steps_t:  4627 | t: 347.196257 | r:  2094.000000 | e:   0.907460 | Q:   1.772392 | won: True 
#   27 | steps:  6133 | steps_t:  4754 | t: 357.307295 | r: -1006.000000 | e:   0.904920 | Q:   1.752887 | won: False 
#   28 | steps:  6434 | steps_t:  4999 | t: 376.427499 | r:  1802.000000 | e:   0.900020 | Q:   1.749909 | won: True 
#   29 | steps:  6649 | steps_t:  5164 | t: 389.718845 | r: -1030.000000 | e:   0.896720 | Q:   1.751893 | won: False 
#   30 | steps:  6950 | steps_t:  5409 | t: 409.090055 | r:  1969.000000 | e:   0.891820 | Q:   1.755357 | won: True 
#   31 | steps:  7170 | steps_t:  5575 | t: 421.768188 | r: -1017.000000 | e:   0.888500 | Q:   1.755623 | won: False 
#   32 | steps:  7342 | steps_t:  5706 | t: 431.249489 | r:  -869.000000 | e:   0.885880 | Q:   1.738469 | won: False 
#   33 | steps:  7557 | steps_t:  5870 | t: 443.808148 | r:  -978.000000 | e:   0.882600 | Q:   1.726100 | won: False 
#   34 | steps:  7815 | steps_t:  6083 | t: 460.200184 | r:  -968.000000 | e:   0.878340 | Q:   1.699347 | won: False 
#   35 | steps:  8116 | steps_t:  6334 | t: 478.589859 | r:  1952.000000 | e:   0.873320 | Q:   1.660009 | won: True 
#   36 | steps:  8284 | steps_t:  6457 | t: 487.388350 | r:  -873.000000 | e:   0.870860 | Q:   1.638267 | won: False 
#   37 | steps:  8499 | steps_t:  6621 | t: 500.373299 | r: -1124.000000 | e:   0.867580 | Q:   1.895464 | won: False 
#   38 | steps:  8717 | steps_t:  6785 | t: 512.438407 | r:  -879.000000 | e:   0.864300 | Q:   2.554608 | won: False 
#   39 | steps:  8885 | steps_t:  6911 | t: 522.134325 | r:  -867.000000 | e:   0.861780 | Q:   2.704507 | won: False 
#   40 | steps:  9186 | steps_t:  7161 | t: 539.919894 | r:  2191.000000 | e:   0.856780 | Q:   4.265995 | won: True 
#   41 | steps:  9406 | steps_t:  7327 | t: 553.171090 | r: -1017.000000 | e:   0.853460 | Q:   9.113715 | won: False 
#   42 | steps:  9663 | steps_t:  7543 | t: 569.758746 | r:  -907.000000 | e:   0.849140 | Q:  11.589678 | won: False 
#   43 | steps:  9881 | steps_t:  7705 | t: 581.252176 | r:  -885.000000 | e:   0.845900 | Q:   5.394991 | won: False 
#   44 | steps: 10099 | steps_t:  7867 | t: 592.509638 | r:  -881.000000 | e:   0.842660 | Q:   6.487758 | won: False 
#   45 | steps: 10400 | steps_t:  8114 | t: 610.971103 | r:  2157.000000 | e:   0.837720 | Q:   6.464190 | won: True 
#   46 | steps: 10701 | steps_t:  8373 | t: 630.412519 | r:  2277.000000 | e:   0.832540 | Q:   6.702853 | won: True 
#   47 | steps: 10869 | steps_t:  8499 | t: 640.166544 | r: -1026.000000 | e:   0.830020 | Q:   6.816291 | won: False 
#   48 | steps: 11085 | steps_t:  8659 | t: 652.157425 | r:  -884.000000 | e:   0.826820 | Q:   7.839112 | won: False 
#   49 | steps: 11255 | steps_t:  8787 | t: 661.090034 | r:  -990.000000 | e:   0.824260 | Q:   8.953751 | won: False 
#   50 | steps: 11425 | steps_t:  8916 | t: 670.970341 | r:  -986.000000 | e:   0.821680 | Q:   9.128196 | won: False 
#   51 | steps: 11644 | steps_t:  9081 | t: 683.586497 | r:  -885.000000 | e:   0.818380 | Q:  11.364752 | won: False 
#   52 | steps: 11909 | steps_t:  9292 | t: 699.262777 | r:  -845.000000 | e:   0.814160 | Q:  12.782126 | won: False 
#   53 | steps: 12210 | steps_t:  9543 | t: 718.939206 | r:  1835.000000 | e:   0.809140 | Q:  14.623843 | won: True 
#   54 | steps: 12511 | steps_t:  9793 | t: 735.295726 | r:  2216.000000 | e:   0.804140 | Q:  14.721740 | won: True 
#   55 | steps: 12726 | steps_t:  9958 | t: 747.284071 | r: -1021.000000 | e:   0.800840 | Q:  16.047489 | won: False 
#   56 | steps: 12944 | steps_t: 10121 | t: 758.989979 | r:  -874.000000 | e:   0.797580 | Q:  15.094955 | won: False 
#   57 | steps: 13237 | steps_t: 10359 | t: 779.948545 | r:  -943.000000 | e:   0.792820 | Q:  14.699235 | won: False 
#   58 | steps: 13405 | steps_t: 10482 | t: 789.869619 | r: -1000.000000 | e:   0.790360 | Q:  14.876515 | won: False 
#   59 | steps: 13575 | steps_t: 10610 | t: 800.382058 | r:  -864.000000 | e:   0.787800 | Q:  15.894347 | won: False 
#   60 | steps: 13743 | steps_t: 10737 | t: 810.302167 | r: -1124.000000 | e:   0.785260 | Q:  14.695900 | won: False 
#   61 | steps: 13961 | steps_t: 10901 | t: 822.946444 | r:  -868.000000 | e:   0.781980 | Q:  14.821491 | won: False 
#   62 | steps: 14262 | steps_t: 11151 | t: 840.521693 | r:  2083.000000 | e:   0.776980 | Q:  17.547014 | won: True 
#   63 | steps: 14481 | steps_t: 11320 | t: 854.218289 | r:  -888.000000 | e:   0.773600 | Q:  30.174524 | won: False 
#   64 | steps: 14752 | steps_t: 11550 | t: 871.907418 | r:  -938.000000 | e:   0.769000 | Q:  31.866989 | won: False 
#   65 | steps: 14924 | steps_t: 11681 | t: 881.717361 | r:  -855.000000 | e:   0.766380 | Q:  32.575897 | won: False 
#   66 | steps: 15140 | steps_t: 11842 | t: 893.852129 | r:  -881.000000 | e:   0.763160 | Q:  31.041399 | won: False 
#   67 | steps: 15310 | steps_t: 11967 | t: 902.702832 | r:  -859.000000 | e:   0.760660 | Q:  27.251247 | won: False 
#   68 | steps: 15567 | steps_t: 12174 | t: 920.820534 | r:  -843.000000 | e:   0.756520 | Q:  31.675955 | won: False 
#   69 | steps: 15831 | steps_t: 12387 | t: 936.358026 | r:  -980.000000 | e:   0.752260 | Q:  32.839272 | won: False 
#   70 | steps: 16132 | steps_t: 12634 | t: 956.471288 | r:  1928.000000 | e:   0.747320 | Q:  33.145210 | won: True 
#   71 | steps: 16433 | steps_t: 12884 | t: 974.858380 | r:  2201.000000 | e:   0.742320 | Q:  32.976696 | won: True 
#   72 | steps: 16602 | steps_t: 13011 | t: 985.151043 | r:  -864.000000 | e:   0.739780 | Q:  36.131153 | won: False 
#   73 | steps: 16777 | steps_t: 13141 | t: 994.260751 | r:  -860.000000 | e:   0.737180 | Q:  35.519836 | won: False 
#   74 | steps: 16995 | steps_t: 13303 | t: 1006.527678 | r:  -879.000000 | e:   0.733940 | Q:  33.593117 | won: False 
#   75 | steps: 17296 | steps_t: 13553 | t: 1024.753523 | r:  2060.000000 | e:   0.728940 | Q:  30.836988 | won: True 
#   76 | steps: 17560 | steps_t: 13762 | t: 1040.235947 | r:  -843.000000 | e:   0.724760 | Q:  27.194885 | won: False 
#   77 | steps: 17780 | steps_t: 13927 | t: 1054.313970 | r:  -995.000000 | e:   0.721460 | Q:  24.751785 | won: False 
#   78 | steps: 18081 | steps_t: 14177 | t: 1075.800980 | r:  2161.000000 | e:   0.716460 | Q:  27.555714 | won: True 
#   79 | steps: 18299 | steps_t: 14340 | t: 1087.791020 | r:  -883.000000 | e:   0.713200 | Q:  31.772575 | won: False 
#   80 | steps: 18519 | steps_t: 14509 | t: 1099.673965 | r:  -985.000000 | e:   0.709820 | Q:  32.749577 | won: False 
#   81 | steps: 18687 | steps_t: 14632 | t: 1107.824154 | r:  -859.000000 | e:   0.707360 | Q:  27.325397 | won: False 
#   82 | steps: 18944 | steps_t: 14848 | t: 1122.721797 | r:  -789.000000 | e:   0.703040 | Q:  29.369442 | won: False 
#   83 | steps: 19164 | steps_t: 15012 | t: 1135.654458 | r:  -995.000000 | e:   0.699760 | Q:  27.978271 | won: False 
#   84 | steps: 19384 | steps_t: 15177 | t: 1147.618886 | r: -1116.000000 | e:   0.696460 | Q:  29.553570 | won: False 
#   85 | steps: 19685 | steps_t: 15422 | t: 1166.224002 | r:  2186.000000 | e:   0.691560 | Q:  29.509039 | won: True 
#   86 | steps: 19857 | steps_t: 15549 | t: 1176.113780 | r:  -855.000000 | e:   0.689020 | Q:  27.072235 | won: False 
#   87 | steps: 20158 | steps_t: 15794 | t: 1195.278948 | r:  2066.000000 | e:   0.684120 | Q:  29.687792 | won: True 
#   88 | steps: 20459 | steps_t: 16045 | t: 1214.209480 | r:  1807.000000 | e:   0.679100 | Q:  26.155212 | won: True 
#   89 | steps: 20760 | steps_t: 16296 | t: 1232.498602 | r:  2169.000000 | e:   0.674080 | Q:  29.714767 | won: True 
#   90 | steps: 21061 | steps_t: 16541 | t: 1250.752303 | r:  2149.000000 | e:   0.669180 | Q:  32.381767 | won: True 
#   91 | steps: 21277 | steps_t: 16703 | t: 1262.647471 | r: -1143.000000 | e:   0.665940 | Q:  28.889935 | won: False 
#   92 | steps: 21578 | steps_t: 16963 | t: 1282.062142 | r:  2090.000000 | e:   0.660740 | Q:  30.350082 | won: True 
#   93 | steps: 21796 | steps_t: 17125 | t: 1294.868289 | r:  -884.000000 | e:   0.657500 | Q:  37.545097 | won: False 
#   94 | steps: 22097 | steps_t: 17375 | t: 1315.059461 | r:  2159.000000 | e:   0.652500 | Q:  50.242119 | won: True 
#   95 | steps: 22313 | steps_t: 17535 | t: 1328.366810 | r:  -884.000000 | e:   0.649300 | Q:  53.117081 | won: False 
#   96 | steps: 22614 | steps_t: 17795 | t: 1348.690722 | r:  2238.000000 | e:   0.644100 | Q:  48.940208 | won: True 
#   97 | steps: 22831 | steps_t: 17961 | t: 1362.615297 | r:  -879.000000 | e:   0.640780 | Q:  54.817520 | won: False 
#   98 | steps: 23132 | steps_t: 18212 | t: 1382.708585 | r:  2174.000000 | e:   0.635760 | Q:  53.700638 | won: True 
#   99 | steps: 23304 | steps_t: 18339 | t: 1391.722949 | r:  -854.000000 | e:   0.633220 | Q:  55.539494 | won: False 
#  100 | steps: 23605 | steps_t: 18585 | t: 1411.567162 | r:  2124.000000 | e:   0.628300 | Q:  55.771393 | won: True 
#  101 | steps: 23881 | steps_t: 18806 | t: 1429.299450 | r:  -947.000000 | e:   0.623880 | Q:  52.518410 | won: False 
#  102 | steps: 24142 | steps_t: 19026 | t: 1445.476921 | r:  -777.000000 | e:   0.619480 | Q:  46.068241 | won: False 
#  103 | steps: 24314 | steps_t: 19157 | t: 1455.785652 | r:  -864.000000 | e:   0.616860 | Q:  42.851776 | won: False 
#  104 | steps: 24529 | steps_t: 19322 | t: 1468.109759 | r: -1280.000000 | e:   0.613560 | Q:  37.558014 | won: False 
#  105 | steps: 24830 | steps_t: 19573 | t: 1486.857001 | r:  2175.000000 | e:   0.608540 | Q:  40.387333 | won: True 
#  106 | steps: 25131 | steps_t: 19818 | t: 1505.757906 | r:  2080.000000 | e:   0.603640 | Q:  53.230602 | won: True 
#  107 | steps: 25432 | steps_t: 20069 | t: 1528.213510 | r:  2211.000000 | e:   0.598620 | Q:  59.806183 | won: True 
#  108 | steps: 25733 | steps_t: 20319 | t: 1548.006045 | r:  2191.000000 | e:   0.593620 | Q:  59.034435 | won: True 
#  109 | steps: 25952 | steps_t: 20487 | t: 1561.161655 | r:  -886.000000 | e:   0.590260 | Q:  65.253670 | won: False 
#  110 | steps: 26170 | steps_t: 20651 | t: 1573.842853 | r: -1015.000000 | e:   0.586980 | Q:  69.000435 | won: False 
#  111 | steps: 26461 | steps_t: 20892 | t: 1594.365692 | r:  -801.000000 | e:   0.582160 | Q:  69.421669 | won: False 
#  112 | steps: 26677 | steps_t: 21052 | t: 1605.466556 | r:  -991.000000 | e:   0.578960 | Q:  77.306831 | won: False 
#  113 | steps: 26893 | steps_t: 21212 | t: 1618.420977 | r: -1132.000000 | e:   0.575760 | Q:  78.209343 | won: False 
#  114 | steps: 27109 | steps_t: 21374 | t: 1629.880051 | r:  -879.000000 | e:   0.572520 | Q:  73.488327 | won: False 
#  115 | steps: 27410 | steps_t: 21634 | t: 1650.609845 | r:  2254.000000 | e:   0.567320 | Q:  69.410172 | won: True 
#  116 | steps: 27625 | steps_t: 21799 | t: 1662.194946 | r:  -876.000000 | e:   0.564020 | Q:  69.578278 | won: False 
#  117 | steps: 27887 | steps_t: 22011 | t: 1679.678005 | r:  -852.000000 | e:   0.559780 | Q:  71.091049 | won: False 
#  118 | steps: 28059 | steps_t: 22138 | t: 1688.674740 | r:  -999.000000 | e:   0.557240 | Q:  71.202026 | won: False 
#  119 | steps: 28321 | steps_t: 22355 | t: 1705.757579 | r:  -767.000000 | e:   0.552900 | Q:  69.031555 | won: False 
#  120 | steps: 28622 | steps_t: 22611 | t: 1727.484908 | r:  -494.000000 | e:   0.547780 | Q:  66.947960 | won: False 
#  121 | steps: 28900 | steps_t: 22834 | t: 1743.189493 | r:  -822.000000 | e:   0.543320 | Q:  60.626450 | won: False 
#  122 | steps: 29120 | steps_t: 23000 | t: 1756.582482 | r: -1001.000000 | e:   0.540000 | Q:  63.263752 | won: False 
#  123 | steps: 29292 | steps_t: 23127 | t: 1765.188017 | r:  -863.000000 | e:   0.537460 | Q:  62.688725 | won: False 
#  124 | steps: 29508 | steps_t: 23289 | t: 1776.794622 | r:  -878.000000 | e:   0.534220 | Q:  57.733906 | won: False 
#  125 | steps: 29809 | steps_t: 23540 | t: 1795.709081 | r:  2113.000000 | e:   0.529200 | Q:  56.177105 | won: True 
#  126 | steps: 30110 | steps_t: 23785 | t: 1816.993203 | r:  2196.000000 | e:   0.524300 | Q:  55.932545 | won: True 
#  127 | steps: 30326 | steps_t: 23951 | t: 1831.769311 | r:  -991.000000 | e:   0.520980 | Q:  50.329365 | won: False 
#  128 | steps: 30627 | steps_t: 24207 | t: 1854.429776 | r:  2222.000000 | e:   0.515860 | Q:  50.461681 | won: True 
#  129 | steps: 30892 | steps_t: 24421 | t: 1871.170533 | r:  -827.000000 | e:   0.511580 | Q:  42.520615 | won: False 
#  130 | steps: 31193 | steps_t: 24667 | t: 1892.761066 | r:  2154.000000 | e:   0.506660 | Q:  52.470409 | won: True 
#  131 | steps: 31494 | steps_t: 24913 | t: 1912.975460 | r:  2138.000000 | e:   0.501740 | Q:  60.246853 | won: True 
#  132 | steps: 31666 | steps_t: 25043 | t: 1921.724677 | r:  -847.000000 | e:   0.499140 | Q:  63.302227 | won: False 
#  133 | steps: 31966 | steps_t: 25287 | t: 1939.136337 | r:  -926.000000 | e:   0.494260 | Q:  64.982681 | won: False 
#  134 | steps: 32267 | steps_t: 25537 | t: 1960.445404 | r:  2191.000000 | e:   0.489260 | Q:  62.319561 | won: True 
#  135 | steps: 32483 | steps_t: 25697 | t: 1972.991576 | r: -1012.000000 | e:   0.486060 | Q:  54.834698 | won: False 
#  136 | steps: 32700 | steps_t: 25864 | t: 1988.270860 | r: -1013.000000 | e:   0.482720 | Q:  56.028019 | won: False 
#  137 | steps: 32980 | steps_t: 26102 | t: 2005.032206 | r:  -745.000000 | e:   0.477960 | Q:  55.410572 | won: False 
#  138 | steps: 33198 | steps_t: 26264 | t: 2017.443403 | r: -1011.000000 | e:   0.474720 | Q:  56.141926 | won: False 
#  139 | steps: 33499 | steps_t: 26511 | t: 2037.809630 | r:  2166.000000 | e:   0.469780 | Q:  55.982933 | won: True 
#  140 | steps: 33800 | steps_t: 26757 | t: 2057.235356 | r:  2150.000000 | e:   0.464860 | Q:  52.837452 | won: True 
#  141 | steps: 34019 | steps_t: 26920 | t: 2069.950425 | r: -1128.000000 | e:   0.461600 | Q:  49.369587 | won: False 
#  142 | steps: 34320 | steps_t: 27165 | t: 2090.504841 | r:  1883.000000 | e:   0.456700 | Q:  54.248711 | won: True 
#  143 | steps: 34621 | steps_t: 27425 | t: 2113.148328 | r:  2237.000000 | e:   0.451500 | Q:  52.995346 | won: True 
#  144 | steps: 34836 | steps_t: 27589 | t: 2125.830416 | r: -1127.000000 | e:   0.448220 | Q:  51.301662 | won: False 
#  145 | steps: 35004 | steps_t: 27712 | t: 2134.168032 | r:  -863.000000 | e:   0.445760 | Q:  56.549374 | won: False 
#  146 | steps: 35219 | steps_t: 27877 | t: 2147.475351 | r:  -881.000000 | e:   0.442460 | Q:  57.891277 | won: False 
#  147 | steps: 35520 | steps_t: 28124 | t: 2168.901448 | r:  2204.000000 | e:   0.437520 | Q:  61.117340 | won: True 
#  148 | steps: 35688 | steps_t: 28247 | t: 2177.966646 | r:  -856.000000 | e:   0.435060 | Q:  64.213631 | won: False 
#  149 | steps: 35989 | steps_t: 28492 | t: 2197.512011 | r:  2158.000000 | e:   0.430160 | Q:  66.095650 | won: True 
#  150 | steps: 36290 | steps_t: 28742 | t: 2217.617204 | r:  2225.000000 | e:   0.425160 | Q:  63.307316 | won: True 
#  151 | steps: 36506 | steps_t: 28902 | t: 2231.844743 | r:  -884.000000 | e:   0.421960 | Q:  70.370354 | won: False 
#  152 | steps: 36807 | steps_t: 29148 | t: 2251.075059 | r:  2155.000000 | e:   0.417040 | Q:  73.939346 | won: True 
#  153 | steps: 37108 | steps_t: 29393 | t: 2270.334507 | r:  2163.000000 | e:   0.412140 | Q:  70.297783 | won: True 
#  154 | steps: 37329 | steps_t: 29559 | t: 2283.699163 | r:  -997.000000 | e:   0.408820 | Q:  61.908566 | won: False 
#  155 | steps: 37549 | steps_t: 29725 | t: 2296.874366 | r:  -889.000000 | e:   0.405500 | Q:  63.026367 | won: False 
#  156 | steps: 37719 | steps_t: 29850 | t: 2305.864045 | r:  -865.000000 | e:   0.403000 | Q:  70.132896 | won: False 
#  157 | steps: 38020 | steps_t: 30096 | t: 2328.047108 | r:  2165.000000 | e:   0.398080 | Q:  70.307930 | won: True 
#  158 | steps: 38321 | steps_t: 30355 | t: 2348.335642 | r:  2240.000000 | e:   0.392900 | Q:  69.966278 | won: True 
#  159 | steps: 38588 | steps_t: 30571 | t: 2366.174395 | r: -1243.000000 | e:   0.388580 | Q:  69.654297 | won: False 
#  160 | steps: 38760 | steps_t: 30701 | t: 2377.138352 | r:  -845.000000 | e:   0.385980 | Q:  65.401245 | won: False 
#  161 | steps: 39061 | steps_t: 30957 | t: 2396.072336 | r:  2238.000000 | e:   0.380860 | Q:  66.257774 | won: True 
#  162 | steps: 39362 | steps_t: 31202 | t: 2414.537563 | r:  2130.000000 | e:   0.375960 | Q:  68.190575 | won: True 
#  163 | steps: 39663 | steps_t: 31462 | t: 2434.191659 | r:  2238.000000 | e:   0.370760 | Q:  68.960045 | won: True 
#  164 | steps: 39964 | steps_t: 31721 | t: 2454.409903 | r:  2230.000000 | e:   0.365580 | Q:  68.155624 | won: True 
#  165 | steps: 40182 | steps_t: 31885 | t: 2467.637934 | r:  -897.000000 | e:   0.362300 | Q:  67.548599 | won: False 
#  166 | steps: 40402 | steps_t: 32051 | t: 2480.171043 | r:  -894.000000 | e:   0.358980 | Q:  63.583271 | won: False 
#  167 | steps: 40703 | steps_t: 32307 | t: 2503.055412 | r:  2248.000000 | e:   0.353860 | Q:  79.577667 | won: True 
#  168 | steps: 41004 | steps_t: 32558 | t: 2521.585520 | r:  2037.000000 | e:   0.348840 | Q:  79.958748 | won: True 
#  169 | steps: 41305 | steps_t: 32803 | t: 2541.559542 | r:  2179.000000 | e:   0.343940 | Q:  74.682755 | won: True 
#  170 | steps: 41603 | steps_t: 33051 | t: 2562.434632 | r:  -851.000000 | e:   0.338980 | Q:  79.225075 | won: False 
#  171 | steps: 41775 | steps_t: 33181 | t: 2572.509325 | r:  -860.000000 | e:   0.336380 | Q:  79.131500 | won: False 
#  172 | steps: 42076 | steps_t: 33437 | t: 2592.524325 | r:  2292.000000 | e:   0.331260 | Q:  83.740288 | won: True 
#  173 | steps: 42292 | steps_t: 33598 | t: 2605.831960 | r:  -876.000000 | e:   0.328040 | Q:  78.060318 | won: False 
#  174 | steps: 42464 | steps_t: 33725 | t: 2616.547496 | r: -1021.000000 | e:   0.325500 | Q:  77.546089 | won: False 
#  175 | steps: 42765 | steps_t: 33975 | t: 2638.896735 | r:  2034.000000 | e:   0.320500 | Q:  83.125809 | won: True 
#  176 | steps: 43022 | steps_t: 34187 | t: 2654.385250 | r:  -793.000000 | e:   0.316260 | Q:  89.977295 | won: False 
#  177 | steps: 43323 | steps_t: 34437 | t: 2673.550962 | r:  2029.000000 | e:   0.311260 | Q:  88.646278 | won: True 
#  178 | steps: 43538 | steps_t: 34601 | t: 2689.227740 | r: -1015.000000 | e:   0.307980 | Q:  84.047508 | won: False 
#  179 | steps: 43706 | steps_t: 34724 | t: 2698.219707 | r:  -867.000000 | e:   0.305520 | Q:  82.675362 | won: False 
#  180 | steps: 43922 | steps_t: 34884 | t: 2710.069924 | r:  -999.000000 | e:   0.302320 | Q:  80.438637 | won: False 
#  181 | steps: 44099 | steps_t: 35016 | t: 2720.741939 | r:  -864.000000 | e:   0.299680 | Q:  73.413918 | won: False 
#  182 | steps: 44314 | steps_t: 35181 | t: 2734.222778 | r:  -881.000000 | e:   0.296380 | Q:  69.733612 | won: False 
#  183 | steps: 44596 | steps_t: 35422 | t: 2754.420257 | r:  -886.000000 | e:   0.291560 | Q:  67.699677 | won: False 
#  184 | steps: 44897 | steps_t: 35681 | t: 2776.349630 | r:  2262.000000 | e:   0.286380 | Q:  73.170593 | won: True 
#  185 | steps: 45112 | steps_t: 35846 | t: 2788.364565 | r:  -894.000000 | e:   0.283080 | Q:  70.178329 | won: False 
#  186 | steps: 45289 | steps_t: 35982 | t: 2799.030421 | r:  -861.000000 | e:   0.280360 | Q:  67.405586 | won: False 
#  187 | steps: 45461 | steps_t: 36113 | t: 2809.724669 | r:  -850.000000 | e:   0.277740 | Q:  62.907883 | won: False 
#  188 | steps: 45683 | steps_t: 36281 | t: 2821.774963 | r:  -900.000000 | e:   0.274380 | Q:  62.373573 | won: False 
#  189 | steps: 45984 | steps_t: 36528 | t: 2842.896493 | r:  2135.000000 | e:   0.269440 | Q:  63.681374 | won: True 
#  190 | steps: 46152 | steps_t: 36655 | t: 2853.865849 | r: -1023.000000 | e:   0.266900 | Q:  60.185246 | won: False 
#  191 | steps: 46453 | steps_t: 36905 | t: 2892.441506 | r:  2040.000000 | e:   0.261900 | Q:  67.404396 | won: True 
#  192 | steps: 46623 | steps_t: 37030 | t: 2908.894577 | r:  -863.000000 | e:   0.259400 | Q:  70.525795 | won: False 
#  193 | steps: 46924 | steps_t: 37277 | t: 2943.685853 | r:  2152.000000 | e:   0.254460 | Q:  73.802574 | won: True 
#  194 | steps: 47096 | steps_t: 37407 | t: 2960.567011 | r:  -972.000000 | e:   0.251860 | Q:  71.603104 | won: False 
#  195 | steps: 47312 | steps_t: 37569 | t: 2981.709345 | r:  -904.000000 | e:   0.248620 | Q:  69.714340 | won: False 
#  196 | steps: 47484 | steps_t: 37696 | t: 2998.664159 | r:  -854.000000 | e:   0.246080 | Q:  65.068153 | won: False 
#  197 | steps: 47785 | steps_t: 37942 | t: 3032.227303 | r:  2060.000000 | e:   0.241160 | Q:  71.543114 | won: True 
#  198 | steps: 48086 | steps_t: 38193 | t: 3066.318684 | r:  2081.000000 | e:   0.236140 | Q:  70.738655 | won: True 
#  199 | steps: 48365 | steps_t: 38422 | t: 3099.033683 | r:  -857.000000 | e:   0.231560 | Q:  67.054161 | won: False 
#  200 | steps: 48666 | steps_t: 38673 | t: 3135.320588 | r:  2146.000000 | e:   0.226540 | Q:  72.871101 | won: True 
