#    1 | steps:   301 | steps_t:   963 | t: 13.331937 | r: -2578.000000 | e:   0.998074 | Q:  -1.774100 | won: False 
#    2 | steps:   602 | steps_t:  1215 | t: 28.450991 | r: -2885.000000 | e:   0.997570 | Q:        nan | won: False 
#    3 | steps:   903 | steps_t:  1462 | t: 45.942093 | r: -2886.000000 | e:   0.997076 | Q:        nan | won: False 
#    4 | steps:  1204 | steps_t:  1713 | t: 62.510611 | r:  9515.000000 | e:   0.996574 | Q:        nan | won: True 
#    5 | steps:  1505 | steps_t:  1973 | t: 78.793534 | r: -2638.000000 | e:   0.996054 | Q:        nan | won: False 
#    6 | steps:  1806 | steps_t:  2230 | t: 94.355047 | r: -2239.000000 | e:   0.995540 | Q:  48.308479 | won: False 
#    7 | steps:  2107 | steps_t:  2482 | t: 109.736130 | r: -1380.000000 | e:   0.995036 | Q:  91.719826 | won: False 
#    8 | steps:  2408 | steps_t:  2728 | t: 124.580193 | r: -2700.000000 | e:   0.994544 | Q:  25.391644 | won: False 
#    9 | steps:  2709 | steps_t:  2979 | t: 140.103490 | r: -2299.000000 | e:   0.994042 | Q:  38.431580 | won: False 
#   10 | steps:  3010 | steps_t:  3227 | t: 155.245402 | r: -2502.000000 | e:   0.993546 | Q:        nan | won: False 
#   11 | steps:  3311 | steps_t:  3478 | t: 170.492167 | r: -1101.000000 | e:   0.993044 | Q:        nan | won: False 
#   12 | steps:  3612 | steps_t:  3725 | t: 185.620094 | r: -2554.000000 | e:   0.992550 | Q:   4.426079 | won: False 
#   13 | steps:  3913 | steps_t:  3986 | t: 201.439203 | r: -2692.000000 | e:   0.992028 | Q:  -1.601770 | won: False 
#   14 | steps:  4214 | steps_t:  4233 | t: 216.753317 | r: -2519.000000 | e:   0.991534 | Q:  -2.438562 | won: False 
#   15 | steps:  4515 | steps_t:  4490 | t: 232.813460 | r:  9687.000000 | e:   0.991020 | Q:  -4.435998 | won: True 
#   16 | steps:  4816 | steps_t:  4737 | t: 248.161944 | r: -2061.000000 | e:   0.990526 | Q:        nan | won: False 
#   17 | steps:  5117 | steps_t:  4985 | t: 263.579725 | r: -2694.000000 | e:   0.990030 | Q:   4.511507 | won: False 
#   18 | steps:  5418 | steps_t:  5242 | t: 279.215292 | r: -3070.000000 | e:   0.989516 | Q:   1.509621 | won: False 
#   19 | steps:  5719 | steps_t:  5494 | t: 294.329132 | r: -3004.000000 | e:   0.989012 | Q:  18.065325 | won: False 
#   20 | steps:  6020 | steps_t:  5742 | t: 309.561919 | r: -2075.000000 | e:   0.988516 | Q:  10.032671 | won: False 
#   21 | steps:  6321 | steps_t:  5990 | t: 324.628733 | r: -2236.000000 | e:   0.988020 | Q:  30.147436 | won: False 
#   22 | steps:  6622 | steps_t:  6242 | t: 340.517050 | r: -2965.000000 | e:   0.987516 | Q:  14.738951 | won: False 
#   23 | steps:  6923 | steps_t:  6490 | t: 355.970187 | r: -1883.000000 | e:   0.987020 | Q:  10.704081 | won: False 
#   24 | steps:  7224 | steps_t:  6742 | t: 371.440103 | r: -2113.000000 | e:   0.986516 | Q: 113.220505 | won: False 
#   25 | steps:  7525 | steps_t:  6993 | t: 386.665126 | r: -2992.000000 | e:   0.986014 | Q:        nan | won: False 
#   26 | steps:  7826 | steps_t:  7250 | t: 402.586679 | r: -2337.000000 | e:   0.985500 | Q:  47.225876 | won: False 
#   27 | steps:  8127 | steps_t:  7511 | t: 418.361149 | r: -2824.000000 | e:   0.984978 | Q:  36.083382 | won: False 
#   28 | steps:  8428 | steps_t:  7771 | t: 434.333233 | r: -2814.000000 | e:   0.984458 | Q:        nan | won: False 
#   29 | steps:  8729 | steps_t:  8019 | t: 450.270661 | r: -1820.000000 | e:   0.983962 | Q:  22.380173 | won: False 
#   30 | steps:  9030 | steps_t:  8266 | t: 465.932718 | r: -2001.000000 | e:   0.983468 | Q:  10.365589 | won: False 
#   31 | steps:  9331 | steps_t:  8518 | t: 481.441582 | r: -2582.000000 | e:   0.982964 | Q:   2.581515 | won: False 
#   32 | steps:  9632 | steps_t:  8766 | t: 496.171491 | r: -2234.000000 | e:   0.982468 | Q:   5.528656 | won: False 
#   33 | steps:  9933 | steps_t:  9027 | t: 511.780659 | r: -1829.000000 | e:   0.981946 | Q:   2.448430 | won: False 
#   34 | steps: 10234 | steps_t:  9284 | t: 527.927957 | r: -2927.000000 | e:   0.981432 | Q:  -3.075979 | won: False 
#   35 | steps: 10535 | steps_t:  9536 | t: 543.568251 | r: -2813.000000 | e:   0.980928 | Q:  -3.879499 | won: False 
#   36 | steps: 10836 | steps_t:  9796 | t: 560.428396 | r: -1200.000000 | e:   0.980408 | Q:  -1.831195 | won: False 
#   37 | steps: 11137 | steps_t: 10042 | t: 575.853735 | r: -1860.000000 | e:   0.979916 | Q:  -1.186403 | won: False 
#   38 | steps: 11438 | steps_t: 10288 | t: 590.561302 | r: -1370.000000 | e:   0.979424 | Q:  -1.052957 | won: False 
#   39 | steps: 11739 | steps_t: 10549 | t: 606.565206 | r: -2439.000000 | e:   0.978902 | Q:        nan | won: False 
#   40 | steps: 12040 | steps_t: 10801 | t: 621.323398 | r: -2806.000000 | e:   0.978398 | Q:  -3.860618 | won: False 
#   41 | steps: 12341 | steps_t: 11053 | t: 636.295833 | r: -1893.000000 | e:   0.977894 | Q:  -3.462645 | won: False 
#   42 | steps: 12642 | steps_t: 11301 | t: 652.120520 | r: -2742.000000 | e:   0.977398 | Q:  -4.816735 | won: False 
#   43 | steps: 12943 | steps_t: 11552 | t: 668.001265 | r: -2332.000000 | e:   0.976896 | Q:  -5.845759 | won: False 
#   44 | steps: 13244 | steps_t: 11798 | t: 683.569032 | r: -2590.000000 | e:   0.976404 | Q:  -5.718363 | won: False 
#   45 | steps: 13545 | steps_t: 12045 | t: 698.521606 | r: -2635.000000 | e:   0.975910 | Q:  -6.631233 | won: False 
#   46 | steps: 13846 | steps_t: 12291 | t: 714.005415 | r:  8063.000000 | e:   0.975418 | Q:  -7.571396 | won: True 
#   47 | steps: 14147 | steps_t: 12539 | t: 729.134947 | r: -2308.000000 | e:   0.974922 | Q:  -7.957837 | won: False 
#   48 | steps: 14448 | steps_t: 12785 | t: 744.064911 | r: -2046.000000 | e:   0.974430 | Q:  -9.683357 | won: False 
#   49 | steps: 14749 | steps_t: 13036 | t: 760.432348 | r: -2814.000000 | e:   0.973928 | Q:  -9.051315 | won: False 
#   50 | steps: 15050 | steps_t: 13282 | t: 776.614667 | r:  9701.000000 | e:   0.973436 | Q: -11.944095 | won: True 
#   51 | steps: 15351 | steps_t: 13528 | t: 792.339192 | r: -2503.000000 | e:   0.972944 | Q:        nan | won: False 
#   52 | steps: 15652 | steps_t: 13780 | t: 807.483871 | r:  -856.000000 | e:   0.972440 | Q: -13.952316 | won: False 
#   53 | steps: 15953 | steps_t: 14031 | t: 823.324277 | r: -2545.000000 | e:   0.971938 | Q: -16.219032 | won: False 
#   54 | steps: 16254 | steps_t: 14283 | t: 838.459281 | r: -1818.000000 | e:   0.971434 | Q: -15.413111 | won: False 
#   55 | steps: 16555 | steps_t: 14543 | t: 854.311479 | r: -2319.000000 | e:   0.970914 | Q: -15.225261 | won: False 
#   56 | steps: 16856 | steps_t: 14791 | t: 869.730426 | r: -2427.000000 | e:   0.970418 | Q: -16.614935 | won: False 
#   57 | steps: 17157 | steps_t: 15037 | t: 886.366981 | r: -2838.000000 | e:   0.969926 | Q: -16.796429 | won: False 
#   58 | steps: 17458 | steps_t: 15285 | t: 902.455851 | r: -2372.000000 | e:   0.969430 | Q: -19.341448 | won: False 
#   59 | steps: 17759 | steps_t: 15532 | t: 917.344602 | r: -2226.000000 | e:   0.968936 | Q: -21.802612 | won: False 
#   60 | steps: 18060 | steps_t: 15778 | t: 932.250030 | r: -2106.000000 | e:   0.968444 | Q: -22.785324 | won: False 
#   61 | steps: 18361 | steps_t: 16026 | t: 948.093654 | r: -2790.000000 | e:   0.967948 | Q: -25.279114 | won: False 
#   62 | steps: 18662 | steps_t: 16273 | t: 963.061110 | r:  8586.000000 | e:   0.967454 | Q: -25.212933 | won: True 
#   63 | steps: 18963 | steps_t: 16524 | t: 978.800745 | r: -2330.000000 | e:   0.966952 | Q: -25.947382 | won: False 
#   64 | steps: 19264 | steps_t: 16784 | t: 995.367913 | r: -2717.000000 | e:   0.966432 | Q: -25.984163 | won: False 
#   65 | steps: 19565 | steps_t: 17041 | t: 1012.117131 | r: -2689.000000 | e:   0.965918 | Q: -27.238405 | won: False 
#   66 | steps: 19866 | steps_t: 17287 | t: 1027.781094 | r: -2680.000000 | e:   0.965426 | Q: -29.131231 | won: False 
#   67 | steps: 20167 | steps_t: 17535 | t: 1043.672678 | r:  8316.000000 | e:   0.964930 | Q: -30.612619 | won: True 
#   68 | steps: 20468 | steps_t: 17796 | t: 1059.473560 | r: -3110.000000 | e:   0.964408 | Q: -32.164799 | won: False 
#   69 | steps: 20769 | steps_t: 18057 | t: 1075.440529 | r: -1894.000000 | e:   0.963886 | Q: -32.510098 | won: False 
#   70 | steps: 21070 | steps_t: 18308 | t: 1091.368628 | r:  9078.000000 | e:   0.963384 | Q: -34.003033 | won: True 
#   71 | steps: 21371 | steps_t: 18559 | t: 1108.714067 | r:  -593.000000 | e:   0.962882 | Q: -33.305984 | won: False 
#   72 | steps: 21672 | steps_t: 18805 | t: 1124.905587 | r:  8510.000000 | e:   0.962390 | Q: -31.474089 | won: True 
#   73 | steps: 21973 | steps_t: 19056 | t: 1140.112252 | r: -2675.000000 | e:   0.961888 | Q: -32.091034 | won: False 
#   74 | steps: 22274 | steps_t: 19308 | t: 1155.405199 | r:  9960.000000 | e:   0.961384 | Q: -30.663759 | won: True 
#   75 | steps: 22575 | steps_t: 19565 | t: 1171.007865 | r: -1494.000000 | e:   0.960870 | Q: -28.852062 | won: False 
#   76 | steps: 22876 | steps_t: 19817 | t: 1187.601014 | r: -1919.000000 | e:   0.960366 | Q: -28.935175 | won: False 
#   77 | steps: 23177 | steps_t: 20065 | t: 1203.506420 | r: -1934.000000 | e:   0.959870 | Q: -31.293863 | won: False 
#   78 | steps: 23478 | steps_t: 20313 | t: 1219.572941 | r:  8789.000000 | e:   0.959374 | Q: -31.492319 | won: True 
#   79 | steps: 23779 | steps_t: 20561 | t: 1235.685093 | r: -2524.000000 | e:   0.958878 | Q: -30.813559 | won: False 
#   80 | steps: 24080 | steps_t: 20822 | t: 1251.264085 | r: -2417.000000 | e:   0.958356 | Q: -30.057518 | won: False 
#   81 | steps: 24381 | steps_t: 21068 | t: 1266.685743 | r: -2275.000000 | e:   0.957864 | Q: -30.466145 | won: False 
#   82 | steps: 24682 | steps_t: 21315 | t: 1281.183279 | r: -2089.000000 | e:   0.957370 | Q: -30.497749 | won: False 
#   83 | steps: 24983 | steps_t: 21562 | t: 1296.050572 | r: -2164.000000 | e:   0.956876 | Q: -30.439754 | won: False 
#   84 | steps: 25284 | steps_t: 21814 | t: 1311.824013 | r: -2663.000000 | e:   0.956372 | Q: -31.769106 | won: False 
#   85 | steps: 25585 | steps_t: 22071 | t: 1328.322423 | r: -3070.000000 | e:   0.955858 | Q: -32.749752 | won: False 
#   86 | steps: 25886 | steps_t: 22319 | t: 1344.488680 | r: -3006.000000 | e:   0.955362 | Q: -31.745501 | won: False 
#   87 | steps: 26187 | steps_t: 22565 | t: 1360.538757 | r:  8794.000000 | e:   0.954870 | Q: -32.272678 | won: True 
#   88 | steps: 26488 | steps_t: 22812 | t: 1375.369926 | r: -2961.000000 | e:   0.954376 | Q: -31.565994 | won: False 
#   89 | steps: 26789 | steps_t: 23060 | t: 1390.603652 | r: -2628.000000 | e:   0.953880 | Q: -31.740021 | won: False 
#   90 | steps: 27090 | steps_t: 23311 | t: 1406.057842 | r:  8286.000000 | e:   0.953378 | Q: -33.670776 | won: True 
#   91 | steps: 27391 | steps_t: 23557 | t: 1421.825507 | r: -1758.000000 | e:   0.952886 | Q: -35.223537 | won: False 
#   92 | steps: 27692 | steps_t: 23805 | t: 1438.227274 | r: -2804.000000 | e:   0.952390 | Q: -35.575504 | won: False 
#   93 | steps: 27993 | steps_t: 24065 | t: 1457.008730 | r: -2638.000000 | e:   0.951870 | Q: -34.388454 | won: False 
#   94 | steps: 28294 | steps_t: 24313 | t: 1472.094472 | r:  9020.000000 | e:   0.951374 | Q: -35.317677 | won: True 
#   95 | steps: 28595 | steps_t: 24570 | t: 1487.686560 | r: -3070.000000 | e:   0.950860 | Q: -32.929276 | won: False 
#   96 | steps: 28896 | steps_t: 24821 | t: 1503.173764 | r: -2902.000000 | e:   0.950358 | Q: -33.411713 | won: False 
#   97 | steps: 29197 | steps_t: 25067 | t: 1518.491485 | r: -2040.000000 | e:   0.949866 | Q: -33.420433 | won: False 
#   98 | steps: 29498 | steps_t: 25318 | t: 1534.641100 | r: -2838.000000 | e:   0.949364 | Q: -32.614086 | won: False 
#   99 | steps: 29799 | steps_t: 25575 | t: 1551.806009 | r: -2553.000000 | e:   0.948850 | Q: -31.607658 | won: False 
#  100 | steps: 30100 | steps_t: 25832 | t: 1570.277861 | r: -3026.000000 | e:   0.948336 | Q: -30.159115 | won: False 
#  101 | steps: 30401 | steps_t: 26084 | t: 1585.321061 | r: -1703.000000 | e:   0.947832 | Q: -30.282551 | won: False 
#  102 | steps: 30702 | steps_t: 26336 | t: 1600.432773 | r: -2811.000000 | e:   0.947328 | Q: -31.012524 | won: False 
#  103 | steps: 31003 | steps_t: 26582 | t: 1615.217728 | r: -2808.000000 | e:   0.946836 | Q: -31.899487 | won: False 
#  104 | steps: 31304 | steps_t: 26839 | t: 1630.764052 | r: -2350.000000 | e:   0.946322 | Q: -31.718225 | won: False 
#  105 | steps: 31605 | steps_t: 27086 | t: 1646.356210 | r: -2895.000000 | e:   0.945828 | Q: -30.767693 | won: False 
#  106 | steps: 31906 | steps_t: 27334 | t: 1663.953328 | r:  7889.000000 | e:   0.945332 | Q: -30.151546 | won: True 
#  107 | steps: 32207 | steps_t: 27591 | t: 1680.857816 | r: -3070.000000 | e:   0.944818 | Q: -30.976288 | won: False 
#  108 | steps: 32508 | steps_t: 27843 | t: 1695.849439 | r: -2910.000000 | e:   0.944314 | Q: -31.584087 | won: False 
#  109 | steps: 32809 | steps_t: 28104 | t: 1711.802403 | r: -2923.000000 | e:   0.943792 | Q: -31.633255 | won: False 
#  110 | steps: 33110 | steps_t: 28351 | t: 1727.123520 | r:  9373.000000 | e:   0.943298 | Q: -31.473322 | won: True 
#  111 | steps: 33411 | steps_t: 28611 | t: 1743.309056 | r: -2728.000000 | e:   0.942778 | Q: -30.458733 | won: False 
#  112 | steps: 33712 | steps_t: 28862 | t: 1759.504154 | r: -2262.000000 | e:   0.942276 | Q: -29.904171 | won: False 
#  113 | steps: 34013 | steps_t: 29122 | t: 1776.769299 | r: -3100.000000 | e:   0.941756 | Q: -31.312054 | won: False 
#  114 | steps: 34314 | steps_t: 29382 | t: 1795.212687 | r: -3001.000000 | e:   0.941236 | Q: -31.537867 | won: False 
#  115 | steps: 34615 | steps_t: 29643 | t: 1810.996055 | r: -2384.000000 | e:   0.940714 | Q: -30.272902 | won: False 
#  116 | steps: 34916 | steps_t: 29894 | t: 1826.237343 | r: 10473.000000 | e:   0.940212 | Q: -29.563210 | won: True 
#  117 | steps: 35217 | steps_t: 30142 | t: 1841.600149 | r: -2364.000000 | e:   0.939716 | Q: -28.040279 | won: False 
#  118 | steps: 35518 | steps_t: 30389 | t: 1857.037852 | r:  9039.000000 | e:   0.939222 | Q: -28.548910 | won: True 
#  119 | steps: 35819 | steps_t: 30650 | t: 1874.045259 | r: -3066.000000 | e:   0.938700 | Q: -27.652142 | won: False 
#  120 | steps: 36120 | steps_t: 30898 | t: 1890.893147 | r: -1815.000000 | e:   0.938204 | Q: -28.637104 | won: False 
#  121 | steps: 36421 | steps_t: 31145 | t: 1905.810961 | r: -2818.000000 | e:   0.937710 | Q: -26.604687 | won: False 
#  122 | steps: 36722 | steps_t: 31396 | t: 1921.839286 | r: -2970.000000 | e:   0.937208 | Q: -26.800926 | won: False 
#  123 | steps: 37023 | steps_t: 31656 | t: 1936.927059 | r: -2913.000000 | e:   0.936688 | Q: -25.215790 | won: False 
#  124 | steps: 37324 | steps_t: 31904 | t: 1951.611116 | r: -2029.000000 | e:   0.936192 | Q: -25.185900 | won: False 
#  125 | steps: 37625 | steps_t: 32156 | t: 1967.070747 | r: -1952.000000 | e:   0.935688 | Q: -25.628466 | won: False 
#  126 | steps: 37926 | steps_t: 32408 | t: 1983.007282 | r: -2533.000000 | e:   0.935184 | Q: -24.769167 | won: False 
#  127 | steps: 38227 | steps_t: 32656 | t: 1999.287295 | r: -2652.000000 | e:   0.934688 | Q: -25.362608 | won: False 
#  128 | steps: 38528 | steps_t: 32908 | t: 2015.255604 | r: -2976.000000 | e:   0.934184 | Q: -24.683300 | won: False 
#  129 | steps: 38829 | steps_t: 33155 | t: 2030.193153 | r: -1993.000000 | e:   0.933690 | Q: -24.359907 | won: False 
#  130 | steps: 39130 | steps_t: 33415 | t: 2047.711189 | r: -1716.000000 | e:   0.933170 | Q: -24.552092 | won: False 
#  131 | steps: 39431 | steps_t: 33667 | t: 2063.072619 | r: -2738.000000 | e:   0.932666 | Q: -23.858595 | won: False 
#  132 | steps: 39732 | steps_t: 33915 | t: 2078.525547 | r: -2196.000000 | e:   0.932170 | Q: -24.506861 | won: False 
#  133 | steps: 40033 | steps_t: 34162 | t: 2094.939468 | r: -3152.000000 | e:   0.931676 | Q: -24.016130 | won: False 
#  134 | steps: 40334 | steps_t: 34409 | t: 2111.379619 | r: -2661.000000 | e:   0.931182 | Q: -23.887402 | won: False 
#  135 | steps: 40635 | steps_t: 34666 | t: 2127.983994 | r: -2183.000000 | e:   0.930668 | Q: -22.103848 | won: False 
#  136 | steps: 40936 | steps_t: 34914 | t: 2142.951178 | r: -2322.000000 | e:   0.930172 | Q: -21.142628 | won: False 
#  137 | steps: 41237 | steps_t: 35160 | t: 2157.853928 | r: -2172.000000 | e:   0.929680 | Q: -21.117928 | won: False 
#  138 | steps: 41538 | steps_t: 35420 | t: 2173.742002 | r: -1887.000000 | e:   0.929160 | Q: -22.166229 | won: False 
#  139 | steps: 41839 | steps_t: 35672 | t: 2191.174818 | r: -2901.000000 | e:   0.928656 | Q: -23.458057 | won: False 
#  140 | steps: 42140 | steps_t: 35923 | t: 2207.454907 | r: -1306.000000 | e:   0.928154 | Q: -23.068268 | won: False 
#  141 | steps: 42441 | steps_t: 36183 | t: 2224.990678 | r: -2180.000000 | e:   0.927634 | Q: -22.603140 | won: False 
#  142 | steps: 42742 | steps_t: 36443 | t: 2241.495164 | r: -2891.000000 | e:   0.927114 | Q: -24.555162 | won: False 
#  143 | steps: 43043 | steps_t: 36703 | t: 2257.327300 | r: -1406.000000 | e:   0.926594 | Q: -27.072792 | won: False 
#  144 | steps: 43344 | steps_t: 36955 | t: 2272.829225 | r: -2562.000000 | e:   0.926090 | Q: -26.283764 | won: False 
#  145 | steps: 43645 | steps_t: 37206 | t: 2288.127343 | r: -2715.000000 | e:   0.925588 | Q: -25.324099 | won: False 
#  146 | steps: 43946 | steps_t: 37454 | t: 2303.891743 | r: -2980.000000 | e:   0.925092 | Q: -23.089977 | won: False 
#  147 | steps: 44247 | steps_t: 37714 | t: 2321.175819 | r: -2701.000000 | e:   0.924572 | Q: -22.853172 | won: False 
#  148 | steps: 44548 | steps_t: 37961 | t: 2340.499965 | r: -2090.000000 | e:   0.924078 | Q: -24.656002 | won: False 
#  149 | steps: 44849 | steps_t: 38208 | t: 2355.798900 | r: -2674.000000 | e:   0.923584 | Q: -26.480886 | won: False 
#  150 | steps: 45150 | steps_t: 38456 | t: 2370.935089 | r:  8778.000000 | e:   0.923088 | Q: -26.293322 | won: True 
#  151 | steps: 45451 | steps_t: 38708 | t: 2386.486946 | r: -2927.000000 | e:   0.922584 | Q: -27.377050 | won: False 
#  152 | steps: 45752 | steps_t: 38965 | t: 2402.096985 | r: -3026.000000 | e:   0.922070 | Q: -27.891821 | won: False 
#  153 | steps: 46053 | steps_t: 39216 | t: 2417.982248 | r: -2761.000000 | e:   0.921568 | Q: -26.638620 | won: False 
#  154 | steps: 46354 | steps_t: 39473 | t: 2435.014320 | r: -1940.000000 | e:   0.921054 | Q: -26.397198 | won: False 
#  155 | steps: 46655 | steps_t: 39720 | t: 2452.094733 | r: -2384.000000 | e:   0.920560 | Q: -27.204868 | won: False 
#  156 | steps: 46956 | steps_t: 39972 | t: 2467.472868 | r: -2846.000000 | e:   0.920056 | Q: -27.145426 | won: False 
#  157 | steps: 47257 | steps_t: 40220 | t: 2482.325216 | r: -2638.000000 | e:   0.919560 | Q: -28.136234 | won: False 
#  158 | steps: 47558 | steps_t: 40471 | t: 2499.329794 | r: -2299.000000 | e:   0.919058 | Q: -30.748154 | won: False 
#  159 | steps: 47859 | steps_t: 40732 | t: 2515.391732 | r: -2736.000000 | e:   0.918536 | Q: -30.547178 | won: False 
#  160 | steps: 48160 | steps_t: 40989 | t: 2531.887629 | r: -2412.000000 | e:   0.918022 | Q: -32.489960 | won: False 
#  161 | steps: 48461 | steps_t: 41246 | t: 2548.922886 | r: -2289.000000 | e:   0.917508 | Q: -33.704269 | won: False 
#  162 | steps: 48762 | steps_t: 41497 | t: 2567.268261 | r:  8585.000000 | e:   0.917006 | Q: -34.666824 | won: True 
#  163 | steps: 49063 | steps_t: 41748 | t: 2582.505239 | r: -2880.000000 | e:   0.916504 | Q: -35.401127 | won: False 
#  164 | steps: 49364 | steps_t: 41995 | t: 2597.716465 | r:  9428.000000 | e:   0.916010 | Q: -34.870022 | won: True 
#  165 | steps: 49665 | steps_t: 42252 | t: 2613.409705 | r: -2641.000000 | e:   0.915496 | Q: -33.680737 | won: False 
#  166 | steps: 49966 | steps_t: 42513 | t: 2629.351003 | r: -3110.000000 | e:   0.914974 | Q: -34.001560 | won: False 
#  167 | steps: 50267 | steps_t: 42765 | t: 2645.720419 | r: -2846.000000 | e:   0.914470 | Q: -34.219658 | won: False 
#  168 | steps: 50568 | steps_t: 43012 | t: 2662.398295 | r: -2809.000000 | e:   0.913976 | Q: -34.738602 | won: False 
#  169 | steps: 50869 | steps_t: 43263 | t: 2683.012201 | r: -2488.000000 | e:   0.913474 | Q: -35.816940 | won: False 
#  170 | steps: 51170 | steps_t: 43514 | t: 2698.391267 | r: -1863.000000 | e:   0.912972 | Q: -34.737442 | won: False 
#  171 | steps: 51471 | steps_t: 43774 | t: 2714.267099 | r: -2660.000000 | e:   0.912452 | Q: -34.736485 | won: False 
#  172 | steps: 51772 | steps_t: 44025 | t: 2729.685666 | r: -2404.000000 | e:   0.911950 | Q: -35.916161 | won: False 
#  173 | steps: 52073 | steps_t: 44276 | t: 2745.468998 | r: -2140.000000 | e:   0.911448 | Q: -35.474808 | won: False 
#  174 | steps: 52374 | steps_t: 44524 | t: 2762.183520 | r: -2958.000000 | e:   0.910952 | Q: -34.806408 | won: False 
#  175 | steps: 52675 | steps_t: 44781 | t: 2780.215445 | r: -2938.000000 | e:   0.910438 | Q: -33.711155 | won: False 
#  176 | steps: 52976 | steps_t: 45042 | t: 2798.262814 | r: -3088.000000 | e:   0.909916 | Q: -32.835732 | won: False 
#  177 | steps: 53277 | steps_t: 45294 | t: 2813.800358 | r: -2987.000000 | e:   0.909412 | Q: -32.548996 | won: False 
#  178 | steps: 53578 | steps_t: 45542 | t: 2829.176984 | r: -2960.000000 | e:   0.908916 | Q: -33.611061 | won: False 
#  179 | steps: 53879 | steps_t: 45789 | t: 2844.518765 | r:  9043.000000 | e:   0.908422 | Q: -34.728134 | won: True 
#  180 | steps: 54180 | steps_t: 46036 | t: 2862.863020 | r:  9323.000000 | e:   0.907928 | Q: -34.135628 | won: True 
#  181 | steps: 54481 | steps_t: 46287 | t: 2879.486826 | r: -2790.000000 | e:   0.907426 | Q: -34.180836 | won: False 
#  182 | steps: 54782 | steps_t: 46533 | t: 2896.621071 | r:  8957.000000 | e:   0.906934 | Q: -33.374146 | won: True 
#  183 | steps: 55083 | steps_t: 46790 | t: 2914.222470 | r: -2916.000000 | e:   0.906420 | Q: -32.695892 | won: False 
#  184 | steps: 55384 | steps_t: 47047 | t: 2929.958013 | r: -2654.000000 | e:   0.905906 | Q: -32.228313 | won: False 
#  185 | steps: 55685 | steps_t: 47293 | t: 2945.061250 | r: -2722.000000 | e:   0.905414 | Q: -32.689102 | won: False 
#  186 | steps: 55986 | steps_t: 47541 | t: 2960.512442 | r: -2111.000000 | e:   0.904918 | Q: -32.910427 | won: False 
#  187 | steps: 56287 | steps_t: 47787 | t: 2976.190802 | r: -2528.000000 | e:   0.904426 | Q: -34.615444 | won: False 
#  188 | steps: 56588 | steps_t: 48034 | t: 2992.701895 | r: -2893.000000 | e:   0.903932 | Q: -35.396706 | won: False 
#  189 | steps: 56889 | steps_t: 48295 | t: 3010.941907 | r: -2659.000000 | e:   0.903410 | Q: -35.690422 | won: False 
#  190 | steps: 57190 | steps_t: 48546 | t: 3028.796305 | r: -2413.000000 | e:   0.902908 | Q: -36.031990 | won: False 
#  191 | steps: 57491 | steps_t: 48807 | t: 3059.534950 | r: -3110.000000 | e:   0.902386 | Q: -36.153248 | won: False 
#  192 | steps: 57792 | steps_t: 49059 | t: 3089.609736 | r: -2769.000000 | e:   0.901882 | Q: -38.016331 | won: False 
#  193 | steps: 58093 | steps_t: 49305 | t: 3123.123014 | r: -2777.000000 | e:   0.901390 | Q: -36.286831 | won: False 
#  194 | steps: 58394 | steps_t: 49565 | t: 3155.950671 | r: -2748.000000 | e:   0.900870 | Q: -34.071590 | won: False 
#  195 | steps: 58695 | steps_t: 49826 | t: 3190.628814 | r: -3110.000000 | e:   0.900348 | Q: -34.290478 | won: False 
#  196 | steps: 58996 | steps_t: 50072 | t: 3219.724221 | r: -2238.000000 | e:   0.899856 | Q: -34.355152 | won: False 
#  197 | steps: 59297 | steps_t: 50318 | t: 3248.824495 | r: -2423.000000 | e:   0.899364 | Q: -34.304890 | won: False 
#  198 | steps: 59598 | steps_t: 50570 | t: 3278.616974 | r: -2399.000000 | e:   0.898860 | Q: -34.788044 | won: False 
#  199 | steps: 59899 | steps_t: 50822 | t: 3308.583168 | r: -2910.000000 | e:   0.898356 | Q: -32.996632 | won: False 
#  200 | steps: 60200 | steps_t: 51083 | t: 3340.863971 | r: -3110.000000 | e:   0.897834 | Q: -33.475594 | won: False 
