#    1 | steps:   216 | steps_t: 36890 | t: 9.902324 | r:  -230.000000 | e:   0.262200 | Q: 110.121681 | won: False 
#    2 | steps:   434 | steps_t: 37053 | t: 21.543664 | r:  -800.000000 | e:   0.258940 | Q: 110.197945 | won: False 
#    3 | steps:   653 | steps_t: 37222 | t: 34.275809 | r:  -660.000000 | e:   0.255560 | Q: 101.022629 | won: False 
#    4 | steps:   954 | steps_t: 37478 | t: 54.202969 | r:  3800.000000 | e:   0.250440 | Q:  80.462067 | won: True 
#    5 | steps:  1255 | steps_t: 37724 | t: 73.887485 | r:  2710.000000 | e:   0.245520 | Q: 129.008301 | won: True 
#    6 | steps:  1471 | steps_t: 37885 | t: 86.866962 | r:  -480.000000 | e:   0.242300 | Q: 175.468735 | won: False 
#    7 | steps:  1686 | steps_t: 38050 | t: 98.921818 | r:  -220.000000 | e:   0.239000 | Q: 178.413254 | won: False 
#    8 | steps:  1987 | steps_t: 38297 | t: 117.578909 | r:  2050.000000 | e:   0.234060 | Q: 163.372940 | won: True 
#    9 | steps:  2207 | steps_t: 38463 | t: 130.350843 | r:  -610.000000 | e:   0.230740 | Q: 146.220978 | won: False 
#   10 | steps:  2423 | steps_t: 38624 | t: 143.976943 | r:   -60.000000 | e:   0.227520 | Q: 146.653473 | won: False 
#   11 | steps:  2591 | steps_t: 38750 | t: 153.651031 | r:  -370.000000 | e:   0.225000 | Q: 133.453857 | won: False 
#   12 | steps:  2808 | steps_t: 38917 | t: 167.288724 | r:  -680.000000 | e:   0.221660 | Q: 108.663879 | won: False 
#   13 | steps:  2976 | steps_t: 39044 | t: 176.863817 | r: -1070.000000 | e:   0.219120 | Q: 107.262703 | won: False 
#   14 | steps:  3194 | steps_t: 39208 | t: 189.852721 | r: -1470.000000 | e:   0.215840 | Q: 107.580978 | won: False 
#   15 | steps:  3364 | steps_t: 39333 | t: 199.366635 | r:  -320.000000 | e:   0.213340 | Q:  89.459618 | won: False 
#   16 | steps:  3580 | steps_t: 39495 | t: 211.378380 | r:  -410.000000 | e:   0.210100 | Q:  86.812042 | won: False 
#   17 | steps:  3752 | steps_t: 39622 | t: 220.991314 | r:  -280.000000 | e:   0.207560 | Q:  84.390862 | won: False 
#   18 | steps:  4053 | steps_t: 39882 | t: 241.918783 | r:  3690.000000 | e:   0.202360 | Q:  83.473099 | won: True 
#   19 | steps:  4354 | steps_t: 40138 | t: 262.645289 | r:  1790.000000 | e:   0.197240 | Q:  67.062439 | won: True 
#   20 | steps:  4627 | steps_t: 40366 | t: 280.349859 | r:    30.000000 | e:   0.192680 | Q:  83.945847 | won: False 
#   21 | steps:  4928 | steps_t: 40611 | t: 298.627144 | r:  3280.000000 | e:   0.187780 | Q:  98.384781 | won: True 
#   22 | steps:  5147 | steps_t: 40780 | t: 311.124284 | r:     0.000000 | e:   0.184400 | Q: 101.937836 | won: False 
#   23 | steps:  5317 | steps_t: 40908 | t: 320.090638 | r:  -810.000000 | e:   0.181840 | Q:  99.800713 | won: False 
#   24 | steps:  5532 | steps_t: 41073 | t: 332.832648 | r:  -460.000000 | e:   0.178540 | Q:  94.696167 | won: False 
#   25 | steps:  5747 | steps_t: 41238 | t: 347.030158 | r:   -70.000000 | e:   0.175240 | Q:  90.473213 | won: False 
#   26 | steps:  6048 | steps_t: 41498 | t: 365.285811 | r:  3840.000000 | e:   0.170040 | Q:  81.104607 | won: True 
#   27 | steps:  6297 | steps_t: 41706 | t: 383.726238 | r:   290.000000 | e:   0.165880 | Q:  79.098763 | won: False 
#   28 | steps:  6517 | steps_t: 41871 | t: 396.739666 | r: -1180.000000 | e:   0.162580 | Q:  87.692375 | won: False 
#   29 | steps:  6685 | steps_t: 41994 | t: 405.889497 | r:  -620.000000 | e:   0.160120 | Q:  87.571434 | won: False 
#   30 | steps:  6903 | steps_t: 42156 | t: 417.503196 | r:  -640.000000 | e:   0.156880 | Q:  78.890503 | won: False 
#   31 | steps:  7204 | steps_t: 42415 | t: 436.173243 | r:  3960.000000 | e:   0.151700 | Q:  95.502487 | won: True 
#   32 | steps:  7495 | steps_t: 42650 | t: 454.968522 | r:  -620.000000 | e:   0.147000 | Q:  95.967278 | won: False 
#   33 | steps:  7714 | steps_t: 42819 | t: 466.971064 | r:   -20.000000 | e:   0.143620 | Q:  92.452019 | won: False 
#   34 | steps:  7933 | steps_t: 42987 | t: 478.734044 | r: -1080.000000 | e:   0.140260 | Q:  90.714546 | won: False 
#   35 | steps:  8149 | steps_t: 43147 | t: 491.714048 | r:  -280.000000 | e:   0.137060 | Q:  93.139328 | won: False 
#   36 | steps:  8405 | steps_t: 43362 | t: 508.669789 | r:   700.000000 | e:   0.132760 | Q:  86.547005 | won: False 
#   37 | steps:  8706 | steps_t: 43612 | t: 526.334469 | r:  3030.000000 | e:   0.127760 | Q:  83.856621 | won: True 
#   38 | steps:  8924 | steps_t: 43774 | t: 538.581858 | r:    80.000000 | e:   0.124520 | Q:  76.932800 | won: False 
#   39 | steps:  9225 | steps_t: 44025 | t: 558.471706 | r:  3110.000000 | e:   0.119500 | Q:  70.487305 | won: True 
#   40 | steps:  9442 | steps_t: 44191 | t: 571.567299 | r:   -20.000000 | e:   0.116180 | Q:  75.668434 | won: False 
#   41 | steps:  9612 | steps_t: 44320 | t: 580.833273 | r:  -220.000000 | e:   0.113600 | Q:  76.078941 | won: False 
#   42 | steps:  9829 | steps_t: 44487 | t: 593.993980 | r:   -10.000000 | e:   0.110260 | Q:  79.845581 | won: False 
#   43 | steps: 10098 | steps_t: 44706 | t: 611.599559 | r:  -480.000000 | e:   0.105880 | Q:  81.905891 | won: False 
#   44 | steps: 10314 | steps_t: 44868 | t: 625.698724 | r:   -20.000000 | e:   0.102640 | Q:  78.953407 | won: False 
#   45 | steps: 10532 | steps_t: 45031 | t: 640.728245 | r:     0.000000 | e:   0.100000 | Q:  72.074142 | won: False 
#   46 | steps: 10700 | steps_t: 45154 | t: 648.831109 | r:  -400.000000 | e:   0.100000 | Q:  82.425629 | won: False 
#   47 | steps: 10916 | steps_t: 45314 | t: 659.921728 | r:   -60.000000 | e:   0.100000 | Q:  92.194664 | won: False 
#   48 | steps: 11136 | steps_t: 45478 | t: 671.342929 | r:   -20.000000 | e:   0.100000 | Q:  92.955124 | won: False 
#   49 | steps: 11308 | steps_t: 45609 | t: 682.551405 | r:   340.000000 | e:   0.100000 | Q:  82.323898 | won: False 
#   50 | steps: 11530 | steps_t: 45777 | t: 695.079867 | r:  -530.000000 | e:   0.100000 | Q:  81.415840 | won: False 
#   51 | steps: 11831 | steps_t: 46023 | t: 715.515176 | r: -1810.000000 | e:   0.100000 | Q:  78.166367 | won: False 
#   52 | steps: 12051 | steps_t: 46188 | t: 729.066624 | r: -1120.000000 | e:   0.100000 | Q:  74.099281 | won: False 
#   53 | steps: 12266 | steps_t: 46353 | t: 744.072966 | r:   -40.000000 | e:   0.100000 | Q:  72.307129 | won: False 
#   54 | steps: 12482 | steps_t: 46513 | t: 756.869729 | r:   -90.000000 | e:   0.100000 | Q:  72.864738 | won: False 
#   55 | steps: 12783 | steps_t: 46760 | t: 777.544180 | r:  2020.000000 | e:   0.100000 | Q:  63.808266 | won: True 
#   56 | steps: 13084 | steps_t: 47020 | t: 795.419046 | r:  3880.000000 | e:   0.100000 | Q:  59.507980 | won: True 
#   57 | steps: 13346 | steps_t: 47241 | t: 813.260263 | r:   660.000000 | e:   0.100000 | Q:  73.939117 | won: False 
#   58 | steps: 13518 | steps_t: 47372 | t: 823.773257 | r:   130.000000 | e:   0.100000 | Q:  75.098938 | won: False 
#   59 | steps: 13734 | steps_t: 47533 | t: 836.399529 | r:  -160.000000 | e:   0.100000 | Q:  68.772758 | won: False 
#   60 | steps: 14035 | steps_t: 47792 | t: 858.408493 | r:  3220.000000 | e:   0.100000 | Q:  65.720055 | won: True 
#   61 | steps: 14336 | steps_t: 48048 | t: 879.442924 | r:  3800.000000 | e:   0.100000 | Q:  84.525749 | won: True 
#   62 | steps: 14554 | steps_t: 48212 | t: 892.894150 | r:  -100.000000 | e:   0.100000 | Q:  97.983398 | won: False 
#   63 | steps: 14855 | steps_t: 48468 | t: 912.578876 | r:  3740.000000 | e:   0.100000 | Q:  97.782707 | won: True 
#   64 | steps: 15156 | steps_t: 48714 | t: 931.923256 | r:  3240.000000 | e:   0.100000 | Q: 107.325485 | won: True 
#   65 | steps: 15372 | steps_t: 48874 | t: 943.779637 | r:  -750.000000 | e:   0.100000 | Q: 107.439438 | won: False 
#   66 | steps: 15615 | steps_t: 49075 | t: 958.594198 | r:   640.000000 | e:   0.100000 | Q: 119.617027 | won: False 
#   67 | steps: 15916 | steps_t: 49334 | t: 978.483635 | r:  3780.000000 | e:   0.100000 | Q: 114.179550 | won: True 
#   68 | steps: 16084 | steps_t: 49460 | t: 987.669785 | r:   220.000000 | e:   0.100000 | Q: 118.177719 | won: False 
#   69 | steps: 16300 | steps_t: 49622 | t: 1001.994524 | r:   -20.000000 | e:   0.100000 | Q: 112.741684 | won: False 
#   70 | steps: 16518 | steps_t: 49785 | t: 1015.910755 | r:  -490.000000 | e:   0.100000 | Q: 108.043777 | won: False 
#   71 | steps: 16734 | steps_t: 49946 | t: 1029.480793 | r:   -60.000000 | e:   0.100000 | Q: 113.597786 | won: False 
#   72 | steps: 17035 | steps_t: 50205 | t: 1047.252003 | r:  3580.000000 | e:   0.100000 | Q: 113.562317 | won: True 
#   73 | steps: 17336 | steps_t: 50450 | t: 1064.136369 | r:  3410.000000 | e:   0.100000 | Q: 106.809502 | won: True 
#   74 | steps: 17637 | steps_t: 50697 | t: 1084.131263 | r:  1980.000000 | e:   0.100000 | Q: 110.365067 | won: True 
#   75 | steps: 17852 | steps_t: 50862 | t: 1096.890841 | r:  -170.000000 | e:   0.100000 | Q: 127.298508 | won: False 
#   76 | steps: 18153 | steps_t: 51122 | t: 1115.379810 | r:  3210.000000 | e:   0.100000 | Q: 132.494141 | won: True 
#   77 | steps: 18372 | steps_t: 51291 | t: 1128.330985 | r:    10.000000 | e:   0.100000 | Q: 119.038284 | won: False 
#   78 | steps: 18663 | steps_t: 51526 | t: 1147.219219 | r:   270.000000 | e:   0.100000 | Q: 119.619797 | won: False 
#   79 | steps: 18964 | steps_t: 51772 | t: 1165.624754 | r:  3330.000000 | e:   0.100000 | Q: 124.911568 | won: True 
#   80 | steps: 19265 | steps_t: 52018 | t: 1184.843824 | r:  2430.000000 | e:   0.100000 | Q: 114.549362 | won: True 
#   81 | steps: 19433 | steps_t: 52144 | t: 1193.796722 | r:    50.000000 | e:   0.100000 | Q: 122.341202 | won: False 
#   82 | steps: 19653 | steps_t: 52313 | t: 1207.460176 | r:  -770.000000 | e:   0.100000 | Q: 134.300079 | won: False 
#   83 | steps: 19871 | steps_t: 52475 | t: 1220.845380 | r: -1280.000000 | e:   0.100000 | Q: 124.029762 | won: False 
#   84 | steps: 20043 | steps_t: 52605 | t: 1231.465458 | r:   420.000000 | e:   0.100000 | Q: 118.863762 | won: False 
#   85 | steps: 20260 | steps_t: 52768 | t: 1245.291441 | r:  -300.000000 | e:   0.100000 | Q: 140.082047 | won: False 
#   86 | steps: 20561 | steps_t: 53013 | t: 1263.145114 | r:  2470.000000 | e:   0.100000 | Q: 146.297440 | won: True 
#   87 | steps: 20796 | steps_t: 53193 | t: 1277.123365 | r:  -520.000000 | e:   0.100000 | Q: 132.200073 | won: False 
#   88 | steps: 21014 | steps_t: 53355 | t: 1289.292199 | r:  -390.000000 | e:   0.100000 | Q: 130.260590 | won: False 
#   89 | steps: 21232 | steps_t: 53519 | t: 1300.741089 | r:  -400.000000 | e:   0.100000 | Q: 137.369553 | won: False 
#   90 | steps: 21533 | steps_t: 53766 | t: 1318.352646 | r:  3110.000000 | e:   0.100000 | Q: 149.730453 | won: True 
#   91 | steps: 21751 | steps_t: 53930 | t: 1330.532246 | r:  -220.000000 | e:   0.100000 | Q: 151.971390 | won: False 
#   92 | steps: 21966 | steps_t: 54094 | t: 1343.988468 | r:  -350.000000 | e:   0.100000 | Q: 137.908203 | won: False 
#   93 | steps: 22182 | steps_t: 54260 | t: 1358.739283 | r:  -220.000000 | e:   0.100000 | Q: 126.381111 | won: False 
#   94 | steps: 22483 | steps_t: 54516 | t: 1378.050571 | r:  3760.000000 | e:   0.100000 | Q: 117.983597 | won: True 
#   95 | steps: 22752 | steps_t: 54729 | t: 1394.843352 | r:  -120.000000 | e:   0.100000 | Q: 116.264580 | won: False 
#   96 | steps: 22968 | steps_t: 54891 | t: 1406.817003 | r:  -650.000000 | e:   0.100000 | Q: 112.901573 | won: False 
#   97 | steps: 23183 | steps_t: 55055 | t: 1419.621246 | r:   -50.000000 | e:   0.100000 | Q: 108.490677 | won: False 
#   98 | steps: 23378 | steps_t: 55205 | t: 1430.630603 | r:   260.000000 | e:   0.100000 | Q: 111.426674 | won: False 
#   99 | steps: 23666 | steps_t: 55442 | t: 1450.183889 | r:   -70.000000 | e:   0.100000 | Q: 116.224678 | won: False 
#  100 | steps: 23967 | steps_t: 55689 | t: 1471.611290 | r:  1420.000000 | e:   0.100000 | Q: 140.702606 | won: True 
#  101 | steps: 24268 | steps_t: 55940 | t: 1492.060220 | r:  2010.000000 | e:   0.100000 | Q: 132.445984 | won: True 
#  102 | steps: 24569 | steps_t: 56190 | t: 1512.349039 | r:  3340.000000 | e:   0.100000 | Q: 118.999786 | won: True 
#  103 | steps: 24737 | steps_t: 56317 | t: 1522.107664 | r:   300.000000 | e:   0.100000 | Q: 118.401459 | won: False 
#  104 | steps: 24956 | steps_t: 56486 | t: 1535.173297 | r:   160.000000 | e:   0.100000 | Q: 120.077179 | won: False 
#  105 | steps: 25173 | steps_t: 56652 | t: 1548.252423 | r:   -80.000000 | e:   0.100000 | Q: 118.232048 | won: False 
#  106 | steps: 25392 | steps_t: 56821 | t: 1563.904806 | r:  -160.000000 | e:   0.100000 | Q: 106.380249 | won: False 
#  107 | steps: 25693 | steps_t: 57077 | t: 1584.244704 | r:  3680.000000 | e:   0.100000 | Q:  90.963043 | won: True 
#  108 | steps: 25861 | steps_t: 57204 | t: 1593.650210 | r:   150.000000 | e:   0.100000 | Q:  89.493256 | won: False 
#  109 | steps: 26029 | steps_t: 57331 | t: 1604.039770 | r:   150.000000 | e:   0.100000 | Q: 109.773254 | won: False 
#  110 | steps: 26330 | steps_t: 57582 | t: 1623.581543 | r:  2490.000000 | e:   0.100000 | Q: 127.246582 | won: True 
#  111 | steps: 26548 | steps_t: 57746 | t: 1636.902120 | r:  -330.000000 | e:   0.100000 | Q: 131.373611 | won: False 
#  112 | steps: 26809 | steps_t: 57956 | t: 1652.558547 | r:  -790.000000 | e:   0.100000 | Q: 136.699875 | won: False 
#  113 | steps: 27024 | steps_t: 58120 | t: 1665.523253 | r:  -290.000000 | e:   0.100000 | Q: 136.831985 | won: False 
#  114 | steps: 27194 | steps_t: 58248 | t: 1674.279871 | r:   280.000000 | e:   0.100000 | Q: 146.604889 | won: False 
#  115 | steps: 27495 | steps_t: 58508 | t: 1693.778382 | r:  3760.000000 | e:   0.100000 | Q: 143.951569 | won: True 
#  116 | steps: 27714 | steps_t: 58677 | t: 1707.122511 | r:   -20.000000 | e:   0.100000 | Q: 132.181076 | won: False 
#  117 | steps: 28015 | steps_t: 58933 | t: 1728.439666 | r:  3360.000000 | e:   0.100000 | Q: 137.744202 | won: True 
#  118 | steps: 28231 | steps_t: 59095 | t: 1740.583059 | r:    40.000000 | e:   0.100000 | Q: 138.050262 | won: False 
#  119 | steps: 28532 | steps_t: 59342 | t: 1758.929386 | r:  2880.000000 | e:   0.100000 | Q: 143.449310 | won: True 
#  120 | steps: 28704 | steps_t: 59472 | t: 1767.307579 | r:   210.000000 | e:   0.100000 | Q: 142.811462 | won: False 
#  121 | steps: 28955 | steps_t: 59672 | t: 1783.565691 | r:  -100.000000 | e:   0.100000 | Q: 140.249969 | won: False 
#  122 | steps: 29170 | steps_t: 59836 | t: 1795.490183 | r:   -60.000000 | e:   0.100000 | Q: 138.103241 | won: False 
#  123 | steps: 29471 | steps_t: 60092 | t: 1814.178828 | r:  3770.000000 | e:   0.100000 | Q: 139.489532 | won: True 
#  124 | steps: 29641 | steps_t: 60221 | t: 1824.259158 | r:    70.000000 | e:   0.100000 | Q: 141.898529 | won: False 
#  125 | steps: 29942 | steps_t: 60472 | t: 1845.427913 | r:  3030.000000 | e:   0.100000 | Q: 127.587990 | won: True 
#  126 | steps: 30243 | steps_t: 60732 | t: 1866.338217 | r:  2990.000000 | e:   0.100000 | Q: 124.556030 | won: True 
#  127 | steps: 30411 | steps_t: 60855 | t: 1874.698086 | r:  -190.000000 | e:   0.100000 | Q: 118.596169 | won: False 
#  128 | steps: 30712 | steps_t: 61111 | t: 1891.857898 | r:  3670.000000 | e:   0.100000 | Q: 136.111664 | won: True 
#  129 | steps: 30928 | steps_t: 61273 | t: 1904.014273 | r:  -340.000000 | e:   0.100000 | Q: 134.922470 | won: False 
#  130 | steps: 31098 | steps_t: 61401 | t: 1914.362781 | r:   140.000000 | e:   0.100000 | Q: 122.783417 | won: False 
#  131 | steps: 31399 | steps_t: 61646 | t: 1935.490078 | r:  3080.000000 | e:   0.100000 | Q: 124.861916 | won: True 
#  132 | steps: 31700 | steps_t: 61897 | t: 1955.207613 | r:  3740.000000 | e:   0.100000 | Q: 119.147408 | won: True 
#  133 | steps: 31917 | steps_t: 62064 | t: 1969.623939 | r:   -40.000000 | e:   0.100000 | Q: 137.965851 | won: False 
#  134 | steps: 32218 | steps_t: 62320 | t: 1990.800435 | r:  3920.000000 | e:   0.100000 | Q: 165.394455 | won: True 
#  135 | steps: 32436 | steps_t: 62482 | t: 2003.948434 | r:   -20.000000 | e:   0.100000 | Q: 163.182419 | won: False 
#  136 | steps: 32652 | steps_t: 62642 | t: 2015.318448 | r:   -60.000000 | e:   0.100000 | Q: 149.118881 | won: False 
#  137 | steps: 32953 | steps_t: 62893 | t: 2033.079081 | r:  3070.000000 | e:   0.100000 | Q: 144.635010 | won: True 
#  138 | steps: 33170 | steps_t: 63059 | t: 2049.093485 | r:  -750.000000 | e:   0.100000 | Q: 139.639618 | won: False 
#  139 | steps: 33471 | steps_t: 63306 | t: 2070.407790 | r:  2610.000000 | e:   0.100000 | Q: 147.446899 | won: True 
#  140 | steps: 33772 | steps_t: 63557 | t: 2092.189903 | r:  2850.000000 | e:   0.100000 | Q: 159.107727 | won: True 
#  141 | steps: 33988 | steps_t: 63717 | t: 2106.765517 | r:  -140.000000 | e:   0.100000 | Q: 163.078186 | won: False 
#  142 | steps: 34289 | steps_t: 63976 | t: 2125.258883 | r:  3740.000000 | e:   0.100000 | Q: 154.285431 | won: True 
#  143 | steps: 34590 | steps_t: 64227 | t: 2144.017246 | r:  2850.000000 | e:   0.100000 | Q: 161.582245 | won: True 
#  144 | steps: 34806 | steps_t: 64387 | t: 2156.590006 | r:  -260.000000 | e:   0.100000 | Q: 139.824463 | won: False 
#  145 | steps: 35067 | steps_t: 64606 | t: 2173.496025 | r:   740.000000 | e:   0.100000 | Q: 147.496124 | won: False 
#  146 | steps: 35368 | steps_t: 64856 | t: 2196.787150 | r:  2090.000000 | e:   0.100000 | Q: 146.886490 | won: True 
#  147 | steps: 35669 | steps_t: 65106 | t: 2217.802443 | r:  3340.000000 | e:   0.100000 | Q: 138.335815 | won: True 
#  148 | steps: 35886 | steps_t: 65272 | t: 2231.130526 | r:  -130.000000 | e:   0.100000 | Q: 133.563766 | won: False 
#  149 | steps: 36106 | steps_t: 65437 | t: 2244.283275 | r:  -450.000000 | e:   0.100000 | Q: 137.037964 | won: False 
#  150 | steps: 36278 | steps_t: 65568 | t: 2253.502531 | r:   400.000000 | e:   0.100000 | Q: 148.689117 | won: False 
#  151 | steps: 36511 | steps_t: 65747 | t: 2266.853892 | r:   -60.000000 | e:   0.100000 | Q: 148.814819 | won: False 
#  152 | steps: 36729 | steps_t: 65910 | t: 2280.213411 | r:  -160.000000 | e:   0.100000 | Q: 145.109146 | won: False 
#  153 | steps: 37026 | steps_t: 66156 | t: 2300.393917 | r:   110.000000 | e:   0.100000 | Q: 129.162506 | won: False 
#  154 | steps: 37196 | steps_t: 66285 | t: 2309.604665 | r:   150.000000 | e:   0.100000 | Q: 136.304184 | won: False 
#  155 | steps: 37497 | steps_t: 66544 | t: 2331.937422 | r:  3680.000000 | e:   0.100000 | Q: 135.915054 | won: True 
#  156 | steps: 37665 | steps_t: 66670 | t: 2342.827037 | r:   400.000000 | e:   0.100000 | Q: 148.063477 | won: False 
#  157 | steps: 37835 | steps_t: 66799 | t: 2352.876539 | r:   110.000000 | e:   0.100000 | Q: 148.505310 | won: False 
#  158 | steps: 38050 | steps_t: 66963 | t: 2366.147523 | r: -1190.000000 | e:   0.100000 | Q: 144.748886 | won: False 
#  159 | steps: 38222 | steps_t: 67090 | t: 2374.512480 | r:   380.000000 | e:   0.100000 | Q: 141.563339 | won: False 
#  160 | steps: 38394 | steps_t: 67217 | t: 2383.615450 | r:   180.000000 | e:   0.100000 | Q: 142.141068 | won: False 
#  161 | steps: 38695 | steps_t: 67462 | t: 2402.728990 | r:  3360.000000 | e:   0.100000 | Q: 139.539062 | won: True 
#  162 | steps: 38990 | steps_t: 67707 | t: 2419.502775 | r:  -220.000000 | e:   0.100000 | Q: 132.875549 | won: False 
#  163 | steps: 39291 | steps_t: 67954 | t: 2438.772852 | r:  2250.000000 | e:   0.100000 | Q: 125.629097 | won: True 
#  164 | steps: 39459 | steps_t: 68077 | t: 2448.294288 | r:   260.000000 | e:   0.100000 | Q: 132.295929 | won: False 
#  165 | steps: 39627 | steps_t: 68204 | t: 2459.201782 | r:   300.000000 | e:   0.100000 | Q: 135.103271 | won: False 
#  166 | steps: 39928 | steps_t: 68454 | t: 2479.861771 | r:  3100.000000 | e:   0.100000 | Q: 131.104187 | won: True 
#  167 | steps: 40229 | steps_t: 68705 | t: 2499.772816 | r:  2850.000000 | e:   0.100000 | Q: 133.730728 | won: True 
#  168 | steps: 40530 | steps_t: 68950 | t: 2518.599370 | r:  2680.000000 | e:   0.100000 | Q: 130.014236 | won: True 
#  169 | steps: 40831 | steps_t: 69200 | t: 2537.233851 | r:  2330.000000 | e:   0.100000 | Q: 129.626129 | won: True 
#  170 | steps: 41049 | steps_t: 69364 | t: 2550.659052 | r:  -360.000000 | e:   0.100000 | Q: 143.913986 | won: False 
#  171 | steps: 41269 | steps_t: 69528 | t: 2563.514379 | r:  -190.000000 | e:   0.100000 | Q: 156.031006 | won: False 
#  172 | steps: 41438 | steps_t: 69655 | t: 2574.717469 | r:   280.000000 | e:   0.100000 | Q: 162.876602 | won: False 
#  173 | steps: 41728 | steps_t: 69891 | t: 2596.243375 | r:  -550.000000 | e:   0.100000 | Q: 172.763992 | won: False 
#  174 | steps: 41944 | steps_t: 70052 | t: 2608.434539 | r:  -270.000000 | e:   0.100000 | Q: 154.973099 | won: False 
#  175 | steps: 42114 | steps_t: 70177 | t: 2616.981409 | r:   320.000000 | e:   0.100000 | Q: 136.611221 | won: False 
#  176 | steps: 42415 | steps_t: 70433 | t: 2636.767506 | r:   670.000000 | e:   0.100000 | Q: 133.152100 | won: False 
#  177 | steps: 42634 | steps_t: 70602 | t: 2648.878737 | r:  -710.000000 | e:   0.100000 | Q: 142.109772 | won: False 
#  178 | steps: 42905 | steps_t: 70818 | t: 2665.313710 | r:  -410.000000 | e:   0.100000 | Q: 145.154297 | won: False 
#  179 | steps: 43120 | steps_t: 70983 | t: 2680.260080 | r:  -470.000000 | e:   0.100000 | Q: 137.605957 | won: False 
#  180 | steps: 43292 | steps_t: 71114 | t: 2693.582690 | r:   110.000000 | e:   0.100000 | Q: 138.183121 | won: False 
#  181 | steps: 43593 | steps_t: 71360 | t: 2714.115567 | r:  2490.000000 | e:   0.100000 | Q: 139.547684 | won: True 
#  182 | steps: 43875 | steps_t: 71597 | t: 2733.971012 | r:   250.000000 | e:   0.100000 | Q: 119.440414 | won: False 
#  183 | steps: 44176 | steps_t: 71847 | t: 2754.754145 | r:  3480.000000 | e:   0.100000 | Q: 138.538727 | won: True 
#  184 | steps: 44424 | steps_t: 72039 | t: 2768.870127 | r:  -140.000000 | e:   0.100000 | Q: 167.663635 | won: False 
#  185 | steps: 44725 | steps_t: 72284 | t: 2788.633393 | r:  3030.000000 | e:   0.100000 | Q: 167.604034 | won: True 
#  186 | steps: 45026 | steps_t: 72543 | t: 2808.788098 | r:  3860.000000 | e:   0.100000 | Q: 158.282379 | won: True 
#  187 | steps: 45327 | steps_t: 72789 | t: 2828.050887 | r:  3730.000000 | e:   0.100000 | Q: 138.594055 | won: True 
#  188 | steps: 45625 | steps_t: 73045 | t: 2851.861878 | r:   740.000000 | e:   0.100000 | Q: 127.572769 | won: False 
#  189 | steps: 45843 | steps_t: 73207 | t: 2865.229979 | r:  -130.000000 | e:   0.100000 | Q: 134.302322 | won: False 
#  190 | steps: 46060 | steps_t: 73373 | t: 2877.693602 | r:  -510.000000 | e:   0.100000 | Q: 135.858887 | won: False 
#  191 | steps: 46241 | steps_t: 73513 | t: 2899.716772 | r:   380.000000 | e:   0.100000 | Q: 137.305038 | won: False 
#  192 | steps: 46409 | steps_t: 73636 | t: 2916.488004 | r:  -330.000000 | e:   0.100000 | Q: 146.961670 | won: False 
#  193 | steps: 46625 | steps_t: 73796 | t: 2938.774881 | r:   -30.000000 | e:   0.100000 | Q: 146.351624 | won: False 
