#    1 | steps:   216 | steps_t: 257188 | t: 10.805973 | r:   -40.000000 | e:   0.100000 | Q: 122.043427 | won: False 
#    2 | steps:   434 | steps_t: 257351 | t: 24.682891 | r:     0.000000 | e:   0.100000 | Q: 121.612961 | won: False 
#    3 | steps:   722 | steps_t: 257597 | t: 43.629362 | r:   700.000000 | e:   0.100000 | Q: 120.359306 | won: False 
#    4 | steps:  1023 | steps_t: 257842 | t: 63.561100 | r:  2950.000000 | e:   0.100000 | Q: 118.615425 | won: True 
#    5 | steps:  1238 | steps_t: 258006 | t: 77.244491 | r:  -310.000000 | e:   0.100000 | Q: 117.788582 | won: False 
#    6 | steps:  1539 | steps_t: 258257 | t: 96.486763 | r:  2020.000000 | e:   0.100000 | Q: 118.202576 | won: True 
#    7 | steps:  1755 | steps_t: 258418 | t: 109.752806 | r:   -70.000000 | e:   0.100000 | Q: 118.061371 | won: False 
#    8 | steps:  2017 | steps_t: 258639 | t: 128.031287 | r:   820.000000 | e:   0.100000 | Q: 117.793495 | won: False 
#    9 | steps:  2189 | steps_t: 258770 | t: 138.071868 | r:   170.000000 | e:   0.100000 | Q: 118.081108 | won: False 
#   10 | steps:  2405 | steps_t: 258930 | t: 150.165140 | r:   -80.000000 | e:   0.100000 | Q: 118.940979 | won: False 
#   11 | steps:  2706 | steps_t: 259176 | t: 170.025723 | r:  3110.000000 | e:   0.100000 | Q: 118.898643 | won: True 
#   12 | steps:  2922 | steps_t: 259337 | t: 182.628479 | r:  -190.000000 | e:   0.100000 | Q: 117.907227 | won: False 
#   13 | steps:  3092 | steps_t: 259465 | t: 191.492787 | r:   280.000000 | e:   0.100000 | Q: 117.666756 | won: False 
#   14 | steps:  3310 | steps_t: 259627 | t: 204.501542 | r:  -160.000000 | e:   0.100000 | Q: 117.318245 | won: False 
#   15 | steps:  3478 | steps_t: 259754 | t: 214.013277 | r:    90.000000 | e:   0.100000 | Q: 116.203659 | won: False 
#   16 | steps:  3650 | steps_t: 259884 | t: 223.535881 | r:   240.000000 | e:   0.100000 | Q: 116.179825 | won: False 
#   17 | steps:  3951 | steps_t: 260144 | t: 244.901821 | r:  3740.000000 | e:   0.100000 | Q: 115.739792 | won: True 
#   18 | steps:  4166 | steps_t: 260309 | t: 257.590000 | r:  -100.000000 | e:   0.100000 | Q: 114.897316 | won: False 
#   19 | steps:  4338 | steps_t: 260436 | t: 267.386018 | r:   360.000000 | e:   0.100000 | Q: 114.514839 | won: False 
#   20 | steps:  4506 | steps_t: 260559 | t: 276.412234 | r:   120.000000 | e:   0.100000 | Q: 114.878746 | won: False 
#   21 | steps:  4807 | steps_t: 260818 | t: 296.945413 | r:  2710.000000 | e:   0.100000 | Q: 114.637085 | won: True 
#   22 | steps:  5079 | steps_t: 261035 | t: 313.461161 | r:    90.000000 | e:   0.100000 | Q: 113.699257 | won: False 
#   23 | steps:  5374 | steps_t: 261280 | t: 331.857023 | r:    30.000000 | e:   0.100000 | Q: 113.940750 | won: False 
#   24 | steps:  5546 | steps_t: 261410 | t: 341.969625 | r:  -710.000000 | e:   0.100000 | Q: 113.929863 | won: False 
#   25 | steps:  5718 | steps_t: 261541 | t: 352.031571 | r:   190.000000 | e:   0.100000 | Q: 113.280006 | won: False 
#   26 | steps:  6019 | steps_t: 261786 | t: 373.003992 | r:  2840.000000 | e:   0.100000 | Q: 113.316597 | won: True 
#   27 | steps:  6187 | steps_t: 261912 | t: 382.129170 | r:  -540.000000 | e:   0.100000 | Q: 111.591438 | won: False 
#   28 | steps:  6404 | steps_t: 262079 | t: 395.177049 | r:  -760.000000 | e:   0.100000 | Q: 111.376389 | won: False 
#   29 | steps:  6620 | steps_t: 262245 | t: 408.059488 | r: -1370.000000 | e:   0.100000 | Q: 111.196938 | won: False 
#   30 | steps:  6921 | steps_t: 262496 | t: 428.723420 | r:  3040.000000 | e:   0.100000 | Q: 110.179810 | won: True 
#   31 | steps:  7091 | steps_t: 262625 | t: 438.016823 | r:   170.000000 | e:   0.100000 | Q: 108.983437 | won: False 
#   32 | steps:  7259 | steps_t: 262751 | t: 446.775426 | r:   130.000000 | e:   0.100000 | Q: 108.770103 | won: False 
#   33 | steps:  7475 | steps_t: 262913 | t: 459.009167 | r:  -140.000000 | e:   0.100000 | Q: 108.557304 | won: False 
#   34 | steps:  7691 | steps_t: 263073 | t: 472.406716 | r:  -100.000000 | e:   0.100000 | Q: 108.223061 | won: False 
#   35 | steps:  7909 | steps_t: 263241 | t: 487.750802 | r:    40.000000 | e:   0.100000 | Q: 107.493210 | won: False 
#   36 | steps:  8210 | steps_t: 263487 | t: 509.565112 | r:  3280.000000 | e:   0.100000 | Q: 107.556007 | won: True 
#   37 | steps:  8508 | steps_t: 263735 | t: 529.799615 | r:   270.000000 | e:   0.100000 | Q: 107.326469 | won: False 
#   38 | steps:  8723 | steps_t: 263899 | t: 541.632903 | r:  -230.000000 | e:   0.100000 | Q: 107.253555 | won: False 
#   39 | steps:  8891 | steps_t: 264026 | t: 550.416442 | r:   130.000000 | e:   0.100000 | Q: 107.477676 | won: False 
#   40 | steps:  9061 | steps_t: 264155 | t: 559.520931 | r:   100.000000 | e:   0.100000 | Q: 107.638092 | won: False 
#   41 | steps:  9362 | steps_t: 264400 | t: 579.908271 | r:  3260.000000 | e:   0.100000 | Q: 107.662659 | won: True 
#   42 | steps:  9602 | steps_t: 264584 | t: 595.206426 | r:   -10.000000 | e:   0.100000 | Q: 107.336563 | won: False 
#   43 | steps:  9770 | steps_t: 264710 | t: 605.708690 | r:   240.000000 | e:   0.100000 | Q: 107.091743 | won: False 
#   44 | steps:  9985 | steps_t: 264874 | t: 620.375331 | r:  -150.000000 | e:   0.100000 | Q: 107.059387 | won: False 
#   45 | steps: 10286 | steps_t: 265124 | t: 640.562785 | r:  2190.000000 | e:   0.100000 | Q: 106.900780 | won: True 
#   46 | steps: 10456 | steps_t: 265249 | t: 650.263201 | r:    50.000000 | e:   0.100000 | Q: 106.235046 | won: False 
#   47 | steps: 10757 | steps_t: 265499 | t: 669.362125 | r:  2040.000000 | e:   0.100000 | Q: 105.698212 | won: True 
#   48 | steps: 11058 | steps_t: 265755 | t: 687.892000 | r:  3860.000000 | e:   0.100000 | Q: 105.174370 | won: True 
#   49 | steps: 11273 | steps_t: 265920 | t: 699.480127 | r:  -200.000000 | e:   0.100000 | Q: 104.190094 | won: False 
#   50 | steps: 11441 | steps_t: 266047 | t: 708.582594 | r:    10.000000 | e:   0.100000 | Q: 104.410667 | won: False 
#   51 | steps: 11742 | steps_t: 266297 | t: 728.408413 | r:  2900.000000 | e:   0.100000 | Q: 104.032013 | won: True 
#   52 | steps: 11910 | steps_t: 266424 | t: 737.494213 | r:    50.000000 | e:   0.100000 | Q: 103.408165 | won: False 
#   53 | steps: 12149 | steps_t: 266612 | t: 752.305544 | r:   250.000000 | e:   0.100000 | Q: 103.103355 | won: False 
#   54 | steps: 12365 | steps_t: 266774 | t: 764.427443 | r:  -200.000000 | e:   0.100000 | Q: 102.496574 | won: False 
#   55 | steps: 12537 | steps_t: 266901 | t: 774.318713 | r:   130.000000 | e:   0.100000 | Q: 101.797470 | won: False 
#   56 | steps: 12752 | steps_t: 267066 | t: 787.616655 | r:  -290.000000 | e:   0.100000 | Q: 101.746773 | won: False 
#   57 | steps: 12924 | steps_t: 267193 | t: 796.601233 | r:   400.000000 | e:   0.100000 | Q: 101.771973 | won: False 
#   58 | steps: 13185 | steps_t: 267403 | t: 813.978338 | r:   -80.000000 | e:   0.100000 | Q: 101.403290 | won: False 
#   59 | steps: 13486 | steps_t: 267653 | t: 833.642054 | r:  2710.000000 | e:   0.100000 | Q: 101.416351 | won: True 
#   60 | steps: 13654 | steps_t: 267779 | t: 843.113835 | r:   170.000000 | e:   0.100000 | Q: 101.458366 | won: False 
#   61 | steps: 13870 | steps_t: 267944 | t: 857.512990 | r:  -200.000000 | e:   0.100000 | Q: 101.627266 | won: False 
#   62 | steps: 14128 | steps_t: 268157 | t: 874.305990 | r:   860.000000 | e:   0.100000 | Q: 101.912437 | won: False 
#   63 | steps: 14296 | steps_t: 268283 | t: 882.984833 | r:   -30.000000 | e:   0.100000 | Q: 101.925652 | won: False 
#   64 | steps: 14516 | steps_t: 268448 | t: 896.510180 | r:   -70.000000 | e:   0.100000 | Q: 101.601830 | won: False 
#   65 | steps: 14684 | steps_t: 268574 | t: 905.132051 | r:   320.000000 | e:   0.100000 | Q: 100.948433 | won: False 
#   66 | steps: 14905 | steps_t: 268754 | t: 917.530499 | r:   380.000000 | e:   0.100000 | Q: 100.182594 | won: False 
#   67 | steps: 15123 | steps_t: 268916 | t: 931.595583 | r:  -130.000000 | e:   0.100000 | Q: 100.268257 | won: False 
#   68 | steps: 15424 | steps_t: 269162 | t: 953.290170 | r:  3250.000000 | e:   0.100000 | Q: 100.236305 | won: True 
#   69 | steps: 15592 | steps_t: 269285 | t: 962.884752 | r:    90.000000 | e:   0.100000 | Q:  99.723259 | won: False 
#   70 | steps: 15807 | steps_t: 269449 | t: 977.555980 | r:   -70.000000 | e:   0.100000 | Q:  99.130379 | won: False 
#   71 | steps: 16026 | steps_t: 269617 | t: 991.857364 | r:   -20.000000 | e:   0.100000 | Q:  98.551086 | won: False 
#   72 | steps: 16327 | steps_t: 269867 | t: 1011.269376 | r:  2590.000000 | e:   0.100000 | Q:  97.755470 | won: True 
#   73 | steps: 16496 | steps_t: 269994 | t: 1021.953570 | r:   380.000000 | e:   0.100000 | Q:  96.901825 | won: False 
#   74 | steps: 16716 | steps_t: 270158 | t: 1034.014735 | r:   -50.000000 | e:   0.100000 | Q:  96.836113 | won: False 
#   75 | steps: 16888 | steps_t: 270289 | t: 1044.303057 | r:   220.000000 | e:   0.100000 | Q:  96.744148 | won: False 
#   76 | steps: 17058 | steps_t: 270417 | t: 1053.076699 | r:   440.000000 | e:   0.100000 | Q:  97.156593 | won: False 
#   77 | steps: 17226 | steps_t: 270543 | t: 1062.578325 | r:   110.000000 | e:   0.100000 | Q:  97.523811 | won: False 
#   78 | steps: 17527 | steps_t: 270803 | t: 1083.879007 | r:  3860.000000 | e:   0.100000 | Q:  97.471558 | won: True 
#   79 | steps: 17743 | steps_t: 270964 | t: 1096.443504 | r:   -70.000000 | e:   0.100000 | Q:  97.217636 | won: False 
#   80 | steps: 17960 | steps_t: 271130 | t: 1109.680917 | r:  -170.000000 | e:   0.100000 | Q:  96.994614 | won: False 
#   81 | steps: 18180 | steps_t: 271294 | t: 1122.837284 | r:   -80.000000 | e:   0.100000 | Q:  96.999252 | won: False 
#   82 | steps: 18350 | steps_t: 271423 | t: 1131.606119 | r:   320.000000 | e:   0.100000 | Q:  96.329254 | won: False 
#   83 | steps: 18518 | steps_t: 271550 | t: 1140.208186 | r:   340.000000 | e:   0.100000 | Q:  95.977715 | won: False 
#   84 | steps: 18688 | steps_t: 271675 | t: 1149.718817 | r:   130.000000 | e:   0.100000 | Q:  95.775703 | won: False 
#   85 | steps: 18989 | steps_t: 271921 | t: 1167.597736 | r:  1990.000000 | e:   0.100000 | Q:  95.289116 | won: True 
#   86 | steps: 19205 | steps_t: 272081 | t: 1180.142280 | r:   -80.000000 | e:   0.100000 | Q:  94.686096 | won: False 
#   87 | steps: 19425 | steps_t: 272245 | t: 1193.647159 | r:   -40.000000 | e:   0.100000 | Q:  94.415154 | won: False 
#   88 | steps: 19593 | steps_t: 272372 | t: 1203.022519 | r:   380.000000 | e:   0.100000 | Q:  93.564041 | won: False 
#   89 | steps: 19894 | steps_t: 272623 | t: 1224.659373 | r:  2010.000000 | e:   0.100000 | Q:  93.170807 | won: True 
#   90 | steps: 20195 | steps_t: 272873 | t: 1245.121070 | r:  2760.000000 | e:   0.100000 | Q:  92.041977 | won: True 
#   91 | steps: 20368 | steps_t: 273001 | t: 1255.153256 | r:   300.000000 | e:   0.100000 | Q:  92.729858 | won: False 
#   92 | steps: 20536 | steps_t: 273128 | t: 1263.716323 | r:   380.000000 | e:   0.100000 | Q:  93.042603 | won: False 
#   93 | steps: 20708 | steps_t: 273259 | t: 1273.867152 | r:   220.000000 | e:   0.100000 | Q:  93.087051 | won: False 
#   94 | steps: 20876 | steps_t: 273385 | t: 1284.021740 | r:   320.000000 | e:   0.100000 | Q:  92.863075 | won: False 
#   95 | steps: 21044 | steps_t: 273512 | t: 1293.852490 | r:   240.000000 | e:   0.100000 | Q:  92.653809 | won: False 
#   96 | steps: 21212 | steps_t: 273639 | t: 1302.797560 | r:   380.000000 | e:   0.100000 | Q:  92.559181 | won: False 
#   97 | steps: 21513 | steps_t: 273895 | t: 1324.564577 | r:  3740.000000 | e:   0.100000 | Q:  92.053345 | won: True 
#   98 | steps: 21773 | steps_t: 274114 | t: 1343.439407 | r:   550.000000 | e:   0.100000 | Q:  91.764114 | won: False 
#   99 | steps: 21945 | steps_t: 274244 | t: 1354.311437 | r:   240.000000 | e:   0.100000 | Q:  91.827995 | won: False 
#  100 | steps: 22161 | steps_t: 274404 | t: 1366.410619 | r:  -100.000000 | e:   0.100000 | Q:  91.692230 | won: False 
#  101 | steps: 22462 | steps_t: 274650 | t: 1385.632437 | r:  3290.000000 | e:   0.100000 | Q:  91.684845 | won: True 
#  102 | steps: 22632 | steps_t: 274778 | t: 1395.012683 | r:   380.000000 | e:   0.100000 | Q:  91.341324 | won: False 
#  103 | steps: 22850 | steps_t: 274942 | t: 1406.933465 | r:  -120.000000 | e:   0.100000 | Q:  91.635635 | won: False 
#  104 | steps: 23118 | steps_t: 275156 | t: 1425.699011 | r:   120.000000 | e:   0.100000 | Q:  91.549843 | won: False 
#  105 | steps: 23419 | steps_t: 275407 | t: 1446.523006 | r:  2780.000000 | e:   0.100000 | Q:  90.782303 | won: True 
#  106 | steps: 23720 | steps_t: 275666 | t: 1469.665805 | r:  4020.000000 | e:   0.100000 | Q:  89.537186 | won: True 
#  107 | steps: 23892 | steps_t: 275793 | t: 1480.638889 | r:  -610.000000 | e:   0.100000 | Q:  89.244415 | won: False 
#  108 | steps: 24185 | steps_t: 276030 | t: 1499.256014 | r:   210.000000 | e:   0.100000 | Q:  89.263016 | won: False 
#  109 | steps: 24486 | steps_t: 276280 | t: 1518.821967 | r:  3590.000000 | e:   0.100000 | Q:  89.374420 | won: True 
#  110 | steps: 24787 | steps_t: 276531 | t: 1536.846862 | r:  2600.000000 | e:   0.100000 | Q:  89.235619 | won: True 
#  111 | steps: 25003 | steps_t: 276692 | t: 1549.270781 | r:   -60.000000 | e:   0.100000 | Q:  88.596428 | won: False 
#  112 | steps: 25220 | steps_t: 276859 | t: 1561.900687 | r:  -160.000000 | e:   0.100000 | Q:  89.308517 | won: False 
#  113 | steps: 25521 | steps_t: 277106 | t: 1583.056684 | r:  2690.000000 | e:   0.100000 | Q:  89.509094 | won: True 
#  114 | steps: 25737 | steps_t: 277267 | t: 1598.887577 | r:  -110.000000 | e:   0.100000 | Q:  89.319160 | won: False 
#  115 | steps: 25909 | steps_t: 277397 | t: 1609.079472 | r:   280.000000 | e:   0.100000 | Q:  89.505287 | won: False 
#  116 | steps: 26210 | steps_t: 277644 | t: 1628.704692 | r:   690.000000 | e:   0.100000 | Q:  89.576454 | won: False 
#  117 | steps: 26511 | steps_t: 277895 | t: 1645.876626 | r:  2010.000000 | e:   0.100000 | Q:  90.149101 | won: True 
#  118 | steps: 26782 | steps_t: 278116 | t: 1662.491246 | r:  -150.000000 | e:   0.100000 | Q:  89.772423 | won: False 
#  119 | steps: 27049 | steps_t: 278338 | t: 1678.465126 | r:   630.000000 | e:   0.100000 | Q:  89.314499 | won: False 
#  120 | steps: 27268 | steps_t: 278506 | t: 1692.546955 | r:  -110.000000 | e:   0.100000 | Q:  89.003380 | won: False 
#  121 | steps: 27436 | steps_t: 278629 | t: 1701.737141 | r:   240.000000 | e:   0.100000 | Q:  88.772949 | won: False 
#  122 | steps: 27737 | steps_t: 278888 | t: 1724.138230 | r:  4060.000000 | e:   0.100000 | Q:  88.809288 | won: True 
#  123 | steps: 28009 | steps_t: 279115 | t: 1741.311448 | r:   800.000000 | e:   0.100000 | Q:  88.285324 | won: False 
#  124 | steps: 28310 | steps_t: 279360 | t: 1761.831248 | r:  2850.000000 | e:   0.100000 | Q:  88.209595 | won: True 
#  125 | steps: 28525 | steps_t: 279524 | t: 1774.601211 | r:  -120.000000 | e:   0.100000 | Q:  88.056831 | won: False 
#  126 | steps: 28826 | steps_t: 279775 | t: 1794.925180 | r:  2050.000000 | e:   0.100000 | Q:  87.909630 | won: True 
#  127 | steps: 28994 | steps_t: 279902 | t: 1804.318352 | r:    50.000000 | e:   0.100000 | Q:  87.441071 | won: False 
#  128 | steps: 29210 | steps_t: 280062 | t: 1817.452930 | r:  -150.000000 | e:   0.100000 | Q:  87.349808 | won: False 
#  129 | steps: 29505 | steps_t: 280306 | t: 1837.877241 | r:   130.000000 | e:   0.100000 | Q:  87.236214 | won: False 
#  130 | steps: 29806 | steps_t: 280566 | t: 1856.684947 | r:  3980.000000 | e:   0.100000 | Q:  86.816437 | won: True 
#  131 | steps: 30087 | steps_t: 280793 | t: 1874.398243 | r:   -70.000000 | e:   0.100000 | Q:  87.005615 | won: False 
#  132 | steps: 30363 | steps_t: 281019 | t: 1890.485872 | r:   -60.000000 | e:   0.100000 | Q:  87.253166 | won: False 
#  133 | steps: 30664 | steps_t: 281270 | t: 1910.656237 | r:  2050.000000 | e:   0.100000 | Q:  87.367569 | won: True 
#  134 | steps: 30832 | steps_t: 281396 | t: 1921.663515 | r:  -130.000000 | e:   0.100000 | Q:  87.560509 | won: False 
#  135 | steps: 31002 | steps_t: 281524 | t: 1931.874459 | r:   110.000000 | e:   0.100000 | Q:  88.098488 | won: False 
#  136 | steps: 31303 | steps_t: 281771 | t: 1952.027061 | r:  2080.000000 | e:   0.100000 | Q:  88.356842 | won: True 
#  137 | steps: 31523 | steps_t: 281937 | t: 1963.885984 | r:   -40.000000 | e:   0.100000 | Q:  88.227974 | won: False 
#  138 | steps: 31691 | steps_t: 282063 | t: 1974.343230 | r:   170.000000 | e:   0.100000 | Q:  88.177574 | won: False 
#  139 | steps: 31859 | steps_t: 282190 | t: 1982.941505 | r:   260.000000 | e:   0.100000 | Q:  88.556946 | won: False 
#  140 | steps: 32075 | steps_t: 282351 | t: 1994.852231 | r:  -170.000000 | e:   0.100000 | Q:  89.000000 | won: False 
#  141 | steps: 32291 | steps_t: 282511 | t: 2007.222783 | r:   -60.000000 | e:   0.100000 | Q:  88.805107 | won: False 
#  142 | steps: 32463 | steps_t: 282642 | t: 2016.564596 | r:   130.000000 | e:   0.100000 | Q:  89.206757 | won: False 
#  143 | steps: 32633 | steps_t: 282767 | t: 2027.214226 | r:   110.000000 | e:   0.100000 | Q:  88.846756 | won: False 
#  144 | steps: 32934 | steps_t: 283014 | t: 2048.274203 | r:  3220.000000 | e:   0.100000 | Q:  88.302216 | won: True 
#  145 | steps: 33154 | steps_t: 283178 | t: 2061.878462 | r:   -90.000000 | e:   0.100000 | Q:  88.352989 | won: False 
#  146 | steps: 33455 | steps_t: 283425 | t: 2083.494531 | r:  3200.000000 | e:   0.100000 | Q:  88.366417 | won: True 
#  147 | steps: 33676 | steps_t: 283590 | t: 2096.602426 | r:   -40.000000 | e:   0.100000 | Q:  88.698997 | won: False 
#  148 | steps: 33846 | steps_t: 283719 | t: 2107.905792 | r:   190.000000 | e:   0.100000 | Q:  88.561783 | won: False 
#  149 | steps: 34107 | steps_t: 283935 | t: 2123.762665 | r:   840.000000 | e:   0.100000 | Q:  88.415794 | won: False 
#  150 | steps: 34324 | steps_t: 284102 | t: 2137.128225 | r:  -100.000000 | e:   0.100000 | Q:  88.230659 | won: False 
#  151 | steps: 34492 | steps_t: 284225 | t: 2147.250226 | r:    50.000000 | e:   0.100000 | Q:  88.085487 | won: False 
#  152 | steps: 34712 | steps_t: 284391 | t: 2161.025983 | r:  -150.000000 | e:   0.100000 | Q:  88.290154 | won: False 
#  153 | steps: 34928 | steps_t: 284552 | t: 2173.752855 | r:  -100.000000 | e:   0.100000 | Q:  88.355141 | won: False 
#  154 | steps: 35146 | steps_t: 284716 | t: 2187.814691 | r:   -50.000000 | e:   0.100000 | Q:  87.920303 | won: False 
#  155 | steps: 35447 | steps_t: 284966 | t: 2206.912584 | r:  1950.000000 | e:   0.100000 | Q:  88.050812 | won: True 
#  156 | steps: 35615 | steps_t: 285092 | t: 2215.666704 | r:   280.000000 | e:   0.100000 | Q:  87.969612 | won: False 
#  157 | steps: 35834 | steps_t: 285261 | t: 2229.392329 | r:    80.000000 | e:   0.100000 | Q:  88.160400 | won: False 
#  158 | steps: 36006 | steps_t: 285391 | t: 2239.092693 | r:   170.000000 | e:   0.100000 | Q:  88.334030 | won: False 
#  159 | steps: 36295 | steps_t: 285630 | t: 2259.530802 | r:   -70.000000 | e:   0.100000 | Q:  88.720833 | won: False 
#  160 | steps: 36463 | steps_t: 285756 | t: 2268.494517 | r:    10.000000 | e:   0.100000 | Q:  88.770157 | won: False 
#  161 | steps: 36677 | steps_t: 285920 | t: 2282.304408 | r:   -90.000000 | e:   0.100000 | Q:  88.509262 | won: False 
#  162 | steps: 36894 | steps_t: 286086 | t: 2298.120968 | r:  -120.000000 | e:   0.100000 | Q:  88.232666 | won: False 
#  163 | steps: 37195 | steps_t: 286337 | t: 2321.928760 | r:  2480.000000 | e:   0.100000 | Q:  88.187531 | won: True 
#  164 | steps: 37458 | steps_t: 286550 | t: 2338.011718 | r:  -140.000000 | e:   0.100000 | Q:  87.339661 | won: False 
#  165 | steps: 37759 | steps_t: 286809 | t: 2359.111151 | r:  3940.000000 | e:   0.100000 | Q:  86.767311 | won: True 
#  166 | steps: 38060 | steps_t: 287054 | t: 2377.336569 | r:  1350.000000 | e:   0.100000 | Q:  86.637642 | won: True 
#  167 | steps: 38337 | steps_t: 287277 | t: 2393.954054 | r:   120.000000 | e:   0.100000 | Q:  86.378204 | won: False 
#  168 | steps: 38553 | steps_t: 287437 | t: 2406.765141 | r:  -130.000000 | e:   0.100000 | Q:  86.435379 | won: False 
#  169 | steps: 38773 | steps_t: 287603 | t: 2422.286580 | r:    20.000000 | e:   0.100000 | Q:  86.566292 | won: False 
#  170 | steps: 38988 | steps_t: 287768 | t: 2436.404129 | r:  -300.000000 | e:   0.100000 | Q:  86.350471 | won: False 
#  171 | steps: 39258 | steps_t: 287983 | t: 2453.962399 | r:  -100.000000 | e:   0.100000 | Q:  85.808044 | won: False 
#  172 | steps: 39475 | steps_t: 288149 | t: 2467.040103 | r:  -890.000000 | e:   0.100000 | Q:  85.660576 | won: False 
#  173 | steps: 39776 | steps_t: 288408 | t: 2486.806611 | r:  3720.000000 | e:   0.100000 | Q:  85.541260 | won: True 
#  174 | steps: 39944 | steps_t: 288534 | t: 2495.828835 | r:   -30.000000 | e:   0.100000 | Q:  84.668762 | won: False 
#  175 | steps: 40112 | steps_t: 288657 | t: 2504.672707 | r:   110.000000 | e:   0.100000 | Q:  85.032974 | won: False 
#  176 | steps: 40377 | steps_t: 288867 | t: 2521.318531 | r:   100.000000 | e:   0.100000 | Q:  85.198524 | won: False 
#  177 | steps: 40547 | steps_t: 288996 | t: 2531.866098 | r:   260.000000 | e:   0.100000 | Q:  84.621071 | won: False 
#  178 | steps: 40763 | steps_t: 289157 | t: 2545.946875 | r:  -720.000000 | e:   0.100000 | Q:  84.314896 | won: False 
#  179 | steps: 40983 | steps_t: 289323 | t: 2560.297127 | r:   -80.000000 | e:   0.100000 | Q:  84.228134 | won: False 
#  180 | steps: 41245 | steps_t: 289534 | t: 2576.260072 | r:   180.000000 | e:   0.100000 | Q:  84.356392 | won: False 
#  181 | steps: 41462 | steps_t: 289700 | t: 2591.274502 | r:  -130.000000 | e:   0.100000 | Q:  83.708679 | won: False 
#  182 | steps: 41680 | steps_t: 289863 | t: 2603.783961 | r:   -60.000000 | e:   0.100000 | Q:  83.514877 | won: False 
#  183 | steps: 41981 | steps_t: 290122 | t: 2621.746311 | r:  3980.000000 | e:   0.100000 | Q:  83.932480 | won: True 
#  184 | steps: 42153 | steps_t: 290253 | t: 2631.108595 | r:   380.000000 | e:   0.100000 | Q:  84.031586 | won: False 
#  185 | steps: 42454 | steps_t: 290509 | t: 2653.153411 | r:  3600.000000 | e:   0.100000 | Q:  83.453293 | won: True 
#  186 | steps: 42624 | steps_t: 290634 | t: 2662.487657 | r:   130.000000 | e:   0.100000 | Q:  83.040405 | won: False 
#  187 | steps: 42925 | steps_t: 290884 | t: 2685.652750 | r:   590.000000 | e:   0.100000 | Q:  82.641808 | won: False 
#  188 | steps: 43203 | steps_t: 291106 | t: 2702.701791 | r:    70.000000 | e:   0.100000 | Q:  82.385475 | won: False 
#  189 | steps: 43504 | steps_t: 291356 | t: 2720.570784 | r:  3450.000000 | e:   0.100000 | Q:  82.456650 | won: True 
#  190 | steps: 43720 | steps_t: 291517 | t: 2732.431151 | r:   -60.000000 | e:   0.100000 | Q:  82.051643 | won: False 
#  191 | steps: 43940 | steps_t: 291682 | t: 2756.527065 | r:  -100.000000 | e:   0.100000 | Q:  81.913826 | won: False 
