#    1 | steps:   216 | steps_t: 36590 | t: 10.782590 | r: -11900.000000 | e:   0.268200 | Q: -254.557373 | won: False 
#    2 | steps:   434 | steps_t: 36757 | t: 25.099295 | r: -10380.000000 | e:   0.264860 | Q: -451.741211 | won: False 
#    3 | steps:   604 | steps_t: 36882 | t: 35.188908 | r: -11100.000000 | e:   0.262360 | Q: -637.504456 | won: False 
#    4 | steps:   772 | steps_t: 37008 | t: 44.704775 | r: -8440.000000 | e:   0.259840 | Q: -845.781433 | won: False 
#    5 | steps:   940 | steps_t: 37135 | t: 54.753576 | r: -6800.000000 | e:   0.257300 | Q:  -5.710310 | won: False 
#    6 | steps:  1158 | steps_t: 37299 | t: 68.314213 | r: -9680.000000 | e:   0.254020 | Q: -486.452271 | won: False 
#    7 | steps:  1374 | steps_t: 37460 | t: 81.110826 | r: -12540.000000 | e:   0.250800 | Q: -561.807068 | won: False 
#    8 | steps:  1675 | steps_t: 37716 | t: 101.820091 | r: -12280.000000 | e:   0.245680 | Q: -244.807541 | won: True 
#    9 | steps:  1976 | steps_t: 37967 | t: 121.688101 | r: -8380.000000 | e:   0.240660 | Q: -266.027466 | won: True 
#   10 | steps:  2277 | steps_t: 38223 | t: 141.125187 | r: -12960.000000 | e:   0.235540 | Q: -120.458496 | won: True 
#   11 | steps:  2578 | steps_t: 38479 | t: 162.785691 | r: -13480.000000 | e:   0.230420 | Q: -202.157257 | won: True 
#   12 | steps:  2794 | steps_t: 38644 | t: 174.629721 | r: -13640.000000 | e:   0.227120 | Q: -571.003174 | won: False 
#   13 | steps:  3010 | steps_t: 38805 | t: 186.728683 | r: -13100.000000 | e:   0.223900 | Q: -530.511414 | won: False 
#   14 | steps:  3182 | steps_t: 38936 | t: 196.134188 | r: -12740.000000 | e:   0.221280 | Q: -529.308716 | won: False 
#   15 | steps:  3401 | steps_t: 39105 | t: 209.357358 | r: -10540.000000 | e:   0.217900 | Q: -247.464218 | won: False 
#   16 | steps:  3702 | steps_t: 39364 | t: 228.171207 | r: -15760.000000 | e:   0.212720 | Q: -287.068817 | won: True 
#   17 | steps:  3960 | steps_t: 39577 | t: 243.275552 | r: -24160.000000 | e:   0.208460 | Q: -351.409576 | won: False 
#   18 | steps:  4130 | steps_t: 39705 | t: 252.574612 | r: -9440.000000 | e:   0.205900 | Q: -548.448730 | won: False 
#   19 | steps:  4431 | steps_t: 39961 | t: 273.364490 | r: -14880.000000 | e:   0.200780 | Q: -323.990997 | won: True 
#   20 | steps:  4599 | steps_t: 40087 | t: 282.666798 | r: -4960.000000 | e:   0.198260 | Q: -201.391708 | won: False 
#   21 | steps:  4771 | steps_t: 40214 | t: 292.518578 | r: -7220.000000 | e:   0.195720 | Q: -350.358948 | won: False 
#   22 | steps:  4987 | steps_t: 40375 | t: 304.535070 | r: -13460.000000 | e:   0.192500 | Q: -172.680908 | won: False 
#   23 | steps:  5288 | steps_t: 40631 | t: 324.263504 | r: -15680.000000 | e:   0.187380 | Q: -186.823471 | won: True 
#   24 | steps:  5589 | steps_t: 40891 | t: 343.743637 | r: -15420.000000 | e:   0.182180 | Q: -319.456940 | won: True 
#   25 | steps:  5806 | steps_t: 41058 | t: 356.456778 | r: -10700.000000 | e:   0.178840 | Q: -104.082710 | won: False 
#   26 | steps:  6030 | steps_t: 41228 | t: 369.942641 | r: -12600.000000 | e:   0.175440 | Q: -326.383972 | won: False 
#   27 | steps:  6261 | steps_t: 41408 | t: 385.272787 | r: -13280.000000 | e:   0.171840 | Q: -539.243652 | won: False 
#   28 | steps:  6562 | steps_t: 41659 | t: 407.132025 | r: -18160.000000 | e:   0.166820 | Q: -214.765945 | won: False 
#   29 | steps:  6780 | steps_t: 41822 | t: 419.495096 | r: -10800.000000 | e:   0.163560 | Q: -229.872345 | won: False 
#   30 | steps:  7081 | steps_t: 42072 | t: 439.117702 | r: -14820.000000 | e:   0.158560 | Q: -530.232788 | won: True 
#   31 | steps:  7342 | steps_t: 42291 | t: 456.276577 | r: -22100.000000 | e:   0.154180 | Q: -344.813843 | won: False 
#   32 | steps:  7565 | steps_t: 42458 | t: 468.856748 | r: -12940.000000 | e:   0.150840 | Q: -253.134705 | won: False 
#   33 | steps:  7827 | steps_t: 42670 | t: 485.086763 | r: -10020.000000 | e:   0.146600 | Q: -439.326324 | won: False 
#   34 | steps:  8128 | steps_t: 42916 | t: 506.379919 | r: -19220.000000 | e:   0.141680 | Q: -66.998344 | won: True 
#   35 | steps:  8343 | steps_t: 43080 | t: 519.816251 | r: -11460.000000 | e:   0.138400 | Q: -151.237442 | won: False 
#   36 | steps:  8644 | steps_t: 43330 | t: 541.050495 | r: -15380.000000 | e:   0.133400 | Q: -338.251495 | won: True 
#   37 | steps:  8936 | steps_t: 43581 | t: 560.195377 | r: -19500.000000 | e:   0.128380 | Q: -538.035217 | won: True 
#   38 | steps:  9108 | steps_t: 43712 | t: 569.464752 | r: -8680.000000 | e:   0.125760 | Q: -624.080688 | won: False 
#   39 | steps:  9328 | steps_t: 43876 | t: 581.820257 | r: -7700.000000 | e:   0.122480 | Q: -457.429749 | won: False 
#   40 | steps:  9629 | steps_t: 44136 | t: 601.392624 | r: -17020.000000 | e:   0.117280 | Q: -425.566315 | won: True 
#   41 | steps:  9930 | steps_t: 44392 | t: 620.729350 | r: -15340.000000 | e:   0.112160 | Q: -317.383789 | won: True 
#   42 | steps: 10148 | steps_t: 44556 | t: 634.210546 | r: -28720.000000 | e:   0.108880 | Q: -806.449890 | won: False 
#   43 | steps: 10364 | steps_t: 44716 | t: 647.556049 | r: -13520.000000 | e:   0.105680 | Q: -755.906555 | won: False 
#   44 | steps: 10596 | steps_t: 44892 | t: 661.348633 | r: -12380.000000 | e:   0.102160 | Q: -430.043152 | won: False 
#   45 | steps: 10897 | steps_t: 45142 | t: 680.850139 | r: -11160.000000 | e:   0.100000 | Q: -477.302429 | won: True 
#   46 | steps: 11115 | steps_t: 45304 | t: 693.902057 | r: -13780.000000 | e:   0.100000 | Q: -396.662933 | won: False 
#   47 | steps: 11416 | steps_t: 45563 | t: 714.775026 | r: -18760.000000 | e:   0.100000 | Q: -400.399353 | won: True 
#   48 | steps: 11631 | steps_t: 45727 | t: 727.773658 | r: -13240.000000 | e:   0.100000 | Q: -340.936981 | won: False 
#   49 | steps: 11888 | steps_t: 45942 | t: 744.611361 | r: -21960.000000 | e:   0.100000 | Q: -293.641907 | won: False 
#   50 | steps: 12105 | steps_t: 46108 | t: 758.031436 | r: -11600.000000 | e:   0.100000 | Q: -478.443359 | won: False 
#   51 | steps: 12324 | steps_t: 46276 | t: 774.064148 | r: -20600.000000 | e:   0.100000 | Q: -719.198364 | won: False 
#   52 | steps: 12539 | steps_t: 46440 | t: 787.067805 | r: -11560.000000 | e:   0.100000 | Q: -355.033325 | won: False 
#   53 | steps: 12840 | steps_t: 46696 | t: 806.442354 | r: -23400.000000 | e:   0.100000 | Q: -322.459473 | won: True 
#   54 | steps: 13059 | steps_t: 46864 | t: 820.092521 | r: -12440.000000 | e:   0.100000 | Q: -602.926392 | won: False 
#   55 | steps: 13275 | steps_t: 47026 | t: 832.529417 | r: -12300.000000 | e:   0.100000 | Q: -268.539490 | won: False 
#   56 | steps: 13490 | steps_t: 47190 | t: 846.376868 | r: -12020.000000 | e:   0.100000 | Q: -346.421234 | won: False 
#   57 | steps: 13658 | steps_t: 47317 | t: 856.236924 | r: -5880.000000 | e:   0.100000 | Q: -448.832214 | won: False 
#   58 | steps: 13888 | steps_t: 47492 | t: 871.476223 | r: -13880.000000 | e:   0.100000 | Q: -599.915588 | won: False 
#   59 | steps: 14104 | steps_t: 47658 | t: 886.795832 | r: -12700.000000 | e:   0.100000 | Q: -287.156250 | won: False 
#   60 | steps: 14405 | steps_t: 47918 | t: 906.791180 | r: -18380.000000 | e:   0.100000 | Q: -129.528595 | won: True 
#   61 | steps: 14663 | steps_t: 48122 | t: 922.258002 | r: -13500.000000 | e:   0.100000 | Q: -147.189621 | won: False 
#   62 | steps: 14964 | steps_t: 48372 | t: 943.745713 | r: -13220.000000 | e:   0.100000 | Q: -411.813751 | won: True 
#   63 | steps: 15136 | steps_t: 48502 | t: 954.095380 | r: -9200.000000 | e:   0.100000 | Q: -267.240326 | won: False 
#   64 | steps: 15437 | steps_t: 48748 | t: 975.248520 | r: -20680.000000 | e:   0.100000 | Q: -505.328247 | won: True 
#   65 | steps: 15738 | steps_t: 48995 | t: 997.426114 | r: -15040.000000 | e:   0.100000 | Q: -387.467041 | won: True 
#   66 | steps: 15958 | steps_t: 49160 | t: 1011.489670 | r: -13700.000000 | e:   0.100000 | Q: -626.881470 | won: False 
#   67 | steps: 16259 | steps_t: 49407 | t: 1034.681045 | r: -12660.000000 | e:   0.100000 | Q: -459.366791 | won: True 
#   68 | steps: 16479 | steps_t: 49571 | t: 1047.605140 | r: -12140.000000 | e:   0.100000 | Q: -412.299500 | won: False 
#   69 | steps: 16697 | steps_t: 49735 | t: 1060.528406 | r: -13460.000000 | e:   0.100000 | Q: -481.596527 | won: False 
#   70 | steps: 16913 | steps_t: 49895 | t: 1073.135933 | r: -10140.000000 | e:   0.100000 | Q: -317.778931 | won: False 
#   71 | steps: 17128 | steps_t: 50059 | t: 1087.072641 | r: -13100.000000 | e:   0.100000 | Q: -520.572449 | won: False 
#   72 | steps: 17429 | steps_t: 50315 | t: 1108.899361 | r: -20220.000000 | e:   0.100000 | Q: -376.376770 | won: False 
#   73 | steps: 17661 | steps_t: 50497 | t: 1124.095801 | r: -12940.000000 | e:   0.100000 | Q: -387.276215 | won: False 
#   74 | steps: 17962 | steps_t: 50756 | t: 1146.773508 | r: -10200.000000 | e:   0.100000 | Q: -450.645660 | won: True 
#   75 | steps: 18263 | steps_t: 51003 | t: 1169.831047 | r: -17360.000000 | e:   0.100000 | Q: -640.269775 | won: True 
#   76 | steps: 18564 | steps_t: 51254 | t: 1187.912686 | r: -13120.000000 | e:   0.100000 | Q: -315.792969 | won: True 
#   77 | steps: 18843 | steps_t: 51482 | t: 1205.603802 | r: -10680.000000 | e:   0.100000 | Q: -471.223053 | won: False 
#   78 | steps: 19144 | steps_t: 51728 | t: 1226.349074 | r: -12640.000000 | e:   0.100000 | Q: -585.260864 | won: True 
#   79 | steps: 19360 | steps_t: 51890 | t: 1238.862061 | r: -14840.000000 | e:   0.100000 | Q: -224.206116 | won: False 
#   80 | steps: 19661 | steps_t: 52140 | t: 1260.153388 | r: -12660.000000 | e:   0.100000 | Q: -393.789246 | won: True 
#   81 | steps: 19878 | steps_t: 52306 | t: 1274.012889 | r: -14340.000000 | e:   0.100000 | Q: -498.905334 | won: False 
#   82 | steps: 20141 | steps_t: 52519 | t: 1293.437134 | r: -13980.000000 | e:   0.100000 | Q: -517.568481 | won: False 
#   83 | steps: 20442 | steps_t: 52769 | t: 1313.780118 | r: -15840.000000 | e:   0.100000 | Q: -585.370239 | won: True 
#   84 | steps: 20743 | steps_t: 53025 | t: 1334.652962 | r: -17500.000000 | e:   0.100000 | Q: -251.010010 | won: True 
#   85 | steps: 20958 | steps_t: 53190 | t: 1347.746579 | r: -11580.000000 | e:   0.100000 | Q: -447.225891 | won: False 
#   86 | steps: 21177 | steps_t: 53358 | t: 1360.181509 | r: -14280.000000 | e:   0.100000 | Q: -404.952362 | won: False 
#   87 | steps: 21392 | steps_t: 53522 | t: 1373.124964 | r: -18900.000000 | e:   0.100000 | Q: -697.302124 | won: False 
#   88 | steps: 21693 | steps_t: 53782 | t: 1393.481659 | r: -16820.000000 | e:   0.100000 | Q: -317.975342 | won: True 
#   89 | steps: 21865 | steps_t: 53909 | t: 1404.566440 | r: -9500.000000 | e:   0.100000 | Q: -394.729431 | won: False 
#   90 | steps: 22131 | steps_t: 54124 | t: 1424.639276 | r: -14580.000000 | e:   0.100000 | Q: -340.671722 | won: False 
#   91 | steps: 22347 | steps_t: 54284 | t: 1436.038899 | r: -12620.000000 | e:   0.100000 | Q: -655.907532 | won: False 
#   92 | steps: 22566 | steps_t: 54453 | t: 1448.694421 | r: -14080.000000 | e:   0.100000 | Q: -578.612610 | won: False 
#   93 | steps: 22784 | steps_t: 54617 | t: 1460.867931 | r: -9940.000000 | e:   0.100000 | Q: -329.369995 | won: False 
#   94 | steps: 23008 | steps_t: 54790 | t: 1475.558560 | r: -13560.000000 | e:   0.100000 | Q: -465.797577 | won: False 
#   95 | steps: 23176 | steps_t: 54913 | t: 1485.156868 | r: -16020.000000 | e:   0.100000 | Q: -559.496277 | won: False 
#   96 | steps: 23394 | steps_t: 55077 | t: 1499.046352 | r: -14460.000000 | e:   0.100000 | Q: -646.000916 | won: False 
#   97 | steps: 23695 | steps_t: 55322 | t: 1519.911868 | r: -13680.000000 | e:   0.100000 | Q:  -2.529016 | won: True 
#   98 | steps: 23910 | steps_t: 55487 | t: 1533.972896 | r: -12060.000000 | e:   0.100000 | Q: -568.139832 | won: False 
#   99 | steps: 24211 | steps_t: 55743 | t: 1556.355842 | r: -19560.000000 | e:   0.100000 | Q: -320.374634 | won: True 
#  100 | steps: 24512 | steps_t: 55994 | t: 1577.698254 | r: -14620.000000 | e:   0.100000 | Q: -349.611389 | won: True 
#  101 | steps: 24813 | steps_t: 56250 | t: 1597.109640 | r: -15820.000000 | e:   0.100000 | Q: -436.004517 | won: True 
#  102 | steps: 25114 | steps_t: 56506 | t: 1617.504864 | r: -16700.000000 | e:   0.100000 | Q: -370.880096 | won: True 
#  103 | steps: 25415 | steps_t: 56751 | t: 1637.822826 | r: -12620.000000 | e:   0.100000 | Q: -194.351212 | won: True 
#  104 | steps: 25631 | steps_t: 56912 | t: 1651.206764 | r: -8860.000000 | e:   0.100000 | Q: -436.780945 | won: False 
#  105 | steps: 25932 | steps_t: 57162 | t: 1671.820103 | r: -16120.000000 | e:   0.100000 | Q: -352.468628 | won: True 
#  106 | steps: 26100 | steps_t: 57289 | t: 1682.388714 | r: -6960.000000 | e:   0.100000 | Q: -724.139282 | won: False 
#  107 | steps: 26320 | steps_t: 57453 | t: 1695.407613 | r: -12940.000000 | e:   0.100000 | Q: -413.621002 | won: False 
#  108 | steps: 26536 | steps_t: 57614 | t: 1707.493937 | r: -13080.000000 | e:   0.100000 | Q: -379.146118 | won: False 
#  109 | steps: 26752 | steps_t: 57775 | t: 1719.337499 | r: -8020.000000 | e:   0.100000 | Q: -87.570648 | won: False 
#  110 | steps: 26971 | steps_t: 57944 | t: 1733.108778 | r: -13960.000000 | e:   0.100000 | Q: -377.711700 | won: False 
#  111 | steps: 27187 | steps_t: 58104 | t: 1746.626703 | r: -14200.000000 | e:   0.100000 | Q: -175.566025 | won: False 
#  112 | steps: 27359 | steps_t: 58231 | t: 1756.070579 | r: -8600.000000 | e:   0.100000 | Q: -633.374573 | won: False 
#  113 | steps: 27660 | steps_t: 58481 | t: 1777.934594 | r: -17560.000000 | e:   0.100000 | Q: -355.296600 | won: True 
#  114 | steps: 27828 | steps_t: 58604 | t: 1788.415473 | r: -11060.000000 | e:   0.100000 | Q: -515.736938 | won: False 
#  115 | steps: 27996 | steps_t: 58730 | t: 1800.074645 | r: -4100.000000 | e:   0.100000 | Q: -480.446350 | won: False 
#  116 | steps: 28214 | steps_t: 58892 | t: 1813.877721 | r: -13080.000000 | e:   0.100000 | Q: -448.761902 | won: False 
#  117 | steps: 28434 | steps_t: 59057 | t: 1826.933018 | r: -18720.000000 | e:   0.100000 | Q: -325.002594 | won: False 
#  118 | steps: 28735 | steps_t: 59313 | t: 1846.284570 | r: -18740.000000 | e:   0.100000 | Q: -493.152802 | won: True 
#  119 | steps: 29036 | steps_t: 59572 | t: 1870.838138 | r: -14860.000000 | e:   0.100000 | Q: -261.271423 | won: True 
#  120 | steps: 29204 | steps_t: 59698 | t: 1880.699382 | r: -10640.000000 | e:   0.100000 | Q: -319.206696 | won: False 
#  121 | steps: 29376 | steps_t: 59828 | t: 1890.887071 | r: -10620.000000 | e:   0.100000 | Q: -344.668945 | won: False 
#  122 | steps: 29594 | steps_t: 59990 | t: 1904.647952 | r: -13980.000000 | e:   0.100000 | Q: -366.948456 | won: False 
#  123 | steps: 29858 | steps_t: 60209 | t: 1923.009261 | r: -16540.000000 | e:   0.100000 | Q: -363.337738 | won: False 
#  124 | steps: 30100 | steps_t: 60395 | t: 1939.898925 | r: -12880.000000 | e:   0.100000 | Q: -411.151611 | won: False 
#  125 | steps: 30401 | steps_t: 60645 | t: 1960.875449 | r: -17200.000000 | e:   0.100000 | Q: -300.068176 | won: True 
#  126 | steps: 30618 | steps_t: 60812 | t: 1974.751599 | r: -10620.000000 | e:   0.100000 | Q: -485.749908 | won: False 
#  127 | steps: 30893 | steps_t: 61045 | t: 1994.998591 | r: -16320.000000 | e:   0.100000 | Q: -300.051910 | won: False 
#  128 | steps: 31194 | steps_t: 61292 | t: 2016.136985 | r: -20140.000000 | e:   0.100000 | Q: -394.435028 | won: True 
#  129 | steps: 31459 | steps_t: 61502 | t: 2033.320306 | r: -15460.000000 | e:   0.100000 | Q: -690.866699 | won: False 
#  130 | steps: 31760 | steps_t: 61752 | t: 2054.801778 | r: -18220.000000 | e:   0.100000 | Q: -467.341431 | won: True 
#  131 | steps: 31928 | steps_t: 61878 | t: 2066.653994 | r: -5640.000000 | e:   0.100000 | Q: -467.506165 | won: False 
#  132 | steps: 32229 | steps_t: 62134 | t: 2086.405780 | r: -17280.000000 | e:   0.100000 | Q: -289.910492 | won: True 
#  133 | steps: 32530 | steps_t: 62390 | t: 2105.661933 | r: -17360.000000 | e:   0.100000 | Q: -263.015930 | won: True 
#  134 | steps: 32745 | steps_t: 62554 | t: 2119.030297 | r: -17660.000000 | e:   0.100000 | Q: -601.970459 | won: False 
#  135 | steps: 32964 | steps_t: 62719 | t: 2135.120691 | r: -14940.000000 | e:   0.100000 | Q: -636.161438 | won: False 
#  136 | steps: 33184 | steps_t: 62883 | t: 2148.912747 | r: -13380.000000 | e:   0.100000 | Q: -177.160339 | won: False 
#  137 | steps: 33403 | steps_t: 63052 | t: 2163.672416 | r: -12340.000000 | e:   0.100000 | Q: -137.615875 | won: False 
#  138 | steps: 33623 | steps_t: 63218 | t: 2178.055150 | r: -12900.000000 | e:   0.100000 | Q: -425.810181 | won: False 
#  139 | steps: 33838 | steps_t: 63382 | t: 2193.382263 | r: -13700.000000 | e:   0.100000 | Q: -262.642883 | won: False 
#  140 | steps: 34139 | steps_t: 63628 | t: 2215.041776 | r: -13900.000000 | e:   0.100000 | Q: -146.240387 | won: True 
#  141 | steps: 34440 | steps_t: 63874 | t: 2235.920035 | r: -15400.000000 | e:   0.100000 | Q: -459.813080 | won: True 
#  142 | steps: 34741 | steps_t: 64121 | t: 2255.793653 | r: -13040.000000 | e:   0.100000 | Q: -151.710281 | won: True 
#  143 | steps: 35042 | steps_t: 64371 | t: 2276.784096 | r: -15740.000000 | e:   0.100000 | Q: -356.213593 | won: True 
#  144 | steps: 35258 | steps_t: 64533 | t: 2292.841795 | r: -13080.000000 | e:   0.100000 | Q: -66.431808 | won: False 
#  145 | steps: 35559 | steps_t: 64783 | t: 2315.884132 | r: -12100.000000 | e:   0.100000 | Q: -449.589386 | won: True 
#  146 | steps: 35857 | steps_t: 65027 | t: 2338.598218 | r: -20600.000000 | e:   0.100000 | Q: -500.444336 | won: False 
#  147 | steps: 36158 | steps_t: 65287 | t: 2359.052342 | r: -16300.000000 | e:   0.100000 | Q: -120.298058 | won: True 
#  148 | steps: 36459 | steps_t: 65546 | t: 2381.221257 | r: -9240.000000 | e:   0.100000 | Q: -60.872055 | won: True 
#  149 | steps: 36679 | steps_t: 65710 | t: 2393.737777 | r: -13300.000000 | e:   0.100000 | Q: -608.416809 | won: False 
#  150 | steps: 36943 | steps_t: 65923 | t: 2412.583857 | r: -16060.000000 | e:   0.100000 | Q: -196.533981 | won: False 
#  151 | steps: 37161 | steps_t: 66085 | t: 2426.271472 | r: -12240.000000 | e:   0.100000 | Q: -325.390411 | won: False 
#  152 | steps: 37399 | steps_t: 66267 | t: 2441.288540 | r: -14240.000000 | e:   0.100000 | Q: -430.888794 | won: False 
#  153 | steps: 37657 | steps_t: 66475 | t: 2463.001035 | r: -20080.000000 | e:   0.100000 | Q: -548.269165 | won: False 
#  154 | steps: 37926 | steps_t: 66699 | t: 2481.163625 | r: -16420.000000 | e:   0.100000 | Q: -517.918884 | won: False 
#  155 | steps: 38143 | steps_t: 66866 | t: 2494.111576 | r: -13640.000000 | e:   0.100000 | Q: -318.772583 | won: False 
#  156 | steps: 38312 | steps_t: 66993 | t: 2503.747487 | r: -9040.000000 | e:   0.100000 | Q: -499.487488 | won: False 
#  157 | steps: 38532 | steps_t: 67158 | t: 2518.196733 | r: -12700.000000 | e:   0.100000 | Q: -362.270142 | won: False 
#  158 | steps: 38833 | steps_t: 67405 | t: 2539.810698 | r: -16440.000000 | e:   0.100000 | Q: -243.887741 | won: True 
#  159 | steps: 39094 | steps_t: 67611 | t: 2558.178595 | r: -15640.000000 | e:   0.100000 | Q: -328.342133 | won: False 
#  160 | steps: 39310 | steps_t: 67772 | t: 2571.592708 | r: -14100.000000 | e:   0.100000 | Q: -688.970154 | won: False 
#  161 | steps: 39527 | steps_t: 67938 | t: 2587.085292 | r: -17780.000000 | e:   0.100000 | Q: -378.668121 | won: False 
#  162 | steps: 39743 | steps_t: 68099 | t: 2603.503121 | r: -15020.000000 | e:   0.100000 | Q: -133.857895 | won: False 
#  163 | steps: 39911 | steps_t: 68226 | t: 2613.783296 | r: -10600.000000 | e:   0.100000 | Q: -329.730804 | won: False 
#  164 | steps: 40212 | steps_t: 68486 | t: 2634.088128 | r: -15440.000000 | e:   0.100000 | Q: -430.044647 | won: True 
#  165 | steps: 40476 | steps_t: 68694 | t: 2653.503879 | r: -16640.000000 | e:   0.100000 | Q: -352.198059 | won: False 
#  166 | steps: 40694 | steps_t: 68856 | t: 2665.961749 | r: -11360.000000 | e:   0.100000 | Q: -556.484558 | won: False 
#  167 | steps: 40913 | steps_t: 69025 | t: 2679.899980 | r: -13740.000000 | e:   0.100000 | Q: -332.291382 | won: False 
#  168 | steps: 41141 | steps_t: 69198 | t: 2694.124002 | r: -10920.000000 | e:   0.100000 | Q: -550.376709 | won: False 
#  169 | steps: 41412 | steps_t: 69427 | t: 2714.012202 | r: -25460.000000 | e:   0.100000 | Q: -465.084900 | won: False 
#  170 | steps: 41687 | steps_t: 69648 | t: 2734.595659 | r: -15400.000000 | e:   0.100000 | Q: -316.179810 | won: False 
#  171 | steps: 41902 | steps_t: 69813 | t: 2747.960606 | r: -13780.000000 | e:   0.100000 | Q: -440.350372 | won: False 
#  172 | steps: 42117 | steps_t: 69977 | t: 2760.565794 | r: -13560.000000 | e:   0.100000 | Q: -521.272339 | won: False 
#  173 | steps: 42332 | steps_t: 70142 | t: 2773.152410 | r: -13000.000000 | e:   0.100000 | Q: -373.782654 | won: False 
#  174 | steps: 42552 | steps_t: 70306 | t: 2786.272166 | r: -14980.000000 | e:   0.100000 | Q: -598.387939 | won: False 
#  175 | steps: 42853 | steps_t: 70566 | t: 2807.155230 | r: -15700.000000 | e:   0.100000 | Q: -364.763306 | won: True 
#  176 | steps: 43069 | steps_t: 70728 | t: 2823.835352 | r: -17580.000000 | e:   0.100000 | Q: -549.475952 | won: False 
#  177 | steps: 43326 | steps_t: 70940 | t: 2841.315601 | r: -23200.000000 | e:   0.100000 | Q: -139.109802 | won: False 
#  178 | steps: 43580 | steps_t: 71149 | t: 2860.199327 | r: -16360.000000 | e:   0.100000 | Q: -421.227631 | won: False 
#  179 | steps: 43881 | steps_t: 71409 | t: 2881.328384 | r: -13260.000000 | e:   0.100000 | Q: -336.076843 | won: True 
#  180 | steps: 44182 | steps_t: 71669 | t: 2902.583122 | r: -19080.000000 | e:   0.100000 | Q: -438.650635 | won: True 
#  181 | steps: 44402 | steps_t: 71835 | t: 2915.824281 | r: -13700.000000 | e:   0.100000 | Q: -440.826233 | won: False 
#  182 | steps: 44666 | steps_t: 72048 | t: 2934.682268 | r: -13640.000000 | e:   0.100000 | Q: -279.542969 | won: False 
#  183 | steps: 44885 | steps_t: 72217 | t: 2948.041449 | r: -21780.000000 | e:   0.100000 | Q: -265.582672 | won: False 
#  184 | steps: 45105 | steps_t: 72383 | t: 2962.323032 | r: -14820.000000 | e:   0.100000 | Q: -700.032959 | won: False 
#  185 | steps: 45406 | steps_t: 72643 | t: 2984.474704 | r: -17620.000000 | e:   0.100000 | Q: -437.874573 | won: True 
#  186 | steps: 45707 | steps_t: 72903 | t: 3006.690476 | r: -15980.000000 | e:   0.100000 | Q: -369.212769 | won: True 
#  187 | steps: 45953 | steps_t: 73108 | t: 3025.336972 | r: -9880.000000 | e:   0.100000 | Q: -314.964844 | won: False 
#  188 | steps: 46123 | steps_t: 73237 | t: 3035.407115 | r: -10040.000000 | e:   0.100000 | Q: -495.452301 | won: False 
#  189 | steps: 46424 | steps_t: 73487 | t: 3056.826562 | r: -15740.000000 | e:   0.100000 | Q: -120.412201 | won: False 
#  190 | steps: 46639 | steps_t: 73651 | t: 3070.317876 | r: -12580.000000 | e:   0.100000 | Q: -734.823792 | won: False 
#  191 | steps: 46807 | steps_t: 73774 | t: 3088.908822 | r: -5040.000000 | e:   0.100000 | Q: -640.515991 | won: False 
#  192 | steps: 47108 | steps_t: 74033 | t: 3127.832384 | r: -15300.000000 | e:   0.100000 | Q: -433.828979 | won: True 
#  193 | steps: 47280 | steps_t: 74160 | t: 3147.593887 | r: -4520.000000 | e:   0.100000 | Q: -737.407959 | won: False 
#  194 | steps: 47500 | steps_t: 74326 | t: 3171.163596 | r: -9940.000000 | e:   0.100000 | Q: -342.237091 | won: False 
#  195 | steps: 47718 | steps_t: 74488 | t: 3194.692226 | r: -14600.000000 | e:   0.100000 | Q: -632.932312 | won: False 
#  196 | steps: 48019 | steps_t: 74733 | t: 3228.771403 | r: -15180.000000 | e:   0.100000 | Q: -459.131409 | won: True 
