#    1 | steps:   301 | steps_t: 73573 | t: 16.070748 | r:  3330.000000 | e:   0.100000 | Q: 129.975830 | won: True 
#    2 | steps:   580 | steps_t: 73802 | t: 32.148234 | r: -1470.000000 | e:   0.100000 | Q: 262.332855 | won: False 
#    3 | steps:   800 | steps_t: 73968 | t: 46.030779 | r:  -310.000000 | e:   0.100000 | Q: 228.124069 | won: False 
#    4 | steps:  1015 | steps_t: 74132 | t: 59.275609 | r: -1290.000000 | e:   0.100000 | Q: 188.510956 | won: False 
#    5 | steps:  1234 | steps_t: 74300 | t: 71.042867 | r:  -330.000000 | e:   0.100000 | Q: 190.940811 | won: False 
#    6 | steps:  1404 | steps_t: 74429 | t: 80.398628 | r:  -110.000000 | e:   0.100000 | Q: 160.807465 | won: False 
#    7 | steps:  1705 | steps_t: 74679 | t: 99.214065 | r:   800.000000 | e:   0.100000 | Q: 131.825928 | won: True 
#    8 | steps:  1925 | steps_t: 74845 | t: 111.974050 | r:  -160.000000 | e:   0.100000 | Q:  98.440720 | won: False 
#    9 | steps:  2141 | steps_t: 75005 | t: 125.779857 | r:   -40.000000 | e:   0.100000 | Q: 100.521904 | won: False 
#   10 | steps:  2357 | steps_t: 75166 | t: 137.644250 | r:   -80.000000 | e:   0.100000 | Q: 110.448837 | won: False 
#   11 | steps:  2658 | steps_t: 75412 | t: 156.020132 | r:  2830.000000 | e:   0.100000 | Q: 111.484489 | won: True 
#   12 | steps:  2933 | steps_t: 75637 | t: 172.572904 | r:  -280.000000 | e:   0.100000 | Q:  78.786110 | won: False 
#   13 | steps:  3150 | steps_t: 75804 | t: 184.773571 | r:  -350.000000 | e:   0.100000 | Q:  85.114258 | won: False 
#   14 | steps:  3318 | steps_t: 75931 | t: 194.035152 | r:   180.000000 | e:   0.100000 | Q:  89.482002 | won: False 
#   15 | steps:  3535 | steps_t: 76097 | t: 206.273597 | r: -1140.000000 | e:   0.100000 | Q:  87.412422 | won: False 
#   16 | steps:  3836 | steps_t: 76353 | t: 227.285638 | r:  2630.000000 | e:   0.100000 | Q:  78.148026 | won: True 
#   17 | steps:  4006 | steps_t: 76481 | t: 237.419886 | r:   300.000000 | e:   0.100000 | Q:  66.638199 | won: False 
#   18 | steps:  4289 | steps_t: 76722 | t: 255.318223 | r:   840.000000 | e:   0.100000 | Q:  72.753860 | won: False 
#   19 | steps:  4509 | steps_t: 76886 | t: 267.104000 | r:   -30.000000 | e:   0.100000 | Q:  78.133690 | won: False 
#   20 | steps:  4685 | steps_t: 77021 | t: 276.105332 | r:   240.000000 | e:   0.100000 | Q:  84.596184 | won: False 
#   21 | steps:  4855 | steps_t: 77149 | t: 285.098024 | r:    50.000000 | e:   0.100000 | Q:  73.313560 | won: False 
#   22 | steps:  5023 | steps_t: 77272 | t: 293.803457 | r:   110.000000 | e:   0.100000 | Q:  68.369156 | won: False 
#   23 | steps:  5324 | steps_t: 77522 | t: 312.556051 | r:  2320.000000 | e:   0.100000 | Q:  63.027130 | won: True 
#   24 | steps:  5590 | steps_t: 77737 | t: 328.836266 | r:  -130.000000 | e:   0.100000 | Q:  74.179604 | won: False 
#   25 | steps:  5758 | steps_t: 77864 | t: 338.115835 | r:   400.000000 | e:   0.100000 | Q:  76.176682 | won: False 
#   26 | steps:  5974 | steps_t: 78024 | t: 350.996024 | r:  -750.000000 | e:   0.100000 | Q:  79.625374 | won: False 
#   27 | steps:  6275 | steps_t: 78274 | t: 370.574144 | r:  2030.000000 | e:   0.100000 | Q:  71.942116 | won: True 
#   28 | steps:  6491 | steps_t: 78435 | t: 382.978665 | r:  -510.000000 | e:   0.100000 | Q:  66.182961 | won: False 
#   29 | steps:  6792 | steps_t: 78681 | t: 400.743712 | r:  2730.000000 | e:   0.100000 | Q:  75.318787 | won: True 
#   30 | steps:  7007 | steps_t: 78846 | t: 412.827076 | r: -1000.000000 | e:   0.100000 | Q:  74.040588 | won: False 
#   31 | steps:  7177 | steps_t: 78975 | t: 421.511208 | r:   300.000000 | e:   0.100000 | Q:  77.481491 | won: False 
#   32 | steps:  7478 | steps_t: 79231 | t: 439.061146 | r:  3560.000000 | e:   0.100000 | Q:  92.094177 | won: True 
#   33 | steps:  7696 | steps_t: 79393 | t: 451.846510 | r:   -30.000000 | e:   0.100000 | Q:  89.724457 | won: False 
#   34 | steps:  7997 | steps_t: 79653 | t: 471.361967 | r:  3980.000000 | e:   0.100000 | Q:  86.276535 | won: True 
#   35 | steps:  8215 | steps_t: 79815 | t: 484.415497 | r:   -60.000000 | e:   0.100000 | Q:  98.228851 | won: False 
#   36 | steps:  8431 | steps_t: 79975 | t: 496.893946 | r:  -200.000000 | e:   0.100000 | Q: 101.512199 | won: False 
#   37 | steps:  8732 | steps_t: 80231 | t: 515.119334 | r:  3020.000000 | e:   0.100000 | Q: 105.764839 | won: True 
#   38 | steps:  9033 | steps_t: 80490 | t: 535.231268 | r:  3670.000000 | e:   0.100000 | Q: 105.297546 | won: True 
#   39 | steps:  9249 | steps_t: 80650 | t: 548.454691 | r:   -40.000000 | e:   0.100000 | Q: 101.165802 | won: False 
#   40 | steps:  9419 | steps_t: 80779 | t: 557.666073 | r:    70.000000 | e:   0.100000 | Q:  85.871994 | won: False 
#   41 | steps:  9720 | steps_t: 81039 | t: 575.746751 | r:  3700.000000 | e:   0.100000 | Q: 105.013069 | won: True 
#   42 | steps:  9939 | steps_t: 81207 | t: 589.707554 | r:  -680.000000 | e:   0.100000 | Q: 104.563683 | won: False 
#   43 | steps: 10158 | steps_t: 81376 | t: 603.878268 | r:  -450.000000 | e:   0.100000 | Q: 114.665192 | won: False 
#   44 | steps: 10326 | steps_t: 81502 | t: 612.957761 | r:    90.000000 | e:   0.100000 | Q: 115.011002 | won: False 
#   45 | steps: 10541 | steps_t: 81667 | t: 624.481861 | r:    20.000000 | e:   0.100000 | Q: 121.225845 | won: False 
#   46 | steps: 10782 | steps_t: 81866 | t: 640.937603 | r:   250.000000 | e:   0.100000 | Q: 115.551025 | won: False 
#   47 | steps: 11083 | steps_t: 82112 | t: 660.419311 | r:  2320.000000 | e:   0.100000 | Q: 112.575035 | won: True 
#   48 | steps: 11384 | steps_t: 82359 | t: 680.461504 | r:   790.000000 | e:   0.100000 | Q: 105.739670 | won: False 
#   49 | steps: 11601 | steps_t: 82526 | t: 693.408749 | r: -1160.000000 | e:   0.100000 | Q: 101.338615 | won: False 
#   50 | steps: 11902 | steps_t: 82777 | t: 712.150792 | r:  2620.000000 | e:   0.100000 | Q:  98.390373 | won: True 
#   51 | steps: 12203 | steps_t: 83023 | t: 732.653423 | r:  2280.000000 | e:   0.100000 | Q: 108.255287 | won: True 
#   52 | steps: 12421 | steps_t: 83185 | t: 744.429134 | r:  -220.000000 | e:   0.100000 | Q: 108.090187 | won: False 
#   53 | steps: 12722 | steps_t: 83430 | t: 762.094490 | r:  3200.000000 | e:   0.100000 | Q: 116.193054 | won: True 
#   54 | steps: 12890 | steps_t: 83557 | t: 771.568228 | r:   210.000000 | e:   0.100000 | Q: 121.959106 | won: False 
#   55 | steps: 13191 | steps_t: 83803 | t: 789.772977 | r:  1780.000000 | e:   0.100000 | Q: 125.981926 | won: True 
#   56 | steps: 13411 | steps_t: 83969 | t: 802.097580 | r:  -450.000000 | e:   0.100000 | Q: 125.744766 | won: False 
#   57 | steps: 13680 | steps_t: 84197 | t: 819.902046 | r:    30.000000 | e:   0.100000 | Q: 114.868561 | won: False 
#   58 | steps: 13919 | steps_t: 84382 | t: 835.780729 | r:    90.000000 | e:   0.100000 | Q: 147.287201 | won: False 
#   59 | steps: 14154 | steps_t: 84567 | t: 849.148537 | r:  -750.000000 | e:   0.100000 | Q: 152.061096 | won: False 
#   60 | steps: 14326 | steps_t: 84698 | t: 857.760708 | r:   210.000000 | e:   0.100000 | Q: 132.660568 | won: False 
#   61 | steps: 14542 | steps_t: 84858 | t: 871.295125 | r:  -110.000000 | e:   0.100000 | Q: 131.110184 | won: False 
#   62 | steps: 14710 | steps_t: 84985 | t: 879.752741 | r:    90.000000 | e:   0.100000 | Q: 124.322693 | won: False 
#   63 | steps: 14925 | steps_t: 85150 | t: 891.383536 | r:  -270.000000 | e:   0.100000 | Q: 109.427742 | won: False 
#   64 | steps: 15143 | steps_t: 85314 | t: 904.060933 | r:  -130.000000 | e:   0.100000 | Q:  98.862389 | won: False 
#   65 | steps: 15444 | steps_t: 85565 | t: 924.121130 | r:  3160.000000 | e:   0.100000 | Q:  96.406120 | won: True 
#   66 | steps: 15660 | steps_t: 85725 | t: 936.498512 | r:   -30.000000 | e:   0.100000 | Q:  85.315178 | won: False 
#   67 | steps: 15877 | steps_t: 85892 | t: 949.794419 | r:  -130.000000 | e:   0.100000 | Q:  92.008453 | won: False 
#   68 | steps: 16096 | steps_t: 86060 | t: 962.565162 | r:  -630.000000 | e:   0.100000 | Q:  87.496117 | won: False 
#   69 | steps: 16268 | steps_t: 86187 | t: 971.810980 | r:     0.000000 | e:   0.100000 | Q:  93.349274 | won: False 
#   70 | steps: 16569 | steps_t: 86437 | t: 991.524953 | r:  2580.000000 | e:   0.100000 | Q: 101.604927 | won: True 
#   71 | steps: 16741 | steps_t: 86568 | t: 1003.041359 | r:  -190.000000 | e:   0.100000 | Q:  92.456726 | won: False 
#   72 | steps: 17042 | steps_t: 86814 | t: 1022.392285 | r:  2920.000000 | e:   0.100000 | Q:  94.272850 | won: True 
#   73 | steps: 17343 | steps_t: 87074 | t: 1041.654516 | r:  3820.000000 | e:   0.100000 | Q: 118.116669 | won: True 
#   74 | steps: 17562 | steps_t: 87243 | t: 1053.843590 | r:   -60.000000 | e:   0.100000 | Q: 133.933975 | won: False 
#   75 | steps: 17780 | steps_t: 87407 | t: 1066.778499 | r:   -30.000000 | e:   0.100000 | Q: 132.424652 | won: False 
#   76 | steps: 18081 | steps_t: 87652 | t: 1088.298871 | r:  2170.000000 | e:   0.100000 | Q: 132.550476 | won: True 
#   77 | steps: 18382 | steps_t: 87911 | t: 1107.347691 | r:  3600.000000 | e:   0.100000 | Q: 119.054161 | won: True 
#   78 | steps: 18683 | steps_t: 88162 | t: 1129.026116 | r:  3070.000000 | e:   0.100000 | Q: 125.248718 | won: True 
#   79 | steps: 18899 | steps_t: 88324 | t: 1140.844722 | r:  -260.000000 | e:   0.100000 | Q: 121.281418 | won: False 
#   80 | steps: 19175 | steps_t: 88559 | t: 1158.243161 | r:   920.000000 | e:   0.100000 | Q: 129.532089 | won: False 
#   81 | steps: 19476 | steps_t: 88809 | t: 1177.686510 | r:  2220.000000 | e:   0.100000 | Q: 128.759125 | won: True 
#   82 | steps: 19777 | steps_t: 89060 | t: 1198.188292 | r:  2070.000000 | e:   0.100000 | Q: 116.918068 | won: True 
#   83 | steps: 19945 | steps_t: 89183 | t: 1207.724638 | r:   200.000000 | e:   0.100000 | Q: 118.040031 | won: False 
#   84 | steps: 20115 | steps_t: 89311 | t: 1217.079795 | r:   -10.000000 | e:   0.100000 | Q: 120.002731 | won: False 
#   85 | steps: 20331 | steps_t: 89472 | t: 1228.744575 | r:  -100.000000 | e:   0.100000 | Q: 148.642303 | won: False 
#   86 | steps: 20499 | steps_t: 89599 | t: 1237.840869 | r:   240.000000 | e:   0.100000 | Q: 137.438217 | won: False 
#   87 | steps: 20742 | steps_t: 89792 | t: 1251.972547 | r:  -120.000000 | e:   0.100000 | Q: 143.569626 | won: False 
#   88 | steps: 21043 | steps_t: 90042 | t: 1271.810329 | r:  2580.000000 | e:   0.100000 | Q: 125.651115 | won: True 
#   89 | steps: 21344 | steps_t: 90293 | t: 1291.419120 | r:  3010.000000 | e:   0.100000 | Q: 107.384094 | won: True 
#   90 | steps: 21562 | steps_t: 90455 | t: 1302.782046 | r:   -40.000000 | e:   0.100000 | Q:  98.621323 | won: False 
#   91 | steps: 21863 | steps_t: 90711 | t: 1322.578069 | r:  3620.000000 | e:   0.100000 | Q: 115.679710 | won: True 
#   92 | steps: 22081 | steps_t: 90873 | t: 1335.278149 | r:  -140.000000 | e:   0.100000 | Q: 123.824074 | won: False 
#   93 | steps: 22374 | steps_t: 91115 | t: 1353.696471 | r:   -30.000000 | e:   0.100000 | Q: 135.427124 | won: False 
#   94 | steps: 22641 | steps_t: 91341 | t: 1369.509911 | r:   900.000000 | e:   0.100000 | Q: 114.792252 | won: False 
#   95 | steps: 22910 | steps_t: 91555 | t: 1386.355102 | r:   -50.000000 | e:   0.100000 | Q: 107.861313 | won: False 
#   96 | steps: 23211 | steps_t: 91811 | t: 1406.904927 | r:  1160.000000 | e:   0.100000 | Q: 120.226723 | won: False 
#   97 | steps: 23423 | steps_t: 91969 | t: 1419.900893 | r:  -120.000000 | e:   0.100000 | Q: 119.378746 | won: False 
#   98 | steps: 23724 | steps_t: 92219 | t: 1439.083558 | r:  3030.000000 | e:   0.100000 | Q: 110.652985 | won: True 
#   99 | steps: 23942 | steps_t: 92382 | t: 1453.233320 | r:  -110.000000 | e:   0.100000 | Q: 101.730652 | won: False 
#  100 | steps: 24162 | steps_t: 92547 | t: 1464.787721 | r:   -50.000000 | e:   0.100000 | Q: 116.717796 | won: False 
#  101 | steps: 24382 | steps_t: 92712 | t: 1477.317173 | r:   -60.000000 | e:   0.100000 | Q: 125.520821 | won: False 
#  102 | steps: 24561 | steps_t: 92849 | t: 1487.122914 | r:   300.000000 | e:   0.100000 | Q: 127.642960 | won: False 
#  103 | steps: 24729 | steps_t: 92975 | t: 1495.567203 | r:   110.000000 | e:   0.100000 | Q: 123.027824 | won: False 
#  104 | steps: 24895 | steps_t: 93099 | t: 1505.352076 | r:   360.000000 | e:   0.100000 | Q: 116.129395 | won: False 
#  105 | steps: 25110 | steps_t: 93264 | t: 1518.248969 | r:    20.000000 | e:   0.100000 | Q: 109.404465 | won: False 
#  106 | steps: 25388 | steps_t: 93501 | t: 1535.976095 | r:   900.000000 | e:   0.100000 | Q: 128.692581 | won: False 
#  107 | steps: 25603 | steps_t: 93666 | t: 1548.626013 | r:  -360.000000 | e:   0.100000 | Q: 120.440094 | won: False 
#  108 | steps: 25818 | steps_t: 93831 | t: 1562.445689 | r:  -130.000000 | e:   0.100000 | Q: 108.704315 | won: False 
#  109 | steps: 26034 | steps_t: 93993 | t: 1576.598623 | r:    20.000000 | e:   0.100000 | Q: 102.065781 | won: False 
#  110 | steps: 26246 | steps_t: 94151 | t: 1589.680795 | r:   -60.000000 | e:   0.100000 | Q: 100.677322 | won: False 
#  111 | steps: 26466 | steps_t: 94316 | t: 1603.169223 | r:  -170.000000 | e:   0.100000 | Q:  95.112473 | won: False 
#  112 | steps: 26636 | steps_t: 94444 | t: 1611.872927 | r:   110.000000 | e:   0.100000 | Q:  83.908440 | won: False 
#  113 | steps: 26804 | steps_t: 94571 | t: 1620.320638 | r:    30.000000 | e:   0.100000 | Q:  78.654541 | won: False 
#  114 | steps: 26976 | steps_t: 94698 | t: 1630.551533 | r:    70.000000 | e:   0.100000 | Q:  75.016396 | won: False 
#  115 | steps: 27144 | steps_t: 94824 | t: 1639.178701 | r:   320.000000 | e:   0.100000 | Q:  84.341728 | won: False 
#  116 | steps: 27362 | steps_t: 94987 | t: 1653.314810 | r:   -70.000000 | e:   0.100000 | Q:  95.437523 | won: False 
#  117 | steps: 27534 | steps_t: 95118 | t: 1664.234973 | r:   300.000000 | e:   0.100000 | Q:  95.192276 | won: False 
#  118 | steps: 27754 | steps_t: 95283 | t: 1677.206063 | r: -1160.000000 | e:   0.100000 | Q:  94.181679 | won: False 
#  119 | steps: 27972 | steps_t: 95446 | t: 1690.591503 | r:  -110.000000 | e:   0.100000 | Q:  90.653427 | won: False 
#  120 | steps: 28144 | steps_t: 95573 | t: 1699.735196 | r:   110.000000 | e:   0.100000 | Q:  96.814377 | won: False 
#  121 | steps: 28316 | steps_t: 95704 | t: 1709.811798 | r:  -310.000000 | e:   0.100000 | Q:  90.137726 | won: False 
#  122 | steps: 28534 | steps_t: 95868 | t: 1722.435616 | r:   -60.000000 | e:   0.100000 | Q:  86.667023 | won: False 
#  123 | steps: 28751 | steps_t: 96034 | t: 1735.440647 | r:  -150.000000 | e:   0.100000 | Q:  79.714890 | won: False 
#  124 | steps: 29052 | steps_t: 96285 | t: 1755.437091 | r:  3350.000000 | e:   0.100000 | Q:  82.077347 | won: True 
#  125 | steps: 29224 | steps_t: 96415 | t: 1766.069615 | r:   210.000000 | e:   0.100000 | Q:  71.296646 | won: False 
#  126 | steps: 29525 | steps_t: 96661 | t: 1787.467211 | r:  3290.000000 | e:   0.100000 | Q:  80.564087 | won: True 
#  127 | steps: 29826 | steps_t: 96908 | t: 1808.533125 | r:  3180.000000 | e:   0.100000 | Q:  93.506386 | won: True 
#  128 | steps: 30042 | steps_t: 97068 | t: 1822.887743 | r:   -30.000000 | e:   0.100000 | Q:  96.131119 | won: False 
#  129 | steps: 30259 | steps_t: 97235 | t: 1834.652198 | r:   -10.000000 | e:   0.100000 | Q:  95.482239 | won: False 
#  130 | steps: 30560 | steps_t: 97486 | t: 1853.429997 | r:  2590.000000 | e:   0.100000 | Q:  92.425415 | won: True 
#  131 | steps: 30742 | steps_t: 97627 | t: 1864.691295 | r:   320.000000 | e:   0.100000 | Q:  91.018097 | won: False 
#  132 | steps: 31043 | steps_t: 97887 | t: 1885.622437 | r:  3720.000000 | e:   0.100000 | Q:  87.601677 | won: True 
#  133 | steps: 31344 | steps_t: 98133 | t: 1904.095523 | r:  3010.000000 | e:   0.100000 | Q: 108.295845 | won: True 
#  134 | steps: 31555 | steps_t: 98293 | t: 1919.842061 | r:  -330.000000 | e:   0.100000 | Q: 105.398956 | won: False 
#  135 | steps: 31775 | steps_t: 98459 | t: 1934.413261 | r:  -100.000000 | e:   0.100000 | Q: 102.260254 | won: False 
#  136 | steps: 31943 | steps_t: 98586 | t: 1945.395456 | r:   150.000000 | e:   0.100000 | Q: 100.037155 | won: False 
#  137 | steps: 32238 | steps_t: 98826 | t: 1964.284134 | r:  -340.000000 | e:   0.100000 | Q: 104.586304 | won: False 
#  138 | steps: 32453 | steps_t: 98990 | t: 1976.072710 | r:  -210.000000 | e:   0.100000 | Q: 101.812439 | won: False 
#  139 | steps: 32669 | steps_t: 99150 | t: 1987.830936 | r:  -160.000000 | e:   0.100000 | Q: 100.336708 | won: False 
#  140 | steps: 32894 | steps_t: 99324 | t: 2000.564733 | r:   150.000000 | e:   0.100000 | Q:  92.696838 | won: False 
#  141 | steps: 33062 | steps_t: 99447 | t: 2009.282521 | r:   110.000000 | e:   0.100000 | Q:  93.493118 | won: False 
#  142 | steps: 33363 | steps_t: 99694 | t: 2028.794326 | r:  3110.000000 | e:   0.100000 | Q:  90.960747 | won: True 
#  143 | steps: 33583 | steps_t: 99860 | t: 2041.596784 | r:   -90.000000 | e:   0.100000 | Q: 108.446991 | won: False 
#  144 | steps: 33845 | steps_t: 100067 | t: 2062.153405 | r:    60.000000 | e:   0.100000 | Q: 115.813805 | won: False 
#  145 | steps: 34061 | steps_t: 100229 | t: 2075.484912 | r:  -100.000000 | e:   0.100000 | Q: 107.552528 | won: False 
#  146 | steps: 34277 | steps_t: 100389 | t: 2088.032055 | r:   -50.000000 | e:   0.100000 | Q:  90.297012 | won: False 
#  147 | steps: 34578 | steps_t: 100640 | t: 2108.989904 | r:   450.000000 | e:   0.100000 | Q:  91.436928 | won: False 
#  148 | steps: 34746 | steps_t: 100766 | t: 2118.173414 | r:   300.000000 | e:   0.100000 | Q:  91.517647 | won: False 
#  149 | steps: 35047 | steps_t: 101026 | t: 2139.655905 | r:  4040.000000 | e:   0.100000 | Q:  91.511307 | won: True 
#  150 | steps: 35313 | steps_t: 101242 | t: 2159.194288 | r:  -150.000000 | e:   0.100000 | Q:  85.423363 | won: False 
#  151 | steps: 35533 | steps_t: 101406 | t: 2173.160678 | r:    10.000000 | e:   0.100000 | Q:  93.420982 | won: False 
#  152 | steps: 35749 | steps_t: 101566 | t: 2187.952340 | r:  -310.000000 | e:   0.100000 | Q:  92.248116 | won: False 
#  153 | steps: 35967 | steps_t: 101734 | t: 2205.788980 | r:    60.000000 | e:   0.100000 | Q:  88.344612 | won: False 
#  154 | steps: 36256 | steps_t: 101978 | t: 2223.645917 | r:   800.000000 | e:   0.100000 | Q: 102.724823 | won: False 
#  155 | steps: 36472 | steps_t: 102139 | t: 2236.260275 | r:  -100.000000 | e:   0.100000 | Q: 103.616364 | won: False 
#  156 | steps: 36655 | steps_t: 102280 | t: 2246.651380 | r:  -490.000000 | e:   0.100000 | Q:  90.471237 | won: False 
#  157 | steps: 36871 | steps_t: 102442 | t: 2260.332914 | r:  -160.000000 | e:   0.100000 | Q:  83.519577 | won: False 
#  158 | steps: 37091 | steps_t: 102606 | t: 2275.107523 | r:   -50.000000 | e:   0.100000 | Q:  92.512421 | won: False 
#  159 | steps: 37353 | steps_t: 102817 | t: 2295.299253 | r:  -260.000000 | e:   0.100000 | Q:  97.566483 | won: False 
#  160 | steps: 37654 | steps_t: 103063 | t: 2317.217107 | r:  2480.000000 | e:   0.100000 | Q:  90.752098 | won: True 
#  161 | steps: 37874 | steps_t: 103228 | t: 2332.862484 | r:   -20.000000 | e:   0.100000 | Q: 104.582367 | won: False 
#  162 | steps: 38175 | steps_t: 103484 | t: 2350.314015 | r:  3860.000000 | e:   0.100000 | Q: 104.150703 | won: True 
#  163 | steps: 38476 | steps_t: 103730 | t: 2372.685775 | r:  3180.000000 | e:   0.100000 | Q:  97.828621 | won: True 
#  164 | steps: 38777 | steps_t: 103981 | t: 2392.951212 | r:  2660.000000 | e:   0.100000 | Q: 102.157974 | won: True 
#  165 | steps: 38995 | steps_t: 104143 | t: 2404.703738 | r:  -130.000000 | e:   0.100000 | Q: 110.025223 | won: False 
#  166 | steps: 39212 | steps_t: 104310 | t: 2417.709512 | r:   -30.000000 | e:   0.100000 | Q: 109.050888 | won: False 
#  167 | steps: 39428 | steps_t: 104472 | t: 2430.725733 | r:   -40.000000 | e:   0.100000 | Q: 115.168526 | won: False 
#  168 | steps: 39729 | steps_t: 104728 | t: 2451.826262 | r:  3680.000000 | e:   0.100000 | Q: 135.499161 | won: True 
#  169 | steps: 39947 | steps_t: 104891 | t: 2464.853170 | r:   -40.000000 | e:   0.100000 | Q: 142.447296 | won: False 
#  170 | steps: 40163 | steps_t: 105052 | t: 2477.145802 | r:  -610.000000 | e:   0.100000 | Q: 145.285645 | won: False 
#  171 | steps: 40424 | steps_t: 105272 | t: 2493.917178 | r:   650.000000 | e:   0.100000 | Q: 150.215332 | won: False 
#  172 | steps: 40592 | steps_t: 105395 | t: 2503.348765 | r:    20.000000 | e:   0.100000 | Q: 144.118668 | won: False 
#  173 | steps: 40868 | steps_t: 105629 | t: 2520.190563 | r:  1040.000000 | e:   0.100000 | Q: 138.464386 | won: False 
#  174 | steps: 41169 | steps_t: 105889 | t: 2541.423553 | r:  3880.000000 | e:   0.100000 | Q: 132.411652 | won: True 
#  175 | steps: 41337 | steps_t: 106012 | t: 2550.766884 | r:  -550.000000 | e:   0.100000 | Q: 121.939247 | won: False 
#  176 | steps: 41556 | steps_t: 106180 | t: 2564.752625 | r:    20.000000 | e:   0.100000 | Q: 110.652603 | won: False 
#  177 | steps: 41726 | steps_t: 106309 | t: 2575.882271 | r:  -220.000000 | e:   0.100000 | Q: 108.193741 | won: False 
#  178 | steps: 41991 | steps_t: 106533 | t: 2592.455725 | r:   860.000000 | e:   0.100000 | Q: 103.831520 | won: False 
#  179 | steps: 42292 | steps_t: 106789 | t: 2613.595792 | r:  3540.000000 | e:   0.100000 | Q: 118.349014 | won: True 
#  180 | steps: 42508 | steps_t: 106949 | t: 2626.085296 | r:   -70.000000 | e:   0.100000 | Q: 117.491394 | won: False 
#  181 | steps: 42726 | steps_t: 107112 | t: 2638.142446 | r:   -90.000000 | e:   0.100000 | Q: 114.529549 | won: False 
#  182 | steps: 42894 | steps_t: 107239 | t: 2647.924780 | r:    70.000000 | e:   0.100000 | Q: 105.578362 | won: False 
#  183 | steps: 43194 | steps_t: 107484 | t: 2668.927978 | r:  -120.000000 | e:   0.100000 | Q: 110.319260 | won: False 
#  184 | steps: 43413 | steps_t: 107652 | t: 2684.806387 | r:   -10.000000 | e:   0.100000 | Q: 106.142006 | won: False 
#  185 | steps: 43714 | steps_t: 107908 | t: 2708.986570 | r:  2990.000000 | e:   0.100000 | Q: 103.797264 | won: True 
#  186 | steps: 43884 | steps_t: 108037 | t: 2719.384659 | r:   240.000000 | e:   0.100000 | Q:  93.415100 | won: False 
#  187 | steps: 44177 | steps_t: 108289 | t: 2737.464484 | r:   660.000000 | e:   0.100000 | Q:  99.964455 | won: False 
#  188 | steps: 44404 | steps_t: 108462 | t: 2750.892272 | r:  -240.000000 | e:   0.100000 | Q:  89.377739 | won: False 
#  189 | steps: 44705 | steps_t: 108722 | t: 2770.117204 | r:  3700.000000 | e:   0.100000 | Q:  88.802948 | won: True 
#  190 | steps: 44964 | steps_t: 108936 | t: 2787.673087 | r:    30.000000 | e:   0.100000 | Q:  81.579185 | won: False 
#  191 | steps: 45180 | steps_t: 109096 | t: 2812.055237 | r:  -130.000000 | e:   0.100000 | Q:  88.372704 | won: False 
#  192 | steps: 45348 | steps_t: 109219 | t: 2832.692489 | r:  -530.000000 | e:   0.100000 | Q:  91.943893 | won: False 
#  193 | steps: 45563 | steps_t: 109384 | t: 2855.564671 | r:   -70.000000 | e:   0.100000 | Q: 105.644218 | won: False 
#  194 | steps: 45731 | steps_t: 109511 | t: 2873.655034 | r:   360.000000 | e:   0.100000 | Q: 107.678276 | won: False 
