#    1 | steps:   301 | steps_t:   200 | t: 16.803839 | r: -2520.000000 | e:   0.996000 | Q:   0.103684 | won: True 
#    2 | steps:   516 | steps_t:   364 | t: 31.192123 | r: -4560.000000 | e:   0.992720 | Q:        nan | won: False 
#    3 | steps:   817 | steps_t:   609 | t: 51.857272 | r: -3800.000000 | e:   0.987820 | Q: 292.852173 | won: True 
#    4 | steps:  1118 | steps_t:   860 | t: 73.464119 | r: -5900.000000 | e:   0.982800 | Q: 168.789581 | won: True 
#    5 | steps:  1371 | steps_t:  1068 | t: 90.508927 | r:   420.000000 | e:   0.978640 | Q: 190.273117 | won: False 
#    6 | steps:  1587 | steps_t:  1228 | t: 104.022843 | r: -13580.000000 | e:   0.975440 | Q: 173.555466 | won: False 
#    7 | steps:  1757 | steps_t:  1353 | t: 114.041309 | r: -7360.000000 | e:   0.972940 | Q: 134.790466 | won: False 
#    8 | steps:  1974 | steps_t:  1520 | t: 129.400560 | r: -8960.000000 | e:   0.969600 | Q:  -5.478875 | won: False 
#    9 | steps:  2194 | steps_t:  1686 | t: 142.882906 | r: -4940.000000 | e:   0.966280 | Q: -191.264313 | won: False 
#   10 | steps:  2441 | steps_t:  1891 | t: 161.509360 | r: -6280.000000 | e:   0.962180 | Q: -187.111618 | won: False 
#   11 | steps:  2742 | steps_t:  2136 | t: 181.645267 | r:  -720.000000 | e:   0.957280 | Q: -164.881134 | won: True 
#   12 | steps:  3043 | steps_t:  2381 | t: 202.972856 | r: -4660.000000 | e:   0.952380 | Q: -165.434036 | won: True 
#   13 | steps:  3344 | steps_t:  2627 | t: 223.833139 | r:   880.000000 | e:   0.947460 | Q: -180.251709 | won: True 
#   14 | steps:  3512 | steps_t:  2753 | t: 233.579635 | r:  -140.000000 | e:   0.944940 | Q: -167.685593 | won: False 
#   15 | steps:  3813 | steps_t:  3004 | t: 254.466209 | r: -3000.000000 | e:   0.939920 | Q: -150.083237 | won: True 
#   16 | steps:  4114 | steps_t:  3251 | t: 276.176306 | r: -1560.000000 | e:   0.934980 | Q: -132.345322 | won: False 
#   17 | steps:  4415 | steps_t:  3498 | t: 297.708833 | r: -8380.000000 | e:   0.930040 | Q: -96.095093 | won: True 
#   18 | steps:  4716 | steps_t:  3744 | t: 317.514533 | r:  1820.000000 | e:   0.925120 | Q: -71.655693 | won: True 
#   19 | steps:  4937 | steps_t:  3914 | t: 333.281195 | r:  -960.000000 | e:   0.921720 | Q: -54.024746 | won: False 
#   20 | steps:  5105 | steps_t:  4040 | t: 343.380108 | r: -1400.000000 | e:   0.919200 | Q: -56.781845 | won: False 
#   21 | steps:  5321 | steps_t:  4206 | t: 356.048416 | r:  -520.000000 | e:   0.915880 | Q: -60.418308 | won: False 
#   22 | steps:  5538 | steps_t:  4372 | t: 368.934582 | r: -10600.000000 | e:   0.912560 | Q: -64.137878 | won: False 
#   23 | steps:  5839 | steps_t:  4628 | t: 389.596726 | r:  3600.000000 | e:   0.907440 | Q: -67.927986 | won: True 
#   24 | steps:  6057 | steps_t:  4792 | t: 402.990255 | r: -7620.000000 | e:   0.904160 | Q: -62.206718 | won: False 
#   25 | steps:  6274 | steps_t:  4954 | t: 415.041613 | r: -3660.000000 | e:   0.900920 | Q: -60.438622 | won: False 
#   26 | steps:  6490 | steps_t:  5116 | t: 428.935976 | r: -8680.000000 | e:   0.897680 | Q: -60.652378 | won: False 
#   27 | steps:  6658 | steps_t:  5239 | t: 438.825183 | r:   -20.000000 | e:   0.895220 | Q: -110.404198 | won: False 
#   28 | steps:  6876 | steps_t:  5401 | t: 452.458019 | r: -4480.000000 | e:   0.891980 | Q: -118.552162 | won: False 
#   29 | steps:  7177 | steps_t:  5648 | t: 475.049959 | r: -6920.000000 | e:   0.887040 | Q: -76.190468 | won: True 
#   30 | steps:  7478 | steps_t:  5907 | t: 496.235160 | r:  3780.000000 | e:   0.881860 | Q: -114.589439 | won: True 
#   31 | steps:  7751 | steps_t:  6130 | t: 515.635226 | r:   220.000000 | e:   0.877400 | Q: -95.653503 | won: False 
#   32 | steps:  7968 | steps_t:  6293 | t: 528.272129 | r: -6280.000000 | e:   0.874140 | Q: -101.611649 | won: False 
#   33 | steps:  8269 | steps_t:  6543 | t: 548.516388 | r: -3260.000000 | e:   0.869140 | Q: -93.378799 | won: True 
#   34 | steps:  8570 | steps_t:  6794 | t: 569.002658 | r:  2580.000000 | e:   0.864120 | Q: -65.221573 | won: True 
#   35 | steps:  8786 | steps_t:  6956 | t: 583.419620 | r: -6960.000000 | e:   0.860880 | Q: -75.541313 | won: False 
#   36 | steps:  9002 | steps_t:  7117 | t: 597.022874 | r: -1840.000000 | e:   0.857660 | Q: -60.297394 | won: False 
#   37 | steps:  9303 | steps_t:  7376 | t: 618.338225 | r:  3880.000000 | e:   0.852480 | Q: -62.598942 | won: True 
#   38 | steps:  9518 | steps_t:  7541 | t: 631.787824 | r: -2620.000000 | e:   0.849180 | Q: -59.432499 | won: False 
#   39 | steps:  9740 | steps_t:  7708 | t: 645.441920 | r: -3960.000000 | e:   0.845840 | Q: -71.478790 | won: False 
