#    1 | steps:   216 | steps_t: 144010 | t: 9.992293 | r:  -901.000000 | e:   0.100000 | Q:  23.936453 | won: False 
#    2 | steps:   434 | steps_t: 144173 | t: 22.362420 | r:  -897.000000 | e:   0.100000 | Q:  23.753937 | won: False 
#    3 | steps:   688 | steps_t: 144385 | t: 38.239045 | r:  -804.000000 | e:   0.100000 | Q:  22.695148 | won: False 
#    4 | steps:   856 | steps_t: 144508 | t: 47.188778 | r:  -856.000000 | e:   0.100000 | Q:  22.627447 | won: False 
#    5 | steps:  1074 | steps_t: 144670 | t: 59.294395 | r:  -882.000000 | e:   0.100000 | Q:  21.984989 | won: False 
#    6 | steps:  1375 | steps_t: 144920 | t: 79.634011 | r:  2153.000000 | e:   0.100000 | Q:  21.028685 | won: True 
#    7 | steps:  1591 | steps_t: 145080 | t: 91.097226 | r:  -903.000000 | e:   0.100000 | Q:  19.340574 | won: False 
#    8 | steps:  1811 | steps_t: 145244 | t: 103.616077 | r:  -899.000000 | e:   0.100000 | Q:  19.811266 | won: False 
#    9 | steps:  2026 | steps_t: 145408 | t: 116.175756 | r:  -897.000000 | e:   0.100000 | Q:  19.612007 | won: False 
#   10 | steps:  2327 | steps_t: 145664 | t: 137.496202 | r:  -563.000000 | e:   0.100000 | Q:  19.123953 | won: False 
#   11 | steps:  2628 | steps_t: 145923 | t: 157.965132 | r:  1949.000000 | e:   0.100000 | Q:  18.532684 | won: True 
#   12 | steps:  2929 | steps_t: 146182 | t: 176.095035 | r:  2244.000000 | e:   0.100000 | Q:  17.611820 | won: True 
#   13 | steps:  3146 | steps_t: 146349 | t: 188.365384 | r:  -899.000000 | e:   0.100000 | Q:  17.572006 | won: False 
#   14 | steps:  3440 | steps_t: 146588 | t: 208.019116 | r:  -865.000000 | e:   0.100000 | Q:  18.219465 | won: False 
#   15 | steps:  3656 | steps_t: 146750 | t: 220.938028 | r:  -899.000000 | e:   0.100000 | Q:  17.748737 | won: False 
#   16 | steps:  3828 | steps_t: 146877 | t: 230.634444 | r:  -845.000000 | e:   0.100000 | Q:  17.749189 | won: False 
#   17 | steps:  4044 | steps_t: 147037 | t: 244.058342 | r:  -902.000000 | e:   0.100000 | Q:  17.211674 | won: False 
#   18 | steps:  4263 | steps_t: 147206 | t: 256.770777 | r:  -895.000000 | e:   0.100000 | Q:  16.894232 | won: False 
#   19 | steps:  4479 | steps_t: 147366 | t: 268.935170 | r:  -900.000000 | e:   0.100000 | Q:  16.760872 | won: False 
#   20 | steps:  4780 | steps_t: 147626 | t: 286.834415 | r:  2240.000000 | e:   0.100000 | Q:  16.317514 | won: True 
#   21 | steps:  4998 | steps_t: 147790 | t: 298.538536 | r:  -899.000000 | e:   0.100000 | Q:  15.634331 | won: False 
#   22 | steps:  5213 | steps_t: 147954 | t: 310.859024 | r:  -901.000000 | e:   0.100000 | Q:  14.831600 | won: False 
#   23 | steps:  5431 | steps_t: 148118 | t: 323.738178 | r:  -901.000000 | e:   0.100000 | Q:  13.844116 | won: False 
#   24 | steps:  5651 | steps_t: 148283 | t: 336.477009 | r:  -895.000000 | e:   0.100000 | Q:  13.351269 | won: False 
#   25 | steps:  5867 | steps_t: 148444 | t: 350.928911 | r:  -904.000000 | e:   0.100000 | Q:  12.963270 | won: False 
#   26 | steps:  6168 | steps_t: 148703 | t: 370.058180 | r:  2190.000000 | e:   0.100000 | Q:  12.715098 | won: True 
#   27 | steps:  6460 | steps_t: 148940 | t: 390.038857 | r:  -871.000000 | e:   0.100000 | Q:  11.693933 | won: False 
#   28 | steps:  6761 | steps_t: 149200 | t: 409.731214 | r:  2214.000000 | e:   0.100000 | Q:  11.044736 | won: True 
#   29 | steps:  6977 | steps_t: 149362 | t: 421.620706 | r:  -903.000000 | e:   0.100000 | Q:  10.787716 | won: False 
#   30 | steps:  7278 | steps_t: 149621 | t: 441.165587 | r:  2233.000000 | e:   0.100000 | Q:  10.604546 | won: True 
#   31 | steps:  7498 | steps_t: 149785 | t: 454.251150 | r:  -891.000000 | e:   0.100000 | Q:  10.833987 | won: False 
#   32 | steps:  7715 | steps_t: 149951 | t: 466.477452 | r:  -899.000000 | e:   0.100000 | Q:  10.448508 | won: False 
#   33 | steps:  8016 | steps_t: 150207 | t: 484.704768 | r:  2204.000000 | e:   0.100000 | Q:  10.046415 | won: True 
#   34 | steps:  8317 | steps_t: 150454 | t: 504.707528 | r:  2132.000000 | e:   0.100000 | Q:   9.448716 | won: True 
#   35 | steps:  8618 | steps_t: 150701 | t: 524.191571 | r:  2128.000000 | e:   0.100000 | Q:   9.647192 | won: True 
#   36 | steps:  8885 | steps_t: 150918 | t: 540.226257 | r:  -873.000000 | e:   0.100000 | Q:   9.455467 | won: False 
#   37 | steps:  9104 | steps_t: 151086 | t: 553.105975 | r:  -903.000000 | e:   0.100000 | Q:   9.187909 | won: False 
#   38 | steps:  9319 | steps_t: 151251 | t: 564.915041 | r:  -913.000000 | e:   0.100000 | Q:   9.351335 | won: False 
#   39 | steps:  9539 | steps_t: 151416 | t: 579.005380 | r:  -903.000000 | e:   0.100000 | Q:   8.864898 | won: False 
#   40 | steps:  9755 | steps_t: 151576 | t: 591.403910 | r:  -898.000000 | e:   0.100000 | Q:   8.730683 | won: False 
#   41 | steps: 10056 | steps_t: 151826 | t: 612.196387 | r:  2086.000000 | e:   0.100000 | Q:   9.837933 | won: True 
#   42 | steps: 10272 | steps_t: 151987 | t: 625.489197 | r:  -897.000000 | e:   0.100000 | Q:   9.809503 | won: False 
#   43 | steps: 10573 | steps_t: 152246 | t: 644.548778 | r:  2240.000000 | e:   0.100000 | Q:   9.550467 | won: True 
#   44 | steps: 10743 | steps_t: 152375 | t: 652.977123 | r:  -853.000000 | e:   0.100000 | Q:   9.554615 | won: False 
#   45 | steps: 10915 | steps_t: 152502 | t: 662.087824 | r:  -857.000000 | e:   0.100000 | Q:   9.410868 | won: False 
#   46 | steps: 11087 | steps_t: 152629 | t: 670.856057 | r:  -855.000000 | e:   0.100000 | Q:   9.898062 | won: False 
#   47 | steps: 11388 | steps_t: 152876 | t: 691.806143 | r:  2106.000000 | e:   0.100000 | Q:  10.288936 | won: True 
#   48 | steps: 11604 | steps_t: 153038 | t: 703.469445 | r:  -900.000000 | e:   0.100000 | Q:  11.164271 | won: False 
#   49 | steps: 11905 | steps_t: 153294 | t: 724.803239 | r:  2232.000000 | e:   0.100000 | Q:  11.437954 | won: True 
#   50 | steps: 12123 | steps_t: 153456 | t: 738.724809 | r:  -896.000000 | e:   0.100000 | Q:  11.361143 | won: False 
#   51 | steps: 12341 | steps_t: 153618 | t: 749.768596 | r:  -897.000000 | e:   0.100000 | Q:  11.461813 | won: False 
#   52 | steps: 12511 | steps_t: 153747 | t: 758.228523 | r:  -851.000000 | e:   0.100000 | Q:  11.466589 | won: False 
#   53 | steps: 12812 | steps_t: 154006 | t: 776.829700 | r:  2235.000000 | e:   0.100000 | Q:  11.099082 | won: True 
#   54 | steps: 13028 | steps_t: 154172 | t: 791.095625 | r:  -887.000000 | e:   0.100000 | Q:  11.636286 | won: False 
#   55 | steps: 13315 | steps_t: 154405 | t: 808.746967 | r:  -855.000000 | e:   0.100000 | Q:  11.691684 | won: False 
#   56 | steps: 13487 | steps_t: 154535 | t: 819.442596 | r:  -851.000000 | e:   0.100000 | Q:  11.680519 | won: False 
#   57 | steps: 13705 | steps_t: 154699 | t: 831.660888 | r:  -900.000000 | e:   0.100000 | Q:  11.613387 | won: False 
#   58 | steps: 13875 | steps_t: 154828 | t: 842.349618 | r:  -983.000000 | e:   0.100000 | Q:  11.557076 | won: False 
#   59 | steps: 14047 | steps_t: 154959 | t: 852.944431 | r:  -863.000000 | e:   0.100000 | Q:  11.317842 | won: False 
#   60 | steps: 14348 | steps_t: 155205 | t: 870.989854 | r:  2146.000000 | e:   0.100000 | Q:  11.322140 | won: True 
#   61 | steps: 14518 | steps_t: 155334 | t: 880.055531 | r:  -979.000000 | e:   0.100000 | Q:   9.896173 | won: False 
#   62 | steps: 14819 | steps_t: 155584 | t: 899.249488 | r:  2160.000000 | e:   0.100000 | Q:   9.750548 | won: True 
#   63 | steps: 14987 | steps_t: 155707 | t: 909.150352 | r:  -861.000000 | e:   0.100000 | Q:   9.758389 | won: False 
#   64 | steps: 15208 | steps_t: 155878 | t: 922.872576 | r:  -905.000000 | e:   0.100000 | Q:  10.214024 | won: False 
#   65 | steps: 15509 | steps_t: 156134 | t: 944.387769 | r:  2239.000000 | e:   0.100000 | Q:  10.208226 | won: True 
#   66 | steps: 15679 | steps_t: 156259 | t: 954.775642 | r:  -869.000000 | e:   0.100000 | Q:  10.453684 | won: False 
#   67 | steps: 15847 | steps_t: 156385 | t: 964.501587 | r:  -865.000000 | e:   0.100000 | Q:  10.315952 | won: False 
#   68 | steps: 16058 | steps_t: 156546 | t: 979.033257 | r:  -903.000000 | e:   0.100000 | Q:  10.352427 | won: False 
#   69 | steps: 16359 | steps_t: 156802 | t: 998.877656 | r:  2205.000000 | e:   0.100000 | Q:  10.360221 | won: True 
#   70 | steps: 16579 | steps_t: 156967 | t: 1011.090020 | r:  -893.000000 | e:   0.100000 | Q:  10.080016 | won: False 
#   71 | steps: 16747 | steps_t: 157094 | t: 1020.473372 | r:  -862.000000 | e:   0.100000 | Q:  10.123227 | won: False 
#   72 | steps: 17048 | steps_t: 157353 | t: 1038.716367 | r:  2170.000000 | e:   0.100000 | Q:   9.909402 | won: True 
#   73 | steps: 17263 | steps_t: 157517 | t: 1051.741482 | r:  -981.000000 | e:   0.100000 | Q:   9.579216 | won: False 
#   74 | steps: 17564 | steps_t: 157767 | t: 1073.968883 | r:  -345.000000 | e:   0.100000 | Q:   9.494730 | won: False 
#   75 | steps: 17865 | steps_t: 158027 | t: 1093.828826 | r:  2230.000000 | e:   0.100000 | Q:   9.567119 | won: True 
#   76 | steps: 18141 | steps_t: 158258 | t: 1109.783486 | r:  -801.000000 | e:   0.100000 | Q:   9.411155 | won: False 
#   77 | steps: 18358 | steps_t: 158420 | t: 1120.661090 | r:  -897.000000 | e:   0.100000 | Q:   9.209320 | won: False 
#   78 | steps: 18634 | steps_t: 158646 | t: 1138.912970 | r:  -875.000000 | e:   0.100000 | Q:   9.441584 | won: False 
#   79 | steps: 18804 | steps_t: 158774 | t: 1149.278762 | r:  -978.000000 | e:   0.100000 | Q:   9.591516 | won: False 
#   80 | steps: 19023 | steps_t: 158942 | t: 1160.932718 | r:  -898.000000 | e:   0.100000 | Q:   9.402343 | won: False 
#   81 | steps: 19238 | steps_t: 159106 | t: 1172.796447 | r:  -903.000000 | e:   0.100000 | Q:   8.761025 | won: False 
#   82 | steps: 19453 | steps_t: 159271 | t: 1186.220458 | r: -1013.000000 | e:   0.100000 | Q:   8.786879 | won: False 
#   83 | steps: 19754 | steps_t: 159530 | t: 1208.043558 | r:  2229.000000 | e:   0.100000 | Q:   8.136400 | won: True 
#   84 | steps: 19970 | steps_t: 159691 | t: 1222.048257 | r:  -902.000000 | e:   0.100000 | Q:   8.071074 | won: False 
#   85 | steps: 20189 | steps_t: 159859 | t: 1233.536165 | r:  -900.000000 | e:   0.100000 | Q:   8.213346 | won: False 
#   86 | steps: 20476 | steps_t: 160101 | t: 1253.013307 | r:  -790.000000 | e:   0.100000 | Q:   7.750398 | won: False 
#   87 | steps: 20777 | steps_t: 160360 | t: 1272.863766 | r:  2057.000000 | e:   0.100000 | Q:   7.728742 | won: True 
#   88 | steps: 20941 | steps_t: 160479 | t: 1287.052339 | r:  -863.000000 | e:   0.100000 | Q:   8.429142 | won: False 
#   89 | steps: 21207 | steps_t: 160691 | t: 1305.325715 | r:  -871.000000 | e:   0.100000 | Q:   8.798254 | won: False 
#   90 | steps: 21376 | steps_t: 160815 | t: 1315.575517 | r:  -864.000000 | e:   0.100000 | Q:   8.411503 | won: False 
#   91 | steps: 21677 | steps_t: 161074 | t: 1338.517843 | r:  2256.000000 | e:   0.100000 | Q:   7.950413 | won: True 
#   92 | steps: 21893 | steps_t: 161236 | t: 1351.579407 | r:  -904.000000 | e:   0.100000 | Q:   7.921974 | won: False 
#   93 | steps: 22161 | steps_t: 161454 | t: 1367.836583 | r:  -846.000000 | e:   0.100000 | Q:   7.588933 | won: False 
#   94 | steps: 22462 | steps_t: 161705 | t: 1386.624999 | r:  2050.000000 | e:   0.100000 | Q:   7.035541 | won: True 
#   95 | steps: 22681 | steps_t: 161874 | t: 1399.538814 | r:  -895.000000 | e:   0.100000 | Q:   6.519176 | won: False 
#   96 | steps: 22901 | steps_t: 162038 | t: 1413.124910 | r:  -899.000000 | e:   0.100000 | Q:   6.371320 | won: False 
#   97 | steps: 23158 | steps_t: 162254 | t: 1430.299077 | r:  -957.000000 | e:   0.100000 | Q:   6.249128 | won: False 
#   98 | steps: 23427 | steps_t: 162467 | t: 1448.891854 | r:  -874.000000 | e:   0.100000 | Q:   5.481378 | won: False 
#   99 | steps: 23647 | steps_t: 162631 | t: 1464.003008 | r:  -898.000000 | e:   0.100000 | Q:   5.000953 | won: False 
#  100 | steps: 23815 | steps_t: 162758 | t: 1474.608055 | r:  -995.000000 | e:   0.100000 | Q:   4.816104 | won: False 
#  101 | steps: 24078 | steps_t: 162965 | t: 1490.694507 | r:  -861.000000 | e:   0.100000 | Q:   4.717850 | won: False 
#  102 | steps: 24379 | steps_t: 163221 | t: 1510.289596 | r:  2246.000000 | e:   0.100000 | Q:   4.697713 | won: True 
#  103 | steps: 24680 | steps_t: 163468 | t: 1531.281326 | r:  2126.000000 | e:   0.100000 | Q:   4.961288 | won: True 
#  104 | steps: 24958 | steps_t: 163695 | t: 1550.008427 | r:  -971.000000 | e:   0.100000 | Q:   4.886546 | won: False 
#  105 | steps: 25130 | steps_t: 163825 | t: 1560.997053 | r: -1138.000000 | e:   0.100000 | Q:   4.730522 | won: False 
#  106 | steps: 25431 | steps_t: 164085 | t: 1583.279029 | r:  2079.000000 | e:   0.100000 | Q:   4.785244 | won: True 
#  107 | steps: 25647 | steps_t: 164247 | t: 1596.991174 | r:  -903.000000 | e:   0.100000 | Q:   5.177135 | won: False 
#  108 | steps: 25948 | steps_t: 164503 | t: 1617.254532 | r:  2173.000000 | e:   0.100000 | Q:   5.292943 | won: True 
#  109 | steps: 26249 | steps_t: 164759 | t: 1634.452188 | r:  2205.000000 | e:   0.100000 | Q:   6.021039 | won: True 
#  110 | steps: 26465 | steps_t: 164920 | t: 1646.941619 | r:  -899.000000 | e:   0.100000 | Q:   6.038273 | won: False 
#  111 | steps: 26685 | steps_t: 165086 | t: 1660.034556 | r:  -895.000000 | e:   0.100000 | Q:   6.475645 | won: False 
#  112 | steps: 26902 | steps_t: 165253 | t: 1673.141463 | r:  -897.000000 | e:   0.100000 | Q:   7.134714 | won: False 
#  113 | steps: 27118 | steps_t: 165415 | t: 1686.297882 | r: -1035.000000 | e:   0.100000 | Q:   7.205168 | won: False 
#  114 | steps: 27333 | steps_t: 165579 | t: 1700.007388 | r:  -896.000000 | e:   0.100000 | Q:   7.144991 | won: False 
#  115 | steps: 27553 | steps_t: 165743 | t: 1714.257737 | r:  -894.000000 | e:   0.100000 | Q:   7.339295 | won: False 
#  116 | steps: 27773 | steps_t: 165909 | t: 1728.309282 | r:  -894.000000 | e:   0.100000 | Q:   7.485420 | won: False 
#  117 | steps: 28074 | steps_t: 166169 | t: 1747.989094 | r:  2237.000000 | e:   0.100000 | Q:   7.841487 | won: True 
#  118 | steps: 28375 | steps_t: 166420 | t: 1768.480947 | r:  2165.000000 | e:   0.100000 | Q:   7.997705 | won: True 
#  119 | steps: 28591 | steps_t: 166580 | t: 1781.696242 | r:  -899.000000 | e:   0.100000 | Q:   8.082579 | won: False 
#  120 | steps: 28892 | steps_t: 166831 | t: 1802.954980 | r:  2144.000000 | e:   0.100000 | Q:   7.910430 | won: True 
#  121 | steps: 29108 | steps_t: 166993 | t: 1816.211550 | r:  -899.000000 | e:   0.100000 | Q:   7.778367 | won: False 
#  122 | steps: 29330 | steps_t: 167161 | t: 1830.742450 | r:  -989.000000 | e:   0.100000 | Q:   7.026474 | won: False 
#  123 | steps: 29607 | steps_t: 167387 | t: 1852.387496 | r:  -860.000000 | e:   0.100000 | Q:   6.976235 | won: False 
#  124 | steps: 29908 | steps_t: 167632 | t: 1872.769682 | r:  -362.000000 | e:   0.100000 | Q:   6.928823 | won: False 
#  125 | steps: 30209 | steps_t: 167877 | t: 1892.905521 | r:  2115.000000 | e:   0.100000 | Q:   6.536366 | won: True 
#  126 | steps: 30510 | steps_t: 168123 | t: 1912.410482 | r:  1976.000000 | e:   0.100000 | Q:   6.850417 | won: True 
#  127 | steps: 30789 | steps_t: 168346 | t: 1929.606021 | r:  -861.000000 | e:   0.100000 | Q:   7.166923 | won: False 
#  128 | steps: 31090 | steps_t: 168591 | t: 1948.817859 | r:  2120.000000 | e:   0.100000 | Q:   6.796449 | won: True 
#  129 | steps: 31263 | steps_t: 168719 | t: 1959.756177 | r: -1006.000000 | e:   0.100000 | Q:   6.769768 | won: False 
#  130 | steps: 31564 | steps_t: 168970 | t: 1981.726598 | r:  1950.000000 | e:   0.100000 | Q:   6.915451 | won: True 
#  131 | steps: 31865 | steps_t: 169230 | t: 2002.343651 | r:  1942.000000 | e:   0.100000 | Q:   6.787109 | won: True 
#  132 | steps: 32166 | steps_t: 169480 | t: 2020.374846 | r:  2151.000000 | e:   0.100000 | Q:   6.381089 | won: True 
#  133 | steps: 32467 | steps_t: 169731 | t: 2037.827132 | r:  2101.000000 | e:   0.100000 | Q:   6.403711 | won: True 
#  134 | steps: 32768 | steps_t: 169977 | t: 2058.307979 | r:  2052.000000 | e:   0.100000 | Q:   6.941936 | won: True 
#  135 | steps: 33069 | steps_t: 170237 | t: 2081.885475 | r:  2197.000000 | e:   0.100000 | Q:   6.936149 | won: True 
#  136 | steps: 33338 | steps_t: 170464 | t: 2102.093329 | r:  -773.000000 | e:   0.100000 | Q:   7.117406 | won: False 
#  137 | steps: 33613 | steps_t: 170698 | t: 2120.060653 | r:  -944.000000 | e:   0.100000 | Q:   8.016227 | won: False 
#  138 | steps: 33914 | steps_t: 170954 | t: 2139.751628 | r:  2225.000000 | e:   0.100000 | Q:   8.045816 | won: True 
#  139 | steps: 34084 | steps_t: 171079 | t: 2149.127455 | r:  -854.000000 | e:   0.100000 | Q:   7.607602 | won: False 
#  140 | steps: 34384 | steps_t: 171323 | t: 2166.428401 | r:  -891.000000 | e:   0.100000 | Q:   8.691963 | won: False 
#  141 | steps: 34616 | steps_t: 171504 | t: 2180.785404 | r:  -905.000000 | e:   0.100000 | Q:   8.606963 | won: False 
#  142 | steps: 34904 | steps_t: 171737 | t: 2200.522061 | r:  -876.000000 | e:   0.100000 | Q:   8.942964 | won: False 
#  143 | steps: 35076 | steps_t: 171867 | t: 2214.137706 | r:  -848.000000 | e:   0.100000 | Q:   8.835740 | won: False 
#  144 | steps: 35377 | steps_t: 172113 | t: 2236.336158 | r:  2126.000000 | e:   0.100000 | Q:   8.517643 | won: True 
#  145 | steps: 35603 | steps_t: 172283 | t: 2249.474462 | r: -1021.000000 | e:   0.100000 | Q:   8.346460 | won: False 
#  146 | steps: 35818 | steps_t: 172447 | t: 2262.387933 | r:  -901.000000 | e:   0.100000 | Q:   8.334162 | won: False 
#  147 | steps: 36119 | steps_t: 172707 | t: 2284.098825 | r:  2217.000000 | e:   0.100000 | Q:   8.244578 | won: True 
#  148 | steps: 36337 | steps_t: 172870 | t: 2297.125827 | r:  -898.000000 | e:   0.100000 | Q:   8.400043 | won: False 
#  149 | steps: 36638 | steps_t: 173130 | t: 2319.379564 | r:  2081.000000 | e:   0.100000 | Q:   8.207226 | won: True 
#  150 | steps: 36939 | steps_t: 173389 | t: 2342.801422 | r:  2162.000000 | e:   0.100000 | Q:   8.416515 | won: True 
#  151 | steps: 37159 | steps_t: 173554 | t: 2357.177353 | r:  -895.000000 | e:   0.100000 | Q:   8.433909 | won: False 
#  152 | steps: 37439 | steps_t: 173789 | t: 2375.552852 | r:  -792.000000 | e:   0.100000 | Q:   8.060528 | won: False 
#  153 | steps: 37655 | steps_t: 173949 | t: 2386.549835 | r:  -901.000000 | e:   0.100000 | Q:   8.000787 | won: False 
#  154 | steps: 37956 | steps_t: 174208 | t: 2405.277937 | r:  2211.000000 | e:   0.100000 | Q:   7.887115 | won: True 
#  155 | steps: 38172 | steps_t: 174369 | t: 2416.939771 | r:  -900.000000 | e:   0.100000 | Q:   8.643174 | won: False 
#  156 | steps: 38388 | steps_t: 174531 | t: 2428.940522 | r:  -900.000000 | e:   0.100000 | Q:   8.865939 | won: False 
#  157 | steps: 38556 | steps_t: 174658 | t: 2440.102256 | r:  -855.000000 | e:   0.100000 | Q:   8.922173 | won: False 
#  158 | steps: 38857 | steps_t: 174917 | t: 2462.438974 | r:  1804.000000 | e:   0.100000 | Q:   9.007767 | won: True 
#  159 | steps: 39073 | steps_t: 175078 | t: 2477.953112 | r:  -898.000000 | e:   0.100000 | Q:   9.017394 | won: False 
#  160 | steps: 39293 | steps_t: 175244 | t: 2492.016327 | r:  -899.000000 | e:   0.100000 | Q:   9.114382 | won: False 
#  161 | steps: 39513 | steps_t: 175408 | t: 2504.051003 | r:  -894.000000 | e:   0.100000 | Q:   9.110158 | won: False 
#  162 | steps: 39814 | steps_t: 175668 | t: 2523.718167 | r:  2195.000000 | e:   0.100000 | Q:   8.831122 | won: True 
#  163 | steps: 40030 | steps_t: 175829 | t: 2537.407424 | r:  -900.000000 | e:   0.100000 | Q:   8.704487 | won: False 
#  164 | steps: 40250 | steps_t: 175994 | t: 2550.183582 | r: -1048.000000 | e:   0.100000 | Q:   9.724735 | won: False 
#  165 | steps: 40466 | steps_t: 176155 | t: 2563.242971 | r:  -902.000000 | e:   0.100000 | Q:   9.800539 | won: False 
#  166 | steps: 40685 | steps_t: 176324 | t: 2578.535654 | r:  -895.000000 | e:   0.100000 | Q:  10.090895 | won: False 
#  167 | steps: 40986 | steps_t: 176574 | t: 2601.458154 | r:  2144.000000 | e:   0.100000 | Q:  10.429713 | won: True 
#  168 | steps: 41287 | steps_t: 176820 | t: 2623.490824 | r:  2054.000000 | e:   0.100000 | Q:  10.561100 | won: True 
#  169 | steps: 41588 | steps_t: 177079 | t: 2645.325747 | r:  2205.000000 | e:   0.100000 | Q:  10.490500 | won: True 
#  170 | steps: 41803 | steps_t: 177243 | t: 2657.444597 | r:  -902.000000 | e:   0.100000 | Q:  10.766964 | won: False 
#  171 | steps: 42066 | steps_t: 177461 | t: 2674.384879 | r:  -781.000000 | e:   0.100000 | Q:  10.854387 | won: False 
#  172 | steps: 42367 | steps_t: 177721 | t: 2694.812189 | r:  2232.000000 | e:   0.100000 | Q:  10.445926 | won: True 
#  173 | steps: 42582 | steps_t: 177886 | t: 2708.416223 | r:  -904.000000 | e:   0.100000 | Q:  11.028302 | won: False 
#  174 | steps: 42800 | steps_t: 178050 | t: 2724.397652 | r:  -901.000000 | e:   0.100000 | Q:  11.244158 | won: False 
#  175 | steps: 43018 | steps_t: 178214 | t: 2739.081051 | r:  -897.000000 | e:   0.100000 | Q:  11.233945 | won: False 
#  176 | steps: 43234 | steps_t: 178375 | t: 2751.822551 | r:  -901.000000 | e:   0.100000 | Q:  11.318349 | won: False 
#  177 | steps: 43512 | steps_t: 178611 | t: 2771.375436 | r:  -736.000000 | e:   0.100000 | Q:  11.953759 | won: False 
#  178 | steps: 43813 | steps_t: 178870 | t: 2790.530237 | r:  2209.000000 | e:   0.100000 | Q:  11.752778 | won: True 
#  179 | steps: 44114 | steps_t: 179129 | t: 2810.226729 | r:  2232.000000 | e:   0.100000 | Q:  11.571663 | won: True 
#  180 | steps: 44329 | steps_t: 179294 | t: 2823.716748 | r:  -902.000000 | e:   0.100000 | Q:  11.996079 | won: False 
#  181 | steps: 44630 | steps_t: 179553 | t: 2844.809531 | r:  2227.000000 | e:   0.100000 | Q:  12.661863 | won: True 
#  182 | steps: 44846 | steps_t: 179713 | t: 2860.521619 | r:  -898.000000 | e:   0.100000 | Q:  12.608298 | won: False 
#  183 | steps: 45014 | steps_t: 179840 | t: 2871.933498 | r:  -851.000000 | e:   0.100000 | Q:  12.893343 | won: False 
#  184 | steps: 45315 | steps_t: 180087 | t: 2894.028121 | r:  -379.000000 | e:   0.100000 | Q:  13.298615 | won: False 
#  185 | steps: 45616 | steps_t: 180343 | t: 2916.091581 | r:  2198.000000 | e:   0.100000 | Q:  13.234201 | won: True 
#  186 | steps: 45835 | steps_t: 180512 | t: 2930.912992 | r:  -896.000000 | e:   0.100000 | Q:  13.236495 | won: False 
#  187 | steps: 46136 | steps_t: 180759 | t: 2952.504018 | r:  2140.000000 | e:   0.100000 | Q:  13.873806 | won: True 
#  188 | steps: 46355 | steps_t: 180927 | t: 2966.818808 | r:  -898.000000 | e:   0.100000 | Q:  13.692903 | won: False 
#  189 | steps: 46656 | steps_t: 181183 | t: 2988.293109 | r:  2236.000000 | e:   0.100000 | Q:  13.464069 | won: True 
#  190 | steps: 46957 | steps_t: 181443 | t: 3010.791979 | r:  2247.000000 | e:   0.100000 | Q:  13.335106 | won: True 
#  191 | steps: 47172 | steps_t: 181607 | t: 3033.339279 | r:  -895.000000 | e:   0.100000 | Q:  13.267681 | won: False 
#  192 | steps: 47344 | steps_t: 181737 | t: 3050.740257 | r:  -841.000000 | e:   0.100000 | Q:  13.638788 | won: False 
#  193 | steps: 47645 | steps_t: 181993 | t: 3084.983560 | r:  2253.000000 | e:   0.100000 | Q:  14.952649 | won: True 
