#    1 | steps:   301 | steps_t:   200 | t: 16.335147 | r:  2080.000000 | e:   0.996000 | Q:   0.120024 | won: True 
#    2 | steps:   602 | steps_t:   445 | t: 32.583371 | r:  3050.000000 | e:   0.991100 | Q:        nan | won: True 
#    3 | steps:   866 | steps_t:   658 | t: 47.817167 | r: -1370.000000 | e:   0.986840 | Q: 737.410461 | won: False 
#    4 | steps:  1167 | steps_t:   914 | t: 67.225920 | r:  3230.000000 | e:   0.981720 | Q: 925.452393 | won: True 
#    5 | steps:  1468 | steps_t:  1159 | t: 86.468654 | r:  2370.000000 | e:   0.976820 | Q: 1505.583374 | won: True 
#    6 | steps:  1684 | steps_t:  1324 | t: 98.789528 | r:  -730.000000 | e:   0.973520 | Q: 907.964722 | won: False 
#    7 | steps:  1985 | steps_t:  1570 | t: 120.482937 | r:  1510.000000 | e:   0.968600 | Q: 3361.433105 | won: True 
#    8 | steps:  2153 | steps_t:  1696 | t: 130.492303 | r:  -430.000000 | e:   0.966080 | Q: 514.433594 | won: False 
#    9 | steps:  2454 | steps_t:  1946 | t: 149.555512 | r:  1440.000000 | e:   0.961080 | Q: 439.068573 | won: True 
#   10 | steps:  2669 | steps_t:  2111 | t: 161.303244 | r:  -860.000000 | e:   0.957780 | Q: 409.148651 | won: False 
#   11 | steps:  2970 | steps_t:  2356 | t: 179.581675 | r:  2110.000000 | e:   0.952880 | Q: 1029.246338 | won: True 
#   12 | steps:  3139 | steps_t:  2484 | t: 190.026233 | r:  -170.000000 | e:   0.950320 | Q: 390.429932 | won: False 
#   13 | steps:  3355 | steps_t:  2645 | t: 201.529647 | r: -1770.000000 | e:   0.947100 | Q: 378.407745 | won: False 
#   14 | steps:  3656 | steps_t:  2890 | t: 220.051813 | r:  2470.000000 | e:   0.942200 | Q: 389.568085 | won: True 
#   15 | steps:  3824 | steps_t:  3016 | t: 229.491074 | r:  -500.000000 | e:   0.939680 | Q: 430.461975 | won: False 
#   16 | steps:  4039 | steps_t:  3181 | t: 241.840982 | r: -1580.000000 | e:   0.936380 | Q: 419.988617 | won: False 
#   17 | steps:  4259 | steps_t:  3346 | t: 253.264853 | r:  -340.000000 | e:   0.933080 | Q: 408.926025 | won: False 
#   18 | steps:  4477 | steps_t:  3510 | t: 265.705049 | r: -1100.000000 | e:   0.929800 | Q: 307.807465 | won: False 
#   19 | steps:  4649 | steps_t:  3640 | t: 275.865778 | r:  -350.000000 | e:   0.927200 | Q: 491.562256 | won: False 
#   20 | steps:  4869 | steps_t:  3804 | t: 288.616846 | r:  -930.000000 | e:   0.923920 | Q: 220.592133 | won: False 
#   21 | steps:  5170 | steps_t:  4049 | t: 306.202808 | r:  2200.000000 | e:   0.919020 | Q: 198.334503 | won: True 
#   22 | steps:  5439 | steps_t:  4276 | t: 323.047429 | r:  -850.000000 | e:   0.914480 | Q: 190.488785 | won: False 
#   23 | steps:  5607 | steps_t:  4402 | t: 333.137691 | r:  -180.000000 | e:   0.911960 | Q: 248.315674 | won: False 
#   24 | steps:  5823 | steps_t:  4562 | t: 345.545616 | r: -1190.000000 | e:   0.908760 | Q: 150.456360 | won: False 
#   25 | steps:  6096 | steps_t:  4790 | t: 362.056820 | r:   130.000000 | e:   0.904200 | Q: 732.522461 | won: False 
#   26 | steps:  6311 | steps_t:  4954 | t: 374.444410 | r:  -740.000000 | e:   0.900920 | Q: 256.390839 | won: False 
#   27 | steps:  6612 | steps_t:  5200 | t: 393.955564 | r:  2590.000000 | e:   0.896000 | Q: 410.794037 | won: True 
#   28 | steps:  6832 | steps_t:  5364 | t: 406.030186 | r:  -540.000000 | e:   0.892720 | Q: 294.795715 | won: False 
#   29 | steps:  7049 | steps_t:  5531 | t: 419.070164 | r:  -340.000000 | e:   0.889380 | Q: 390.250458 | won: False 
#   30 | steps:  7350 | steps_t:  5778 | t: 437.831131 | r:  2580.000000 | e:   0.884440 | Q: 258.948120 | won: True 
#   31 | steps:  7570 | steps_t:  5944 | t: 451.358913 | r: -1950.000000 | e:   0.881120 | Q: 296.759644 | won: False 
#   32 | steps:  7742 | steps_t:  6071 | t: 461.647106 | r:  -610.000000 | e:   0.878580 | Q: 770.385132 | won: False 
#   33 | steps:  7959 | steps_t:  6237 | t: 473.352777 | r:  -780.000000 | e:   0.875260 | Q: 681.218079 | won: False 
#   34 | steps:  8249 | steps_t:  6485 | t: 492.478220 | r:  -750.000000 | e:   0.870300 | Q: 689.644836 | won: False 
#   35 | steps:  8468 | steps_t:  6654 | t: 506.017847 | r:  -630.000000 | e:   0.866920 | Q: 1345.116821 | won: False 
#   36 | steps:  8743 | steps_t:  6884 | t: 523.386393 | r:   110.000000 | e:   0.862320 | Q: 468.833649 | won: False 
#   37 | steps:  8915 | steps_t:  7015 | t: 533.058361 | r:   -90.000000 | e:   0.859700 | Q:  45.943756 | won: False 
#   38 | steps:  9083 | steps_t:  7138 | t: 541.726653 | r:  -830.000000 | e:   0.857240 | Q: 111.860489 | won: False 
#   39 | steps:  9384 | steps_t:  7394 | t: 562.526090 | r:   500.000000 | e:   0.852120 | Q: 123.589890 | won: False 
#   40 | steps:  9552 | steps_t:  7521 | t: 570.885650 | r:  -190.000000 | e:   0.849580 | Q: 109.274139 | won: False 
#   41 | steps:  9853 | steps_t:  7781 | t: 592.060345 | r:  1250.000000 | e:   0.844380 | Q: 101.544395 | won: True 
#   42 | steps: 10021 | steps_t:  7907 | t: 602.148978 | r:  -710.000000 | e:   0.841860 | Q:  83.786568 | won: False 
#   43 | steps: 10238 | steps_t:  8070 | t: 614.147039 | r:  -960.000000 | e:   0.838600 | Q:  97.305466 | won: False 
#   44 | steps: 10539 | steps_t:  8317 | t: 632.774647 | r:  1860.000000 | e:   0.833660 | Q: 112.476913 | won: True 
#   45 | steps: 10840 | steps_t:  8567 | t: 652.272711 | r:  1980.000000 | e:   0.828660 | Q: 106.210571 | won: True 
#   46 | steps: 11008 | steps_t:  8694 | t: 662.552772 | r:  -450.000000 | e:   0.826120 | Q:  97.052002 | won: False 
#   47 | steps: 11309 | steps_t:  8953 | t: 683.880203 | r:  2640.000000 | e:   0.820940 | Q: 107.465492 | won: True 
#   48 | steps: 11477 | steps_t:  9079 | t: 693.463657 | r:  -350.000000 | e:   0.818420 | Q: 106.068787 | won: False 
#   49 | steps: 11778 | steps_t:  9324 | t: 712.340327 | r:  2800.000000 | e:   0.813520 | Q:  97.664886 | won: True 
#   50 | steps: 12079 | steps_t:  9584 | t: 732.945980 | r:  3260.000000 | e:   0.808320 | Q:  96.693665 | won: True 
#   51 | steps: 12247 | steps_t:  9711 | t: 742.150138 | r:   -90.000000 | e:   0.805780 | Q: 111.683617 | won: False 
#   52 | steps: 12548 | steps_t:  9962 | t: 763.544514 | r:   600.000000 | e:   0.800760 | Q:  99.855713 | won: True 
#   53 | steps: 12716 | steps_t: 10089 | t: 772.233901 | r:  -650.000000 | e:   0.798220 | Q: 116.347496 | won: False 
#   54 | steps: 12981 | steps_t: 10300 | t: 787.298683 | r:  -450.000000 | e:   0.794000 | Q: 145.993011 | won: False 
#   55 | steps: 13198 | steps_t: 10466 | t: 799.238802 | r: -1020.000000 | e:   0.790680 | Q: 215.514923 | won: False 
#   56 | steps: 13499 | steps_t: 10722 | t: 820.477307 | r:  3070.000000 | e:   0.785560 | Q: 226.005249 | won: True 
#   57 | steps: 13761 | steps_t: 10943 | t: 835.421708 | r:   150.000000 | e:   0.781140 | Q: 230.195572 | won: False 
#   58 | steps: 14062 | steps_t: 11199 | t: 853.802794 | r:  2600.000000 | e:   0.776020 | Q: 176.163528 | won: True 
#   59 | steps: 14363 | steps_t: 11458 | t: 874.540482 | r:   880.000000 | e:   0.770840 | Q: 153.743256 | won: False 
#   60 | steps: 14579 | steps_t: 11618 | t: 886.687244 | r:  -440.000000 | e:   0.767640 | Q: 126.689697 | won: False 
#   61 | steps: 14876 | steps_t: 11860 | t: 906.242977 | r:  -610.000000 | e:   0.762800 | Q: 112.018738 | won: False 
#   62 | steps: 15140 | steps_t: 12073 | t: 922.459185 | r: -1200.000000 | e:   0.758540 | Q: 116.835518 | won: False 
#   63 | steps: 15406 | steps_t: 12298 | t: 939.593730 | r:    70.000000 | e:   0.754040 | Q: 109.000778 | won: False 
#   64 | steps: 15707 | steps_t: 12548 | t: 962.278532 | r:  3050.000000 | e:   0.749040 | Q: 119.444511 | won: True 
#   65 | steps: 16008 | steps_t: 12798 | t: 982.898163 | r:  2020.000000 | e:   0.744040 | Q: 122.786743 | won: True 
#   66 | steps: 16309 | steps_t: 13043 | t: 1004.273647 | r:  3280.000000 | e:   0.739140 | Q: 132.352325 | won: True 
#   67 | steps: 16530 | steps_t: 13209 | t: 1017.655604 | r: -1150.000000 | e:   0.735820 | Q: 126.340332 | won: False 
#   68 | steps: 16701 | steps_t: 13338 | t: 1027.590701 | r:  -760.000000 | e:   0.733240 | Q: 126.945511 | won: False 
#   69 | steps: 16869 | steps_t: 13465 | t: 1036.400562 | r:     0.000000 | e:   0.730700 | Q: 135.597488 | won: False 
#   70 | steps: 17170 | steps_t: 13724 | t: 1057.751146 | r:  3520.000000 | e:   0.725520 | Q: 146.480316 | won: True 
#   71 | steps: 17471 | steps_t: 13974 | t: 1078.903942 | r:  2800.000000 | e:   0.720520 | Q: 105.383308 | won: True 
#   72 | steps: 17772 | steps_t: 14230 | t: 1099.195146 | r:  3600.000000 | e:   0.715400 | Q: 112.789352 | won: True 
#   73 | steps: 17989 | steps_t: 14397 | t: 1111.439466 | r:  -760.000000 | e:   0.712060 | Q: 114.450134 | won: False 
#   74 | steps: 18159 | steps_t: 14526 | t: 1121.296050 | r:  -500.000000 | e:   0.709480 | Q: 122.085297 | won: False 
#   75 | steps: 18327 | steps_t: 14652 | t: 1131.092835 | r:  -170.000000 | e:   0.706960 | Q: 133.034882 | won: False 
#   76 | steps: 18628 | steps_t: 14903 | t: 1149.562898 | r:  1210.000000 | e:   0.701940 | Q: 117.952911 | won: True 
#   77 | steps: 18929 | steps_t: 15150 | t: 1171.034011 | r:  2380.000000 | e:   0.697000 | Q: 126.456192 | won: True 
#   78 | steps: 19145 | steps_t: 15312 | t: 1183.387760 | r:  -420.000000 | e:   0.693760 | Q: 127.849030 | won: False 
#   79 | steps: 19365 | steps_t: 15481 | t: 1197.494460 | r:  -810.000000 | e:   0.690380 | Q: 142.023987 | won: False 
#   80 | steps: 19666 | steps_t: 15732 | t: 1217.859118 | r:  3210.000000 | e:   0.685360 | Q: 133.522858 | won: True 
#   81 | steps: 19930 | steps_t: 15942 | t: 1234.802185 | r: -1210.000000 | e:   0.681160 | Q: 107.907906 | won: False 
#   82 | steps: 20231 | steps_t: 16192 | t: 1252.341503 | r:  2840.000000 | e:   0.676160 | Q: 146.431396 | won: True 
#   83 | steps: 20449 | steps_t: 16354 | t: 1264.019937 | r: -1020.000000 | e:   0.672920 | Q: 136.760727 | won: False 
#   84 | steps: 20664 | steps_t: 16518 | t: 1276.394936 | r: -1200.000000 | e:   0.669640 | Q: 148.074371 | won: False 
#   85 | steps: 20965 | steps_t: 16774 | t: 1294.883343 | r:  3160.000000 | e:   0.664520 | Q: 145.295746 | won: True 
#   86 | steps: 21182 | steps_t: 16941 | t: 1308.356670 | r:  -530.000000 | e:   0.661180 | Q: 146.909760 | won: False 
#   87 | steps: 21434 | steps_t: 17152 | t: 1324.800391 | r:   280.000000 | e:   0.656960 | Q: 139.746368 | won: False 
#   88 | steps: 21735 | steps_t: 17399 | t: 1344.005072 | r:  1860.000000 | e:   0.652020 | Q: 138.989685 | won: True 
#   89 | steps: 22033 | steps_t: 17642 | t: 1362.807367 | r:  -720.000000 | e:   0.647160 | Q: 134.872955 | won: False 
#   90 | steps: 22301 | steps_t: 17869 | t: 1378.973180 | r:   540.000000 | e:   0.642620 | Q: 122.021378 | won: False 
#   91 | steps: 22516 | steps_t: 18033 | t: 1391.120298 | r:  -400.000000 | e:   0.639340 | Q: 126.186829 | won: False 
#   92 | steps: 22731 | steps_t: 18198 | t: 1402.351744 | r: -1080.000000 | e:   0.636040 | Q: 119.104958 | won: False 
#   93 | steps: 22951 | steps_t: 18363 | t: 1414.266359 | r: -1080.000000 | e:   0.632740 | Q: 128.950607 | won: False 
#   94 | steps: 23170 | steps_t: 18531 | t: 1426.992114 | r:  -680.000000 | e:   0.629380 | Q: 142.095551 | won: False 
#   95 | steps: 23389 | steps_t: 18700 | t: 1440.867553 | r:  -270.000000 | e:   0.626000 | Q: 127.010880 | won: False 
#   96 | steps: 23605 | steps_t: 18862 | t: 1454.343509 | r: -1420.000000 | e:   0.622760 | Q: 126.189552 | won: False 
#   97 | steps: 23773 | steps_t: 18989 | t: 1464.018887 | r:  -940.000000 | e:   0.620220 | Q: 124.934532 | won: False 
#   98 | steps: 23989 | steps_t: 19150 | t: 1477.386570 | r:  -880.000000 | e:   0.617000 | Q: 137.237335 | won: False 
#   99 | steps: 24255 | steps_t: 19360 | t: 1494.431627 | r: -1050.000000 | e:   0.612800 | Q: 132.274673 | won: False 
#  100 | steps: 24514 | steps_t: 19564 | t: 1508.846737 | r:  -910.000000 | e:   0.608720 | Q: 132.260635 | won: False 
#  101 | steps: 24773 | steps_t: 19778 | t: 1524.377595 | r:   400.000000 | e:   0.604440 | Q: 131.106033 | won: False 
#  102 | steps: 24989 | steps_t: 19944 | t: 1537.548497 | r:  -850.000000 | e:   0.601120 | Q: 131.065155 | won: False 
#  103 | steps: 25161 | steps_t: 20075 | t: 1547.533752 | r:  -330.000000 | e:   0.598500 | Q: 131.182709 | won: False 
#  104 | steps: 25419 | steps_t: 20292 | t: 1564.370851 | r:   500.000000 | e:   0.594160 | Q: 133.989807 | won: False 
#  105 | steps: 25720 | steps_t: 20537 | t: 1584.172302 | r:  3040.000000 | e:   0.589260 | Q: 135.756180 | won: True 
#  106 | steps: 25888 | steps_t: 20663 | t: 1595.160431 | r:    60.000000 | e:   0.586740 | Q: 167.766846 | won: False 
#  107 | steps: 26104 | steps_t: 20825 | t: 1607.628932 | r:  -700.000000 | e:   0.583500 | Q: 157.869278 | won: False 
#  108 | steps: 26324 | steps_t: 20991 | t: 1620.633206 | r:  -990.000000 | e:   0.580180 | Q: 135.959915 | won: False 
#  109 | steps: 26494 | steps_t: 21116 | t: 1629.463883 | r:  -170.000000 | e:   0.577680 | Q: 148.080948 | won: False 
#  110 | steps: 26754 | steps_t: 21335 | t: 1644.952344 | r:  -220.000000 | e:   0.573300 | Q: 124.972115 | won: False 
#  111 | steps: 27048 | steps_t: 21579 | t: 1664.505237 | r:   240.000000 | e:   0.568420 | Q: 125.953506 | won: False 
#  112 | steps: 27349 | steps_t: 21825 | t: 1684.133546 | r:  2890.000000 | e:   0.563500 | Q: 123.817604 | won: True 
#  113 | steps: 27623 | steps_t: 22045 | t: 1701.885610 | r:   -50.000000 | e:   0.559100 | Q: 133.740768 | won: False 
#  114 | steps: 27838 | steps_t: 22210 | t: 1715.291377 | r:  -500.000000 | e:   0.555800 | Q: 131.417633 | won: False 
#  115 | steps: 28139 | steps_t: 22455 | t: 1734.953197 | r:  3520.000000 | e:   0.550900 | Q: 124.796104 | won: True 
#  116 | steps: 28307 | steps_t: 22581 | t: 1743.725568 | r:   -60.000000 | e:   0.548380 | Q: 120.666916 | won: False 
#  117 | steps: 28560 | steps_t: 22793 | t: 1759.988035 | r:  -490.000000 | e:   0.544140 | Q: 117.224854 | won: False 
#  118 | steps: 28775 | steps_t: 22957 | t: 1771.067928 | r:  -830.000000 | e:   0.540860 | Q: 122.975769 | won: False 
#  119 | steps: 28991 | steps_t: 23118 | t: 1784.082489 | r:  -850.000000 | e:   0.537640 | Q: 117.040726 | won: False 
#  120 | steps: 29206 | steps_t: 23283 | t: 1796.259355 | r:  -220.000000 | e:   0.534340 | Q:  95.354988 | won: False 
#  121 | steps: 29504 | steps_t: 23526 | t: 1814.750427 | r:  -100.000000 | e:   0.529480 | Q:  90.424759 | won: False 
#  122 | steps: 29720 | steps_t: 23688 | t: 1829.340834 | r:  -560.000000 | e:   0.526240 | Q:  89.080208 | won: False 
#  123 | steps: 30021 | steps_t: 23938 | t: 1851.102749 | r:  2900.000000 | e:   0.521240 | Q:  91.481682 | won: True 
#  124 | steps: 30240 | steps_t: 24107 | t: 1864.525131 | r:  -120.000000 | e:   0.517860 | Q:  81.458313 | won: False 
#  125 | steps: 30412 | steps_t: 24237 | t: 1874.557613 | r:  -860.000000 | e:   0.515260 | Q:  76.462547 | won: False 
#  126 | steps: 30580 | steps_t: 24360 | t: 1883.396185 | r:    60.000000 | e:   0.512800 | Q:  77.232063 | won: False 
#  127 | steps: 30800 | steps_t: 24525 | t: 1894.849933 | r:  -480.000000 | e:   0.509500 | Q:  88.013000 | won: False 
#  128 | steps: 30968 | steps_t: 24651 | t: 1903.100910 | r:  -470.000000 | e:   0.506980 | Q:  95.832184 | won: False 
#  129 | steps: 31185 | steps_t: 24817 | t: 1915.625723 | r: -1180.000000 | e:   0.503660 | Q: 102.390175 | won: False 
#  130 | steps: 31486 | steps_t: 25064 | t: 1934.106052 | r:  1650.000000 | e:   0.498720 | Q:  99.885979 | won: True 
#  131 | steps: 31658 | steps_t: 25195 | t: 1945.592406 | r:  -570.000000 | e:   0.496100 | Q:  94.371101 | won: False 
#  132 | steps: 31959 | steps_t: 25440 | t: 1966.956214 | r:  1920.000000 | e:   0.491200 | Q:  94.456459 | won: True 
#  133 | steps: 32129 | steps_t: 25568 | t: 1977.833087 | r:   180.000000 | e:   0.488640 | Q:  76.351067 | won: False 
#  134 | steps: 32371 | steps_t: 25769 | t: 1993.205663 | r:  -110.000000 | e:   0.484620 | Q:  89.368156 | won: False 
#  135 | steps: 32672 | steps_t: 26025 | t: 2012.268735 | r:  3660.000000 | e:   0.479500 | Q:  92.093529 | won: True 
#  136 | steps: 32973 | steps_t: 26272 | t: 2030.748274 | r:  2670.000000 | e:   0.474560 | Q:  68.551727 | won: True 
#  137 | steps: 33274 | steps_t: 26532 | t: 2048.646250 | r:  3740.000000 | e:   0.469360 | Q:  66.282433 | won: True 
#  138 | steps: 33490 | steps_t: 26694 | t: 2060.846169 | r:  -460.000000 | e:   0.466120 | Q:  72.604507 | won: False 
#  139 | steps: 33710 | steps_t: 26859 | t: 2073.030571 | r:  -330.000000 | e:   0.462820 | Q:  78.921173 | won: False 
#  140 | steps: 34011 | steps_t: 27104 | t: 2094.321617 | r:  2340.000000 | e:   0.457920 | Q:  79.176682 | won: True 
#  141 | steps: 34226 | steps_t: 27268 | t: 2108.111556 | r:  -220.000000 | e:   0.454640 | Q:  77.942558 | won: False 
#  142 | steps: 34444 | steps_t: 27431 | t: 2120.970701 | r:  -370.000000 | e:   0.451380 | Q:  87.839684 | won: False 
#  143 | steps: 34659 | steps_t: 27596 | t: 2133.544920 | r:  -600.000000 | e:   0.448080 | Q:  86.401970 | won: False 
#  144 | steps: 34960 | steps_t: 27842 | t: 2152.487972 | r:  1920.000000 | e:   0.443160 | Q:  85.972267 | won: True 
#  145 | steps: 35128 | steps_t: 27969 | t: 2161.816829 | r:  -410.000000 | e:   0.440620 | Q:  83.870010 | won: False 
#  146 | steps: 35389 | steps_t: 28185 | t: 2176.573578 | r:    10.000000 | e:   0.436300 | Q:  92.192978 | won: False 
#  147 | steps: 35607 | steps_t: 28347 | t: 2190.686493 | r: -1340.000000 | e:   0.433060 | Q:  89.307503 | won: False 
#  148 | steps: 35775 | steps_t: 28473 | t: 2200.587747 | r:    20.000000 | e:   0.430540 | Q:  89.410706 | won: False 
#  149 | steps: 35945 | steps_t: 28598 | t: 2210.623005 | r:    20.000000 | e:   0.428040 | Q:  86.318558 | won: False 
#  150 | steps: 36246 | steps_t: 28858 | t: 2233.740099 | r:  3660.000000 | e:   0.422840 | Q:  87.925552 | won: True 
#  151 | steps: 36461 | steps_t: 29023 | t: 2247.434343 | r: -1110.000000 | e:   0.419540 | Q:  81.329384 | won: False 
#  152 | steps: 36676 | steps_t: 29188 | t: 2261.419970 | r: -1040.000000 | e:   0.416240 | Q:  89.550278 | won: False 
#  153 | steps: 36977 | steps_t: 29438 | t: 2282.240820 | r:  1890.000000 | e:   0.411240 | Q:  86.317039 | won: True 
#  154 | steps: 37245 | steps_t: 29665 | t: 2298.921101 | r:   580.000000 | e:   0.406700 | Q:  67.805885 | won: False 
#  155 | steps: 37463 | steps_t: 29827 | t: 2311.498242 | r:  -210.000000 | e:   0.403460 | Q:  76.750244 | won: False 
#  156 | steps: 37764 | steps_t: 30078 | t: 2331.160955 | r:  2960.000000 | e:   0.398440 | Q:  86.449188 | won: True 
#  157 | steps: 37983 | steps_t: 30246 | t: 2346.331739 | r:  -470.000000 | e:   0.395080 | Q:  94.070732 | won: False 
#  158 | steps: 38284 | steps_t: 30491 | t: 2369.537244 | r:  2070.000000 | e:   0.390180 | Q: 105.724152 | won: True 
#  159 | steps: 38500 | steps_t: 30652 | t: 2381.462947 | r: -1410.000000 | e:   0.386960 | Q: 108.944321 | won: False 
#  160 | steps: 38754 | steps_t: 30864 | t: 2397.806467 | r:   520.000000 | e:   0.382720 | Q: 108.408401 | won: False 
#  161 | steps: 39007 | steps_t: 31072 | t: 2413.376756 | r:   300.000000 | e:   0.378560 | Q: 100.772385 | won: False 
#  162 | steps: 39222 | steps_t: 31237 | t: 2425.125247 | r: -1120.000000 | e:   0.375260 | Q:  98.830620 | won: False 
#  163 | steps: 39441 | steps_t: 31405 | t: 2436.679142 | r:  -590.000000 | e:   0.371900 | Q: 110.509697 | won: False 
#  164 | steps: 39660 | steps_t: 31573 | t: 2450.107691 | r:  -180.000000 | e:   0.368540 | Q: 122.786865 | won: False 
#  165 | steps: 39880 | steps_t: 31737 | t: 2463.343955 | r:  -200.000000 | e:   0.365260 | Q: 126.756683 | won: False 
#  166 | steps: 40181 | steps_t: 31997 | t: 2486.101031 | r:  3440.000000 | e:   0.360060 | Q: 131.939209 | won: True 
#  167 | steps: 40482 | steps_t: 32248 | t: 2505.133375 | r:  3360.000000 | e:   0.355040 | Q: 124.041336 | won: True 
#  168 | steps: 40698 | steps_t: 32408 | t: 2518.117763 | r:  -380.000000 | e:   0.351840 | Q: 129.338211 | won: False 
#  169 | steps: 40870 | steps_t: 32535 | t: 2527.805737 | r:   -40.000000 | e:   0.349300 | Q: 119.026001 | won: False 
#  170 | steps: 41085 | steps_t: 32700 | t: 2539.351944 | r:  -900.000000 | e:   0.346000 | Q: 110.132866 | won: False 
#  171 | steps: 41305 | steps_t: 32864 | t: 2551.873752 | r: -1430.000000 | e:   0.342720 | Q: 102.051025 | won: False 
#  172 | steps: 41522 | steps_t: 33031 | t: 2565.849595 | r:  -310.000000 | e:   0.339380 | Q:  89.599632 | won: False 
#  173 | steps: 41823 | steps_t: 33291 | t: 2586.039246 | r:  3700.000000 | e:   0.334180 | Q:  88.985352 | won: True 
#  174 | steps: 42038 | steps_t: 33455 | t: 2600.001072 | r:  -520.000000 | e:   0.330900 | Q:  88.979462 | won: False 
#  175 | steps: 42339 | steps_t: 33711 | t: 2623.064187 | r:  3780.000000 | e:   0.325780 | Q:  84.699852 | won: True 
#  176 | steps: 42554 | steps_t: 33875 | t: 2635.040738 | r:  -260.000000 | e:   0.322500 | Q:  90.797058 | won: False 
#  177 | steps: 42770 | steps_t: 34036 | t: 2647.044927 | r:  -140.000000 | e:   0.319280 | Q:  88.355927 | won: False 
#  178 | steps: 42968 | steps_t: 34192 | t: 2659.580163 | r:   120.000000 | e:   0.316160 | Q:  77.673058 | won: False 
#  179 | steps: 43269 | steps_t: 34451 | t: 2677.431217 | r:  2630.000000 | e:   0.310980 | Q:  80.376549 | won: True 
#  180 | steps: 43485 | steps_t: 34612 | t: 2689.590952 | r:  -860.000000 | e:   0.307760 | Q:  83.245483 | won: False 
#  181 | steps: 43702 | steps_t: 34779 | t: 2703.268014 | r:  -190.000000 | e:   0.304420 | Q:  88.500717 | won: False 
#  182 | steps: 43918 | steps_t: 34940 | t: 2716.836518 | r:  -280.000000 | e:   0.301200 | Q: 104.796104 | won: False 
#  183 | steps: 44219 | steps_t: 35190 | t: 2740.727703 | r:  1520.000000 | e:   0.296200 | Q: 114.927231 | won: True 
#  184 | steps: 44520 | steps_t: 35450 | t: 2761.284216 | r:  3740.000000 | e:   0.291000 | Q: 110.640968 | won: True 
#  185 | steps: 44821 | steps_t: 35710 | t: 2780.982508 | r:  3330.000000 | e:   0.285800 | Q: 111.287521 | won: True 
#  186 | steps: 45037 | steps_t: 35872 | t: 2793.400779 | r:  -100.000000 | e:   0.282560 | Q: 110.131386 | won: False 
#  187 | steps: 45338 | steps_t: 36131 | t: 2811.606173 | r:  3820.000000 | e:   0.277380 | Q: 102.958885 | won: True 
#  188 | steps: 45639 | steps_t: 36391 | t: 2832.066481 | r:  3880.000000 | e:   0.272180 | Q: 112.840126 | won: True 
#  189 | steps: 45809 | steps_t: 36519 | t: 2842.322257 | r:   190.000000 | e:   0.269620 | Q: 110.212250 | won: False 
#  190 | steps: 46110 | steps_t: 36775 | t: 2863.587866 | r:  3720.000000 | e:   0.264500 | Q: 113.584579 | won: True 
#  191 | steps: 46411 | steps_t: 37020 | t: 2897.440541 | r:  3170.000000 | e:   0.259600 | Q: 110.121681 | won: True 
#  192 | steps: 46581 | steps_t: 37145 | t: 2915.370913 | r:  -200.000000 | e:   0.257100 | Q: 103.486496 | won: False 
#  193 | steps: 46751 | steps_t: 37273 | t: 2932.558640 | r:    30.000000 | e:   0.254540 | Q: 104.325119 | won: False 
#  194 | steps: 47017 | steps_t: 37498 | t: 2963.143059 | r:  -270.000000 | e:   0.250040 | Q:  99.032852 | won: False 
#  195 | steps: 47236 | steps_t: 37666 | t: 2990.126588 | r:   -20.000000 | e:   0.246680 | Q: 103.109467 | won: False 
#  196 | steps: 47537 | steps_t: 37925 | t: 3024.569654 | r:  3820.000000 | e:   0.241500 | Q: 105.502182 | won: True 
#  197 | steps: 47757 | steps_t: 38091 | t: 3048.034181 | r: -1040.000000 | e:   0.238180 | Q: 102.119339 | won: False 
#  198 | steps: 47929 | steps_t: 38222 | t: 3068.849114 | r:   360.000000 | e:   0.235560 | Q: 109.638817 | won: False 
#  199 | steps: 48230 | steps_t: 38478 | t: 3103.819232 | r:  3720.000000 | e:   0.230440 | Q: 109.013718 | won: True 
#  200 | steps: 48531 | steps_t: 38723 | t: 3139.436010 | r:  2980.000000 | e:   0.225540 | Q: 122.036278 | won: True 
