#    1 | steps:   216 | steps_t:   115 | t: 11.209819 | r: -13860.000000 | e:   0.997700 | Q:   0.115687 | won: False 
#    2 | steps:   384 | steps_t:   238 | t: 21.531289 | r: -5220.000000 | e:   0.995240 | Q:        nan | won: False 
#    3 | steps:   685 | steps_t:   485 | t: 42.098439 | r: -11200.000000 | e:   0.990300 | Q: -515.789734 | won: True 
#    4 | steps:   904 | steps_t:   654 | t: 55.063818 | r: -5060.000000 | e:   0.986920 | Q: -488.174347 | won: False 
#    5 | steps:  1076 | steps_t:   781 | t: 64.738603 | r: -5820.000000 | e:   0.984380 | Q: -277.122223 | won: False 
#    6 | steps:  1377 | steps_t:  1028 | t: 83.124880 | r: -9380.000000 | e:   0.979440 | Q: -292.654846 | won: True 
#    7 | steps:  1678 | steps_t:  1275 | t: 103.060743 | r: -7260.000000 | e:   0.974500 | Q: -230.066742 | won: True 
#    8 | steps:  1894 | steps_t:  1437 | t: 115.878419 | r: -15020.000000 | e:   0.971260 | Q: -277.114105 | won: False 
#    9 | steps:  2195 | steps_t:  1684 | t: 135.630098 | r: -8740.000000 | e:   0.966320 | Q:        nan | won: True 
#   10 | steps:  2496 | steps_t:  1935 | t: 155.912185 | r: -8440.000000 | e:   0.961300 | Q: -66.127823 | won: True 
#   11 | steps:  2797 | steps_t:  2195 | t: 176.670005 | r: -6380.000000 | e:   0.956100 | Q: -16.603601 | won: True 
#   12 | steps:  3097 | steps_t:  2453 | t: 197.493206 | r: -14580.000000 | e:   0.950940 | Q:  -3.257228 | won: False 
#   13 | steps:  3372 | steps_t:  2683 | t: 216.029347 | r: -15760.000000 | e:   0.946340 | Q:  -3.017925 | won: False 
#   14 | steps:  3588 | steps_t:  2844 | t: 229.089101 | r: -5840.000000 | e:   0.943120 | Q: -26.679966 | won: False 
#   15 | steps:  3889 | steps_t:  3104 | t: 251.278363 | r: -4240.000000 | e:   0.937920 | Q:  -2.421673 | won: True 
#   16 | steps:  4106 | steps_t:  3266 | t: 263.710808 | r: -7120.000000 | e:   0.934680 | Q:  -2.269790 | won: False 
#   17 | steps:  4407 | steps_t:  3513 | t: 282.548276 | r: -3800.000000 | e:   0.929740 | Q:  -2.085808 | won: True 
#   18 | steps:  4627 | steps_t:  3678 | t: 296.326870 | r: -10640.000000 | e:   0.926440 | Q:  -1.899783 | won: False 
#   19 | steps:  4798 | steps_t:  3804 | t: 307.484922 | r: -4860.000000 | e:   0.923920 | Q: -24.800585 | won: False 
#   20 | steps:  5024 | steps_t:  3976 | t: 322.310187 | r: -8620.000000 | e:   0.920480 | Q: -123.583298 | won: False 
#   21 | steps:  5325 | steps_t:  4222 | t: 341.958370 | r: -6100.000000 | e:   0.915560 | Q:  -1.146231 | won: True 
#   22 | steps:  5626 | steps_t:  4467 | t: 361.943428 | r: -14440.000000 | e:   0.910660 | Q: -11.919620 | won: True 
#   23 | steps:  5841 | steps_t:  4632 | t: 375.705311 | r: -10100.000000 | e:   0.907360 | Q:  -0.984871 | won: False 
#   24 | steps:  6009 | steps_t:  4755 | t: 384.816011 | r: -2380.000000 | e:   0.904900 | Q:        nan | won: False 
#   25 | steps:  6310 | steps_t:  5015 | t: 405.004905 | r: -4720.000000 | e:   0.899700 | Q:  -1.595111 | won: True 
#   26 | steps:  6611 | steps_t:  5266 | t: 424.937427 | r: -7040.000000 | e:   0.894680 | Q:  -0.437773 | won: True 
#   27 | steps:  6865 | steps_t:  5479 | t: 443.521371 | r: -7660.000000 | e:   0.890420 | Q:  -0.766408 | won: False 
#   28 | steps:  7080 | steps_t:  5643 | t: 456.663743 | r: -6240.000000 | e:   0.887140 | Q:  -0.792885 | won: False 
#   29 | steps:  7248 | steps_t:  5769 | t: 466.433047 | r: -4580.000000 | e:   0.884620 | Q:  -0.735800 | won: False 
#   30 | steps:  7549 | steps_t:  6028 | t: 487.797852 | r: -8040.000000 | e:   0.879440 | Q:  -2.314953 | won: False 
#   31 | steps:  7764 | steps_t:  6193 | t: 501.240939 | r: -6800.000000 | e:   0.876140 | Q:  -0.656487 | won: False 
#   32 | steps:  7981 | steps_t:  6359 | t: 513.604239 | r: -8140.000000 | e:   0.872820 | Q:  -0.512740 | won: False 
#   33 | steps:  8268 | steps_t:  6591 | t: 532.177664 | r: -9960.000000 | e:   0.868180 | Q:  -0.813844 | won: False 
#   34 | steps:  8546 | steps_t:  6813 | t: 550.644964 | r: -8600.000000 | e:   0.863740 | Q:  -1.671922 | won: False 
#   35 | steps:  8767 | steps_t:  6979 | t: 564.859608 | r: -9660.000000 | e:   0.860420 | Q:  -2.015074 | won: False 
#   36 | steps:  9068 | steps_t:  7224 | t: 585.162947 | r: -4940.000000 | e:   0.855520 | Q:  -1.673389 | won: True 
#   37 | steps:  9369 | steps_t:  7474 | t: 606.064301 | r: -10540.000000 | e:   0.850520 | Q:  -4.126192 | won: True 
#   38 | steps:  9541 | steps_t:  7605 | t: 615.540645 | r: -4700.000000 | e:   0.847900 | Q:  -1.100688 | won: False 
#   39 | steps:  9709 | steps_t:  7732 | t: 624.639214 | r: -3700.000000 | e:   0.845360 | Q:  -1.087413 | won: False 
#   40 | steps:  9927 | steps_t:  7896 | t: 637.469587 | r: -9020.000000 | e:   0.842080 | Q:  -2.726131 | won: False 
#   41 | steps: 10145 | steps_t:  8059 | t: 650.040390 | r: -9120.000000 | e:   0.838820 | Q: -47.280132 | won: False 
#   42 | steps: 10404 | steps_t:  8264 | t: 667.707977 | r: -12100.000000 | e:   0.834720 | Q: -68.017952 | won: False 
#   43 | steps: 10619 | steps_t:  8428 | t: 680.613031 | r: -6620.000000 | e:   0.831440 | Q:   1.394323 | won: False 
#   44 | steps: 10916 | steps_t:  8675 | t: 700.607246 | r: -11000.000000 | e:   0.826500 | Q:  -0.570497 | won: False 
#   45 | steps: 11131 | steps_t:  8839 | t: 713.601404 | r: -7060.000000 | e:   0.823220 | Q: -42.803703 | won: False 
#   46 | steps: 11432 | steps_t:  9086 | t: 733.710444 | r: -6820.000000 | e:   0.818280 | Q:  -4.276770 | won: True 
#   47 | steps: 11733 | steps_t:  9346 | t: 754.830114 | r: -4260.000000 | e:   0.813080 | Q:  -4.594810 | won: True 
#   48 | steps: 12034 | steps_t:  9597 | t: 774.418482 | r: -5300.000000 | e:   0.808060 | Q:  -4.588031 | won: True 
#   49 | steps: 12202 | steps_t:  9723 | t: 783.635579 | r: -2500.000000 | e:   0.805540 | Q:  -4.755416 | won: False 
#   50 | steps: 12503 | steps_t:  9973 | t: 803.979378 | r: -4140.000000 | e:   0.800540 | Q:  -4.490739 | won: True 
#   51 | steps: 12804 | steps_t: 10218 | t: 823.238117 | r: -6100.000000 | e:   0.795640 | Q:  -4.594063 | won: True 
#   52 | steps: 12972 | steps_t: 10345 | t: 832.872547 | r: -4760.000000 | e:   0.793100 | Q:  -4.475310 | won: False 
#   53 | steps: 13140 | steps_t: 10471 | t: 842.561454 | r: -2900.000000 | e:   0.790580 | Q:  -4.269199 | won: False 
#   54 | steps: 13441 | steps_t: 10731 | t: 864.491848 | r: -5140.000000 | e:   0.785380 | Q:  -3.607647 | won: True 
#   55 | steps: 13703 | steps_t: 10951 | t: 880.762222 | r: -8920.000000 | e:   0.780980 | Q:  -3.704421 | won: False 
#   56 | steps: 13924 | steps_t: 11118 | t: 892.770425 | r: -6600.000000 | e:   0.777640 | Q:  -4.221947 | won: False 
#   57 | steps: 14142 | steps_t: 11282 | t: 905.486309 | r: -11700.000000 | e:   0.774360 | Q: -106.481812 | won: False 
#   58 | steps: 14443 | steps_t: 11538 | t: 927.290319 | r: -6560.000000 | e:   0.769240 | Q:  -1.781710 | won: True 
#   59 | steps: 14611 | steps_t: 11664 | t: 937.579719 | r: -2500.000000 | e:   0.766720 | Q:  -4.293891 | won: False 
#   60 | steps: 14912 | steps_t: 11915 | t: 956.570124 | r: -4400.000000 | e:   0.761700 | Q:  -3.588065 | won: True 
#   61 | steps: 15213 | steps_t: 12174 | t: 978.535713 | r: -2860.000000 | e:   0.756520 | Q:   0.777195 | won: True 
#   62 | steps: 15383 | steps_t: 12303 | t: 988.447551 | r: -6460.000000 | e:   0.753940 | Q:  -0.139971 | won: False 
#   63 | steps: 15627 | steps_t: 12505 | t: 1005.458119 | r: -7500.000000 | e:   0.749900 | Q:  -3.519693 | won: False 
#   64 | steps: 15797 | steps_t: 12633 | t: 1014.763089 | r: -2700.000000 | e:   0.747340 | Q:  -3.338723 | won: False 
#   65 | steps: 16098 | steps_t: 12880 | t: 1035.883452 | r: -8040.000000 | e:   0.742400 | Q:  -1.238732 | won: False 
#   66 | steps: 16399 | steps_t: 13127 | t: 1055.338896 | r: -4540.000000 | e:   0.737460 | Q:   6.641913 | won: True 
#   67 | steps: 16700 | steps_t: 13377 | t: 1075.364282 | r: -4620.000000 | e:   0.732460 | Q:  -2.486919 | won: True 
#   68 | steps: 17001 | steps_t: 13627 | t: 1097.316437 | r: -4780.000000 | e:   0.727460 | Q:  -2.476503 | won: True 
#   69 | steps: 17271 | steps_t: 13842 | t: 1115.594097 | r: -6000.000000 | e:   0.723160 | Q:  -2.808024 | won: False 
#   70 | steps: 17572 | steps_t: 14102 | t: 1138.111098 | r: -9740.000000 | e:   0.717960 | Q:  -2.917733 | won: True 
#   71 | steps: 17791 | steps_t: 14270 | t: 1150.982267 | r: -5440.000000 | e:   0.714600 | Q:  -0.327692 | won: False 
#   72 | steps: 17956 | steps_t: 14393 | t: 1161.456694 | r: -2600.000000 | e:   0.712140 | Q:  14.833705 | won: False 
#   73 | steps: 18172 | steps_t: 14554 | t: 1175.072137 | r: -6140.000000 | e:   0.708920 | Q:  -1.154442 | won: False 
#   74 | steps: 18473 | steps_t: 14813 | t: 1194.925601 | r: -4940.000000 | e:   0.703740 | Q:  -0.148783 | won: True 
#   75 | steps: 18774 | steps_t: 15060 | t: 1215.265358 | r: -3420.000000 | e:   0.698800 | Q:  -3.480229 | won: True 
#   76 | steps: 18993 | steps_t: 15229 | t: 1227.843296 | r: -7260.000000 | e:   0.695420 | Q:  -1.307328 | won: False 
#   77 | steps: 19294 | steps_t: 15475 | t: 1249.363753 | r: -6900.000000 | e:   0.690500 | Q:  -2.157293 | won: True 
#   78 | steps: 19582 | steps_t: 15709 | t: 1269.903496 | r: -10360.000000 | e:   0.685820 | Q:  -1.150829 | won: False 
#   79 | steps: 19797 | steps_t: 15874 | t: 1283.039371 | r: -4580.000000 | e:   0.682520 | Q:   1.199705 | won: False 
#   80 | steps: 20098 | steps_t: 16121 | t: 1302.430958 | r: -3700.000000 | e:   0.677580 | Q:  -2.889142 | won: True 
#   81 | steps: 20399 | steps_t: 16372 | t: 1321.850335 | r: -5000.000000 | e:   0.672560 | Q:  -1.942013 | won: True 
#   82 | steps: 20571 | steps_t: 16503 | t: 1331.728915 | r: -3200.000000 | e:   0.669940 | Q:  -3.465564 | won: False 
#   83 | steps: 20872 | steps_t: 16750 | t: 1352.041768 | r: -3180.000000 | e:   0.665000 | Q:  -3.033377 | won: True 
#   84 | steps: 21141 | steps_t: 16968 | t: 1370.589449 | r: -6480.000000 | e:   0.660640 | Q:  11.848079 | won: False 
#   85 | steps: 21311 | steps_t: 17096 | t: 1381.645174 | r: -2680.000000 | e:   0.658080 | Q:   1.288491 | won: False 
#   86 | steps: 21612 | steps_t: 17347 | t: 1401.874974 | r: -3440.000000 | e:   0.653060 | Q:   7.964345 | won: True 
#   87 | steps: 21782 | steps_t: 17476 | t: 1412.130945 | r: -3240.000000 | e:   0.650480 | Q:   7.825855 | won: False 
#   88 | steps: 22083 | steps_t: 17726 | t: 1431.542275 | r: -4720.000000 | e:   0.645480 | Q:  12.684568 | won: True 
#   89 | steps: 22384 | steps_t: 17973 | t: 1451.859080 | r: -6540.000000 | e:   0.640540 | Q:  -2.099670 | won: True 
#   90 | steps: 22552 | steps_t: 18099 | t: 1461.306028 | r: -6940.000000 | e:   0.638020 | Q: -69.977982 | won: False 
#   91 | steps: 22769 | steps_t: 18266 | t: 1475.353812 | r: -9360.000000 | e:   0.634680 | Q: -180.034561 | won: False 
#   92 | steps: 22937 | steps_t: 18389 | t: 1485.027367 | r: -16500.000000 | e:   0.632220 | Q: -84.716614 | won: False 
#   93 | steps: 23238 | steps_t: 18640 | t: 1505.354645 | r: -12640.000000 | e:   0.627200 | Q:  -1.903278 | won: True 
#   94 | steps: 23457 | steps_t: 18809 | t: 1519.168086 | r: -9340.000000 | e:   0.623820 | Q: -287.711121 | won: False 
#   95 | steps: 23673 | steps_t: 18970 | t: 1531.861131 | r: -23040.000000 | e:   0.620600 | Q: -163.747208 | won: False 
#   96 | steps: 23895 | steps_t: 19138 | t: 1546.953091 | r: -10600.000000 | e:   0.617240 | Q: -39.666943 | won: False 
#   97 | steps: 24063 | steps_t: 19265 | t: 1555.997820 | r: -5400.000000 | e:   0.614700 | Q:  -2.071164 | won: False 
#   98 | steps: 24361 | steps_t: 19509 | t: 1574.551132 | r: -14040.000000 | e:   0.609820 | Q: -90.150002 | won: False 
#   99 | steps: 24533 | steps_t: 19639 | t: 1583.553622 | r: -12040.000000 | e:   0.607220 | Q: -51.654770 | won: False 
#  100 | steps: 24701 | steps_t: 19765 | t: 1592.839861 | r: -3600.000000 | e:   0.604700 | Q:  -3.136863 | won: False 
#  101 | steps: 24916 | steps_t: 19930 | t: 1606.459245 | r: -8140.000000 | e:   0.601400 | Q:  -1.875905 | won: False 
#  102 | steps: 25181 | steps_t: 20141 | t: 1623.397346 | r: -14280.000000 | e:   0.597180 | Q:  -1.952634 | won: False 
#  103 | steps: 25449 | steps_t: 20354 | t: 1642.200906 | r: -12220.000000 | e:   0.592920 | Q:  -2.173605 | won: False 
#  104 | steps: 25621 | steps_t: 20485 | t: 1653.246581 | r: -6140.000000 | e:   0.590300 | Q: -10.954050 | won: False 
#  105 | steps: 25837 | steps_t: 20646 | t: 1667.525594 | r: -9320.000000 | e:   0.587080 | Q:  -1.907120 | won: False 
#  106 | steps: 26138 | steps_t: 20892 | t: 1688.768955 | r: -9520.000000 | e:   0.582160 | Q: -79.579750 | won: True 
#  107 | steps: 26357 | steps_t: 21060 | t: 1703.198292 | r: -9680.000000 | e:   0.578800 | Q:  -1.893951 | won: False 
#  108 | steps: 26658 | steps_t: 21310 | t: 1724.314381 | r: -7940.000000 | e:   0.573800 | Q: -32.492672 | won: True 
#  109 | steps: 26926 | steps_t: 21528 | t: 1742.581075 | r: -13560.000000 | e:   0.569440 | Q:  -2.158496 | won: False 
#  110 | steps: 27146 | steps_t: 21692 | t: 1755.271878 | r: -10860.000000 | e:   0.566160 | Q:  -2.510309 | won: False 
#  111 | steps: 27447 | steps_t: 21939 | t: 1776.943429 | r: -11960.000000 | e:   0.561220 | Q:  -2.809837 | won: True 
#  112 | steps: 27719 | steps_t: 22156 | t: 1794.798166 | r: -8680.000000 | e:   0.556880 | Q:  -2.406810 | won: False 
#  113 | steps: 27935 | steps_t: 22316 | t: 1808.074305 | r: -7520.000000 | e:   0.553680 | Q: -248.061508 | won: False 
#  114 | steps: 28154 | steps_t: 22480 | t: 1822.956799 | r: -8060.000000 | e:   0.550400 | Q: -182.810349 | won: False 
#  115 | steps: 28455 | steps_t: 22726 | t: 1841.764950 | r: -5000.000000 | e:   0.545480 | Q: -56.775616 | won: True 
#  116 | steps: 28625 | steps_t: 22851 | t: 1850.787205 | r: -7440.000000 | e:   0.542980 | Q: -58.907856 | won: False 
#  117 | steps: 28795 | steps_t: 22980 | t: 1861.105054 | r: -4680.000000 | e:   0.540400 | Q: -41.867790 | won: False 
#  118 | steps: 28967 | steps_t: 23107 | t: 1870.832565 | r: -6740.000000 | e:   0.537860 | Q:  -3.835652 | won: False 
#  119 | steps: 29184 | steps_t: 23268 | t: 1883.897652 | r: -8100.000000 | e:   0.534640 | Q: -19.426012 | won: False 
#  120 | steps: 29401 | steps_t: 23435 | t: 1898.266259 | r: -10280.000000 | e:   0.531300 | Q:  -3.657260 | won: False 
#  121 | steps: 29700 | steps_t: 23678 | t: 1918.297863 | r: -9180.000000 | e:   0.526440 | Q:  -4.302078 | won: False 
#  122 | steps: 29920 | steps_t: 23844 | t: 1932.204778 | r: -9100.000000 | e:   0.523120 | Q:  -4.274641 | won: False 
#  123 | steps: 30138 | steps_t: 24006 | t: 1946.096448 | r: -8860.000000 | e:   0.519880 | Q:  -3.925742 | won: False 
#  124 | steps: 30310 | steps_t: 24136 | t: 1956.907511 | r: -4780.000000 | e:   0.517280 | Q: -38.042976 | won: False 
#  125 | steps: 30593 | steps_t: 24377 | t: 1975.192249 | r: -11640.000000 | e:   0.512460 | Q:  -4.462177 | won: False 
#  126 | steps: 30761 | steps_t: 24500 | t: 1984.077771 | r: -6700.000000 | e:   0.510000 | Q: -30.184458 | won: False 
#  127 | steps: 31062 | steps_t: 24746 | t: 2003.349283 | r: -10100.000000 | e:   0.505080 | Q:  -4.906778 | won: True 
#  128 | steps: 31278 | steps_t: 24908 | t: 2016.072598 | r: -8080.000000 | e:   0.501840 | Q:  -4.392245 | won: False 
#  129 | steps: 31579 | steps_t: 25164 | t: 2037.598557 | r: -10480.000000 | e:   0.496720 | Q:  -4.480435 | won: True 
#  130 | steps: 31880 | steps_t: 25415 | t: 2059.759460 | r: -15500.000000 | e:   0.491700 | Q: -43.606285 | won: False 
#  131 | steps: 32096 | steps_t: 25576 | t: 2073.173804 | r: -13240.000000 | e:   0.488480 | Q: -243.185471 | won: False 
#  132 | steps: 32311 | steps_t: 25741 | t: 2088.812955 | r: -10520.000000 | e:   0.485180 | Q:  -4.493822 | won: False 
#  133 | steps: 32612 | steps_t: 25988 | t: 2109.704982 | r: -14060.000000 | e:   0.480240 | Q: -82.876755 | won: False 
#  134 | steps: 32828 | steps_t: 26148 | t: 2121.711993 | r: -7740.000000 | e:   0.477040 | Q:  -4.571031 | won: False 
#  135 | steps: 33000 | steps_t: 26278 | t: 2131.145950 | r: -3980.000000 | e:   0.474440 | Q: -47.551315 | won: False 
#  136 | steps: 33266 | steps_t: 26489 | t: 2148.981562 | r: -11700.000000 | e:   0.470220 | Q:  -6.853112 | won: False 
#  137 | steps: 33484 | steps_t: 26651 | t: 2161.672980 | r: -9480.000000 | e:   0.466980 | Q: -12.298811 | won: False 
#  138 | steps: 33652 | steps_t: 26777 | t: 2172.901733 | r: -11860.000000 | e:   0.464460 | Q: -142.248718 | won: False 
#  139 | steps: 33871 | steps_t: 26940 | t: 2186.833990 | r: -10780.000000 | e:   0.461200 | Q: -33.997768 | won: False 
#  140 | steps: 34089 | steps_t: 27104 | t: 2199.920134 | r: -7260.000000 | e:   0.457920 | Q:  -4.481265 | won: False 
#  141 | steps: 34307 | steps_t: 27266 | t: 2216.129443 | r: -12240.000000 | e:   0.454680 | Q: -104.835136 | won: False 
#  142 | steps: 34477 | steps_t: 27394 | t: 2227.039556 | r: -5160.000000 | e:   0.452120 | Q:  -4.547782 | won: False 
#  143 | steps: 34693 | steps_t: 27556 | t: 2240.884827 | r: -11500.000000 | e:   0.448880 | Q: -126.506348 | won: False 
#  144 | steps: 34994 | steps_t: 27806 | t: 2262.422817 | r: -9240.000000 | e:   0.443880 | Q:  -4.564585 | won: True 
#  145 | steps: 35214 | steps_t: 27970 | t: 2275.814374 | r: -9140.000000 | e:   0.440600 | Q: -129.288376 | won: False 
#  146 | steps: 35431 | steps_t: 28136 | t: 2289.034952 | r: -10660.000000 | e:   0.437280 | Q: -248.731995 | won: False 
#  147 | steps: 35609 | steps_t: 28273 | t: 2299.857381 | r: -8400.000000 | e:   0.434540 | Q: -134.820175 | won: False 
#  148 | steps: 35827 | steps_t: 28441 | t: 2313.682436 | r: -8660.000000 | e:   0.431180 | Q: -176.140671 | won: False 
#  149 | steps: 36128 | steps_t: 28688 | t: 2339.007294 | r: -13180.000000 | e:   0.426240 | Q: -79.502754 | won: True 
#  150 | steps: 36298 | steps_t: 28817 | t: 2349.761400 | r: -8340.000000 | e:   0.423660 | Q: -282.422089 | won: False 
#  151 | steps: 36562 | steps_t: 29025 | t: 2369.245806 | r: -12880.000000 | e:   0.419500 | Q: -126.058708 | won: False 
#  152 | steps: 36780 | steps_t: 29189 | t: 2382.850667 | r: -11680.000000 | e:   0.416220 | Q: -211.251160 | won: False 
#  153 | steps: 36998 | steps_t: 29352 | t: 2396.711754 | r: -17440.000000 | e:   0.412960 | Q: -329.006531 | won: False 
#  154 | steps: 37263 | steps_t: 29575 | t: 2415.265229 | r: -9300.000000 | e:   0.408500 | Q: -75.423973 | won: False 
#  155 | steps: 37431 | steps_t: 29702 | t: 2425.150445 | r: -4560.000000 | e:   0.405960 | Q: -157.506180 | won: False 
#  156 | steps: 37650 | steps_t: 29870 | t: 2439.209450 | r: -6480.000000 | e:   0.402600 | Q: -178.265442 | won: False 
#  157 | steps: 37867 | steps_t: 30037 | t: 2453.531030 | r: -9480.000000 | e:   0.399260 | Q:  -3.893571 | won: False 
#  158 | steps: 38132 | steps_t: 30252 | t: 2472.820806 | r: -13140.000000 | e:   0.394960 | Q:  -3.817245 | won: False 
#  159 | steps: 38304 | steps_t: 30379 | t: 2484.002992 | r: -3680.000000 | e:   0.392420 | Q: -235.139771 | won: False 
#  160 | steps: 38474 | steps_t: 30504 | t: 2497.063404 | r: -4080.000000 | e:   0.389920 | Q: -124.136215 | won: False 
#  161 | steps: 38692 | steps_t: 30666 | t: 2512.326153 | r: -12120.000000 | e:   0.386680 | Q: -331.712372 | won: False 
#  162 | steps: 38959 | steps_t: 30891 | t: 2530.581791 | r: -16340.000000 | e:   0.382180 | Q:  -3.349300 | won: False 
#  163 | steps: 39260 | steps_t: 31136 | t: 2551.211211 | r: -13380.000000 | e:   0.377280 | Q: -81.469032 | won: True 
#  164 | steps: 39561 | steps_t: 31387 | t: 2571.106762 | r: -13240.000000 | e:   0.372260 | Q: -326.860626 | won: True 
#  165 | steps: 39733 | steps_t: 31518 | t: 2580.984738 | r: -6460.000000 | e:   0.369640 | Q: -174.410461 | won: False 
#  166 | steps: 39999 | steps_t: 31733 | t: 2600.552318 | r: -14260.000000 | e:   0.365340 | Q:  -3.053659 | won: False 
#  167 | steps: 40215 | steps_t: 31899 | t: 2614.579378 | r: -10400.000000 | e:   0.362020 | Q: -156.210373 | won: False 
#  168 | steps: 40433 | steps_t: 32061 | t: 2628.403442 | r: -23400.000000 | e:   0.358780 | Q: -453.908752 | won: False 
#  169 | steps: 40650 | steps_t: 32223 | t: 2643.736084 | r: -8240.000000 | e:   0.355540 | Q: -256.895813 | won: False 
#  170 | steps: 40913 | steps_t: 32430 | t: 2662.001896 | r: -9780.000000 | e:   0.351400 | Q: -88.153725 | won: False 
#  171 | steps: 41178 | steps_t: 32641 | t: 2683.227992 | r: -17180.000000 | e:   0.347180 | Q:  -3.116947 | won: False 
#  172 | steps: 41479 | steps_t: 32900 | t: 2704.983944 | r: -14560.000000 | e:   0.342000 | Q: -26.921104 | won: True 
#  173 | steps: 41695 | steps_t: 33060 | t: 2717.324794 | r: -9400.000000 | e:   0.338800 | Q: -37.100266 | won: False 
#  174 | steps: 41996 | steps_t: 33305 | t: 2739.192851 | r: -11640.000000 | e:   0.333900 | Q: -267.333527 | won: True 
#  175 | steps: 42252 | steps_t: 33510 | t: 2757.458107 | r: -13460.000000 | e:   0.329800 | Q: -297.039978 | won: False 
#  176 | steps: 42472 | steps_t: 33674 | t: 2773.114790 | r: -11480.000000 | e:   0.326520 | Q: -202.898224 | won: False 
#  177 | steps: 42640 | steps_t: 33800 | t: 2784.019098 | r: -7800.000000 | e:   0.324000 | Q: -203.110580 | won: False 
#  178 | steps: 42941 | steps_t: 34050 | t: 2803.930539 | r: -5900.000000 | e:   0.319000 | Q: -413.424500 | won: True 
#  179 | steps: 43159 | steps_t: 34213 | t: 2816.336327 | r: -12760.000000 | e:   0.315740 | Q: -52.743809 | won: False 
#  180 | steps: 43327 | steps_t: 34339 | t: 2826.141667 | r: -5100.000000 | e:   0.313220 | Q: -110.363533 | won: False 
#  181 | steps: 43628 | steps_t: 34599 | t: 2845.869610 | r: -14740.000000 | e:   0.308020 | Q:  -4.120966 | won: True 
#  182 | steps: 43844 | steps_t: 34759 | t: 2859.554619 | r: -15540.000000 | e:   0.304820 | Q: -273.658142 | won: False 
#  183 | steps: 44145 | steps_t: 35009 | t: 2885.086629 | r: -14020.000000 | e:   0.299820 | Q:  12.693144 | won: True 
#  184 | steps: 44446 | steps_t: 35268 | t: 2908.408996 | r: -11080.000000 | e:   0.294640 | Q:  -5.331382 | won: True 
#  185 | steps: 44614 | steps_t: 35394 | t: 2920.509064 | r: -9480.000000 | e:   0.292120 | Q: -510.348419 | won: False 
#  186 | steps: 44836 | steps_t: 35565 | t: 2933.878506 | r: -9760.000000 | e:   0.288700 | Q:  -5.374980 | won: False 
#  187 | steps: 45055 | steps_t: 35733 | t: 2946.827388 | r: -9280.000000 | e:   0.285340 | Q: -273.452393 | won: False 
#  188 | steps: 45356 | steps_t: 35978 | t: 2967.025187 | r: -9840.000000 | e:   0.280440 | Q: -290.447418 | won: True 
#  189 | steps: 45657 | steps_t: 36225 | t: 2989.441168 | r: -18840.000000 | e:   0.275500 | Q: -361.796783 | won: True 
#  190 | steps: 45958 | steps_t: 36475 | t: 3009.882060 | r: -4400.000000 | e:   0.270500 | Q:  -6.034050 | won: True 
#  191 | steps: 46259 | steps_t: 36725 | t: 3050.808797 | r: -8900.000000 | e:   0.265500 | Q:  -6.257363 | won: True 
#  192 | steps: 46522 | steps_t: 36946 | t: 3081.509772 | r: -11960.000000 | e:   0.261080 | Q: -123.404602 | won: False 
#  193 | steps: 46748 | steps_t: 37118 | t: 3107.473126 | r: -9900.000000 | e:   0.257640 | Q: -62.678604 | won: False 
#  194 | steps: 47034 | steps_t: 37354 | t: 3144.116404 | r: -13640.000000 | e:   0.252920 | Q: -332.562164 | won: False 
#  195 | steps: 47335 | steps_t: 37601 | t: 3180.633969 | r: -13120.000000 | e:   0.247980 | Q: -173.544006 | won: True 
#  196 | steps: 47550 | steps_t: 37766 | t: 3204.451303 | r: -7700.000000 | e:   0.244680 | Q: -30.063061 | won: False 
#  197 | steps: 47851 | steps_t: 38016 | t: 3245.061194 | r: -15080.000000 | e:   0.239680 | Q: -295.660828 | won: True 
#  198 | steps: 48067 | steps_t: 38178 | t: 3270.449359 | r: -12360.000000 | e:   0.236440 | Q: -138.716934 | won: False 
#  199 | steps: 48235 | steps_t: 38304 | t: 3291.258162 | r: -7520.000000 | e:   0.233920 | Q: -96.612938 | won: False 
#  200 | steps: 48450 | steps_t: 38469 | t: 3316.738631 | r: -11420.000000 | e:   0.230620 | Q: -183.397552 | won: False 
