#    1 | steps:   301 | steps_t:     0 | t: 5.273792 | r: -6230.000000 | e:   1.000000 | Q:   0.130841 | won: True 
#    2 | steps:   602 | steps_t:     0 | t: 9.800540 | r: -10910.000000 | e:   1.000000 | Q:        nan | won: True 
#    3 | steps:   818 | steps_t:     0 | t: 13.064100 | r: -6680.000000 | e:   1.000000 | Q:        nan | won: False 
#    4 | steps:  1119 | steps_t:     0 | t: 18.760077 | r: -4450.000000 | e:   1.000000 | Q:        nan | won: True 
#    5 | steps:  1420 | steps_t:     0 | t: 24.611224 | r: -1850.000000 | e:   1.000000 | Q:        nan | won: True 
#    6 | steps:  1640 | steps_t:     0 | t: 27.975685 | r: -6020.000000 | e:   1.000000 | Q:        nan | won: False 
#    7 | steps:  1897 | steps_t:     0 | t: 33.305456 | r: -5510.000000 | e:   1.000000 | Q:        nan | won: False 
#    8 | steps:  2065 | steps_t:     0 | t: 36.117220 | r:  -610.000000 | e:   1.000000 | Q:        nan | won: False 
#    9 | steps:  2366 | steps_t:     0 | t: 41.486974 | r: -1270.000000 | e:   1.000000 | Q:        nan | won: True 
#   10 | steps:  2625 | steps_t:     0 | t: 45.936024 | r: -6460.000000 | e:   1.000000 | Q:        nan | won: False 
#   11 | steps:  2926 | steps_t:     0 | t: 52.557702 | r: -7180.000000 | e:   1.000000 | Q:        nan | won: True 
#   12 | steps:  3227 | steps_t:     0 | t: 58.683120 | r:   290.000000 | e:   1.000000 | Q:        nan | won: True 
#   13 | steps:  3528 | steps_t:     0 | t: 63.844235 | r: -4430.000000 | e:   1.000000 | Q:        nan | won: True 
#   14 | steps:  3746 | steps_t:     0 | t: 67.634020 | r: -3990.000000 | e:   1.000000 | Q:        nan | won: False 
#   15 | steps:  3962 | steps_t:     0 | t: 72.497785 | r: -8220.000000 | e:   1.000000 | Q:        nan | won: False 
#   16 | steps:  4180 | steps_t:     0 | t: 76.576043 | r: -6750.000000 | e:   1.000000 | Q:        nan | won: False 
#   17 | steps:  4400 | steps_t:     0 | t: 80.696601 | r: -10050.000000 | e:   1.000000 | Q:        nan | won: False 
#   18 | steps:  4659 | steps_t:     0 | t: 85.373133 | r: -7470.000000 | e:   1.000000 | Q:        nan | won: False 
#   19 | steps:  4960 | steps_t:     0 | t: 88.989157 | r: -1850.000000 | e:   1.000000 | Q:        nan | won: True 
#   20 | steps:  5224 | steps_t:     0 | t: 94.909620 | r: -11980.000000 | e:   1.000000 | Q:        nan | won: False 
#   21 | steps:  5443 | steps_t:     0 | t: 97.908440 | r: -4720.000000 | e:   1.000000 | Q:        nan | won: False 
#   22 | steps:  5744 | steps_t:     0 | t: 104.004476 | r:  2520.000000 | e:   1.000000 | Q:        nan | won: True 
#   23 | steps:  5914 | steps_t:     0 | t: 107.132446 | r: -1030.000000 | e:   1.000000 | Q:        nan | won: False 
#   24 | steps:  6086 | steps_t:     0 | t: 109.574144 | r: -2570.000000 | e:   1.000000 | Q:        nan | won: False 
#   25 | steps:  6255 | steps_t:     0 | t: 111.999101 | r:  -430.000000 | e:   1.000000 | Q:        nan | won: False 
#   26 | steps:  6424 | steps_t:     0 | t: 115.616958 | r: -4500.000000 | e:   1.000000 | Q:        nan | won: False 
#   27 | steps:  6725 | steps_t:     0 | t: 121.778276 | r:  1180.000000 | e:   1.000000 | Q:        nan | won: True 
#   28 | steps:  6985 | steps_t:     0 | t: 125.666761 | r: -4570.000000 | e:   1.000000 | Q:        nan | won: False 
#   29 | steps:  7201 | steps_t:     0 | t: 128.376695 | r: -8070.000000 | e:   1.000000 | Q:        nan | won: False 
#   30 | steps:  7444 | steps_t:     0 | t: 132.794494 | r: -9480.000000 | e:   1.000000 | Q:        nan | won: False 
#   31 | steps:  7614 | steps_t:     0 | t: 135.361362 | r: -7820.000000 | e:   1.000000 | Q:        nan | won: False 
#   32 | steps:  7782 | steps_t:     0 | t: 137.860994 | r: -4200.000000 | e:   1.000000 | Q:        nan | won: False 
#   33 | steps:  8027 | steps_t:     0 | t: 142.926819 | r: -11760.000000 | e:   1.000000 | Q:        nan | won: False 
#   34 | steps:  8195 | steps_t:     0 | t: 145.405476 | r:  -530.000000 | e:   1.000000 | Q:        nan | won: False 
#   35 | steps:  8496 | steps_t:     0 | t: 151.305441 | r:   130.000000 | e:   1.000000 | Q:        nan | won: True 
#   36 | steps:  8792 | steps_t:     0 | t: 156.395447 | r: -17930.000000 | e:   1.000000 | Q:        nan | won: False 
#   37 | steps:  9010 | steps_t:     0 | t: 160.302825 | r: -7700.000000 | e:   1.000000 | Q:        nan | won: False 
#   38 | steps:  9311 | steps_t:     0 | t: 164.747046 | r:   460.000000 | e:   1.000000 | Q:        nan | won: True 
#   39 | steps:  9612 | steps_t:     0 | t: 171.700701 | r: -9450.000000 | e:   1.000000 | Q:        nan | won: True 
#   40 | steps:  9913 | steps_t:     0 | t: 177.514089 | r: -7200.000000 | e:   1.000000 | Q:        nan | won: True 
#   41 | steps: 10205 | steps_t:   204 | t: 194.376720 | r: -10800.000000 | e:   0.995920 | Q:        nan | won: False 
#   42 | steps: 10506 | steps_t:   449 | t: 213.900012 | r: -4260.000000 | e:   0.991020 | Q: -91.602127 | won: True 
#   43 | steps: 10807 | steps_t:   699 | t: 233.981113 | r:  -810.000000 | e:   0.986020 | Q: -96.026550 | won: True 
#   44 | steps: 11064 | steps_t:   915 | t: 250.937791 | r: -11400.000000 | e:   0.981700 | Q: -191.515457 | won: False 
#   45 | steps: 11365 | steps_t:  1162 | t: 269.924928 | r: -1690.000000 | e:   0.976760 | Q: -196.855591 | won: True 
#   46 | steps: 11630 | steps_t:  1386 | t: 287.159885 | r: -4770.000000 | e:   0.972280 | Q: -183.121918 | won: False 
#   47 | steps: 11931 | steps_t:  1636 | t: 306.487929 | r: -2740.000000 | e:   0.967280 | Q: -159.450714 | won: True 
#   48 | steps: 12101 | steps_t:  1764 | t: 317.080285 | r: -5410.000000 | e:   0.964720 | Q: -203.349426 | won: False 
#   49 | steps: 12402 | steps_t:  2009 | t: 339.068325 | r: -15170.000000 | e:   0.959820 | Q: -166.142792 | won: True 
#   50 | steps: 12574 | steps_t:  2139 | t: 348.691176 | r: -6740.000000 | e:   0.957220 | Q: -166.276489 | won: False 
#   51 | steps: 12875 | steps_t:  2384 | t: 369.567608 | r: -1380.000000 | e:   0.952320 | Q: -138.659576 | won: True 
#   52 | steps: 13043 | steps_t:  2510 | t: 378.648930 | r: -1790.000000 | e:   0.949800 | Q: -206.092056 | won: False 
#   53 | steps: 13263 | steps_t:  2679 | t: 393.549123 | r: -13300.000000 | e:   0.946420 | Q: -217.502090 | won: False 
#   54 | steps: 13431 | steps_t:  2802 | t: 402.789600 | r: -5810.000000 | e:   0.943960 | Q: -229.288574 | won: False 
#   55 | steps: 13646 | steps_t:  2967 | t: 414.978109 | r: -1370.000000 | e:   0.940660 | Q: -236.502045 | won: False 
#   56 | steps: 13947 | steps_t:  3218 | t: 436.379526 | r: -13340.000000 | e:   0.935640 | Q: -167.526047 | won: True 
#   57 | steps: 14163 | steps_t:  3380 | t: 449.421395 | r: -12040.000000 | e:   0.932400 | Q: -170.519562 | won: False 
#   58 | steps: 14381 | steps_t:  3547 | t: 463.545954 | r: -2030.000000 | e:   0.929060 | Q: -201.273712 | won: False 
#   59 | steps: 14629 | steps_t:  3754 | t: 480.064721 | r: -3510.000000 | e:   0.924920 | Q: -193.622330 | won: False 
#   60 | steps: 14799 | steps_t:  3883 | t: 490.192007 | r: -4270.000000 | e:   0.922340 | Q: -230.837418 | won: False 
#   61 | steps: 15067 | steps_t:  4109 | t: 506.657897 | r:  -400.000000 | e:   0.917820 | Q: -244.416779 | won: False 
#   62 | steps: 15240 | steps_t:  4240 | t: 517.350827 | r:  -650.000000 | e:   0.915200 | Q: -267.250702 | won: False 
#   63 | steps: 15509 | steps_t:  4458 | t: 535.323872 | r: -1380.000000 | e:   0.910840 | Q: -255.548477 | won: False 
#   64 | steps: 15728 | steps_t:  4626 | t: 549.582329 | r: -9980.000000 | e:   0.907480 | Q: -264.411591 | won: False 
#   65 | steps: 15900 | steps_t:  4753 | t: 560.042484 | r:  -410.000000 | e:   0.904940 | Q: -282.215607 | won: False 
#   66 | steps: 16201 | steps_t:  5012 | t: 580.487594 | r:  1800.000000 | e:   0.899760 | Q: -275.083527 | won: True 
#   67 | steps: 16502 | steps_t:  5271 | t: 602.810491 | r:  2600.000000 | e:   0.894580 | Q: -224.322220 | won: True 
#   68 | steps: 16802 | steps_t:  5517 | t: 624.058303 | r: -15770.000000 | e:   0.889660 | Q: -241.728561 | won: False 
#   69 | steps: 17083 | steps_t:  5753 | t: 642.316697 | r:  -580.000000 | e:   0.884940 | Q: -239.253906 | won: False 
#   70 | steps: 17301 | steps_t:  5917 | t: 655.163937 | r: -2670.000000 | e:   0.881660 | Q: -237.057755 | won: False 
#   71 | steps: 17470 | steps_t:  6044 | t: 666.237678 | r:  -480.000000 | e:   0.879120 | Q: -243.329208 | won: False 
#   72 | steps: 17771 | steps_t:  6294 | t: 689.778924 | r: -12060.000000 | e:   0.874120 | Q: -273.909515 | won: True 
#   73 | steps: 18071 | steps_t:  6539 | t: 708.844377 | r: -8970.000000 | e:   0.869220 | Q: -277.107635 | won: False 
#   74 | steps: 18330 | steps_t:  6744 | t: 725.757232 | r: -7570.000000 | e:   0.865120 | Q: -240.599625 | won: False 
#   75 | steps: 18631 | steps_t:  7000 | t: 748.151852 | r:  2190.000000 | e:   0.860000 | Q: -244.137695 | won: True 
#   76 | steps: 18849 | steps_t:  7164 | t: 761.608881 | r: -8360.000000 | e:   0.856720 | Q: -234.425781 | won: False 
#   77 | steps: 19150 | steps_t:  7424 | t: 780.513629 | r:  2340.000000 | e:   0.851520 | Q: -231.797760 | won: True 
#   78 | steps: 19367 | steps_t:  7586 | t: 792.062433 | r: -2450.000000 | e:   0.848280 | Q: -233.470718 | won: False 
#   79 | steps: 19582 | steps_t:  7751 | t: 805.153163 | r: -1810.000000 | e:   0.844980 | Q: -229.183502 | won: False 
#   80 | steps: 19750 | steps_t:  7877 | t: 816.650770 | r:  -510.000000 | e:   0.842460 | Q: -231.570786 | won: False 
#   81 | steps: 20025 | steps_t:  8096 | t: 832.792409 | r: -4350.000000 | e:   0.838080 | Q: -221.732590 | won: False 
#   82 | steps: 20326 | steps_t:  8355 | t: 860.216271 | r:  2870.000000 | e:   0.832900 | Q: -245.201431 | won: True 
#   83 | steps: 20498 | steps_t:  8482 | t: 871.245869 | r:  -490.000000 | e:   0.830360 | Q: -244.677261 | won: False 
#   84 | steps: 20799 | steps_t:  8728 | t: 891.549588 | r: -1130.000000 | e:   0.825440 | Q: -218.550476 | won: True 
#   85 | steps: 21015 | steps_t:  8890 | t: 904.122458 | r: -4960.000000 | e:   0.822200 | Q: -212.334946 | won: False 
#   86 | steps: 21293 | steps_t:  9118 | t: 921.358898 | r: -5730.000000 | e:   0.817640 | Q: -204.034286 | won: False 
#   87 | steps: 21513 | steps_t:  9282 | t: 935.024190 | r: -11970.000000 | e:   0.814360 | Q: -270.208282 | won: False 
#   88 | steps: 21729 | steps_t:  9448 | t: 947.089044 | r: -4380.000000 | e:   0.811040 | Q: -234.719894 | won: False 
#   89 | steps: 21901 | steps_t:  9579 | t: 965.677750 | r:  -400.000000 | e:   0.808420 | Q: -171.638641 | won: False 
#   90 | steps: 22202 | steps_t:  9825 | t: 1000.315291 | r:   960.000000 | e:   0.803500 | Q: -174.420074 | won: True 
#   91 | steps: 22417 | steps_t:  9990 | t: 1016.538882 | r: -16690.000000 | e:   0.800200 | Q: -196.758682 | won: False 
#   92 | steps: 22718 | steps_t: 10241 | t: 1040.639903 | r:  -580.000000 | e:   0.795180 | Q: -238.860825 | won: True 
#   93 | steps: 23019 | steps_t: 10497 | t: 1064.017019 | r:  2850.000000 | e:   0.790060 | Q: -219.194199 | won: True 
#   94 | steps: 23187 | steps_t: 10623 | t: 1075.642494 | r: -2370.000000 | e:   0.787540 | Q: -235.870758 | won: False 
#   95 | steps: 23487 | steps_t: 10867 | t: 1097.148523 | r: -5440.000000 | e:   0.782660 | Q: -222.354080 | won: False 
#   96 | steps: 23705 | steps_t: 11030 | t: 1109.689006 | r: -4310.000000 | e:   0.779400 | Q: -227.964828 | won: False 
#   97 | steps: 24006 | steps_t: 11281 | t: 1130.623716 | r:  1190.000000 | e:   0.774380 | Q: -214.973724 | won: True 
#   98 | steps: 24288 | steps_t: 11507 | t: 1149.092942 | r: -10070.000000 | e:   0.769860 | Q: -203.452103 | won: False 
#   99 | steps: 24505 | steps_t: 11673 | t: 1162.300221 | r: -2290.000000 | e:   0.766540 | Q: -209.497925 | won: False 
#  100 | steps: 24764 | steps_t: 11890 | t: 1180.160479 | r: -4210.000000 | e:   0.762200 | Q: -184.431763 | won: False 
#  101 | steps: 24933 | steps_t: 12017 | t: 1189.921583 | r: -3010.000000 | e:   0.759660 | Q: -180.651657 | won: False 
#  102 | steps: 25234 | steps_t: 12268 | t: 1211.634715 | r:  2030.000000 | e:   0.754640 | Q: -187.325027 | won: True 
#  103 | steps: 25452 | steps_t: 12435 | t: 1223.947731 | r: -5350.000000 | e:   0.751300 | Q: -219.921814 | won: False 
#  104 | steps: 25670 | steps_t: 12598 | t: 1237.351988 | r: -5960.000000 | e:   0.748040 | Q: -223.095963 | won: False 
#  105 | steps: 25885 | steps_t: 12762 | t: 1249.670973 | r: -4000.000000 | e:   0.744760 | Q: -179.476379 | won: False 
#  106 | steps: 26102 | steps_t: 12928 | t: 1261.477673 | r: -8280.000000 | e:   0.741440 | Q: -182.728302 | won: False 
#  107 | steps: 26380 | steps_t: 13151 | t: 1280.038369 | r: -1120.000000 | e:   0.736980 | Q: -194.027222 | won: False 
#  108 | steps: 26601 | steps_t: 13317 | t: 1293.748766 | r: -1950.000000 | e:   0.733660 | Q: -239.459930 | won: False 
#  109 | steps: 26769 | steps_t: 13440 | t: 1303.900887 | r:  -660.000000 | e:   0.731200 | Q: -229.084686 | won: False 
#  110 | steps: 27035 | steps_t: 13652 | t: 1323.433885 | r: -2570.000000 | e:   0.726960 | Q: -177.479523 | won: False 
#  111 | steps: 27334 | steps_t: 13910 | t: 1345.920271 | r: -5470.000000 | e:   0.721800 | Q: -164.031784 | won: False 
#  112 | steps: 27555 | steps_t: 14081 | t: 1360.873505 | r: -1480.000000 | e:   0.718380 | Q: -203.035828 | won: False 
#  113 | steps: 27723 | steps_t: 14208 | t: 1371.068795 | r:  -680.000000 | e:   0.715840 | Q: -188.752045 | won: False 
#  114 | steps: 27980 | steps_t: 14424 | t: 1387.927302 | r:  -520.000000 | e:   0.711520 | Q: -175.491180 | won: False 
#  115 | steps: 28198 | steps_t: 14588 | t: 1401.153093 | r: -2740.000000 | e:   0.708240 | Q: -201.186783 | won: False 
#  116 | steps: 28460 | steps_t: 14795 | t: 1418.263416 | r: -6090.000000 | e:   0.704100 | Q: -223.094131 | won: False 
#  117 | steps: 28628 | steps_t: 14922 | t: 1429.077626 | r:  -520.000000 | e:   0.701560 | Q: -222.969406 | won: False 
#  118 | steps: 28843 | steps_t: 15087 | t: 1444.364107 | r: -1000.000000 | e:   0.698260 | Q: -177.032745 | won: False 
#  119 | steps: 29059 | steps_t: 15249 | t: 1459.420737 | r: -1710.000000 | e:   0.695020 | Q: -183.582642 | won: False 
#  120 | steps: 29277 | steps_t: 15412 | t: 1473.849085 | r: -3620.000000 | e:   0.691760 | Q: -185.886078 | won: False 
#  121 | steps: 29578 | steps_t: 15671 | t: 1497.658187 | r:  1660.000000 | e:   0.686580 | Q: -172.573227 | won: True 
#  122 | steps: 29879 | steps_t: 15916 | t: 1517.685673 | r: -4390.000000 | e:   0.681680 | Q: -172.605209 | won: True 
#  123 | steps: 30049 | steps_t: 16045 | t: 1527.217261 | r:  -710.000000 | e:   0.679100 | Q: -255.056152 | won: False 
#  124 | steps: 30221 | steps_t: 16172 | t: 1537.475891 | r:  -830.000000 | e:   0.676560 | Q: -221.027023 | won: False 
#  125 | steps: 30389 | steps_t: 16299 | t: 1547.068584 | r:  -530.000000 | e:   0.674020 | Q: -222.829453 | won: False 
#  126 | steps: 30561 | steps_t: 16429 | t: 1557.653800 | r:  -510.000000 | e:   0.671420 | Q: -225.151031 | won: False 
#  127 | steps: 30862 | steps_t: 16688 | t: 1587.970662 | r:  2700.000000 | e:   0.666240 | Q: -166.915009 | won: True 
#  128 | steps: 31077 | steps_t: 16853 | t: 1618.473495 | r: -1500.000000 | e:   0.662940 | Q: -183.384506 | won: False 
#  129 | steps: 31378 | steps_t: 17103 | t: 1641.204043 | r: -1060.000000 | e:   0.657940 | Q: -168.562820 | won: True 
#  130 | steps: 31546 | steps_t: 17229 | t: 1651.034092 | r:  -900.000000 | e:   0.655420 | Q: -165.041916 | won: False 
#  131 | steps: 31847 | steps_t: 17485 | t: 1679.168828 | r:  2570.000000 | e:   0.650300 | Q: -158.569687 | won: True 
#  132 | steps: 32065 | steps_t: 17648 | t: 1691.099457 | r: -3210.000000 | e:   0.647040 | Q: -137.895889 | won: False 
#  133 | steps: 32366 | steps_t: 17898 | t: 1709.916590 | r:   880.000000 | e:   0.642040 | Q: -109.789574 | won: True 
#  134 | steps: 32534 | steps_t: 18025 | t: 1719.430813 | r:  -620.000000 | e:   0.639500 | Q: -128.855652 | won: False 
#  135 | steps: 32704 | steps_t: 18154 | t: 1730.788582 | r:  -540.000000 | e:   0.636920 | Q: -122.352295 | won: False 
#  136 | steps: 32872 | steps_t: 18280 | t: 1739.741514 | r:  -660.000000 | e:   0.634400 | Q: -137.558090 | won: False 
#  137 | steps: 33173 | steps_t: 18539 | t: 1762.172826 | r:  -480.000000 | e:   0.629220 | Q: -136.204300 | won: True 
#  138 | steps: 33385 | steps_t: 18697 | t: 1776.902803 | r: -2630.000000 | e:   0.626060 | Q: -131.263947 | won: False 
#  139 | steps: 33686 | steps_t: 18956 | t: 1801.408299 | r:  2110.000000 | e:   0.620880 | Q: -116.661293 | won: True 
#  140 | steps: 33902 | steps_t: 19116 | t: 1812.906191 | r: -2290.000000 | e:   0.617680 | Q: -115.815407 | won: False 
#  141 | steps: 34113 | steps_t: 19277 | t: 1826.602467 | r: -3220.000000 | e:   0.614460 | Q: -147.926636 | won: False 
#  142 | steps: 34281 | steps_t: 19403 | t: 1835.302559 | r:  -720.000000 | e:   0.611940 | Q: -155.433121 | won: False 
#  143 | steps: 34582 | steps_t: 19654 | t: 1855.910234 | r:  1510.000000 | e:   0.606920 | Q: -155.672211 | won: True 
#  144 | steps: 34883 | steps_t: 19901 | t: 1876.993601 | r: -3760.000000 | e:   0.601980 | Q: -157.196350 | won: True 
#  145 | steps: 35099 | steps_t: 20062 | t: 1907.700139 | r: -3690.000000 | e:   0.598760 | Q: -168.564362 | won: False 
#  146 | steps: 35400 | steps_t: 20322 | t: 1928.069123 | r:  2810.000000 | e:   0.593560 | Q: -152.520233 | won: True 
#  147 | steps: 35616 | steps_t: 20482 | t: 1941.790334 | r: -2780.000000 | e:   0.590360 | Q: -129.457855 | won: False 
#  148 | steps: 35784 | steps_t: 20609 | t: 1951.960533 | r:  -490.000000 | e:   0.587820 | Q: -142.026367 | won: False 
#  149 | steps: 36085 | steps_t: 20869 | t: 1970.688620 | r:  2330.000000 | e:   0.582620 | Q: -173.433899 | won: True 
#  150 | steps: 36386 | steps_t: 21115 | t: 2008.877839 | r: -1100.000000 | e:   0.577700 | Q: -147.874130 | won: True 
#  151 | steps: 36554 | steps_t: 21241 | t: 2018.015834 | r:  -570.000000 | e:   0.575180 | Q: -183.027802 | won: False 
#  152 | steps: 36724 | steps_t: 21370 | t: 2027.599423 | r: -2250.000000 | e:   0.572600 | Q: -179.826141 | won: False 
#  153 | steps: 36894 | steps_t: 21495 | t: 2036.759051 | r:  -570.000000 | e:   0.570100 | Q: -126.293777 | won: False 
#  154 | steps: 37110 | steps_t: 21656 | t: 2048.892433 | r: -2500.000000 | e:   0.566880 | Q: -139.577515 | won: False 
#  155 | steps: 37327 | steps_t: 21823 | t: 2063.596113 | r: -1760.000000 | e:   0.563540 | Q: -121.746864 | won: False 
#  156 | steps: 37543 | steps_t: 21985 | t: 2077.590868 | r: -1310.000000 | e:   0.560300 | Q: -118.724709 | won: False 
#  157 | steps: 37759 | steps_t: 22146 | t: 2091.680131 | r: -4820.000000 | e:   0.557080 | Q: -158.809189 | won: False 
#  158 | steps: 37927 | steps_t: 22273 | t: 2102.700584 | r:  -750.000000 | e:   0.554540 | Q: -167.240356 | won: False 
#  159 | steps: 38142 | steps_t: 22438 | t: 2115.166749 | r: -1980.000000 | e:   0.551240 | Q: -159.434891 | won: False 
#  160 | steps: 38354 | steps_t: 22594 | t: 2127.500808 | r: -1010.000000 | e:   0.548120 | Q: -149.529648 | won: False 
#  161 | steps: 38524 | steps_t: 22723 | t: 2136.885978 | r:  -590.000000 | e:   0.545540 | Q: -126.391823 | won: False 
#  162 | steps: 38825 | steps_t: 22974 | t: 2165.195626 | r:  1340.000000 | e:   0.540520 | Q: -114.023827 | won: True 
#  163 | steps: 39126 | steps_t: 23220 | t: 2185.472274 | r:   630.000000 | e:   0.535600 | Q: -91.715225 | won: True 
#  164 | steps: 39294 | steps_t: 23343 | t: 2213.822625 | r:  -560.000000 | e:   0.533140 | Q: -72.230377 | won: False 
#  165 | steps: 39514 | steps_t: 23509 | t: 2227.525247 | r: -2900.000000 | e:   0.529820 | Q: -72.245010 | won: False 
#  166 | steps: 39684 | steps_t: 23637 | t: 2237.657147 | r:  -670.000000 | e:   0.527260 | Q: -84.522354 | won: False 
#  167 | steps: 39899 | steps_t: 23802 | t: 2253.173395 | r: -3820.000000 | e:   0.523960 | Q: -114.355286 | won: False 
#  168 | steps: 40116 | steps_t: 23969 | t: 2268.120445 | r: -3550.000000 | e:   0.520620 | Q: -112.687256 | won: False 
#  169 | steps: 40284 | steps_t: 24092 | t: 2278.909857 | r:  -530.000000 | e:   0.518160 | Q: -125.795258 | won: False 
#  170 | steps: 40454 | steps_t: 24221 | t: 2288.033617 | r:  -820.000000 | e:   0.515580 | Q: -134.103470 | won: False 
#  171 | steps: 40670 | steps_t: 24382 | t: 2303.005855 | r: -2450.000000 | e:   0.512360 | Q: -106.173393 | won: False 
#  172 | steps: 40838 | steps_t: 24509 | t: 2312.448360 | r:  -740.000000 | e:   0.509820 | Q: -98.441650 | won: False 
#  173 | steps: 41139 | steps_t: 24754 | t: 2330.683221 | r:   670.000000 | e:   0.504920 | Q: -94.134880 | won: True 
#  174 | steps: 41359 | steps_t: 24924 | t: 2346.844853 | r: -3610.000000 | e:   0.501520 | Q: -119.477287 | won: False 
#  175 | steps: 41579 | steps_t: 25090 | t: 2360.462378 | r: -5070.000000 | e:   0.498200 | Q: -138.413681 | won: False 
#  176 | steps: 41826 | steps_t: 25292 | t: 2376.057246 | r: -1770.000000 | e:   0.494160 | Q: -122.750679 | won: False 
#  177 | steps: 42127 | steps_t: 25538 | t: 2395.798623 | r:   710.000000 | e:   0.489240 | Q: -152.696487 | won: True 
#  178 | steps: 42297 | steps_t: 25666 | t: 2405.355547 | r: -1160.000000 | e:   0.486680 | Q: -161.852966 | won: False 
#  179 | steps: 42565 | steps_t: 25883 | t: 2423.181136 | r: -1250.000000 | e:   0.482340 | Q: -157.197891 | won: False 
#  180 | steps: 42866 | steps_t: 26130 | t: 2444.411018 | r: -2560.000000 | e:   0.477400 | Q: -92.551537 | won: True 
#  181 | steps: 43038 | steps_t: 26257 | t: 2453.682282 | r:  -560.000000 | e:   0.474860 | Q: -96.089317 | won: False 
#  182 | steps: 43254 | steps_t: 26422 | t: 2468.498856 | r: -1950.000000 | e:   0.471560 | Q: -108.192863 | won: False 
#  183 | steps: 43422 | steps_t: 26549 | t: 2481.147470 | r:  -650.000000 | e:   0.469020 | Q: -124.815262 | won: False 
#  184 | steps: 43637 | steps_t: 26713 | t: 2503.438025 | r: -4260.000000 | e:   0.465740 | Q: -125.580498 | won: False 
#  185 | steps: 43853 | steps_t: 26874 | t: 2517.328574 | r: -2370.000000 | e:   0.462520 | Q: -116.144279 | won: False 
#  186 | steps: 44021 | steps_t: 26997 | t: 2527.915081 | r:  -910.000000 | e:   0.460060 | Q: -137.582596 | won: False 
#  187 | steps: 44236 | steps_t: 27161 | t: 2549.741475 | r: -2690.000000 | e:   0.456780 | Q: -116.731003 | won: False 
#  188 | steps: 44496 | steps_t: 27380 | t: 2573.605674 | r:  -780.000000 | e:   0.452400 | Q: -142.058044 | won: False 
#  189 | steps: 44797 | steps_t: 27626 | t: 2592.312867 | r:  2030.000000 | e:   0.447480 | Q: -154.078674 | won: True 
#  190 | steps: 45016 | steps_t: 27795 | t: 2613.252742 | r: -1440.000000 | e:   0.444100 | Q: -172.424957 | won: False 
#  191 | steps: 45235 | steps_t: 27964 | t: 2639.036110 | r: -1220.000000 | e:   0.440720 | Q: -154.374161 | won: False 
#  192 | steps: 45403 | steps_t: 28087 | t: 2658.032763 | r: -1040.000000 | e:   0.438260 | Q: -148.730286 | won: False 
#  193 | steps: 45619 | steps_t: 28247 | t: 2682.821960 | r: -3230.000000 | e:   0.435060 | Q: -149.208069 | won: False 
#  194 | steps: 45787 | steps_t: 28370 | t: 2701.399472 | r: -1030.000000 | e:   0.432600 | Q: -133.766220 | won: False 
#  195 | steps: 46088 | steps_t: 28621 | t: 2740.172976 | r: -1420.000000 | e:   0.427580 | Q: -127.955475 | won: True 
#  196 | steps: 46256 | steps_t: 28748 | t: 2757.383313 | r:  -590.000000 | e:   0.425040 | Q: -142.597473 | won: False 
#  197 | steps: 46557 | steps_t: 29007 | t: 2797.155351 | r:  -390.000000 | e:   0.419860 | Q: -144.492493 | won: True 
#  198 | steps: 46773 | steps_t: 29167 | t: 2820.200005 | r: -3180.000000 | e:   0.416660 | Q: -117.720795 | won: False 
#  199 | steps: 46989 | steps_t: 29328 | t: 2844.905540 | r: -2710.000000 | e:   0.413440 | Q: -113.418900 | won: False 
#  200 | steps: 47252 | steps_t: 29550 | t: 2876.125857 | r: -3060.000000 | e:   0.409000 | Q: -148.903534 | won: False 
