#    1 | steps:   216 | steps_t: 181558 | t: 10.558813 | r: -1045.000000 | e:   0.100000 | Q:  13.288448 | won: False 
#    2 | steps:   434 | steps_t: 181721 | t: 23.823406 | r:  -898.000000 | e:   0.100000 | Q:  13.233586 | won: False 
#    3 | steps:   650 | steps_t: 181883 | t: 35.498201 | r:  -880.000000 | e:   0.100000 | Q:  12.610429 | won: False 
#    4 | steps:   865 | steps_t: 182047 | t: 47.775052 | r:  -917.000000 | e:   0.100000 | Q:  12.423853 | won: False 
#    5 | steps:  1033 | steps_t: 182173 | t: 57.037135 | r:  -992.000000 | e:   0.100000 | Q:  11.604755 | won: False 
#    6 | steps:  1249 | steps_t: 182335 | t: 69.096232 | r: -1946.000000 | e:   0.100000 | Q:  10.154561 | won: False 
#    7 | steps:  1469 | steps_t: 182501 | t: 82.105700 | r:  -899.000000 | e:   0.100000 | Q:   8.422353 | won: False 
#    8 | steps:  1742 | steps_t: 182733 | t: 99.852472 | r: -1202.000000 | e:   0.100000 | Q:   7.280739 | won: False 
#    9 | steps:  1962 | steps_t: 182897 | t: 114.123989 | r: -1325.000000 | e:   0.100000 | Q:   6.114903 | won: False 
#   10 | steps:  2263 | steps_t: 183153 | t: 136.247231 | r:  2167.000000 | e:   0.100000 | Q:   5.448614 | won: True 
#   11 | steps:  2564 | steps_t: 183404 | t: 156.540267 | r:  1277.000000 | e:   0.100000 | Q:   4.431843 | won: True 
#   12 | steps:  2865 | steps_t: 183649 | t: 176.878689 | r:  1251.000000 | e:   0.100000 | Q:   4.531348 | won: True 
#   13 | steps:  3033 | steps_t: 183776 | t: 187.455565 | r:  -853.000000 | e:   0.100000 | Q:   5.053316 | won: False 
#   14 | steps:  3201 | steps_t: 183903 | t: 199.411283 | r: -1571.000000 | e:   0.100000 | Q:   6.291714 | won: False 
#   15 | steps:  3369 | steps_t: 184026 | t: 210.634804 | r: -1160.000000 | e:   0.100000 | Q:   6.964678 | won: False 
#   16 | steps:  3587 | steps_t: 184188 | t: 224.840632 | r: -2496.000000 | e:   0.100000 | Q:   6.893766 | won: False 
#   17 | steps:  3803 | steps_t: 184350 | t: 237.579243 | r: -1636.000000 | e:   0.100000 | Q:   6.459538 | won: False 
#   18 | steps:  4104 | steps_t: 184597 | t: 256.911544 | r:  1611.000000 | e:   0.100000 | Q:   5.900613 | won: True 
#   19 | steps:  4405 | steps_t: 184856 | t: 279.303093 | r:  1913.000000 | e:   0.100000 | Q:   4.211914 | won: True 
#   20 | steps:  4577 | steps_t: 184983 | t: 288.660035 | r: -1255.000000 | e:   0.100000 | Q:   3.859767 | won: False 
#   21 | steps:  4837 | steps_t: 185192 | t: 305.016640 | r: -2418.000000 | e:   0.100000 | Q:   3.888724 | won: False 
#   22 | steps:  5053 | steps_t: 185354 | t: 317.268925 | r: -1127.000000 | e:   0.100000 | Q:   3.839293 | won: False 
#   23 | steps:  5354 | steps_t: 185600 | t: 337.009303 | r:  1807.000000 | e:   0.100000 | Q:   3.337247 | won: True 
#   24 | steps:  5655 | steps_t: 185845 | t: 355.700566 | r:  2047.000000 | e:   0.100000 | Q:   2.685172 | won: True 
#   25 | steps:  5956 | steps_t: 186096 | t: 377.434781 | r:  2126.000000 | e:   0.100000 | Q:   2.467421 | won: True 
#   26 | steps:  6257 | steps_t: 186343 | t: 397.656763 | r:  2128.000000 | e:   0.100000 | Q:   2.672479 | won: True 
#   27 | steps:  6497 | steps_t: 186527 | t: 412.466813 | r: -2022.000000 | e:   0.100000 | Q:   2.468749 | won: False 
#   28 | steps:  6669 | steps_t: 186654 | t: 422.339687 | r:  -856.000000 | e:   0.100000 | Q:   2.488629 | won: False 
#   29 | steps:  6889 | steps_t: 186823 | t: 437.287467 | r: -2161.000000 | e:   0.100000 | Q:   2.473671 | won: False 
#   30 | steps:  7059 | steps_t: 186948 | t: 446.951476 | r:  -862.000000 | e:   0.100000 | Q:   1.915816 | won: False 
#   31 | steps:  7360 | steps_t: 187208 | t: 470.576813 | r:  1474.000000 | e:   0.100000 | Q:   1.567642 | won: True 
#   32 | steps:  7647 | steps_t: 187444 | t: 490.204727 | r: -1578.000000 | e:   0.100000 | Q:   1.113659 | won: False 
#   33 | steps:  7931 | steps_t: 187673 | t: 511.760498 | r: -1667.000000 | e:   0.100000 | Q:   1.077341 | won: False 
#   34 | steps:  8232 | steps_t: 187923 | t: 539.727374 | r:  1835.000000 | e:   0.100000 | Q:   1.063643 | won: True 
#   35 | steps:  8533 | steps_t: 188179 | t: 563.533451 | r:  2246.000000 | e:   0.100000 | Q:  -0.637744 | won: True 
#   36 | steps:  8748 | steps_t: 188344 | t: 575.840055 | r:  -978.000000 | e:   0.100000 | Q:  -0.550811 | won: False 
#   37 | steps:  9049 | steps_t: 188591 | t: 594.558903 | r:  2144.000000 | e:   0.100000 | Q:  -0.489928 | won: True 
#   38 | steps:  9350 | steps_t: 188837 | t: 615.356824 | r:  2118.000000 | e:   0.100000 | Q:  -0.556556 | won: True 
#   39 | steps:  9651 | steps_t: 189093 | t: 638.161759 | r:  1991.000000 | e:   0.100000 | Q:  -0.021835 | won: True 
#   40 | steps:  9952 | steps_t: 189340 | t: 658.507379 | r:  2139.000000 | e:   0.100000 | Q:  -0.011100 | won: True 
#   41 | steps: 10170 | steps_t: 189507 | t: 671.968654 | r: -1313.000000 | e:   0.100000 | Q:   0.129291 | won: False 
#   42 | steps: 10342 | steps_t: 189637 | t: 682.377267 | r:  -855.000000 | e:   0.100000 | Q:   0.214771 | won: False 
#   43 | steps: 10510 | steps_t: 189763 | t: 691.966178 | r:  -853.000000 | e:   0.100000 | Q:   0.406638 | won: False 
#   44 | steps: 10811 | steps_t: 190009 | t: 711.675280 | r:  2131.000000 | e:   0.100000 | Q:   0.582081 | won: True 
#   45 | steps: 10979 | steps_t: 190136 | t: 721.477901 | r:  -857.000000 | e:   0.100000 | Q:   0.747041 | won: False 
#   46 | steps: 11241 | steps_t: 190343 | t: 737.580407 | r: -1995.000000 | e:   0.100000 | Q:   0.830514 | won: False 
#   47 | steps: 11409 | steps_t: 190466 | t: 748.024295 | r:  -856.000000 | e:   0.100000 | Q:   1.319288 | won: False 
#   48 | steps: 11710 | steps_t: 190711 | t: 767.165259 | r:  2097.000000 | e:   0.100000 | Q:   1.216473 | won: True 
#   49 | steps: 12011 | steps_t: 190957 | t: 786.983304 | r:  2070.000000 | e:   0.100000 | Q:   1.264211 | won: True 
#   50 | steps: 12312 | steps_t: 191204 | t: 807.019126 | r:  2113.000000 | e:   0.100000 | Q:   1.623938 | won: True 
#   51 | steps: 12613 | steps_t: 191455 | t: 828.578342 | r:  1599.000000 | e:   0.100000 | Q:   2.570940 | won: True 
#   52 | steps: 12781 | steps_t: 191581 | t: 837.714595 | r:  -848.000000 | e:   0.100000 | Q:   2.497404 | won: False 
#   53 | steps: 13082 | steps_t: 191826 | t: 858.874188 | r:  1377.000000 | e:   0.100000 | Q:   2.785379 | won: True 
#   54 | steps: 13250 | steps_t: 191949 | t: 870.001307 | r: -1078.000000 | e:   0.100000 | Q:   2.964596 | won: False 
#   55 | steps: 13551 | steps_t: 192199 | t: 892.052346 | r:  2137.000000 | e:   0.100000 | Q:   3.907691 | won: True 
#   56 | steps: 13852 | steps_t: 192459 | t: 913.577378 | r:  1717.000000 | e:   0.100000 | Q:   4.388805 | won: True 
#   57 | steps: 14153 | steps_t: 192719 | t: 935.523399 | r:  1124.000000 | e:   0.100000 | Q:   5.274732 | won: True 
#   58 | steps: 14323 | steps_t: 192847 | t: 945.858967 | r: -1118.000000 | e:   0.100000 | Q:   5.371239 | won: False 
#   59 | steps: 14624 | steps_t: 193097 | t: 963.154656 | r:  2084.000000 | e:   0.100000 | Q:   6.237132 | won: True 
#   60 | steps: 14925 | steps_t: 193343 | t: 981.890593 | r:   933.000000 | e:   0.100000 | Q:   6.272725 | won: True 
#   61 | steps: 15207 | steps_t: 193571 | t: 1001.076957 | r:  -854.000000 | e:   0.100000 | Q:   6.723825 | won: False 
#   62 | steps: 15508 | steps_t: 193818 | t: 1020.703686 | r:  2096.000000 | e:   0.100000 | Q:   7.305973 | won: True 
#   63 | steps: 15724 | steps_t: 193978 | t: 1035.210984 | r: -1904.000000 | e:   0.100000 | Q:   7.383158 | won: False 
#   64 | steps: 15939 | steps_t: 194143 | t: 1049.426133 | r: -2136.000000 | e:   0.100000 | Q:   8.050411 | won: False 
#   65 | steps: 16158 | steps_t: 194312 | t: 1062.806782 | r: -1863.000000 | e:   0.100000 | Q:   8.078961 | won: False 
#   66 | steps: 16459 | steps_t: 194563 | t: 1080.686851 | r:  2068.000000 | e:   0.100000 | Q:   7.568067 | won: True 
#   67 | steps: 16732 | steps_t: 194781 | t: 1096.916972 | r: -1749.000000 | e:   0.100000 | Q:   7.684691 | won: False 
#   68 | steps: 16900 | steps_t: 194907 | t: 1106.094627 | r: -1007.000000 | e:   0.100000 | Q:   7.919364 | won: False 
#   69 | steps: 17068 | steps_t: 195033 | t: 1116.509340 | r: -1405.000000 | e:   0.100000 | Q:   7.907490 | won: False 
#   70 | steps: 17369 | steps_t: 195284 | t: 1140.106182 | r:  1737.000000 | e:   0.100000 | Q:   8.177012 | won: True 
#   71 | steps: 17585 | steps_t: 195444 | t: 1154.478522 | r: -1650.000000 | e:   0.100000 | Q:   8.195999 | won: False 
#   72 | steps: 17805 | steps_t: 195608 | t: 1169.537132 | r: -1146.000000 | e:   0.100000 | Q:   8.755772 | won: False 
#   73 | steps: 18070 | steps_t: 195831 | t: 1186.051287 | r:  -789.000000 | e:   0.100000 | Q:   8.916944 | won: False 
#   74 | steps: 18371 | steps_t: 196076 | t: 1206.173321 | r:  2085.000000 | e:   0.100000 | Q:   8.734171 | won: True 
#   75 | steps: 18597 | steps_t: 196251 | t: 1221.223838 | r: -1947.000000 | e:   0.100000 | Q:   8.628144 | won: False 
#   76 | steps: 18886 | steps_t: 196484 | t: 1239.091911 | r: -1725.000000 | e:   0.100000 | Q:   8.565289 | won: False 
#   77 | steps: 19187 | steps_t: 196735 | t: 1260.034479 | r:  2103.000000 | e:   0.100000 | Q:   8.520711 | won: True 
#   78 | steps: 19488 | steps_t: 196986 | t: 1281.553100 | r:  2107.000000 | e:   0.100000 | Q:   7.865712 | won: True 
#   79 | steps: 19789 | steps_t: 197231 | t: 1302.821838 | r:  2117.000000 | e:   0.100000 | Q:   7.538448 | won: True 
#   80 | steps: 20090 | steps_t: 197478 | t: 1323.928465 | r:  -578.000000 | e:   0.100000 | Q:   7.421010 | won: False 
#   81 | steps: 20391 | steps_t: 197725 | t: 1343.357483 | r:  1352.000000 | e:   0.100000 | Q:   7.320169 | won: True 
#   82 | steps: 20692 | steps_t: 197985 | t: 1366.180544 | r:  2171.000000 | e:   0.100000 | Q:   7.461890 | won: True 
#   83 | steps: 20860 | steps_t: 198111 | t: 1375.620518 | r:  -852.000000 | e:   0.100000 | Q:   7.850954 | won: False 
#   84 | steps: 21161 | steps_t: 198357 | t: 1396.630335 | r:   344.000000 | e:   0.100000 | Q:   8.039540 | won: True 
#   85 | steps: 21462 | steps_t: 198607 | t: 1417.401505 | r:  2139.000000 | e:   0.100000 | Q:   7.933633 | won: True 
#   86 | steps: 21632 | steps_t: 198736 | t: 1428.144674 | r: -1678.000000 | e:   0.100000 | Q:   7.876668 | won: False 
#   87 | steps: 21933 | steps_t: 198987 | t: 1446.733355 | r:   648.000000 | e:   0.100000 | Q:   8.256937 | won: True 
#   88 | steps: 22151 | steps_t: 199151 | t: 1458.584142 | r: -1415.000000 | e:   0.100000 | Q:   8.468943 | won: False 
#   89 | steps: 22452 | steps_t: 199397 | t: 1477.906808 | r:  1753.000000 | e:   0.100000 | Q:   8.901590 | won: True 
#   90 | steps: 22753 | steps_t: 199642 | t: 1496.740255 | r:  2137.000000 | e:   0.100000 | Q:   8.738261 | won: True 
#   91 | steps: 22994 | steps_t: 199833 | t: 1511.741158 | r: -1202.000000 | e:   0.100000 | Q:   8.729387 | won: False 
#   92 | steps: 23248 | steps_t: 200045 | t: 1531.818098 | r: -1251.000000 | e:   0.100000 | Q:   8.709720 | won: False 
#   93 | steps: 23549 | steps_t: 200292 | t: 1553.360893 | r:   452.000000 | e:   0.100000 | Q:  10.019997 | won: True 
#   94 | steps: 23717 | steps_t: 200419 | t: 1564.018507 | r: -1181.000000 | e:   0.100000 | Q:   9.936971 | won: False 
#   95 | steps: 24018 | steps_t: 200669 | t: 1583.298569 | r:  2114.000000 | e:   0.100000 | Q:  10.203357 | won: True 
#   96 | steps: 24319 | steps_t: 200920 | t: 1601.760760 | r:  1913.000000 | e:   0.100000 | Q:  10.156083 | won: True 
#   97 | steps: 24620 | steps_t: 201165 | t: 1619.940260 | r:  1772.000000 | e:   0.100000 | Q:  10.707191 | won: True 
#   98 | steps: 24921 | steps_t: 201425 | t: 1641.584549 | r:  2261.000000 | e:   0.100000 | Q:  10.773859 | won: True 
#   99 | steps: 25137 | steps_t: 201586 | t: 1656.736815 | r: -1351.000000 | e:   0.100000 | Q:  11.004044 | won: False 
#  100 | steps: 25309 | steps_t: 201716 | t: 1668.031095 | r: -1217.000000 | e:   0.100000 | Q:  10.942451 | won: False 
#  101 | steps: 25610 | steps_t: 201972 | t: 1689.762822 | r:  2193.000000 | e:   0.100000 | Q:  11.392876 | won: True 
#  102 | steps: 25778 | steps_t: 202095 | t: 1698.514000 | r: -1535.000000 | e:   0.100000 | Q:  11.375893 | won: False 
#  103 | steps: 26079 | steps_t: 202342 | t: 1717.764670 | r:  1922.000000 | e:   0.100000 | Q:  11.719305 | won: True 
#  104 | steps: 26295 | steps_t: 202502 | t: 1731.010393 | r: -1978.000000 | e:   0.100000 | Q:  12.054202 | won: False 
#  105 | steps: 26516 | steps_t: 202672 | t: 1761.343797 | r: -1417.000000 | e:   0.100000 | Q:  11.617520 | won: False 
#  106 | steps: 26688 | steps_t: 202802 | t: 1778.203347 | r: -1687.000000 | e:   0.100000 | Q:  11.556075 | won: False 
#  107 | steps: 26860 | steps_t: 202929 | t: 1789.701927 | r:  -856.000000 | e:   0.100000 | Q:  12.545003 | won: False 
#  108 | steps: 27114 | steps_t: 203138 | t: 1809.892039 | r:  -822.000000 | e:   0.100000 | Q:  12.583912 | won: False 
#  109 | steps: 27415 | steps_t: 203383 | t: 1838.979310 | r:  2007.000000 | e:   0.100000 | Q:  12.286357 | won: True 
#  110 | steps: 27637 | steps_t: 203549 | t: 1855.017665 | r: -1275.000000 | e:   0.100000 | Q:  12.979403 | won: False 
#  111 | steps: 27809 | steps_t: 203676 | t: 1864.278609 | r:  -855.000000 | e:   0.100000 | Q:  13.169369 | won: False 
#  112 | steps: 27979 | steps_t: 203801 | t: 1873.008716 | r:  -860.000000 | e:   0.100000 | Q:  13.282442 | won: False 
#  113 | steps: 28147 | steps_t: 203928 | t: 1882.677747 | r: -1449.000000 | e:   0.100000 | Q:  12.987350 | won: False 
#  114 | steps: 28448 | steps_t: 204187 | t: 1908.820183 | r:  2212.000000 | e:   0.100000 | Q:  13.160830 | won: True 
#  115 | steps: 28749 | steps_t: 204438 | t: 1931.796440 | r:  2152.000000 | e:   0.100000 | Q:  13.202381 | won: True 
#  116 | steps: 28967 | steps_t: 204602 | t: 1945.543650 | r: -1437.000000 | e:   0.100000 | Q:  13.415385 | won: False 
#  117 | steps: 29268 | steps_t: 204847 | t: 1967.496183 | r:   847.000000 | e:   0.100000 | Q:  13.629645 | won: True 
#  118 | steps: 29569 | steps_t: 205093 | t: 1992.018803 | r:  2123.000000 | e:   0.100000 | Q:  13.626680 | won: True 
#  119 | steps: 29841 | steps_t: 205314 | t: 2012.229475 | r: -1790.000000 | e:   0.100000 | Q:  13.499269 | won: False 
#  120 | steps: 30142 | steps_t: 205561 | t: 2032.927085 | r:  1951.000000 | e:   0.100000 | Q:  13.653889 | won: True 
#  121 | steps: 30366 | steps_t: 205735 | t: 2047.488379 | r: -2078.000000 | e:   0.100000 | Q:  13.373064 | won: False 
#  122 | steps: 30667 | steps_t: 205995 | t: 2071.882326 | r:  2174.000000 | e:   0.100000 | Q:  14.007548 | won: True 
#  123 | steps: 30968 | steps_t: 206240 | t: 2092.375462 | r:  1945.000000 | e:   0.100000 | Q:  13.972637 | won: True 
#  124 | steps: 31207 | steps_t: 206425 | t: 2108.720175 | r: -1282.000000 | e:   0.100000 | Q:  13.861991 | won: False 
#  125 | steps: 31431 | steps_t: 206598 | t: 2121.707381 | r: -1820.000000 | e:   0.100000 | Q:  13.471969 | won: False 
#  126 | steps: 31601 | steps_t: 206723 | t: 2131.066447 | r: -1151.000000 | e:   0.100000 | Q:  13.807499 | won: False 
#  127 | steps: 31869 | steps_t: 206950 | t: 2146.852142 | r:  -758.000000 | e:   0.100000 | Q:  13.548043 | won: False 
#  128 | steps: 32037 | steps_t: 207076 | t: 2156.493983 | r: -1367.000000 | e:   0.100000 | Q:  13.332219 | won: False 
#  129 | steps: 32251 | steps_t: 207248 | t: 2169.173738 | r:  -855.000000 | e:   0.100000 | Q:  13.145412 | won: False 
#  130 | steps: 32552 | steps_t: 207493 | t: 2189.988474 | r:  1906.000000 | e:   0.100000 | Q:  13.353166 | won: True 
#  131 | steps: 32853 | steps_t: 207743 | t: 2214.773155 | r:  2142.000000 | e:   0.100000 | Q:  12.662942 | won: True 
#  132 | steps: 33154 | steps_t: 207990 | t: 2238.439753 | r:  1960.000000 | e:   0.100000 | Q:  12.431557 | won: True 
#  133 | steps: 33322 | steps_t: 208116 | t: 2248.911158 | r:  -858.000000 | e:   0.100000 | Q:  12.813540 | won: False 
#  134 | steps: 33537 | steps_t: 208281 | t: 2266.745421 | r: -1003.000000 | e:   0.100000 | Q:  12.839858 | won: False 
#  135 | steps: 33759 | steps_t: 208449 | t: 2282.022178 | r: -1020.000000 | e:   0.100000 | Q:  12.373287 | won: False 
#  136 | steps: 33985 | steps_t: 208620 | t: 2297.491142 | r:  -890.000000 | e:   0.100000 | Q:  13.349658 | won: False 
#  137 | steps: 34202 | steps_t: 208786 | t: 2313.024580 | r:  -946.000000 | e:   0.100000 | Q:  13.356609 | won: False 
#  138 | steps: 34422 | steps_t: 208955 | t: 2331.791336 | r:  -898.000000 | e:   0.100000 | Q:  13.620034 | won: False 
#  139 | steps: 34723 | steps_t: 209201 | t: 2354.190237 | r:  2126.000000 | e:   0.100000 | Q:  14.046544 | won: True 
#  140 | steps: 35024 | steps_t: 209451 | t: 2382.103282 | r:  2082.000000 | e:   0.100000 | Q:  14.435158 | won: True 
#  141 | steps: 35192 | steps_t: 209578 | t: 2396.292860 | r:  -979.000000 | e:   0.100000 | Q:  14.042975 | won: False 
#  142 | steps: 35410 | steps_t: 209740 | t: 2412.019212 | r: -1033.000000 | e:   0.100000 | Q:  14.475301 | won: False 
#  143 | steps: 35582 | steps_t: 209871 | t: 2423.785145 | r:  -862.000000 | e:   0.100000 | Q:  14.512797 | won: False 
#  144 | steps: 35797 | steps_t: 210035 | t: 2437.277746 | r:  -934.000000 | e:   0.100000 | Q:  14.514718 | won: False 
#  145 | steps: 36098 | steps_t: 210295 | t: 2461.507009 | r:  2194.000000 | e:   0.100000 | Q:  14.412877 | won: True 
#  146 | steps: 36399 | steps_t: 210551 | t: 2481.029391 | r:  2242.000000 | e:   0.100000 | Q:  14.491350 | won: True 
#  147 | steps: 36657 | steps_t: 210755 | t: 2501.026654 | r:  -893.000000 | e:   0.100000 | Q:  14.352593 | won: False 
#  148 | steps: 36876 | steps_t: 210924 | t: 2518.816915 | r:  -970.000000 | e:   0.100000 | Q:  14.376652 | won: False 
#  149 | steps: 37177 | steps_t: 211175 | t: 2541.124829 | r:  1715.000000 | e:   0.100000 | Q:  14.213531 | won: True 
#  150 | steps: 37478 | steps_t: 211425 | t: 2562.815628 | r:  2117.000000 | e:   0.100000 | Q:  13.508282 | won: True 
#  151 | steps: 37767 | steps_t: 211660 | t: 2581.083271 | r: -2098.000000 | e:   0.100000 | Q:  13.938625 | won: False 
#  152 | steps: 38068 | steps_t: 211910 | t: 2602.765395 | r:  2155.000000 | e:   0.100000 | Q:  14.178530 | won: True 
#  153 | steps: 38240 | steps_t: 212040 | t: 2612.918095 | r:  -852.000000 | e:   0.100000 | Q:  14.197801 | won: False 
#  154 | steps: 38541 | steps_t: 212285 | t: 2633.924724 | r:  1098.000000 | e:   0.100000 | Q:  14.449542 | won: True 
#  155 | steps: 38709 | steps_t: 212411 | t: 2645.360282 | r:  -855.000000 | e:   0.100000 | Q:  14.275116 | won: False 
#  156 | steps: 38932 | steps_t: 212579 | t: 2659.816045 | r: -1645.000000 | e:   0.100000 | Q:  14.528982 | won: False 
#  157 | steps: 39233 | steps_t: 212825 | t: 2678.516898 | r:  2013.000000 | e:   0.100000 | Q:  14.605902 | won: True 
#  158 | steps: 39405 | steps_t: 212955 | t: 2688.318821 | r: -1285.000000 | e:   0.100000 | Q:  14.820805 | won: False 
#  159 | steps: 39623 | steps_t: 213119 | t: 2701.294363 | r: -1331.000000 | e:   0.100000 | Q:  14.661634 | won: False 
#  160 | steps: 39924 | steps_t: 213366 | t: 2721.066511 | r:  1777.000000 | e:   0.100000 | Q:  14.708598 | won: True 
#  161 | steps: 40146 | steps_t: 213533 | t: 2734.147279 | r:  -995.000000 | e:   0.100000 | Q:  14.117338 | won: False 
#  162 | steps: 40447 | steps_t: 213783 | t: 2753.515814 | r:  2091.000000 | e:   0.100000 | Q:  13.546683 | won: True 
#  163 | steps: 40663 | steps_t: 213943 | t: 2767.073939 | r: -1004.000000 | e:   0.100000 | Q:  12.915383 | won: False 
#  164 | steps: 40891 | steps_t: 214121 | t: 2783.305301 | r: -1313.000000 | e:   0.100000 | Q:  12.878352 | won: False 
#  165 | steps: 41192 | steps_t: 214368 | t: 2804.510765 | r:  2120.000000 | e:   0.100000 | Q:  12.719096 | won: True 
#  166 | steps: 41444 | steps_t: 214578 | t: 2821.224254 | r:  -786.000000 | e:   0.100000 | Q:  12.473443 | won: False 
#  167 | steps: 41660 | steps_t: 214738 | t: 2834.469014 | r:  -978.000000 | e:   0.100000 | Q:  13.101796 | won: False 
#  168 | steps: 41828 | steps_t: 214865 | t: 2844.314678 | r:  -866.000000 | e:   0.100000 | Q:  13.114641 | won: False 
#  169 | steps: 42091 | steps_t: 215083 | t: 2861.185240 | r:  -805.000000 | e:   0.100000 | Q:  13.128044 | won: False 
#  170 | steps: 42263 | steps_t: 215213 | t: 2870.749476 | r:  -993.000000 | e:   0.100000 | Q:  12.801370 | won: False 
#  171 | steps: 42433 | steps_t: 215342 | t: 2881.490581 | r:  -863.000000 | e:   0.100000 | Q:  12.969012 | won: False 
#  172 | steps: 42651 | steps_t: 215505 | t: 2897.794069 | r:  -944.000000 | e:   0.100000 | Q:  13.359539 | won: False 
#  173 | steps: 42819 | steps_t: 215631 | t: 2908.591884 | r:  -874.000000 | e:   0.100000 | Q:  13.256778 | won: False 
#  174 | steps: 43120 | steps_t: 215887 | t: 2928.898271 | r:  2243.000000 | e:   0.100000 | Q:  13.464878 | won: True 
#  175 | steps: 43335 | steps_t: 216051 | t: 2940.434909 | r:  -935.000000 | e:   0.100000 | Q:  14.473138 | won: False 
#  176 | steps: 43636 | steps_t: 216301 | t: 2960.000117 | r:  2067.000000 | e:   0.100000 | Q:  14.416154 | won: True 
#  177 | steps: 43937 | steps_t: 216551 | t: 2980.984176 | r:  2133.000000 | e:   0.100000 | Q:  14.477969 | won: True 
#  178 | steps: 44238 | steps_t: 216811 | t: 3001.280711 | r:  1506.000000 | e:   0.100000 | Q:  14.197982 | won: True 
#  179 | steps: 44539 | steps_t: 217056 | t: 3022.183886 | r:  1943.000000 | e:   0.100000 | Q:  14.102736 | won: True 
#  180 | steps: 44709 | steps_t: 217185 | t: 3033.570126 | r: -1244.000000 | e:   0.100000 | Q:  13.843906 | won: False 
#  181 | steps: 44925 | steps_t: 217345 | t: 3047.424664 | r: -2050.000000 | e:   0.100000 | Q:  13.827319 | won: False 
#  182 | steps: 45095 | steps_t: 217474 | t: 3057.762846 | r:  -853.000000 | e:   0.100000 | Q:  13.633148 | won: False 
#  183 | steps: 45263 | steps_t: 217600 | t: 3066.298802 | r:  -858.000000 | e:   0.100000 | Q:  13.559258 | won: False 
#  184 | steps: 45435 | steps_t: 217730 | t: 3075.800821 | r:  -855.000000 | e:   0.100000 | Q:  13.566082 | won: False 
#  185 | steps: 45650 | steps_t: 217895 | t: 3090.533812 | r: -1755.000000 | e:   0.100000 | Q:  13.765646 | won: False 
#  186 | steps: 45951 | steps_t: 218155 | t: 3108.772471 | r:  2229.000000 | e:   0.100000 | Q:  13.653200 | won: True 
#  187 | steps: 46119 | steps_t: 218281 | t: 3118.267612 | r: -1348.000000 | e:   0.100000 | Q:  13.562627 | won: False 
#  188 | steps: 46337 | steps_t: 218445 | t: 3130.724432 | r:  -954.000000 | e:   0.100000 | Q:  13.315524 | won: False 
#  189 | steps: 46638 | steps_t: 218692 | t: 3152.189712 | r:  1342.000000 | e:   0.100000 | Q:  13.722651 | won: True 
#  190 | steps: 46939 | steps_t: 218939 | t: 3173.764823 | r:  1451.000000 | e:   0.100000 | Q:  14.287904 | won: True 
#  191 | steps: 47213 | steps_t: 219168 | t: 3205.069864 | r:  -846.000000 | e:   0.100000 | Q:  13.964766 | won: False 
#  192 | steps: 47381 | steps_t: 219291 | t: 3223.389620 | r:  -857.000000 | e:   0.100000 | Q:  13.635765 | won: False 
