#    1 | steps:   216 | steps_t: 219054 | t: 10.238179 | r:  -550.000000 | e:   0.100000 | Q:  13.993979 | won: False 
#    2 | steps:   432 | steps_t: 219214 | t: 23.312446 | r:   -20.000000 | e:   0.100000 | Q:  14.122396 | won: False 
#    3 | steps:   600 | steps_t: 219341 | t: 32.003495 | r:   300.000000 | e:   0.100000 | Q:  13.910738 | won: False 
#    4 | steps:   901 | steps_t: 219600 | t: 50.771076 | r:  4080.000000 | e:   0.100000 | Q:  14.942977 | won: True 
#    5 | steps:  1121 | steps_t: 219766 | t: 64.036140 | r:  -140.000000 | e:   0.100000 | Q:  16.952063 | won: False 
#    6 | steps:  1422 | steps_t: 220026 | t: 84.654579 | r:  3340.000000 | e:   0.100000 | Q:  20.205992 | won: True 
#    7 | steps:  1638 | steps_t: 220187 | t: 97.041667 | r:   -40.000000 | e:   0.100000 | Q:  22.881784 | won: False 
#    8 | steps:  1911 | steps_t: 220419 | t: 114.711809 | r:   680.000000 | e:   0.100000 | Q:  25.179859 | won: False 
#    9 | steps:  2083 | steps_t: 220550 | t: 125.317264 | r:   520.000000 | e:   0.100000 | Q:  26.663582 | won: False 
#   10 | steps:  2384 | steps_t: 220806 | t: 147.350853 | r:  3800.000000 | e:   0.100000 | Q:  29.653685 | won: True 
#   11 | steps:  2600 | steps_t: 220966 | t: 159.832847 | r:   -80.000000 | e:   0.100000 | Q:  32.217369 | won: False 
#   12 | steps:  2817 | steps_t: 221133 | t: 172.613586 | r:   -20.000000 | e:   0.100000 | Q:  33.899475 | won: False 
#   13 | steps:  3118 | steps_t: 221383 | t: 193.148441 | r:  2710.000000 | e:   0.100000 | Q:  35.519733 | won: True 
#   14 | steps:  3419 | steps_t: 221629 | t: 214.342137 | r:  2980.000000 | e:   0.100000 | Q:  37.270233 | won: True 
#   15 | steps:  3634 | steps_t: 221793 | t: 226.733851 | r:  -980.000000 | e:   0.100000 | Q:  39.012524 | won: False 
#   16 | steps:  3854 | steps_t: 221958 | t: 241.290859 | r:    20.000000 | e:   0.100000 | Q:  40.856159 | won: False 
#   17 | steps:  4074 | steps_t: 222123 | t: 253.323957 | r:    20.000000 | e:   0.100000 | Q:  41.582756 | won: False 
#   18 | steps:  4290 | steps_t: 222285 | t: 266.104811 | r:   -20.000000 | e:   0.100000 | Q:  41.883053 | won: False 
#   19 | steps:  4508 | steps_t: 222449 | t: 279.523175 | r:     0.000000 | e:   0.100000 | Q:  42.961491 | won: False 
#   20 | steps:  4725 | steps_t: 222616 | t: 294.131830 | r:   -40.000000 | e:   0.100000 | Q:  43.266903 | won: False 
#   21 | steps:  4991 | steps_t: 222837 | t: 312.024350 | r:   810.000000 | e:   0.100000 | Q:  45.120724 | won: False 
#   22 | steps:  5292 | steps_t: 223097 | t: 332.856730 | r:  2970.000000 | e:   0.100000 | Q:  46.441151 | won: True 
#   23 | steps:  5593 | steps_t: 223356 | t: 352.146946 | r:  3840.000000 | e:   0.100000 | Q:  47.661606 | won: True 
#   24 | steps:  5894 | steps_t: 223616 | t: 372.839875 | r:  3780.000000 | e:   0.100000 | Q:  48.716873 | won: True 
#   25 | steps:  6062 | steps_t: 223739 | t: 382.814656 | r:  -260.000000 | e:   0.100000 | Q:  49.316601 | won: False 
#   26 | steps:  6363 | steps_t: 223999 | t: 403.986323 | r:  4080.000000 | e:   0.100000 | Q:  50.661434 | won: True 
#   27 | steps:  6664 | steps_t: 224255 | t: 424.752787 | r:  3860.000000 | e:   0.100000 | Q:  52.078552 | won: True 
#   28 | steps:  6834 | steps_t: 224380 | t: 434.522443 | r:   -60.000000 | e:   0.100000 | Q:  53.612484 | won: False 
#   29 | steps:  7050 | steps_t: 224542 | t: 446.550601 | r:   -40.000000 | e:   0.100000 | Q:  54.758675 | won: False 
#   30 | steps:  7351 | steps_t: 224788 | t: 466.870975 | r:  3500.000000 | e:   0.100000 | Q:  56.299244 | won: True 
#   31 | steps:  7652 | steps_t: 225047 | t: 488.413651 | r:  3520.000000 | e:   0.100000 | Q:  57.777409 | won: True 
#   32 | steps:  7953 | steps_t: 225294 | t: 508.583365 | r:  3300.000000 | e:   0.100000 | Q:  59.718559 | won: True 
#   33 | steps:  8168 | steps_t: 225458 | t: 524.572708 | r:   -20.000000 | e:   0.100000 | Q:  60.445240 | won: False 
#   34 | steps:  8469 | steps_t: 225709 | t: 545.942922 | r:  3180.000000 | e:   0.100000 | Q:  61.373333 | won: True 
#   35 | steps:  8725 | steps_t: 225923 | t: 562.005142 | r:   160.000000 | e:   0.100000 | Q:  62.359367 | won: False 
#   36 | steps:  8941 | steps_t: 226085 | t: 576.176941 | r:   -80.000000 | e:   0.100000 | Q:  64.625946 | won: False 
#   37 | steps:  9161 | steps_t: 226250 | t: 588.263033 | r:   -40.000000 | e:   0.100000 | Q:  64.637527 | won: False 
#   38 | steps:  9378 | steps_t: 226416 | t: 601.203035 | r:     0.000000 | e:   0.100000 | Q:  65.570686 | won: False 
#   39 | steps:  9595 | steps_t: 226582 | t: 615.161375 | r:  -340.000000 | e:   0.100000 | Q:  66.189148 | won: False 
#   40 | steps:  9896 | steps_t: 226827 | t: 636.599810 | r:  3300.000000 | e:   0.100000 | Q:  67.560219 | won: True 
#   41 | steps: 10114 | steps_t: 226990 | t: 650.906350 | r:   -20.000000 | e:   0.100000 | Q:  68.748055 | won: False 
#   42 | steps: 10415 | steps_t: 227236 | t: 670.830416 | r:  3070.000000 | e:   0.100000 | Q:  70.407265 | won: True 
#   43 | steps: 10713 | steps_t: 227493 | t: 688.701068 | r:   840.000000 | e:   0.100000 | Q:  72.961960 | won: False 
#   44 | steps: 11014 | steps_t: 227740 | t: 708.129677 | r:  3280.000000 | e:   0.100000 | Q:  75.650604 | won: True 
#   45 | steps: 11229 | steps_t: 227905 | t: 719.952361 | r:  -310.000000 | e:   0.100000 | Q:  75.942039 | won: False 
#   46 | steps: 11443 | steps_t: 228068 | t: 734.409273 | r:   -10.000000 | e:   0.100000 | Q:  77.289757 | won: False 
#   47 | steps: 11744 | steps_t: 228315 | t: 754.631925 | r:  3430.000000 | e:   0.100000 | Q:  77.846695 | won: True 
#   48 | steps: 11960 | steps_t: 228475 | t: 767.171941 | r:  -130.000000 | e:   0.100000 | Q:  78.610626 | won: False 
#   49 | steps: 12132 | steps_t: 228606 | t: 776.597941 | r:   210.000000 | e:   0.100000 | Q:  78.948647 | won: False 
#   50 | steps: 12433 | steps_t: 228866 | t: 797.097224 | r:  3780.000000 | e:   0.100000 | Q:  79.730690 | won: True 
#   51 | steps: 12734 | steps_t: 229117 | t: 817.063364 | r:  3500.000000 | e:   0.100000 | Q:  80.545418 | won: True 
#   52 | steps: 13035 | steps_t: 229367 | t: 838.934160 | r:  3380.000000 | e:   0.100000 | Q:  81.437149 | won: True 
#   53 | steps: 13336 | steps_t: 229627 | t: 862.270204 | r:  3640.000000 | e:   0.100000 | Q:  82.261681 | won: True 
#   54 | steps: 13553 | steps_t: 229793 | t: 877.678576 | r:   -20.000000 | e:   0.100000 | Q:  83.374390 | won: False 
#   55 | steps: 13768 | steps_t: 229958 | t: 891.788007 | r:   -90.000000 | e:   0.100000 | Q:  83.795296 | won: False 
#   56 | steps: 14069 | steps_t: 230209 | t: 914.203804 | r:  3360.000000 | e:   0.100000 | Q:  84.245865 | won: True 
#   57 | steps: 14370 | steps_t: 230460 | t: 935.458834 | r:  3420.000000 | e:   0.100000 | Q:  85.407646 | won: True 
#   58 | steps: 14671 | steps_t: 230719 | t: 953.195504 | r:  3880.000000 | e:   0.100000 | Q:  87.118134 | won: True 
#   59 | steps: 14972 | steps_t: 230970 | t: 975.461501 | r:  2960.000000 | e:   0.100000 | Q:  87.897591 | won: True 
#   60 | steps: 15260 | steps_t: 231207 | t: 996.331356 | r:   120.000000 | e:   0.100000 | Q:  89.115639 | won: False 
#   61 | steps: 15561 | steps_t: 231467 | t: 1017.157500 | r:  3460.000000 | e:   0.100000 | Q:  89.858231 | won: True 
#   62 | steps: 15731 | steps_t: 231592 | t: 1028.000558 | r:  -420.000000 | e:   0.100000 | Q:  89.891701 | won: False 
#   63 | steps: 15951 | steps_t: 231756 | t: 1042.104198 | r:   -40.000000 | e:   0.100000 | Q:  90.166000 | won: False 
#   64 | steps: 16170 | steps_t: 231924 | t: 1054.829125 | r:     0.000000 | e:   0.100000 | Q:  91.134880 | won: False 
#   65 | steps: 16471 | steps_t: 232180 | t: 1073.723109 | r:  3860.000000 | e:   0.100000 | Q:  92.599457 | won: True 
#   66 | steps: 16691 | steps_t: 232345 | t: 1086.596222 | r:   -20.000000 | e:   0.100000 | Q:  93.387733 | won: False 
#   67 | steps: 16992 | steps_t: 232605 | t: 1106.020149 | r:  3560.000000 | e:   0.100000 | Q:  94.760750 | won: True 
#   68 | steps: 17209 | steps_t: 232771 | t: 1119.605128 | r:     0.000000 | e:   0.100000 | Q:  95.681175 | won: False 
#   69 | steps: 17429 | steps_t: 232936 | t: 1134.407569 | r:    20.000000 | e:   0.100000 | Q:  95.861427 | won: False 
#   70 | steps: 17730 | steps_t: 233195 | t: 1156.808852 | r:  3720.000000 | e:   0.100000 | Q:  96.516205 | won: True 
#   71 | steps: 18031 | steps_t: 233455 | t: 1175.164638 | r:  3600.000000 | e:   0.100000 | Q:  97.121178 | won: True 
#   72 | steps: 18201 | steps_t: 233584 | t: 1183.894927 | r:  -370.000000 | e:   0.100000 | Q:  97.864952 | won: False 
#   73 | steps: 18417 | steps_t: 233746 | t: 1196.376915 | r:   -40.000000 | e:   0.100000 | Q:  98.851944 | won: False 
#   74 | steps: 18633 | steps_t: 233906 | t: 1208.220692 | r:   -60.000000 | e:   0.100000 | Q:  99.372353 | won: False 
#   75 | steps: 18934 | steps_t: 234166 | t: 1227.557617 | r:  3960.000000 | e:   0.100000 | Q: 100.975471 | won: True 
#   76 | steps: 19153 | steps_t: 234334 | t: 1242.365327 | r:     0.000000 | e:   0.100000 | Q: 101.268852 | won: False 
#   77 | steps: 19369 | steps_t: 234496 | t: 1254.417324 | r:   -60.000000 | e:   0.100000 | Q: 101.455696 | won: False 
#   78 | steps: 19670 | steps_t: 234755 | t: 1274.101957 | r:  3180.000000 | e:   0.100000 | Q: 101.657402 | won: True 
#   79 | steps: 19885 | steps_t: 234919 | t: 1286.772706 | r:   -20.000000 | e:   0.100000 | Q: 102.608307 | won: False 
#   80 | steps: 20186 | steps_t: 235175 | t: 1304.547744 | r:  3780.000000 | e:   0.100000 | Q: 103.372208 | won: True 
#   81 | steps: 20487 | steps_t: 235431 | t: 1324.905704 | r:  3840.000000 | e:   0.100000 | Q: 104.439377 | won: True 
#   82 | steps: 20788 | steps_t: 235682 | t: 1346.222631 | r:  1680.000000 | e:   0.100000 | Q: 105.496658 | won: True 
#   83 | steps: 21003 | steps_t: 235847 | t: 1360.127948 | r:   -80.000000 | e:   0.100000 | Q: 105.781715 | won: False 
#   84 | steps: 21222 | steps_t: 236016 | t: 1374.031029 | r:    20.000000 | e:   0.100000 | Q: 105.659149 | won: False 
#   85 | steps: 21438 | steps_t: 236177 | t: 1388.383260 | r:   -20.000000 | e:   0.100000 | Q: 106.002571 | won: False 
#   86 | steps: 21658 | steps_t: 236342 | t: 1403.021513 | r:    20.000000 | e:   0.100000 | Q: 106.504379 | won: False 
#   87 | steps: 21875 | steps_t: 236509 | t: 1418.141015 | r:   -40.000000 | e:   0.100000 | Q: 106.704292 | won: False 
#   88 | steps: 22090 | steps_t: 236674 | t: 1431.800468 | r:   -20.000000 | e:   0.100000 | Q: 106.722183 | won: False 
#   89 | steps: 22310 | steps_t: 236839 | t: 1445.888576 | r:   -40.000000 | e:   0.100000 | Q: 107.603760 | won: False 
#   90 | steps: 22526 | steps_t: 236999 | t: 1459.509845 | r:  -210.000000 | e:   0.100000 | Q: 107.703796 | won: False 
#   91 | steps: 22827 | steps_t: 237255 | t: 1478.272472 | r:  3820.000000 | e:   0.100000 | Q: 107.992607 | won: True 
#   92 | steps: 23042 | steps_t: 237419 | t: 1491.035003 | r:   -40.000000 | e:   0.100000 | Q: 108.576935 | won: False 
#   93 | steps: 23262 | steps_t: 237584 | t: 1504.214139 | r:  -110.000000 | e:   0.100000 | Q: 109.710869 | won: False 
#   94 | steps: 23563 | steps_t: 237844 | t: 1526.815402 | r:  3900.000000 | e:   0.100000 | Q: 110.741402 | won: True 
#   95 | steps: 23781 | steps_t: 238006 | t: 1538.383075 | r:   -40.000000 | e:   0.100000 | Q: 110.789886 | won: False 
#   96 | steps: 24001 | steps_t: 238172 | t: 1551.197488 | r:   -50.000000 | e:   0.100000 | Q: 110.809357 | won: False 
#   97 | steps: 24218 | steps_t: 238334 | t: 1564.085228 | r:  -610.000000 | e:   0.100000 | Q: 110.709282 | won: False 
#   98 | steps: 24519 | steps_t: 238590 | t: 1583.430942 | r:  3860.000000 | e:   0.100000 | Q: 111.651680 | won: True 
#   99 | steps: 24820 | steps_t: 238846 | t: 1602.431844 | r:  3540.000000 | e:   0.100000 | Q: 112.022247 | won: True 
#  100 | steps: 25121 | steps_t: 239102 | t: 1624.108218 | r:  3680.000000 | e:   0.100000 | Q: 112.281586 | won: True 
#  101 | steps: 25422 | steps_t: 239361 | t: 1651.663188 | r:  2980.000000 | e:   0.100000 | Q: 113.247932 | won: True 
#  102 | steps: 25723 | steps_t: 239617 | t: 1673.963530 | r:  3540.000000 | e:   0.100000 | Q: 114.138451 | won: True 
#  103 | steps: 25943 | steps_t: 239782 | t: 1687.455959 | r:   -20.000000 | e:   0.100000 | Q: 114.373123 | won: False 
#  104 | steps: 26244 | steps_t: 240029 | t: 1705.337034 | r:  3240.000000 | e:   0.100000 | Q: 115.442429 | won: True 
#  105 | steps: 26464 | steps_t: 240194 | t: 1718.526280 | r:     0.000000 | e:   0.100000 | Q: 115.684616 | won: False 
#  106 | steps: 26765 | steps_t: 240450 | t: 1737.435509 | r:  3400.000000 | e:   0.100000 | Q: 115.728874 | won: True 
#  107 | steps: 27066 | steps_t: 240706 | t: 1759.937955 | r:  3420.000000 | e:   0.100000 | Q: 116.819962 | won: True 
#  108 | steps: 27359 | steps_t: 240943 | t: 1781.992793 | r:   300.000000 | e:   0.100000 | Q: 116.810272 | won: False 
#  109 | steps: 27660 | steps_t: 241194 | t: 1801.212663 | r:  3340.000000 | e:   0.100000 | Q: 116.810143 | won: True 
#  110 | steps: 27876 | steps_t: 241354 | t: 1812.430498 | r:   -40.000000 | e:   0.100000 | Q: 117.586876 | won: False 
#  111 | steps: 28095 | steps_t: 241523 | t: 1826.640937 | r:    20.000000 | e:   0.100000 | Q: 117.787926 | won: False 
#  112 | steps: 28364 | steps_t: 241747 | t: 1843.001320 | r:    40.000000 | e:   0.100000 | Q: 118.418190 | won: False 
#  113 | steps: 28583 | steps_t: 241916 | t: 1857.903911 | r:   -20.000000 | e:   0.100000 | Q: 118.700546 | won: False 
#  114 | steps: 28884 | steps_t: 242161 | t: 1878.891698 | r:  3360.000000 | e:   0.100000 | Q: 119.273788 | won: True 
#  115 | steps: 29100 | steps_t: 242322 | t: 1891.927577 | r:   -40.000000 | e:   0.100000 | Q: 119.622452 | won: False 
#  116 | steps: 29270 | steps_t: 242450 | t: 1902.126290 | r:  -130.000000 | e:   0.100000 | Q: 119.670479 | won: False 
#  117 | steps: 29488 | steps_t: 242613 | t: 1913.800188 | r:   -40.000000 | e:   0.100000 | Q: 120.156898 | won: False 
#  118 | steps: 29789 | steps_t: 242872 | t: 1930.836019 | r:  3680.000000 | e:   0.100000 | Q: 121.017509 | won: True 
#  119 | steps: 30005 | steps_t: 243034 | t: 1944.508462 | r:   -20.000000 | e:   0.100000 | Q: 121.470909 | won: False 
#  120 | steps: 30221 | steps_t: 243196 | t: 1956.201986 | r:   -40.000000 | e:   0.100000 | Q: 121.289558 | won: False 
#  121 | steps: 30440 | steps_t: 243365 | t: 1968.310846 | r:   -40.000000 | e:   0.100000 | Q: 121.363762 | won: False 
#  122 | steps: 30608 | steps_t: 243492 | t: 1978.056813 | r:  -120.000000 | e:   0.100000 | Q: 121.861458 | won: False 
#  123 | steps: 30909 | steps_t: 243743 | t: 2001.375579 | r:  3110.000000 | e:   0.100000 | Q: 121.909050 | won: True 
#  124 | steps: 31210 | steps_t: 243994 | t: 2024.137094 | r:  3420.000000 | e:   0.100000 | Q: 122.466774 | won: True 
#  125 | steps: 31431 | steps_t: 244159 | t: 2037.089730 | r:     0.000000 | e:   0.100000 | Q: 122.459061 | won: False 
#  126 | steps: 31732 | steps_t: 244415 | t: 2056.021887 | r:  3720.000000 | e:   0.100000 | Q: 122.398903 | won: True 
#  127 | steps: 32033 | steps_t: 244671 | t: 2075.646354 | r:  3840.000000 | e:   0.100000 | Q: 122.447464 | won: True 
#  128 | steps: 32253 | steps_t: 244835 | t: 2087.799299 | r:  -380.000000 | e:   0.100000 | Q: 122.711067 | won: False 
#  129 | steps: 32468 | steps_t: 245000 | t: 2099.781385 | r:   -40.000000 | e:   0.100000 | Q: 122.745758 | won: False 
#  130 | steps: 32769 | steps_t: 245260 | t: 2119.058486 | r:  3920.000000 | e:   0.100000 | Q: 122.664177 | won: True 
#  131 | steps: 32984 | steps_t: 245425 | t: 2132.561308 | r:   -60.000000 | e:   0.100000 | Q: 123.221817 | won: False 
#  132 | steps: 33285 | steps_t: 245675 | t: 2152.922566 | r:  2460.000000 | e:   0.100000 | Q: 123.486755 | won: True 
#  133 | steps: 33586 | steps_t: 245931 | t: 2170.660807 | r:  3600.000000 | e:   0.100000 | Q: 123.544113 | won: True 
#  134 | steps: 33802 | steps_t: 246093 | t: 2182.268862 | r:  -150.000000 | e:   0.100000 | Q: 122.907997 | won: False 
#  135 | steps: 34103 | steps_t: 246353 | t: 2200.470906 | r:  3640.000000 | e:   0.100000 | Q: 122.813866 | won: True 
#  136 | steps: 34372 | steps_t: 246577 | t: 2216.507302 | r:   270.000000 | e:   0.100000 | Q: 122.917938 | won: False 
#  137 | steps: 34673 | steps_t: 246837 | t: 2237.899526 | r:  3940.000000 | e:   0.100000 | Q: 122.994812 | won: True 
#  138 | steps: 34974 | steps_t: 247093 | t: 2262.865861 | r:  3840.000000 | e:   0.100000 | Q: 123.131981 | won: True 
#  139 | steps: 35275 | steps_t: 247353 | t: 2283.976851 | r:  3840.000000 | e:   0.100000 | Q: 122.619804 | won: True 
#  140 | steps: 35493 | steps_t: 247516 | t: 2300.100932 | r:   -20.000000 | e:   0.100000 | Q: 122.191704 | won: False 
#  141 | steps: 35709 | steps_t: 247677 | t: 2313.296543 | r:   -40.000000 | e:   0.100000 | Q: 122.241516 | won: False 
#  142 | steps: 36010 | steps_t: 247936 | t: 2333.538790 | r:  3900.000000 | e:   0.100000 | Q: 122.146889 | won: True 
#  143 | steps: 36226 | steps_t: 248097 | t: 2347.495183 | r: -1160.000000 | e:   0.100000 | Q: 121.974205 | won: False 
#  144 | steps: 36445 | steps_t: 248265 | t: 2362.105417 | r:   -20.000000 | e:   0.100000 | Q: 122.108078 | won: False 
#  145 | steps: 36661 | steps_t: 248426 | t: 2375.674793 | r:  -740.000000 | e:   0.100000 | Q: 121.999870 | won: False 
#  146 | steps: 36878 | steps_t: 248593 | t: 2391.892552 | r:  -470.000000 | e:   0.100000 | Q: 122.228600 | won: False 
#  147 | steps: 37094 | steps_t: 248753 | t: 2404.626816 | r:  -100.000000 | e:   0.100000 | Q: 122.613266 | won: False 
#  148 | steps: 37363 | steps_t: 248980 | t: 2421.843161 | r:   500.000000 | e:   0.100000 | Q: 122.481270 | won: False 
#  149 | steps: 37636 | steps_t: 249208 | t: 2438.716870 | r:   510.000000 | e:   0.100000 | Q: 122.230362 | won: False 
#  150 | steps: 37806 | steps_t: 249337 | t: 2449.514625 | r:   130.000000 | e:   0.100000 | Q: 122.581444 | won: False 
#  151 | steps: 38107 | steps_t: 249593 | t: 2469.378238 | r:  3760.000000 | e:   0.100000 | Q: 122.951416 | won: True 
#  152 | steps: 38323 | steps_t: 249755 | t: 2482.015458 | r:   -80.000000 | e:   0.100000 | Q: 123.586456 | won: False 
#  153 | steps: 38624 | steps_t: 250014 | t: 2503.882137 | r:  3960.000000 | e:   0.100000 | Q: 124.273323 | won: True 
#  154 | steps: 38843 | steps_t: 250183 | t: 2520.337825 | r:   -20.000000 | e:   0.100000 | Q: 124.297874 | won: False 
#  155 | steps: 39063 | steps_t: 250348 | t: 2533.221661 | r:    20.000000 | e:   0.100000 | Q: 124.286858 | won: False 
#  156 | steps: 39235 | steps_t: 250478 | t: 2542.363673 | r:   460.000000 | e:   0.100000 | Q: 123.701553 | won: False 
#  157 | steps: 39451 | steps_t: 250640 | t: 2554.192541 | r:   -40.000000 | e:   0.100000 | Q: 123.520142 | won: False 
#  158 | steps: 39705 | steps_t: 250849 | t: 2571.671447 | r:   920.000000 | e:   0.100000 | Q: 123.461296 | won: False 
#  159 | steps: 39873 | steps_t: 250972 | t: 2580.888582 | r:  -110.000000 | e:   0.100000 | Q: 123.545120 | won: False 
#  160 | steps: 40090 | steps_t: 251139 | t: 2594.003137 | r:   -40.000000 | e:   0.100000 | Q: 123.725800 | won: False 
#  161 | steps: 40306 | steps_t: 251300 | t: 2606.457833 | r:   -60.000000 | e:   0.100000 | Q: 123.900452 | won: False 
#  162 | steps: 40521 | steps_t: 251465 | t: 2621.725651 | r:   -40.000000 | e:   0.100000 | Q: 123.148445 | won: False 
#  163 | steps: 40822 | steps_t: 251721 | t: 2644.715861 | r:  3820.000000 | e:   0.100000 | Q: 123.012596 | won: True 
#  164 | steps: 41042 | steps_t: 251885 | t: 2657.252904 | r:   -40.000000 | e:   0.100000 | Q: 122.968430 | won: False 
#  165 | steps: 41212 | steps_t: 252014 | t: 2666.287800 | r:   -80.000000 | e:   0.100000 | Q: 122.914894 | won: False 
#  166 | steps: 41382 | steps_t: 252143 | t: 2676.463187 | r:   360.000000 | e:   0.100000 | Q: 122.977943 | won: False 
#  167 | steps: 41683 | steps_t: 252399 | t: 2695.428225 | r:  3700.000000 | e:   0.100000 | Q: 122.938469 | won: True 
#  168 | steps: 41898 | steps_t: 252564 | t: 2708.366041 | r:   -90.000000 | e:   0.100000 | Q: 122.636551 | won: False 
#  169 | steps: 42114 | steps_t: 252725 | t: 2720.981263 | r:   -20.000000 | e:   0.100000 | Q: 122.537842 | won: False 
#  170 | steps: 42415 | steps_t: 252984 | t: 2741.917404 | r:  3900.000000 | e:   0.100000 | Q: 122.641243 | won: True 
#  171 | steps: 42716 | steps_t: 253240 | t: 2766.179311 | r:  3940.000000 | e:   0.100000 | Q: 122.726372 | won: True 
#  172 | steps: 43017 | steps_t: 253496 | t: 2784.849740 | r:  3600.000000 | e:   0.100000 | Q: 122.306099 | won: True 
#  173 | steps: 43283 | steps_t: 253712 | t: 2803.620037 | r:    10.000000 | e:   0.100000 | Q: 122.063042 | won: False 
#  174 | steps: 43451 | steps_t: 253839 | t: 2813.639201 | r:   240.000000 | e:   0.100000 | Q: 122.399445 | won: False 
#  175 | steps: 43621 | steps_t: 253967 | t: 2822.749686 | r:   420.000000 | e:   0.100000 | Q: 122.255219 | won: False 
#  176 | steps: 43922 | steps_t: 254217 | t: 2842.748658 | r:  3250.000000 | e:   0.100000 | Q: 122.306091 | won: True 
#  177 | steps: 44138 | steps_t: 254378 | t: 2855.055261 | r:   -20.000000 | e:   0.100000 | Q: 122.044235 | won: False 
#  178 | steps: 44358 | steps_t: 254544 | t: 2870.101155 | r:     0.000000 | e:   0.100000 | Q: 122.079750 | won: False 
#  179 | steps: 44659 | steps_t: 254804 | t: 2895.482596 | r:  1180.000000 | e:   0.100000 | Q: 121.993774 | won: False 
#  180 | steps: 44874 | steps_t: 254968 | t: 2909.405087 | r:   -60.000000 | e:   0.100000 | Q: 121.486237 | won: False 
#  181 | steps: 45175 | steps_t: 255228 | t: 2929.168421 | r:  3900.000000 | e:   0.100000 | Q: 122.394821 | won: True 
#  182 | steps: 45391 | steps_t: 255388 | t: 2942.010201 | r:   -40.000000 | e:   0.100000 | Q: 122.428688 | won: False 
#  183 | steps: 45681 | steps_t: 255636 | t: 2962.350453 | r:   880.000000 | e:   0.100000 | Q: 122.606544 | won: False 
#  184 | steps: 45901 | steps_t: 255800 | t: 2975.633100 | r:     0.000000 | e:   0.100000 | Q: 122.668961 | won: False 
#  185 | steps: 46202 | steps_t: 256059 | t: 2999.359228 | r:  3780.000000 | e:   0.100000 | Q: 122.500656 | won: True 
#  186 | steps: 46421 | steps_t: 256227 | t: 3013.675282 | r:   -20.000000 | e:   0.100000 | Q: 122.013626 | won: False 
#  187 | steps: 46722 | steps_t: 256483 | t: 3035.426691 | r:  3780.000000 | e:   0.100000 | Q: 121.645432 | won: True 
#  188 | steps: 46941 | steps_t: 256652 | t: 3047.377727 | r:     0.000000 | e:   0.100000 | Q: 121.627350 | won: False 
#  189 | steps: 47242 | steps_t: 256912 | t: 3068.255535 | r:  3940.000000 | e:   0.100000 | Q: 121.837540 | won: True 
#  190 | steps: 47458 | steps_t: 257073 | t: 3080.429355 | r:   -40.000000 | e:   0.100000 | Q: 122.033295 | won: False 
#  191 | steps: 47626 | steps_t: 257199 | t: 3099.775586 | r:  -240.000000 | e:   0.100000 | Q: 122.187149 | won: False 
#  192 | steps: 47927 | steps_t: 257458 | t: 3134.580577 | r:  3740.000000 | e:   0.100000 | Q: 122.433823 | won: True 
#  193 | steps: 48142 | steps_t: 257622 | t: 3159.130098 | r:   -50.000000 | e:   0.100000 | Q: 122.701927 | won: False 
#  194 | steps: 48314 | steps_t: 257752 | t: 3177.661412 | r:  -470.000000 | e:   0.100000 | Q: 122.696594 | won: False 
#  195 | steps: 48532 | steps_t: 257916 | t: 3200.126666 | r:     0.000000 | e:   0.100000 | Q: 122.654358 | won: False 
#  196 | steps: 48700 | steps_t: 258043 | t: 3216.409026 | r:  -590.000000 | e:   0.100000 | Q: 122.706192 | won: False 
#  197 | steps: 48950 | steps_t: 258248 | t: 3245.848336 | r:   270.000000 | e:   0.100000 | Q: 122.528999 | won: False 
#  198 | steps: 49251 | steps_t: 258504 | t: 3282.113007 | r:  3780.000000 | e:   0.100000 | Q: 122.282402 | won: True 
#  199 | steps: 49518 | steps_t: 258730 | t: 3311.107149 | r:  -230.000000 | e:   0.100000 | Q: 122.293503 | won: False 
#  200 | steps: 49686 | steps_t: 258856 | t: 3328.972997 | r:   440.000000 | e:   0.100000 | Q: 121.799355 | won: False 
